#
# A fatal error has been detected by the Java Runtime Environment:
#
#  EXCEPTION_ACCESS_VIOLATION (0xc0000005) at pc=0x60cb19b2, pid=21900, tid=2192
#
# JRE version: OpenJDK Runtime Environment Temurin-17.0.6+10 (17.0.6+10) (build 17.0.6+10)
# Java VM: OpenJDK Client VM Temurin-17.0.6+10 (17.0.6+10, mixed mode, emulated-client, serial gc, windows-x86)
# Problematic frame:
# C  [audio203api.dll+0x19b2]
#
# No core dump will be written. Minidumps are not enabled by default on client versions of Windows
#
# If you would like to submit a bug report, please visit:
#   https://github.com/adoptium/adoptium-support/issues
# The crash happened outside the Java Virtual Machine in native code.
# See problematic frame for where to report the bug.
#

---------------  S U M M A R Y ------------

Command Line: -Djava.library.path=C:\Users\n.torkina\Downloads\jlibmodbus-master\FSO\src -javaagent:C:\Program Files\JetBrains\IntelliJ IDEA Community Edition 2021.3.3\lib\idea_rt.jar=50852:C:\Program Files\JetBrains\IntelliJ IDEA Community Edition 2021.3.3\bin -Dfile.encoding=UTF-8 Main

Host: 11th Gen Intel(R) Core(TM) i5-1135G7 @ 2.40GHz, 8 cores, 15G,  Windows 10 , 64 bit Build 17763 (10.0.17763.4131)
Time: Fri Apr 14 14:07:29 2023 RTZ 2 (зима) elapsed time: 0.756353 seconds (0d 0h 0m 0s)

---------------  T H R E A D  ---------------

Current thread (0x0363ed48):  JavaThread "main" [_thread_in_native, id=2192, stack(0x01470000,0x014c0000)]

Stack: [0x01470000,0x014c0000],  sp=0x014bf34c,  free space=316k
Native frames: (J=compiled Java code, j=interpreted, Vv=VM code, C=native code)
C  [audio203api.dll+0x19b2]

Java frames: (J=compiled Java code, j=interpreted, Vv=VM code)
j  ZVUK.getMeasure(I)I+0
j  Main.main([Ljava/lang/String;)V+50
v  ~StubRoutines::call_stub

siginfo: EXCEPTION_ACCESS_VIOLATION (0xc0000005), reading address 0x00000000


Register to memory mapping:

EIP=0x60cb19b2 audio203api.dll
EAX=0x0 is NULL
EBX={method} {0x18d0713c} 'getMeasure' '(I)I' in 'ZVUK'
ECX=0x0 is NULL
EDX=0x014bf498 is pointing into the stack for thread: 0x0363ed48
ESP=0x014bf34c is pointing into the stack for thread: 0x0363ed48
EBP=0x014bf498 is pointing into the stack for thread: 0x0363ed48
ESI={method} {0x18d0713c} 'getMeasure' '(I)I' in 'ZVUK'
EDI=0x014bf498 is pointing into the stack for thread: 0x0363ed48


Registers:
EAX=0x00000000, EBX=0x18d07138, ECX=0x00000000, EDX=0x014bf498
ESP=0x014bf34c, EBP=0x014bf498, ESI=0x18d07138, EDI=0x014bf498
EIP=0x60cb19b2, EFLAGS=0x00010206

Top of Stack: (sp=0x014bf34c)
0x014bf34c:   00000000 60cd2759 20fbf2c0 60cd2776
0x014bf35c:   00000000 0363ed48 18d07138 18d07138
0x014bf36c:   0367a0fc 0000000a 00000154 00000000
0x014bf37c:   675f4b55 654d7465 72757361 00000065
0x014bf38c:   18d07138 6e7b5f64 6e87afe0 00000000
0x014bf39c:   00000000 00000000 00000000 00000000
0x014bf3ac:   00000000 00000000 00000000 00000000
0x014bf3bc:   014bf394 03738d10 00000000 03738d34 

Instructions: (pc=0x60cb19b2)
0x60cb18b2:   4c 24 1e 8a 44 24 1d 88 43 01 88 4b 02 80 f9 3c
0x60cb18c2:   74 25 68 dc 31 cb 60 ff 15 48 30 cb 60 83 c4 04
0x60cb18d2:   b8 fd ff ff ff 5f 5e 5b 8b 4c 24 18 33 cc e8 26
0x60cb18e2:   04 00 00 8b e5 5d c3 8b 17 0f b6 c0 8b f0 c1 e6
0x60cb18f2:   04 2b f0 03 f6 8d 4c 24 10 03 f6 51 8b ce e8 6b
0x60cb1902:   03 00 00 83 c4 04 85 c0 75 77 56 ff 15 80 30 cb
0x60cb1912:   60 8b 54 24 1c 8b 74 24 14 89 02 8b f8 8b 44 24
0x60cb1922:   18 33 db 83 c4 04 38 58 01 76 46 8d 49 00 8b 0e
0x60cb1932:   89 0f 66 8b 56 04 66 89 57 04 8a 46 06 88 47 06
0x60cb1942:   83 c6 07 8d 4f 07 8b c6 e8 d1 f8 ff ff 83 c6 21
0x60cb1952:   8d 4f 20 8b c6 e8 34 fa ff ff 8b 4c 24 14 0f b6
0x60cb1962:   51 01 43 83 c6 1c 83 c7 3c 3b da 7c c1 8b 74 24
0x60cb1972:   10 85 f6 74 0a 56 ff 15 88 30 cb 60 83 c4 04 33
0x60cb1982:   c0 8b 4c 24 24 5f 5e 5b 33 cc e8 7a 03 00 00 8b
0x60cb1992:   e5 5d c3 cc cc cc cc cc cc cc cc cc cc cc 83 ec
0x60cb19a2:   0c a1 00 40 cb 60 33 c4 89 44 24 08 8b 44 24 10
0x60cb19b2:   8b 08 56 6a 0c 8d 74 24 08 e8 60 f6 ff ff 8b 4c
0x60cb19c2:   24 10 83 c4 04 5e 33 cc e8 3c 03 00 00 83 c4 0c
0x60cb19d2:   c3 cc cc cc cc cc cc cc cc cc cc cc cc cc 55 8b
0x60cb19e2:   ec 83 e4 f8 83 ec 14 a1 00 40 cb 60 33 c4 89 44
0x60cb19f2:   24 10 8b 45 10 53 8b 5d 0c 56 57 8b 7d 08 8b 0f
0x60cb1a02:   6a 0d 8d 74 24 18 89 44 24 14 c7 44 24 10 00 00
0x60cb1a12:   00 00 e8 07 f6 ff ff 8b f0 83 c4 04 85 f6 74 43
0x60cb1a22:   33 c0 39 34 c5 ac 40 cb 60 74 2f 40 83 f8 07 72
0x60cb1a32:   f1 b8 78 31 cb 60 56 50 68 fc 31 cb 60 ff 15 48
0x60cb1a42:   30 cb 60 83 c4 0c 8b c6 5f 5e 5b 8b 4c 24 10 33
0x60cb1a52:   cc e8 b3 02 00 00 8b e5 5d c3 8b 04 c5 b0 40 cb
0x60cb1a62:   60 eb d3 8a 44 24 16 8a 4c 24 15 88 4b 01 88 43
0x60cb1a72:   02 3c 1c 74 25 68 bc 31 cb 60 ff 15 48 30 cb 60
0x60cb1a82:   83 c4 04 b8 fd ff ff ff 5f 5e 5b 8b 4c 24 10 33
0x60cb1a92:   cc e8 73 02 00 00 8b e5 5d c3 8d 54 24 0c 52 8b
0x60cb1aa2:   17 b9 1c 00 00 00 e8 c3 01 00 00 8b f0 83 c4 04 


Stack slot to memory mapping:
stack at sp + 0 slots: 0x0 is NULL
stack at sp + 1 slots: 0x60cd2759 Project1.dll
stack at sp + 2 slots: 0x20fbf2c0 is an unknown value
stack at sp + 3 slots: 0x60cd2776 Project1.dll
stack at sp + 4 slots: 0x0 is NULL
stack at sp + 5 slots: 0x0363ed48 is a thread
stack at sp + 6 slots: {method} {0x18d0713c} 'getMeasure' '(I)I' in 'ZVUK'
stack at sp + 7 slots: {method} {0x18d0713c} 'getMeasure' '(I)I' in 'ZVUK'


---------------  P R O C E S S  ---------------

Threads class SMR info:
_java_thread_list=0x182f5368, length=19, elements={
0x0363ed48, 0x0310e580, 0x03110280, 0x03113810,
0x03144620, 0x0312c298, 0x0312f2c0, 0x03130fc0,
0x03132d98, 0x031b8370, 0x164b1a18, 0x164b1d28,
0x16558a88, 0x1657a7b0, 0x1657b6e0, 0x1657beb0,
0x1664e178, 0x183b3998, 0x183b3cc0
}

Java Threads: ( => current thread )
=>0x0363ed48 JavaThread "main" [_thread_in_native, id=2192, stack(0x01470000,0x014c0000)]
  0x0310e580 JavaThread "Reference Handler" daemon [_thread_blocked, id=17336, stack(0x03380000,0x033d0000)]
  0x03110280 JavaThread "Finalizer" daemon [_thread_blocked, id=16556, stack(0x03410000,0x03460000)]
  0x03113810 JavaThread "Signal Dispatcher" daemon [_thread_blocked, id=18276, stack(0x035a0000,0x035f0000)]
  0x03144620 JavaThread "Attach Listener" daemon [_thread_blocked, id=21692, stack(0x05750000,0x057a0000)]
  0x0312c298 JavaThread "Service Thread" daemon [_thread_blocked, id=1960, stack(0x16000000,0x16050000)]
  0x0312f2c0 JavaThread "Monitor Deflation Thread" daemon [_thread_blocked, id=20912, stack(0x16090000,0x160e0000)]
  0x03130fc0 JavaThread "C1 CompilerThread0" daemon [_thread_blocked, id=1768, stack(0x16120000,0x16170000)]
  0x03132d98 JavaThread "Sweeper thread" daemon [_thread_blocked, id=18560, stack(0x161b0000,0x16200000)]
  0x031b8370 JavaThread "Common-Cleaner" daemon [_thread_blocked, id=17548, stack(0x16240000,0x16290000)]
  0x164b1a18 JavaThread "Monitor Ctrl-Break" daemon [_thread_in_native, id=14184, stack(0x166d0000,0x16720000)]
  0x164b1d28 JavaThread "Notification Thread" daemon [_thread_blocked, id=10384, stack(0x16760000,0x167b0000)]
  0x16558a88 JavaThread "Thread-0" [_thread_in_native, id=14912, stack(0x169f0000,0x16a40000)]
  0x1657a7b0 JavaThread "Java2D Disposer" daemon [_thread_blocked, id=11036, stack(0x16a80000,0x16ad0000)]
  0x1657b6e0 JavaThread "AWT-Shutdown" [_thread_blocked, id=16116, stack(0x16b10000,0x16b60000)]
  0x1657beb0 JavaThread "AWT-Windows" daemon [_thread_in_native, id=1804, stack(0x16ba0000,0x16bf0000)]
  0x1664e178 JavaThread "mysql-cj-abandoned-connection-cleanup" daemon [_thread_blocked, id=18040, stack(0x17520000,0x17570000)]
  0x183b3998 JavaThread "AWT-EventQueue-0" [_thread_in_native, id=16044, stack(0x175b0000,0x17600000)]
  0x183b3cc0 JavaThread "Image Fetcher 0" daemon [_thread_blocked, id=21212, stack(0x17640000,0x17690000)]

Other Threads:
  0x0370dd98 VMThread "VM Thread" [stack: 0x032f0000,0x03340000] [id=4396]
  0x164b2038 WatcherThread [stack: 0x167f0000,0x16840000] [id=6160]

Threads with active compile tasks:

VM state: not at safepoint (normal execution)

VM Mutex/Monitor currently owned by a thread: None

GC Precious Log:
 CPUs: 8 total, 8 available
 Memory: 16140M
 Large Page Support: Disabled
 NUMA Support: Disabled
 Compressed Oops: Disabled
 Heap Min Capacity: 6M
 Heap Initial Capacity: 16M
 Heap Max Capacity: 256M
 Pre-touch: Disabled

Heap:
 def new generation   total 7936K, used 5348K [0x05800000, 0x06090000, 0x0ad50000)
  eden space 7104K,  72% used [0x05800000, 0x05d05a40, 0x05ef0000)
  from space 832K,  24% used [0x05fc0000, 0x05ff3770, 0x06090000)
  to   space 832K,   0% used [0x05ef0000, 0x05ef0000, 0x05fc0000)
 tenured generation   total 17500K, used 11905K [0x0ad50000, 0x0be67000, 0x15800000)
   the space 17500K,  68% used [0x0ad50000, 0x0b8f0420, 0x0b8f0600, 0x0be67000)
 Metaspace       used 17232K, committed 17344K, reserved 24576K

Card table byte_map: [0x03000000,0x03090000] _byte_map_base: 0x02fd4000

Polling page: 0x00fe0000

Metaspace:

Usage:
   16.83 MB used.

Virtual space:
     24.00 MB reserved,      16.94 MB ( 71%) committed,  3 nodes.

Chunk freelists:
2.97 MB

MaxMetaspaceSize: unlimited
No class space
Initial GC threshold: 16.00 MB
Current GC threshold: 26.69 MB
CDS: off
MetaspaceReclaimPolicy: balanced
 - commit_granule_bytes: 65536.
 - commit_granule_words: 16384.
 - virtual_space_node_default_size: 2097152.
 - enlarge_chunks_in_place: 1.
 - new_chunks_are_fully_committed: 0.
 - uncommit_free_chunks: 1.
 - use_allocation_guard: 0.
 - handle_deallocations: 1.


Internal statistics:

num_allocs_failed_limit: 3.
num_arena_births: 81.
num_arena_deaths: 0.
num_vsnodes_births: 3.
num_vsnodes_deaths: 0.
num_space_committed: 271.
num_space_uncommitted: 0.
num_chunks_returned_to_freelist: 3.
num_chunks_taken_from_freelist: 206.
num_chunk_merges: 3.
num_chunk_splits: 152.
num_chunks_enlarged: 130.
num_purges: 0.
num_inconsistent_stats: 0.

CodeCache: size=32768Kb used=2764Kb max_used=2764Kb free=30003Kb
 bounds [0x03710000, 0x039c8000, 0x05710000]
 total_blobs=2243 nmethods=1940 adapters=236
 compilation: enabled
              stopped_count=0, restarted_count=0
 full_count=0

Compilation events (20 events):
Event: 0.735 Thread 0x03130fc0 1831             javax.swing.LayoutComparator::compare (457 bytes)
Event: 0.736 Thread 0x03130fc0 nmethod 1831 0x039a3088 code [0x039a3320, 0x039a4018]
Event: 0.736 Thread 0x03130fc0 1827             javax.swing.JComponent::getX (5 bytes)
Event: 0.736 Thread 0x03130fc0 nmethod 1827 0x039a4608 code [0x039a4710, 0x039a47c0]
Event: 0.736 Thread 0x03130fc0 1828             javax.swing.JComponent::getY (5 bytes)
Event: 0.737 Thread 0x03130fc0 nmethod 1828 0x039a4808 code [0x039a4910, 0x039a49c0]
Event: 0.737 Thread 0x03130fc0 1823             java.util.LinkedList::listIterator (15 bytes)
Event: 0.737 Thread 0x03130fc0 nmethod 1823 0x039a4a08 code [0x039a4b40, 0x039a4d24]
Event: 0.737 Thread 0x03130fc0 1826             java.util.LinkedList$ListItr::<init> (47 bytes)
Event: 0.737 Thread 0x03130fc0 nmethod 1826 0x039a4e08 code [0x039a4f20, 0x039a503c]
Event: 0.737 Thread 0x03130fc0 1829             java.util.LinkedList::<init> (10 bytes)
Event: 0.737 Thread 0x03130fc0 nmethod 1829 0x039a50c8 code [0x039a51d0, 0x039a5290]
Event: 0.737 Thread 0x03130fc0 1830             java.util.AbstractSequentialList::<init> (5 bytes)
Event: 0.737 Thread 0x03130fc0 nmethod 1830 0x039a52c8 code [0x039a53d0, 0x039a5480]
Event: 0.737 Thread 0x03130fc0 1832             javax.swing.LayoutComparator::compare (13 bytes)
Event: 0.737 Thread 0x03130fc0 nmethod 1832 0x039a54c8 code [0x039a55f0, 0x039a56fc]
Event: 0.737 Thread 0x03130fc0 1825             java.util.LinkedList::isPositionIndex (18 bytes)
Event: 0.737 Thread 0x03130fc0 nmethod 1825 0x039a5788 code [0x039a5890, 0x039a5970]
Event: 0.737 Thread 0x03130fc0 1833             java.util.ArrayList::elementData (7 bytes)
Event: 0.737 Thread 0x03130fc0 nmethod 1833 0x039a59c8 code [0x039a5ae0, 0x039a5bb0]

GC Heap History (14 events):
Event: 0.103 GC heap before
{Heap before GC invocations=0 (full 0):
 def new generation   total 4928K, used 2845K [0x05800000, 0x05d50000, 0x0ad50000)
  eden space 4416K,  64% used [0x05800000, 0x05ac75b0, 0x05c50000)
  from space 512K,   0% used [0x05c50000, 0x05c50000, 0x05cd0000)
  to   space 512K,   0% used [0x05cd0000, 0x05cd0000, 0x05d50000)
 tenured generation   total 10944K, used 0K [0x0ad50000, 0x0b800000, 0x15800000)
   the space 10944K,   0% used [0x0ad50000, 0x0ad50000, 0x0ad50200, 0x0b800000)
 Metaspace       used 4146K, committed 4224K, reserved 8192K
}
Event: 0.105 GC heap after
{Heap after GC invocations=1 (full 0):
 def new generation   total 4928K, used 512K [0x05800000, 0x05d50000, 0x0ad50000)
  eden space 4416K,   0% used [0x05800000, 0x05800000, 0x05c50000)
  from space 512K, 100% used [0x05cd0000, 0x05d50000, 0x05d50000)
  to   space 512K,   0% used [0x05c50000, 0x05c50000, 0x05cd0000)
 tenured generation   total 10944K, used 1417K [0x0ad50000, 0x0b800000, 0x15800000)
   the space 10944K,  12% used [0x0ad50000, 0x0aeb24e8, 0x0aeb2600, 0x0b800000)
 Metaspace       used 4146K, committed 4224K, reserved 8192K
}
Event: 0.120 GC heap before
{Heap before GC invocations=1 (full 0):
 def new generation   total 4928K, used 4892K [0x05800000, 0x05d50000, 0x0ad50000)
  eden space 4416K,  99% used [0x05800000, 0x05c473d8, 0x05c50000)
  from space 512K, 100% used [0x05cd0000, 0x05d50000, 0x05d50000)
  to   space 512K,   0% used [0x05c50000, 0x05c50000, 0x05cd0000)
 tenured generation   total 10944K, used 1417K [0x0ad50000, 0x0b800000, 0x15800000)
   the space 10944K,  12% used [0x0ad50000, 0x0aeb24e8, 0x0aeb2600, 0x0b800000)
 Metaspace       used 4146K, committed 4224K, reserved 8192K
}
Event: 0.122 GC heap after
{Heap after GC invocations=2 (full 0):
 def new generation   total 4928K, used 512K [0x05800000, 0x05d50000, 0x0ad50000)
  eden space 4416K,   0% used [0x05800000, 0x05800000, 0x05c50000)
  from space 512K, 100% used [0x05c50000, 0x05cd0000, 0x05cd0000)
  to   space 512K,   0% used [0x05cd0000, 0x05cd0000, 0x05d50000)
 tenured generation   total 10944K, used 5313K [0x0ad50000, 0x0b800000, 0x15800000)
   the space 10944K,  48% used [0x0ad50000, 0x0b280758, 0x0b280800, 0x0b800000)
 Metaspace       used 4146K, committed 4224K, reserved 8192K
}
Event: 0.217 GC heap before
{Heap before GC invocations=2 (full 0):
 def new generation   total 4928K, used 4928K [0x05800000, 0x05d50000, 0x0ad50000)
  eden space 4416K, 100% used [0x05800000, 0x05c50000, 0x05c50000)
  from space 512K, 100% used [0x05c50000, 0x05cd0000, 0x05cd0000)
  to   space 512K,   0% used [0x05cd0000, 0x05cd0000, 0x05d50000)
 tenured generation   total 10944K, used 5313K [0x0ad50000, 0x0b800000, 0x15800000)
   the space 10944K,  48% used [0x0ad50000, 0x0b280758, 0x0b280800, 0x0b800000)
 Metaspace       used 7247K, committed 7360K, reserved 8192K
}
Event: 0.220 GC heap after
{Heap after GC invocations=3 (full 0):
 def new generation   total 4928K, used 512K [0x05800000, 0x05d50000, 0x0ad50000)
  eden space 4416K,   0% used [0x05800000, 0x05800000, 0x05c50000)
  from space 512K, 100% used [0x05cd0000, 0x05d50000, 0x05d50000)
  to   space 512K,   0% used [0x05c50000, 0x05c50000, 0x05cd0000)
 tenured generation   total 10944K, used 6559K [0x0ad50000, 0x0b800000, 0x15800000)
   the space 10944K,  59% used [0x0ad50000, 0x0b3b7f30, 0x0b3b8000, 0x0b800000)
 Metaspace       used 7247K, committed 7360K, reserved 8192K
}
Event: 0.308 GC heap before
{Heap before GC invocations=3 (full 0):
 def new generation   total 4928K, used 4928K [0x05800000, 0x05d50000, 0x0ad50000)
  eden space 4416K, 100% used [0x05800000, 0x05c50000, 0x05c50000)
  from space 512K, 100% used [0x05cd0000, 0x05d50000, 0x05d50000)
  to   space 512K,   0% used [0x05c50000, 0x05c50000, 0x05cd0000)
 tenured generation   total 10944K, used 6559K [0x0ad50000, 0x0b800000, 0x15800000)
   the space 10944K,  59% used [0x0ad50000, 0x0b3b7f30, 0x0b3b8000, 0x0b800000)
 Metaspace       used 9526K, committed 9664K, reserved 16384K
}
Event: 0.311 GC heap after
{Heap after GC invocations=4 (full 0):
 def new generation   total 4928K, used 512K [0x05800000, 0x05d50000, 0x0ad50000)
  eden space 4416K,   0% used [0x05800000, 0x05800000, 0x05c50000)
  from space 512K, 100% used [0x05c50000, 0x05cd0000, 0x05cd0000)
  to   space 512K,   0% used [0x05cd0000, 0x05cd0000, 0x05d50000)
 tenured generation   total 10944K, used 7368K [0x0ad50000, 0x0b800000, 0x15800000)
   the space 10944K,  67% used [0x0ad50000, 0x0b482330, 0x0b482400, 0x0b800000)
 Metaspace       used 9526K, committed 9664K, reserved 16384K
}
Event: 0.393 GC heap before
{Heap before GC invocations=4 (full 0):
 def new generation   total 4928K, used 4928K [0x05800000, 0x05d50000, 0x0ad50000)
  eden space 4416K, 100% used [0x05800000, 0x05c50000, 0x05c50000)
  from space 512K, 100% used [0x05c50000, 0x05cd0000, 0x05cd0000)
  to   space 512K,   0% used [0x05cd0000, 0x05cd0000, 0x05d50000)
 tenured generation   total 10944K, used 7368K [0x0ad50000, 0x0b800000, 0x15800000)
   the space 10944K,  67% used [0x0ad50000, 0x0b482330, 0x0b482400, 0x0b800000)
 Metaspace       used 11043K, committed 11136K, reserved 16384K
}
Event: 0.397 GC heap after
{Heap after GC invocations=5 (full 0):
 def new generation   total 4928K, used 512K [0x05800000, 0x05d50000, 0x0ad50000)
  eden space 4416K,   0% used [0x05800000, 0x05800000, 0x05c50000)
  from space 512K, 100% used [0x05cd0000, 0x05d50000, 0x05d50000)
  to   space 512K,   0% used [0x05c50000, 0x05c50000, 0x05cd0000)
 tenured generation   total 10944K, used 8332K [0x0ad50000, 0x0b800000, 0x15800000)
   the space 10944K,  76% used [0x0ad50000, 0x0b5733a8, 0x0b573400, 0x0b800000)
 Metaspace       used 11043K, committed 11136K, reserved 16384K
}
Event: 0.552 GC heap before
{Heap before GC invocations=5 (full 0):
 def new generation   total 4928K, used 4928K [0x05800000, 0x05d50000, 0x0ad50000)
  eden space 4416K, 100% used [0x05800000, 0x05c50000, 0x05c50000)
  from space 512K, 100% used [0x05cd0000, 0x05d50000, 0x05d50000)
  to   space 512K,   0% used [0x05c50000, 0x05c50000, 0x05cd0000)
 tenured generation   total 10944K, used 8332K [0x0ad50000, 0x0b800000, 0x15800000)
   the space 10944K,  76% used [0x0ad50000, 0x0b5733a8, 0x0b573400, 0x0b800000)
 Metaspace       used 14529K, committed 14656K, reserved 16384K
}
Event: 0.555 GC heap after
{Heap after GC invocations=6 (full 0):
 def new generation   total 4928K, used 512K [0x05800000, 0x05d50000, 0x0ad50000)
  eden space 4416K,   0% used [0x05800000, 0x05800000, 0x05c50000)
  from space 512K, 100% used [0x05c50000, 0x05cd0000, 0x05cd0000)
  to   space 512K,   0% used [0x05cd0000, 0x05cd0000, 0x05d50000)
 tenured generation   total 10944K, used 9163K [0x0ad50000, 0x0b800000, 0x15800000)
   the space 10944K,  83% used [0x0ad50000, 0x0b642d98, 0x0b642e00, 0x0b800000)
 Metaspace       used 14529K, committed 14656K, reserved 16384K
}
Event: 0.625 GC heap before
{Heap before GC invocations=6 (full 0):
 def new generation   total 4928K, used 2703K [0x05800000, 0x05d50000, 0x0ad50000)
  eden space 4416K,  49% used [0x05800000, 0x05a23fd8, 0x05c50000)
  from space 512K, 100% used [0x05c50000, 0x05cd0000, 0x05cd0000)
  to   space 512K,   0% used [0x05cd0000, 0x05cd0000, 0x05d50000)
 tenured generation   total 10944K, used 9163K [0x0ad50000, 0x0b800000, 0x15800000)
   the space 10944K,  83% used [0x0ad50000, 0x0b642d98, 0x0b642e00, 0x0b800000)
 Metaspace       used 16318K, committed 16384K, reserved 24576K
}
Event: 0.634 GC heap after
{Heap after GC invocations=7 (full 1):
 def new generation   total 7936K, used 0K [0x05800000, 0x06090000, 0x0ad50000)
  eden space 7104K,   0% used [0x05800000, 0x05800000, 0x05ef0000)
  from space 832K,   0% used [0x05ef0000, 0x05ef0000, 0x05fc0000)
  to   space 832K,   0% used [0x05fc0000, 0x05fc0000, 0x06090000)
 tenured generation   total 17500K, used 10498K [0x0ad50000, 0x0be67000, 0x15800000)
   the space 17500K,  59% used [0x0ad50000, 0x0b790b10, 0x0b790c00, 0x0be67000)
 Metaspace       used 16318K, committed 16384K, reserved 24576K
}

Dll operation events (13 events):
Event: 0.005 Loaded shared library C:\jdk-17.0.6+10\bin\java.dll
Event: 0.085 Loaded shared library C:\jdk-17.0.6+10\bin\zip.dll
Event: 0.086 Loaded shared library C:\jdk-17.0.6+10\bin\instrument.dll
Event: 0.092 Loaded shared library C:\jdk-17.0.6+10\bin\net.dll
Event: 0.092 Loaded shared library C:\jdk-17.0.6+10\bin\nio.dll
Event: 0.095 Loaded shared library C:\jdk-17.0.6+10\bin\zip.dll
Event: 0.135 Loaded shared library C:\Program Files\JetBrains\IntelliJ IDEA Community Edition 2021.3.3\bin\breakgen.dll
Event: 0.151 Loaded shared library C:\jdk-17.0.6+10\bin\jimage.dll
Event: 0.159 Loaded shared library C:\jdk-17.0.6+10\bin\awt.dll
Event: 0.466 Loaded shared library C:\jdk-17.0.6+10\bin\sunmscapi.dll
Event: 0.603 Loaded shared library C:\jdk-17.0.6+10\bin\freetype.dll
Event: 0.603 Loaded shared library C:\jdk-17.0.6+10\bin\fontmanager.dll
Event: 0.738 Loaded shared library C:\Users\n.torkina\Downloads\jlibmodbus-master\FSO\src\Project1.dll

Deoptimization events (0 events):
No events

Classes unloaded (0 events):
No events

Classes redefined (0 events):
No events

Internal exceptions (20 events):
Event: 0.212 Thread 0x0363ed48 Exception <a 'java/lang/NoSuchMethodError'{0x05c061f0}: 'void java.lang.invoke.DirectMethodHandle$Holder.invokeSpecial(java.lang.Object, java.lang.Object, java.lang.Object)'> (0x05c061f0) 
thrown [s\src\hotspot\share\interpreter\linkResolver.cpp, line 759]
Event: 0.215 Thread 0x0363ed48 Exception <a 'java/lang/NoSuchMethodError'{0x05c2d828}: 'java.lang.Object java.lang.invoke.DirectMethodHandle$Holder.newInvokeSpecial(java.lang.Object, java.lang.Object, java.lang.Object, java.lang.Object, java.lang.Object)'> (0x05c2d828) 
thrown [s\src\hotspot\share\interpreter\linkResolver.cpp, line 759]
Event: 0.216 Thread 0x0363ed48 Exception <a 'java/lang/NoSuchMethodError'{0x05c383c8}: 'java.lang.Object java.lang.invoke.DirectMethodHandle$Holder.invokeStatic(java.lang.Object, int, java.lang.Object, java.lang.Object, java.lang.Object, java.lang.Object)'> (0x05c383c8) 
thrown [s\src\hotspot\share\interpreter\linkResolver.cpp, line 759]
Event: 0.221 Thread 0x0363ed48 Exception <a 'java/lang/NoSuchMethodError'{0x0580b2c8}: 'java.lang.Object java.lang.invoke.DirectMethodHandle$Holder.invokeStatic(java.lang.Object, int, java.lang.Object)'> (0x0580b2c8) 
thrown [s\src\hotspot\share\interpreter\linkResolver.cpp, line 759]
Event: 0.230 Thread 0x0363ed48 Exception <a 'java/lang/ClassNotFoundException'{0x058ba5d0}: com/sun/swing/internal/plaf/metal/resources/spi/metalProvider> (0x058ba5d0) 
thrown [s\src\hotspot\share\classfile\systemDictionary.cpp, line 256]
Event: 0.231 Thread 0x0363ed48 Exception <a 'java/lang/ClassNotFoundException'{0x058bde00}: com/sun/swing/internal/plaf/basic/resources/spi/basicProvider> (0x058bde00) 
thrown [s\src\hotspot\share\classfile\systemDictionary.cpp, line 256]
Event: 0.270 Thread 0x0363ed48 Exception <a 'java/lang/NoSuchMethodError'{0x059f99e0}: 'java.lang.Object java.lang.invoke.DirectMethodHandle$Holder.invokeInterface(java.lang.Object, java.lang.Object)'> (0x059f99e0) 
thrown [s\src\hotspot\share\interpreter\linkResolver.cpp, line 759]
Event: 0.282 Thread 0x0363ed48 Exception <a 'java/lang/NoSuchMethodError'{0x05a72de0}: 'void java.lang.invoke.DirectMethodHandle$Holder.invokeStatic(java.lang.Object, java.lang.Object, java.lang.Object)'> (0x05a72de0) 
thrown [s\src\hotspot\share\interpreter\linkResolver.cpp, line 759]
Event: 0.283 Thread 0x0363ed48 Exception <a 'java/lang/NoSuchMethodError'{0x05a7c3b0}: 'java.lang.Object java.lang.invoke.DirectMethodHandle$Holder.invokeVirtual(java.lang.Object, java.lang.Object, java.lang.Object)'> (0x05a7c3b0) 
thrown [s\src\hotspot\share\interpreter\linkResolver.cpp, line 759]
Event: 0.375 Thread 0x0363ed48 Exception <a 'java/lang/NoSuchMethodError'{0x05bb3160}: 'void java.lang.invoke.DirectMethodHandle$Holder.invokeStaticInit(java.lang.Object, java.lang.Object)'> (0x05bb3160) 
thrown [s\src\hotspot\share\interpreter\linkResolver.cpp, line 759]
Event: 0.407 Thread 0x0363ed48 Exception <a 'sun/nio/fs/WindowsException'{0x0586eab8}> (0x0586eab8) 
thrown [s\src\hotspot\share\prims\jni.cpp, line 516]
Event: 0.412 Thread 0x0363ed48 Exception <a 'java/lang/NoSuchMethodError'{0x05893850}: 'int java.lang.invoke.DirectMethodHandle$Holder.invokeStaticInit(java.lang.Object, java.lang.Object, java.lang.Object, java.lang.Object)'> (0x05893850) 
thrown [s\src\hotspot\share\interpreter\linkResolver.cpp, line 759]
Event: 0.412 Thread 0x0363ed48 Exception <a 'java/lang/IncompatibleClassChangeError'{0x0589bfc8}: Found class java.lang.Object, but interface was expected> (0x0589bfc8) 
thrown [s\src\hotspot\share\interpreter\linkResolver.cpp, line 826]
Event: 0.412 Thread 0x0363ed48 Exception <a 'java/lang/NoSuchMethodError'{0x058a0fc0}: 'int java.lang.invoke.DirectMethodHandle$Holder.invokeStaticInit(java.lang.Object, java.lang.Object)'> (0x058a0fc0) 
thrown [s\src\hotspot\share\interpreter\linkResolver.cpp, line 759]
Event: 0.430 Thread 0x0363ed48 Exception <a 'java/lang/NoSuchMethodError'{0x0594cfd0}: 'java.lang.Object java.lang.invoke.DirectMethodHandle$Holder.invokeStaticInit(java.lang.Object, int, int, int, int)'> (0x0594cfd0) 
thrown [s\src\hotspot\share\interpreter\linkResolver.cpp, line 759]
Event: 0.457 Thread 0x0363ed48 Exception <a 'java/lang/NoSuchMethodError'{0x05a0e5e8}: 'java.lang.Object java.lang.invoke.DirectMethodHandle$Holder.invokeStaticInit(java.lang.Object, java.lang.Object, int, int, int, int)'> (0x05a0e5e8) 
thrown [s\src\hotspot\share\interpreter\linkResolver.cpp, line 759]
Event: 0.572 Thread 0x0363ed48 Exception <a 'java/io/IOException'{0x05913918}> (0x05913918) 
thrown [s\src\hotspot\share\prims\jni.cpp, line 516]
Event: 0.638 Thread 0x183b3cc0 Exception <a 'java/lang/NoSuchMethodError'{0x0583ac30}: 'java.lang.Object java.lang.invoke.DirectMethodHandle$Holder.newInvokeSpecial(java.lang.Object, java.lang.Object, java.lang.Object, int, int, int, int, int)'> (0x0583ac30) 
thrown [s\src\hotspot\share\interpreter\linkResolver.cpp, line 759]
Event: 0.669 Thread 0x0363ed48 Exception <a 'java/lang/NoSuchMethodError'{0x05b59fa8}: 'void java.lang.invoke.DirectMethodHandle$Holder.invokeStaticInit(java.lang.Object)'> (0x05b59fa8) 
thrown [s\src\hotspot\share\interpreter\linkResolver.cpp, line 759]
Event: 0.730 Thread 0x1657beb0 Exception <a 'java/lang/NoSuchMethodError'{0x05b242b0}: 'void java.lang.invoke.DirectMethodHandle$Holder.invokeVirtual(java.lang.Object, java.lang.Object)'> (0x05b242b0) 
thrown [s\src\hotspot\share\interpreter\linkResolver.cpp, line 759]

VM Operations (20 events):
Event: 0.361 Executing VM operation: HandshakeAllThreads
Event: 0.361 Executing VM operation: HandshakeAllThreads done
Event: 0.390 Executing VM operation: HandshakeAllThreads
Event: 0.390 Executing VM operation: HandshakeAllThreads done
Event: 0.393 Executing VM operation: GenCollectForAllocation
Event: 0.397 Executing VM operation: GenCollectForAllocation done
Event: 0.410 Executing VM operation: HandshakeAllThreads
Event: 0.410 Executing VM operation: HandshakeAllThreads done
Event: 0.552 Executing VM operation: GenCollectForAllocation
Event: 0.555 Executing VM operation: GenCollectForAllocation done
Event: 0.610 Executing VM operation: HandshakeAllThreads
Event: 0.610 Executing VM operation: HandshakeAllThreads done
Event: 0.612 Executing VM operation: HandshakeAllThreads
Event: 0.612 Executing VM operation: HandshakeAllThreads done
Event: 0.625 Executing VM operation: CollectForMetadataAllocation
Event: 0.634 Executing VM operation: CollectForMetadataAllocation done
Event: 0.657 Executing VM operation: HandshakeAllThreads
Event: 0.657 Executing VM operation: HandshakeAllThreads done
Event: 0.736 Executing VM operation: HandshakeAllThreads
Event: 0.736 Executing VM operation: HandshakeAllThreads done

Events (20 events):
Event: 0.732 loading class java/awt/Cursor$CursorDisposer
Event: 0.732 loading class java/awt/Cursor$CursorDisposer done
Event: 0.733 loading class sun/awt/WeakIdentityHashMap$WeakKey
Event: 0.733 loading class sun/awt/WeakIdentityHashMap$WeakKey done
Event: 0.736 loading class java/util/ArrayList$ListItr
Event: 0.736 loading class java/util/ArrayList$ListItr done
Event: 0.737 loading class java/awt/event/FocusEvent$Cause
Event: 0.737 loading class java/awt/event/FocusEvent$Cause done
Event: 0.737 loading class sun/awt/KeyboardFocusManagerPeerImpl$KfmAccessor
Event: 0.737 loading class sun/awt/KeyboardFocusManagerPeerImpl$KfmAccessor done
Event: 0.738 loading class java/awt/event/MouseEvent$1
Event: 0.738 loading class sun/awt/AWTAccessor$MouseEventAccessor
Event: 0.738 loading class sun/awt/AWTAccessor$MouseEventAccessor done
Event: 0.738 loading class java/awt/event/MouseEvent$1 done
Event: 0.738 loading class java/awt/KeyboardFocusManager$HeavyweightFocusRequest
Event: 0.739 loading class java/awt/KeyboardFocusManager$HeavyweightFocusRequest done
Event: 0.739 loading class java/awt/DefaultKeyboardFocusManager$TypeAheadMarker
Event: 0.739 loading class java/awt/DefaultKeyboardFocusManager$TypeAheadMarker done
Event: 0.739 loading class java/awt/KeyboardFocusManager$LightweightFocusRequest
Event: 0.739 loading class java/awt/KeyboardFocusManager$LightweightFocusRequest done


Dynamic libraries:
0x00f80000 - 0x00f8c000 	C:\jdk-17.0.6+10\bin\java.exe
0x76ec0000 - 0x7705c000 	C:\Windows\SYSTEM32\ntdll.dll
0x75480000 - 0x75560000 	C:\Windows\System32\KERNEL32.DLL
0x75ff0000 - 0x761f1000 	C:\Windows\System32\KERNELBASE.dll
0x74440000 - 0x744dc000 	C:\Windows\SYSTEM32\apphelp.dll
0x75e40000 - 0x75f63000 	C:\Windows\System32\ucrtbase.dll
0x6ee40000 - 0x6ee54000 	C:\jdk-17.0.6+10\bin\VCRUNTIME140.dll
0x6ee20000 - 0x6ee34000 	C:\jdk-17.0.6+10\bin\jli.dll
0x76c10000 - 0x76daa000 	C:\Windows\System32\USER32.dll
0x70770000 - 0x7097f000 	C:\Windows\WinSxS\x86_microsoft.windows.common-controls_6595b64144ccf1df_6.0.17763.4131_none_261e08f567c7c3e5\COMCTL32.dll
0x757d0000 - 0x757e7000 	C:\Windows\System32\win32u.dll
0x74f90000 - 0x75050000 	C:\Windows\System32\msvcrt.dll
0x74e60000 - 0x74e84000 	C:\Windows\System32\GDI32.dll
0x74510000 - 0x74783000 	C:\Windows\System32\combase.dll
0x74c60000 - 0x74dcc000 	C:\Windows\System32\gdi32full.dll
0x75590000 - 0x7564d000 	C:\Windows\System32\RPCRT4.dll
0x75230000 - 0x752b0000 	C:\Windows\System32\msvcp_win.dll
0x744f0000 - 0x74510000 	C:\Windows\System32\SspiCli.dll
0x744e0000 - 0x744ea000 	C:\Windows\System32\CRYPTBASE.dll
0x76ba0000 - 0x76c05000 	C:\Windows\System32\bcryptPrimitives.dll
0x75150000 - 0x751c9000 	C:\Windows\System32\sechost.dll
0x75560000 - 0x75585000 	C:\Windows\System32\IMM32.DLL
0x6eda0000 - 0x6ee11000 	C:\jdk-17.0.6+10\bin\msvcp140.dll
0x6e490000 - 0x6e9b9000 	C:\jdk-17.0.6+10\bin\client\jvm.dll
0x76370000 - 0x763f0000 	C:\Windows\System32\ADVAPI32.dll
0x6fd90000 - 0x6fd98000 	C:\Windows\SYSTEM32\VERSION.dll
0x733c0000 - 0x733c8000 	C:\Windows\SYSTEM32\WSOCK32.dll
0x73930000 - 0x73954000 	C:\Windows\SYSTEM32\WINMM.dll
0x76a00000 - 0x76a5f000 	C:\Windows\System32\WS2_32.dll
0x73390000 - 0x733b3000 	C:\Windows\SYSTEM32\winmmbase.dll
0x74dd0000 - 0x74e0b000 	C:\Windows\System32\cfgmgr32.dll
0x75810000 - 0x7581f000 	C:\Windows\System32\kernel.appcore.dll
0x6ed90000 - 0x6ed99000 	C:\jdk-17.0.6+10\bin\jimage.dll
0x6ec00000 - 0x6ed8f000 	C:\Windows\SYSTEM32\DBGHELP.DLL
0x6ebd0000 - 0x6ebf4000 	C:\Windows\SYSTEM32\dbgcore.DLL
0x6eb90000 - 0x6eb9d000 	C:\jdk-17.0.6+10\bin\instrument.dll
0x6eba0000 - 0x6ebc1000 	C:\jdk-17.0.6+10\bin\java.dll
0x758d0000 - 0x75e26000 	C:\Windows\System32\SHELL32.dll
0x75740000 - 0x757c9000 	C:\Windows\System32\shcore.dll
0x763f0000 - 0x769ed000 	C:\Windows\System32\windows.storage.dll
0x76e90000 - 0x76eac000 	C:\Windows\System32\profapi.dll
0x75f90000 - 0x75fe4000 	C:\Windows\System32\powrprof.dll
0x76e40000 - 0x76e84000 	C:\Windows\System32\shlwapi.dll
0x74c40000 - 0x74c55000 	C:\Windows\System32\cryptsp.dll
0x6eb30000 - 0x6eb45000 	C:\jdk-17.0.6+10\bin\zip.dll
0x6eb70000 - 0x6eb84000 	C:\jdk-17.0.6+10\bin\net.dll
0x74330000 - 0x743f6000 	C:\Windows\SYSTEM32\WINHTTP.dll
0x73130000 - 0x73182000 	C:\Windows\system32\mswsock.dll
0x6eb50000 - 0x6eb62000 	C:\jdk-17.0.6+10\bin\nio.dll
0x6ead0000 - 0x6eae6000 	C:\Program Files\JetBrains\IntelliJ IDEA Community Edition 2021.3.3\bin\breakgen.dll
0x61480000 - 0x615e4000 	C:\jdk-17.0.6+10\bin\awt.dll
0x75820000 - 0x758b6000 	C:\Windows\System32\OLEAUT32.dll
0x61230000 - 0x61480000 	C:\Windows\SYSTEM32\AcGenral.DLL
0x75050000 - 0x7514c000 	C:\Windows\System32\ole32.dll
0x6e9c0000 - 0x6ea3b000 	C:\Windows\SYSTEM32\UxTheme.dll
0x70a50000 - 0x70a65000 	C:\Windows\SYSTEM32\samcli.dll
0x700b0000 - 0x700c9000 	C:\Windows\SYSTEM32\MSACM32.dll
0x742a0000 - 0x742c5000 	C:\Windows\SYSTEM32\USERENV.dll
0x6eaa0000 - 0x6eac6000 	C:\Windows\SYSTEM32\dwmapi.dll
0x70580000 - 0x705ef000 	C:\Windows\SYSTEM32\WINSPOOL.DRV
0x73490000 - 0x734a8000 	C:\Windows\SYSTEM32\MPR.dll
0x752b0000 - 0x75461000 	C:\Windows\System32\CRYPT32.dll
0x72db0000 - 0x72f6d000 	C:\Windows\SYSTEM32\urlmon.dll
0x75f70000 - 0x75f89000 	C:\Windows\System32\bcrypt.dll
0x758c0000 - 0x758ce000 	C:\Windows\System32\MSASN1.dll
0x72fb0000 - 0x7312f000 	C:\Windows\SYSTEM32\PROPSYS.dll
0x74400000 - 0x74433000 	C:\Windows\SYSTEM32\IPHLPAPI.DLL
0x72b10000 - 0x72b2c000 	C:\Windows\SYSTEM32\srvcli.dll
0x72b80000 - 0x72db0000 	C:\Windows\SYSTEM32\iertutil.dll
0x72b70000 - 0x72b7b000 	C:\Windows\SYSTEM32\netutils.dll
0x61150000 - 0x61229000 	C:\Windows\system32\opengl32.dll
0x61700000 - 0x6173f000 	C:\Windows\SYSTEM32\GLU32.dll
0x76a60000 - 0x76b9b000 	C:\Windows\System32\MSCTF.dll
0x74200000 - 0x74291000 	C:\Windows\SYSTEM32\DNSAPI.dll
0x75470000 - 0x75477000 	C:\Windows\System32\NSI.dll
0x70290000 - 0x70298000 	C:\Windows\System32\rasadhlp.dll
0x702a0000 - 0x702f1000 	C:\Windows\System32\fwpuclnt.dll
0x73190000 - 0x731bf000 	C:\Windows\system32\rsaenh.dll
0x72b50000 - 0x72b63000 	C:\Windows\SYSTEM32\dhcpcsvc6.DLL
0x72b30000 - 0x72b44000 	C:\Windows\SYSTEM32\dhcpcsvc.DLL
0x6ea70000 - 0x6ea7b000 	C:\jdk-17.0.6+10\bin\sunmscapi.dll
0x64bd0000 - 0x64bf4000 	C:\Windows\SYSTEM32\ncrypt.dll
0x64ba0000 - 0x64bcc000 	C:\Windows\SYSTEM32\NTASN1.dll
0x610e0000 - 0x61150000 	C:\jdk-17.0.6+10\bin\freetype.dll
0x61020000 - 0x610d1000 	C:\jdk-17.0.6+10\bin\fontmanager.dll
0x76db0000 - 0x76e34000 	C:\Windows\System32\clbcatq.dll
0x60ea0000 - 0x61011000 	C:\Windows\SYSTEM32\WindowsCodecs.dll
0x60e50000 - 0x60e9d000 	C:\Windows\system32\dataexchange.dll
0x60780000 - 0x609a8000 	C:\Windows\system32\d3d11.dll
0x60cf0000 - 0x60e4f000 	C:\Windows\system32\dcomp.dll
0x606d0000 - 0x60774000 	C:\Windows\system32\dxgi.dll
0x60520000 - 0x606c2000 	C:\Windows\system32\twinapi.appcore.dll
0x616e0000 - 0x616fe000 	C:\Windows\system32\RMCLIENT.dll
0x604a0000 - 0x6051d000 	C:\Windows\System32\TextInputFramework.dll
0x601a0000 - 0x60230000 	C:\Windows\System32\CoreMessaging.dll
0x60230000 - 0x6049b000 	C:\Windows\System32\CoreUIComponents.dll
0x74300000 - 0x74329000 	C:\Windows\SYSTEM32\ntmarta.dll
0x72960000 - 0x72a39000 	C:\Windows\SYSTEM32\wintypes.dll
0x60cc0000 - 0x60ce3000 	C:\Users\n.torkina\Downloads\jlibmodbus-master\FSO\src\Project1.dll
0x60cb0000 - 0x60cb7000 	C:\jdk-17.0.6+10\bin\audio203api.dll
0x60180000 - 0x6019e000 	C:\Windows\SYSTEM32\VCRUNTIME140D.dll
0x600c0000 - 0x60174000 	C:\Windows\SYSTEM32\MSVCP140D.dll
0x5ff10000 - 0x600b4000 	C:\Windows\SYSTEM32\ucrtbased.dll
0x5fef0000 - 0x5ff0a000 	C:\Users\n.torkina\Downloads\jlibmodbus-master\FSO\SiUSBXp.dll
0x5fe40000 - 0x5fee3000 	C:\Windows\WinSxS\x86_microsoft.vc90.crt_1fc8b3b9a1e18e3b_9.0.30729.9518_none_508db366bcbd18c4\MSVCR90.dll
0x74790000 - 0x74bdb000 	C:\Windows\System32\SETUPAPI.dll
0x73360000 - 0x73383000 	C:\Windows\SYSTEM32\DEVOBJ.dll
0x74e10000 - 0x74e5b000 	C:\Windows\System32\WINTRUST.dll

dbghelp: loaded successfully - version: 4.0.5 - missing functions: none
symbol engine: initialized successfully - sym options: 0x614 - pdb path: .;C:\jdk-17.0.6+10\bin;C:\Windows\SYSTEM32;C:\Windows\WinSxS\x86_microsoft.windows.common-controls_6595b64144ccf1df_6.0.17763.4131_none_261e08f567c7c3e5;C:\jdk-17.0.6+10\bin\client;C:\Program Files\JetBrains\IntelliJ IDEA Community Edition 2021.3.3\bin;C:\Users\n.torkina\Downloads\jlibmodbus-master\FSO\src;C:\Users\n.torkina\Downloads\jlibmodbus-master\FSO;C:\Windows\WinSxS\x86_microsoft.vc90.crt_1fc8b3b9a1e18e3b_9.0.30729.9518_none_508db366bcbd18c4

VM Arguments:
jvm_args: -Djava.library.path=C:\Users\n.torkina\Downloads\jlibmodbus-master\FSO\src -javaagent:C:\Program Files\JetBrains\IntelliJ IDEA Community Edition 2021.3.3\lib\idea_rt.jar=50852:C:\Program Files\JetBrains\IntelliJ IDEA Community Edition 2021.3.3\bin -Dfile.encoding=UTF-8 
java_command: Main
java_class_path (initial): C:\Users\n.torkina\Downloads\jlibmodbus-master\FSO\out\production\FSO;C:\Users\n.torkina\Downloads\EasyModbusJava.jar;C:\Users\n.torkina\Downloads\mysql-connector-java-8.0.20.jar;C:\Users\n.torkina\Downloads\joda-time-2.12.2.jar;C:\Users\n.torkina\Downloads\jlibmodbus-master\jlibmodbus-master\lib\androidthings-1.0.jar;C:\Users\n.torkina\Downloads\jlibmodbus-master\jlibmodbus-master\lib\jSerialComm-2.0.2.jar;C:\Users\n.torkina\Downloads\jlibmodbus-master\jlibmodbus-master\lib\purejavacomm.jar;C:\Users\n.torkina\Downloads\jlibmodbus-master\jlibmodbus-master\lib\RXTXcomm.jar;C:\Users\n.torkina\Downloads\jssc-2.9.4.jar;C:\Users\n.torkina\Downloads\poi-bin-5.2.3\poi-5.2.3.jar;C:\Users\n.torkina\Downloads\poi-bin-5.2.3\poi-ooxml-5.2.3.jar;C:\Users\n.torkina\Downloads\poi-bin-5.2.3\poi-javadoc-5.2.3.jar;C:\Users\n.torkina\Downloads\poi-bin-5.2.3\poi-examples-5.2.3.jar;C:\Users\n.torkina\Downloads\poi-bin-5.2.3\poi-excelant-5.2.3.jar;C:\Users\n.torkina\Downloads\poi-bin-5.2.3\poi-ooxml-full-5.2.3.jar;C:\Users\n.torkina\Downloads\poi-bin-5.2.3\poi-ooxml-lite-5.2.3.jar;C:\Users\n.torkina\Downloads\poi-bin-5.2.3\poi-scratchpad-5.2.3.jar;C:\Users\n.torkina\Downloads\poi-bin-5.2.3\ooxml-lib\curvesapi-1.07.jar;C:\Users\n.torkina\Downloads\poi-bin-5.2.3\ooxml-lib\xmlbeans-5.1.1.jar;C:\Users\n.torkina\Downloads\poi-bin-5.2.3\ooxml-lib\slf4j-api-1.7.36.jar;C:\Users\n.torkina\Downloads\poi-bin-5.2.3\ooxml-lib\commons-logging-1.2.jar;C:\Users\n.torkina\Downloads\poi-bin-5.2.3\ooxml-lib\commons-compress-1.21.jar;C:\Users\n.torkina\Downloads\poi-bin-5.2.3\ooxml-lib\jakarta.activation-2.0.1.jar;C:\Users\n.torkina\Downloads\poi-bin-5.2.3\ooxml-lib\jakarta.xml.bind-api-3.0.1.jar;C:\Users\n.torkina\Downloads\poi-bin-5.2.3\lib\log4j-api-2.18.0.jar;C:\Users\n.torkina\Downloads\poi-bin-5.2.3\lib\SparseBitSet-1.2.jar;C:\Users\n.torkina\Downloads\poi-bin-5.2.3\lib\commons-io-2.11.0.jar;C:\Users\n.torkina\Downloads\poi-bin-5.2.3\lib\commons-codec-1.15.jar;C:\Users\n.t
Launcher Type: SUN_STANDARD

[Global flags]
     intx CICompilerCount                          = 1                                         {product} {ergonomic}
    uintx CodeCacheExpansionSize                   = 32768                                  {pd product} {ergonomic}
    uintx InitialCodeCacheSize                     = 163840                                 {pd product} {ergonomic}
   size_t InitialHeapSize                          = 16777216                                  {product} {ergonomic}
   size_t MaxHeapSize                              = 268435456                                 {product} {ergonomic}
   size_t MaxNewSize                               = 89456640                                  {product} {ergonomic}
   size_t MinHeapDeltaBytes                        = 131072                                    {product} {ergonomic}
   size_t MinHeapSize                              = 6291456                                   {product} {ergonomic}
     bool NeverActAsServerClassMachine             = true                                   {pd product} {ergonomic}
   size_t NewSize                                  = 5570560                                   {product} {ergonomic}
    uintx NonNMethodCodeHeapSize                   = 5242880                                {pd product} {ergonomic}
    uintx NonProfiledCodeHeapSize                  = 0                                      {pd product} {ergonomic}
   size_t OldSize                                  = 11206656                                  {product} {ergonomic}
     bool ProfileInterpreter                       = false                                  {pd product} {ergonomic}
    uintx ProfiledCodeHeapSize                     = 0                                      {pd product} {ergonomic}
    uintx ReservedCodeCacheSize                    = 33554432                               {pd product} {ergonomic}
   size_t SoftMaxHeapSize                          = 268435456                              {manageable} {ergonomic}
     bool UseLargePagesIndividualAllocation        = false                                  {pd product} {ergonomic}
     bool UseSerialGC                              = true                                      {product} {ergonomic}

Logging:
Log output configuration:
 #0: stdout all=warning uptime,level,tags
 #1: stderr all=off uptime,level,tags

Environment Variables:
PATH=C:\Program Files\Microsoft\jdk-11.0.16.101-hotspot\bin;C:\Program Files (x86)\Common Files\Oracle\Java\javapath;C:\Windows\system32;C:\Windows;C:\Windows\System32\Wbem;C:\Windows\System32\WindowsPowerShell\v1.0\;C:\Windows\System32\OpenSSH\;C:\Program Files (x86)\HMITool6.0\Marco\HMI3352\bin;C:\Program Files (x86)\HMITool6.0\Marco\X86\bin;C:\Program Files\Git\cmd;C:\Program Files\PuTTY\;C:\Users\n.torkina\AppData\Local\Programs\Python\Launcher\;C:\Users\n.torkina\AppData\Local\Microsoft\WindowsApps;;C:\Program Files\JetBrains\IntelliJ IDEA Community Edition 2021.3.3\bin;
USERNAME=n.torkina
OS=Windows_NT
PROCESSOR_IDENTIFIER=Intel64 Family 6 Model 140 Stepping 1, GenuineIntel
TMP=C:\Users\N4ED3~1.TOR\AppData\Local\Temp
TEMP=C:\Users\N4ED3~1.TOR\AppData\Local\Temp



---------------  S Y S T E M  ---------------

OS:
 Windows 10 , 64 bit Build 17763 (10.0.17763.4131)
OS uptime: 0 days 3:19 hours

CPU: total 8 (initial active 8) (4 cores per cpu, 2 threads per core) family 6 model 140 stepping 1 microcode 0x6e, cx8, cmov, fxsr, ht, mmx, 3dnowpref, sse, sse2, sse3, ssse3, sse4.1, sse4.2, popcnt, lzcnt, tsc, tscinvbit, avx, avx2, aes, erms, clmul, bmi1, bmi2, adx, avx512f, avx512dq, avx512cd, avx512bw, avx512vl, sha, fma, vzeroupper, avx512_vpopcntdq, avx512_vpclmulqdq, avx512_vaes, avx512_vnni, clflush, clflushopt, clwb, avx512_vbmi2, avx512_vbmi

Memory: 4k page, system-wide physical 16140M (6732M free)
TotalPageFile size 19468M (AvailPageFile size 4822M), user-mode portion of virtual address-space 2047M (1566M free)
current process WorkingSet (physical memory assigned to process): 71M, peak: 71M
current process commit charge ("private bytes"): 65M, peak: 67M

vm_info: OpenJDK Client VM (17.0.6+10) for windows-x86 JRE (17.0.6+10), built on Jan 18 2023 10:15:56 by "temurin" with MS VC++ 16.7 (VS2019)

END.
