#
# A fatal error has been detected by the Java Runtime Environment:
#
#  EXCEPTION_ACCESS_VIOLATION (0xc0000005) at pc=0x6f1219b2, pid=12224, tid=20000
#
# JRE version: OpenJDK Runtime Environment Temurin-17.0.6+10 (17.0.6+10) (build 17.0.6+10)
# Java VM: OpenJDK Client VM Temurin-17.0.6+10 (17.0.6+10, mixed mode, emulated-client, serial gc, windows-x86)
# Problematic frame:
# C  [audio203api.dll+0x19b2]
#
# No core dump will be written. Minidumps are not enabled by default on client versions of Windows
#
# If you would like to submit a bug report, please visit:
#   https://github.com/adoptium/adoptium-support/issues
# The crash happened outside the Java Virtual Machine in native code.
# See problematic frame for where to report the bug.
#

---------------  S U M M A R Y ------------

Command Line: -agentlib:jdwp=transport=dt_socket,address=127.0.0.1:51239,suspend=y,server=n -Djava.library.path=C:\Users\n.torkina\Downloads\jlibmodbus-master\FSO\src -javaagent:C:\Users\n.torkina\AppData\Local\JetBrains\IdeaIC2021.3\captureAgent\debugger-agent.jar -Dfile.encoding=UTF-8 Main

Host: 11th Gen Intel(R) Core(TM) i5-1135G7 @ 2.40GHz, 8 cores, 15G,  Windows 10 , 64 bit Build 17763 (10.0.17763.4131)
Time: Fri Apr 21 10:28:04 2023 RTZ 2 (зима) elapsed time: 29.158821 seconds (0d 0h 0m 29s)

---------------  T H R E A D  ---------------

Current thread (0x16985258):  JavaThread "Thread-2" [_thread_in_native, id=20000, stack(0x171b0000,0x17200000)]

Stack: [0x171b0000,0x17200000],  sp=0x171ff250,  free space=316k
Native frames: (J=compiled Java code, j=interpreted, Vv=VM code, C=native code)
C  [audio203api.dll+0x19b2]

Java frames: (J=compiled Java code, j=interpreted, Vv=VM code)
j  ZVUK.getMeasure(II)I+0
j  WindowMain$43.lambda$actionPerformed$0()V+9
j  WindowMain$43$$Lambda$258+0x1830e758.run()V+0
j  java.lang.Thread.run()V+11 java.base@17.0.6
v  ~StubRoutines::call_stub

siginfo: EXCEPTION_ACCESS_VIOLATION (0xc0000005), reading address 0x00000000


Register to memory mapping:

EIP=0x6f1219b2 audio203api.dll
EAX=0x0 is NULL
EBX={method} {0x1830b7f4} 'getMeasure' '(II)I' in 'ZVUK'
ECX=0x00000002 is an unknown value
EDX=0x171ff3a8 is pointing into the stack for thread: 0x16985258
ESP=0x171ff250 is pointing into the stack for thread: 0x16985258
EBP=0x171ff3a8 is pointing into the stack for thread: 0x16985258
ESI={method} {0x1830b7f4} 'getMeasure' '(II)I' in 'ZVUK'
EDI=0x171ff3a8 is pointing into the stack for thread: 0x16985258


Registers:
EAX=0x00000000, EBX=0x1830b7f0, ECX=0x00000002, EDX=0x171ff3a8
ESP=0x171ff250, EBP=0x171ff3a8, ESI=0x1830b7f0, EDI=0x171ff3a8
EIP=0x6f1219b2, EFLAGS=0x00010282

Top of Stack: (sp=0x171ff250)
0x171ff250:   00000003 6f0d2759 c56ceaa1 6f0d27a0
0x171ff260:   00000000 16985258 1830b7f0 1830b7f0
0x171ff270:   023d6888 023d6c74 000003ec 028c1ab0
0x171ff280:   0000000a 00001554 00000000 675f4b55
0x171ff290:   654d7465 72757361 171f0065 1830b7f0
0x171ff2a0:   171ff330 6fabafe0 00000000 00000000
0x171ff2b0:   00000000 00000000 00000000 00000000
0x171ff2c0:   00000000 00000000 00000000 171ff2a4 

Instructions: (pc=0x6f1219b2)
0x6f1218b2:   4c 24 1e 8a 44 24 1d 88 43 01 88 4b 02 80 f9 3c
0x6f1218c2:   74 25 68 dc 31 12 6f ff 15 48 30 12 6f 83 c4 04
0x6f1218d2:   b8 fd ff ff ff 5f 5e 5b 8b 4c 24 18 33 cc e8 26
0x6f1218e2:   04 00 00 8b e5 5d c3 8b 17 0f b6 c0 8b f0 c1 e6
0x6f1218f2:   04 2b f0 03 f6 8d 4c 24 10 03 f6 51 8b ce e8 6b
0x6f121902:   03 00 00 83 c4 04 85 c0 75 77 56 ff 15 80 30 12
0x6f121912:   6f 8b 54 24 1c 8b 74 24 14 89 02 8b f8 8b 44 24
0x6f121922:   18 33 db 83 c4 04 38 58 01 76 46 8d 49 00 8b 0e
0x6f121932:   89 0f 66 8b 56 04 66 89 57 04 8a 46 06 88 47 06
0x6f121942:   83 c6 07 8d 4f 07 8b c6 e8 d1 f8 ff ff 83 c6 21
0x6f121952:   8d 4f 20 8b c6 e8 34 fa ff ff 8b 4c 24 14 0f b6
0x6f121962:   51 01 43 83 c6 1c 83 c7 3c 3b da 7c c1 8b 74 24
0x6f121972:   10 85 f6 74 0a 56 ff 15 88 30 12 6f 83 c4 04 33
0x6f121982:   c0 8b 4c 24 24 5f 5e 5b 33 cc e8 7a 03 00 00 8b
0x6f121992:   e5 5d c3 cc cc cc cc cc cc cc cc cc cc cc 83 ec
0x6f1219a2:   0c a1 00 40 12 6f 33 c4 89 44 24 08 8b 44 24 10
0x6f1219b2:   8b 08 56 6a 0c 8d 74 24 08 e8 60 f6 ff ff 8b 4c
0x6f1219c2:   24 10 83 c4 04 5e 33 cc e8 3c 03 00 00 83 c4 0c
0x6f1219d2:   c3 cc cc cc cc cc cc cc cc cc cc cc cc cc 55 8b
0x6f1219e2:   ec 83 e4 f8 83 ec 14 a1 00 40 12 6f 33 c4 89 44
0x6f1219f2:   24 10 8b 45 10 53 8b 5d 0c 56 57 8b 7d 08 8b 0f
0x6f121a02:   6a 0d 8d 74 24 18 89 44 24 14 c7 44 24 10 00 00
0x6f121a12:   00 00 e8 07 f6 ff ff 8b f0 83 c4 04 85 f6 74 43
0x6f121a22:   33 c0 39 34 c5 ac 40 12 6f 74 2f 40 83 f8 07 72
0x6f121a32:   f1 b8 78 31 12 6f 56 50 68 fc 31 12 6f ff 15 48
0x6f121a42:   30 12 6f 83 c4 0c 8b c6 5f 5e 5b 8b 4c 24 10 33
0x6f121a52:   cc e8 b3 02 00 00 8b e5 5d c3 8b 04 c5 b0 40 12
0x6f121a62:   6f eb d3 8a 44 24 16 8a 4c 24 15 88 4b 01 88 43
0x6f121a72:   02 3c 1c 74 25 68 bc 31 12 6f ff 15 48 30 12 6f
0x6f121a82:   83 c4 04 b8 fd ff ff ff 5f 5e 5b 8b 4c 24 10 33
0x6f121a92:   cc e8 73 02 00 00 8b e5 5d c3 8d 54 24 0c 52 8b
0x6f121aa2:   17 b9 1c 00 00 00 e8 c3 01 00 00 8b f0 83 c4 04 


Stack slot to memory mapping:
stack at sp + 0 slots: 0x00000003 is an unknown value
stack at sp + 1 slots: 0x6f0d2759 Project1.dll
stack at sp + 2 slots: 0xc56ceaa1 is an unknown value
stack at sp + 3 slots: 0x6f0d27a0 Project1.dll
stack at sp + 4 slots: 0x0 is NULL
stack at sp + 5 slots: 0x16985258 is a thread
stack at sp + 6 slots: {method} {0x1830b7f4} 'getMeasure' '(II)I' in 'ZVUK'
stack at sp + 7 slots: {method} {0x1830b7f4} 'getMeasure' '(II)I' in 'ZVUK'


---------------  P R O C E S S  ---------------

Threads class SMR info:
_java_thread_list=0x16e59770, length=22, elements={
0x02884998, 0x0238ad70, 0x0238d270, 0x023c91c0,
0x023b2440, 0x023b30e0, 0x023b4558, 0x023b6300,
0x023b95e0, 0x02490ea0, 0x024f2168, 0x02502f08,
0x02503748, 0x0250c240, 0x15bb3dd8, 0x15bb6850,
0x15bb98d8, 0x16916258, 0x16c985e0, 0x16985bd0,
0x16986220, 0x16985258
}
_to_delete_list=0x16e62da8, length=21, elements={
0x02884998, 0x0238ad70, 0x0238d270, 0x023c91c0,
0x023b2440, 0x023b30e0, 0x023b4558, 0x023b6300,
0x023b95e0, 0x02490ea0, 0x024f2168, 0x02502f08,
0x02503748, 0x0250c240, 0x15bb3dd8, 0x15bb6850,
0x15bb98d8, 0x16916258, 0x16c985e0, 0x16985bd0,
0x16986220
}

Java Threads: ( => current thread )
  0x02884998 JavaThread "main" [_thread_blocked, id=25200, stack(0x02000000,0x02050000)]
  0x0238ad70 JavaThread "Reference Handler" daemon [_thread_blocked, id=5700, stack(0x02640000,0x02690000)]
  0x0238d270 JavaThread "Finalizer" daemon [_thread_blocked, id=18968, stack(0x026d0000,0x02720000)]
  0x023c91c0 JavaThread "Signal Dispatcher" daemon [_thread_blocked, id=28180, stack(0x04990000,0x049e0000)]
  0x023b2440 JavaThread "Attach Listener" daemon [_thread_blocked, id=28384, stack(0x14a40000,0x14a90000)]
  0x023b30e0 JavaThread "Service Thread" daemon [_thread_blocked, id=27652, stack(0x14ad0000,0x14b20000)]
  0x023b4558 JavaThread "Monitor Deflation Thread" daemon [_thread_blocked, id=11612, stack(0x14b60000,0x14bb0000)]
  0x023b6300 JavaThread "C1 CompilerThread0" daemon [_thread_blocked, id=8824, stack(0x15400000,0x15450000)]
  0x023b95e0 JavaThread "Sweeper thread" daemon [_thread_blocked, id=25324, stack(0x15490000,0x154e0000)]
  0x02490ea0 JavaThread "Common-Cleaner" daemon [_thread_blocked, id=26776, stack(0x15520000,0x15570000)]
  0x024f2168 JavaThread "JDWP Transport Listener: dt_socket" daemon [_thread_blocked, id=27228, stack(0x155b0000,0x15600000)]
  0x02502f08 JavaThread "JDWP Event Helper Thread" daemon [_thread_blocked, id=26720, stack(0x15640000,0x15690000)]
  0x02503748 JavaThread "JDWP Command Reader" daemon [_thread_in_native, id=26784, stack(0x156d0000,0x15720000)]
  0x0250c240 JavaThread "Notification Thread" daemon [_thread_blocked, id=26156, stack(0x15760000,0x157b0000)]
  0x15bb3dd8 JavaThread "Java2D Disposer" daemon [_thread_blocked, id=14780, stack(0x15e10000,0x15e60000)]
  0x15bb6850 JavaThread "AWT-Shutdown" [_thread_blocked, id=13672, stack(0x15ea0000,0x15ef0000)]
  0x15bb98d8 JavaThread "AWT-Windows" daemon [_thread_in_native, id=18956, stack(0x15f30000,0x15f80000)]
  0x16916258 JavaThread "mysql-cj-abandoned-connection-cleanup" daemon [_thread_blocked, id=27992, stack(0x17090000,0x170e0000)]
  0x16c985e0 JavaThread "AWT-EventQueue-0" [_thread_blocked, id=25688, stack(0x17120000,0x17170000)]
  0x16985bd0 JavaThread "Thread-0" [_thread_blocked, id=8076, stack(0x17f40000,0x17f90000)]
  0x16986220 JavaThread "Thread-1" [_thread_blocked, id=21088, stack(0x19340000,0x19390000)]
=>0x16985258 JavaThread "Thread-2" [_thread_in_native, id=20000, stack(0x171b0000,0x17200000)]

Other Threads:
  0x02387600 VMThread "VM Thread" [stack: 0x025b0000,0x02600000] [id=19464]
  0x0250c550 WatcherThread [stack: 0x157f0000,0x15840000] [id=12716]

Threads with active compile tasks:

VM state: not at safepoint (normal execution)

VM Mutex/Monitor currently owned by a thread: None

GC Precious Log:
 CPUs: 8 total, 8 available
 Memory: 16140M
 Large Page Support: Disabled
 NUMA Support: Disabled
 Compressed Oops: Disabled
 Heap Min Capacity: 6M
 Heap Initial Capacity: 16M
 Heap Max Capacity: 256M
 Pre-touch: Disabled

Heap:
 def new generation   total 13248K, used 1728K [0x04a00000, 0x05850000, 0x09f50000)
  eden space 11840K,  14% used [0x04a00000, 0x04bb01e0, 0x05590000)
  from space 1408K,   0% used [0x05590000, 0x05590000, 0x056f0000)
  to   space 1408K,   0% used [0x056f0000, 0x056f0000, 0x05850000)
 tenured generation   total 29256K, used 17551K [0x09f50000, 0x0bbe2000, 0x14a00000)
   the space 29256K,  59% used [0x09f50000, 0x0b073eb0, 0x0b074000, 0x0bbe2000)
 Metaspace       used 19303K, committed 19520K, reserved 24576K

Card table byte_map: [0x02280000,0x02310000] _byte_map_base: 0x0225b000

Polling page: 0x00560000

Metaspace:

Usage:
   18.85 MB used.

Virtual space:
     24.00 MB reserved,      19.06 MB ( 79%) committed,  3 nodes.

Chunk freelists:
650.00 KB

MaxMetaspaceSize: unlimited
No class space
Initial GC threshold: 16.00 MB
Current GC threshold: 31.56 MB
CDS: off
MetaspaceReclaimPolicy: balanced
 - commit_granule_bytes: 65536.
 - commit_granule_words: 16384.
 - virtual_space_node_default_size: 2097152.
 - enlarge_chunks_in_place: 1.
 - new_chunks_are_fully_committed: 0.
 - uncommit_free_chunks: 1.
 - use_allocation_guard: 0.
 - handle_deallocations: 1.


Internal statistics:

num_allocs_failed_limit: 3.
num_arena_births: 239.
num_arena_deaths: 0.
num_vsnodes_births: 3.
num_vsnodes_deaths: 0.
num_space_committed: 305.
num_space_uncommitted: 0.
num_chunks_returned_to_freelist: 3.
num_chunks_taken_from_freelist: 404.
num_chunk_merges: 3.
num_chunk_splits: 328.
num_chunks_enlarged: 301.
num_purges: 0.
num_inconsistent_stats: 0.

CodeCache: size=32768Kb used=3905Kb max_used=3905Kb free=28862Kb
 bounds [0x02950000, 0x02d28000, 0x04950000]
 total_blobs=3042 nmethods=2721 adapters=253
 compilation: enabled
              stopped_count=0, restarted_count=0
 full_count=0

Compilation events (20 events):
Event: 6.912 Thread 0x023b6300 2709             java.lang.invoke.MethodType::erase (8 bytes)
Event: 6.912 Thread 0x023b6300 nmethod 2709 0x02d1be48 code [0x02d1bf50, 0x02d1c010]
Event: 6.913 Thread 0x023b6300 2712             java.lang.StringUTF16::checkBoundsOffCount (10 bytes)
Event: 6.913 Thread 0x023b6300 nmethod 2712 0x02d1c308 code [0x02d1c420, 0x02d1c4ec]
Event: 6.913 Thread 0x023b6300 2713             java.util.Arrays::hashCode (56 bytes)
Event: 6.913 Thread 0x023b6300 nmethod 2713 0x02d1c588 code [0x02d1c6b0, 0x02d1c83c]
Event: 6.916 Thread 0x023b6300 2714             java.util.List::of (9 bytes)
Event: 6.916 Thread 0x023b6300 nmethod 2714 0x02d1c908 code [0x02d1ca30, 0x02d1cbbc]
Event: 6.916 Thread 0x023b6300 2715             java.lang.invoke.BoundMethodHandle$Species_L::speciesData (4 bytes)
Event: 6.916 Thread 0x023b6300 nmethod 2715 0x02d1ccc8 code [0x02d1cdd0, 0x02d1ce80]
Event: 6.916 Thread 0x023b6300 2716             java.lang.invoke.InvokerBytecodeGenerator::<init> (80 bytes)
Event: 6.916 Thread 0x023b6300 nmethod 2716 0x02d1cec8 code [0x02d1cff0, 0x02d1d16c]
Event: 6.917 Thread 0x023b6300 2717             java.lang.invoke.InvokerBytecodeGenerator::addMethod (725 bytes)
Event: 6.918 Thread 0x023b6300 nmethod 2717 0x02d1d608 code [0x02d1d980, 0x02d1e520]
Event: 6.918 Thread 0x023b6300 2720             sun.invoke.util.BytecodeDescriptor::unparseMethod (66 bytes)
Event: 6.919 Thread 0x023b6300 nmethod 2720 0x02d1efc8 code [0x02d1f130, 0x02d1f404]
Event: 23.572 Thread 0x023b6300 2721             jdk.internal.jimage.BasicImageReader::getLocationIndex (52 bytes)
Event: 23.572 Thread 0x023b6300 nmethod 2721 0x02d1f648 code [0x02d1f7a0, 0x02d1f9e0]
Event: 23.572 Thread 0x023b6300 2722   !         java.lang.ref.ReferenceQueue::remove (125 bytes)
Event: 23.573 Thread 0x023b6300 nmethod 2722 0x02d1fb88 code [0x02d1fd00, 0x02d202a0]

GC Heap History (20 events):
Event: 0.452 GC heap before
{Heap before GC invocations=4 (full 0):
 def new generation   total 4928K, used 4928K [0x04a00000, 0x04f50000, 0x09f50000)
  eden space 4416K, 100% used [0x04a00000, 0x04e50000, 0x04e50000)
  from space 512K, 100% used [0x04e50000, 0x04ed0000, 0x04ed0000)
  to   space 512K,   0% used [0x04ed0000, 0x04ed0000, 0x04f50000)
 tenured generation   total 10944K, used 7261K [0x09f50000, 0x0aa00000, 0x14a00000)
   the space 10944K,  66% used [0x09f50000, 0x0a6674f8, 0x0a667600, 0x0aa00000)
 Metaspace       used 9839K, committed 9920K, reserved 16384K
}
Event: 0.454 GC heap after
{Heap after GC invocations=5 (full 0):
 def new generation   total 4928K, used 512K [0x04a00000, 0x04f50000, 0x09f50000)
  eden space 4416K,   0% used [0x04a00000, 0x04a00000, 0x04e50000)
  from space 512K, 100% used [0x04ed0000, 0x04f50000, 0x04f50000)
  to   space 512K,   0% used [0x04e50000, 0x04e50000, 0x04ed0000)
 tenured generation   total 10944K, used 8315K [0x09f50000, 0x0aa00000, 0x14a00000)
   the space 10944K,  75% used [0x09f50000, 0x0a76ef50, 0x0a76f000, 0x0aa00000)
 Metaspace       used 9839K, committed 9920K, reserved 16384K
}
Event: 0.518 GC heap before
{Heap before GC invocations=5 (full 0):
 def new generation   total 4928K, used 4928K [0x04a00000, 0x04f50000, 0x09f50000)
  eden space 4416K, 100% used [0x04a00000, 0x04e50000, 0x04e50000)
  from space 512K, 100% used [0x04ed0000, 0x04f50000, 0x04f50000)
  to   space 512K,   0% used [0x04e50000, 0x04e50000, 0x04ed0000)
 tenured generation   total 10944K, used 8315K [0x09f50000, 0x0aa00000, 0x14a00000)
   the space 10944K,  75% used [0x09f50000, 0x0a76ef50, 0x0a76f000, 0x0aa00000)
 Metaspace       used 10994K, committed 11136K, reserved 16384K
}
Event: 0.519 GC heap after
{Heap after GC invocations=6 (full 0):
 def new generation   total 4928K, used 280K [0x04a00000, 0x04f50000, 0x09f50000)
  eden space 4416K,   0% used [0x04a00000, 0x04a00000, 0x04e50000)
  from space 512K,  54% used [0x04e50000, 0x04e962e0, 0x04ed0000)
  to   space 512K,   0% used [0x04ed0000, 0x04ed0000, 0x04f50000)
 tenured generation   total 10944K, used 8656K [0x09f50000, 0x0aa00000, 0x14a00000)
   the space 10944K,  79% used [0x09f50000, 0x0a7c4168, 0x0a7c4200, 0x0aa00000)
 Metaspace       used 10994K, committed 11136K, reserved 16384K
}
Event: 0.586 GC heap before
{Heap before GC invocations=6 (full 0):
 def new generation   total 4928K, used 4696K [0x04a00000, 0x04f50000, 0x09f50000)
  eden space 4416K, 100% used [0x04a00000, 0x04e50000, 0x04e50000)
  from space 512K,  54% used [0x04e50000, 0x04e962e0, 0x04ed0000)
  to   space 512K,   0% used [0x04ed0000, 0x04ed0000, 0x04f50000)
 tenured generation   total 10944K, used 8656K [0x09f50000, 0x0aa00000, 0x14a00000)
   the space 10944K,  79% used [0x09f50000, 0x0a7c4168, 0x0a7c4200, 0x0aa00000)
 Metaspace       used 12283K, committed 12416K, reserved 16384K
}
Event: 0.588 GC heap after
{Heap after GC invocations=7 (full 0):
 def new generation   total 4928K, used 512K [0x04a00000, 0x04f50000, 0x09f50000)
  eden space 4416K,   0% used [0x04a00000, 0x04a00000, 0x04e50000)
  from space 512K, 100% used [0x04ed0000, 0x04f50000, 0x04f50000)
  to   space 512K,   0% used [0x04e50000, 0x04e50000, 0x04ed0000)
 tenured generation   total 10944K, used 9358K [0x09f50000, 0x0aa00000, 0x14a00000)
   the space 10944K,  85% used [0x09f50000, 0x0a8739a0, 0x0a873a00, 0x0aa00000)
 Metaspace       used 12283K, committed 12416K, reserved 16384K
}
Event: 0.693 GC heap before
{Heap before GC invocations=7 (full 0):
 def new generation   total 4928K, used 4928K [0x04a00000, 0x04f50000, 0x09f50000)
  eden space 4416K, 100% used [0x04a00000, 0x04e50000, 0x04e50000)
  from space 512K, 100% used [0x04ed0000, 0x04f50000, 0x04f50000)
  to   space 512K,   0% used [0x04e50000, 0x04e50000, 0x04ed0000)
 tenured generation   total 10944K, used 9358K [0x09f50000, 0x0aa00000, 0x14a00000)
   the space 10944K,  85% used [0x09f50000, 0x0a8739a0, 0x0a873a00, 0x0aa00000)
 Metaspace       used 14225K, committed 14336K, reserved 16384K
}
Event: 0.695 GC heap after
{Heap after GC invocations=8 (full 0):
 def new generation   total 4928K, used 442K [0x04a00000, 0x04f50000, 0x09f50000)
  eden space 4416K,   0% used [0x04a00000, 0x04a00000, 0x04e50000)
  from space 512K,  86% used [0x04e50000, 0x04ebea20, 0x04ed0000)
  to   space 512K,   0% used [0x04ed0000, 0x04ed0000, 0x04f50000)
 tenured generation   total 10944K, used 9868K [0x09f50000, 0x0aa00000, 0x14a00000)
   the space 10944K,  90% used [0x09f50000, 0x0a8f30f0, 0x0a8f3200, 0x0aa00000)
 Metaspace       used 14225K, committed 14336K, reserved 16384K
}
Event: 0.814 GC heap before
{Heap before GC invocations=8 (full 0):
 def new generation   total 4928K, used 4858K [0x04a00000, 0x04f50000, 0x09f50000)
  eden space 4416K, 100% used [0x04a00000, 0x04e50000, 0x04e50000)
  from space 512K,  86% used [0x04e50000, 0x04ebea20, 0x04ed0000)
  to   space 512K,   0% used [0x04ed0000, 0x04ed0000, 0x04f50000)
 tenured generation   total 10944K, used 9868K [0x09f50000, 0x0aa00000, 0x14a00000)
   the space 10944K,  90% used [0x09f50000, 0x0a8f30f0, 0x0a8f3200, 0x0aa00000)
 Metaspace       used 15300K, committed 15488K, reserved 16384K
}
Event: 0.816 GC heap after
{Heap after GC invocations=9 (full 0):
 def new generation   total 4928K, used 287K [0x04a00000, 0x04f50000, 0x09f50000)
  eden space 4416K,   0% used [0x04a00000, 0x04a00000, 0x04e50000)
  from space 512K,  56% used [0x04ed0000, 0x04f17eb0, 0x04f50000)
  to   space 512K,   0% used [0x04e50000, 0x04e50000, 0x04ed0000)
 tenured generation   total 10944K, used 10296K [0x09f50000, 0x0aa00000, 0x14a00000)
   the space 10944K,  94% used [0x09f50000, 0x0a95e2c0, 0x0a95e400, 0x0aa00000)
 Metaspace       used 15300K, committed 15488K, reserved 16384K
}
Event: 0.912 GC heap before
{Heap before GC invocations=9 (full 0):
 def new generation   total 4928K, used 4608K [0x04a00000, 0x04f50000, 0x09f50000)
  eden space 4416K,  97% used [0x04a00000, 0x04e384f8, 0x04e50000)
  from space 512K,  56% used [0x04ed0000, 0x04f17eb0, 0x04f50000)
  to   space 512K,   0% used [0x04e50000, 0x04e50000, 0x04ed0000)
 tenured generation   total 10944K, used 10296K [0x09f50000, 0x0aa00000, 0x14a00000)
   the space 10944K,  94% used [0x09f50000, 0x0a95e2c0, 0x0a95e400, 0x0aa00000)
 Metaspace       used 16323K, committed 16384K, reserved 24576K
}
Event: 0.921 GC heap after
{Heap after GC invocations=10 (full 1):
 def new generation   total 8192K, used 0K [0x04a00000, 0x052e0000, 0x09f50000)
  eden space 7296K,   0% used [0x04a00000, 0x04a00000, 0x05120000)
  from space 896K,   0% used [0x05120000, 0x05120000, 0x05200000)
  to   space 896K,   0% used [0x05200000, 0x05200000, 0x052e0000)
 tenured generation   total 18092K, used 10853K [0x09f50000, 0x0b0fb000, 0x14a00000)
   the space 18092K,  59% used [0x09f50000, 0x0a9e96b8, 0x0a9e9800, 0x0b0fb000)
 Metaspace       used 16323K, committed 16384K, reserved 24576K
}
Event: 2.414 GC heap before
{Heap before GC invocations=10 (full 1):
 def new generation   total 8192K, used 7296K [0x04a00000, 0x052e0000, 0x09f50000)
  eden space 7296K, 100% used [0x04a00000, 0x05120000, 0x05120000)
  from space 896K,   0% used [0x05120000, 0x05120000, 0x05200000)
  to   space 896K,   0% used [0x05200000, 0x05200000, 0x052e0000)
 tenured generation   total 18092K, used 10853K [0x09f50000, 0x0b0fb000, 0x14a00000)
   the space 18092K,  59% used [0x09f50000, 0x0a9e96b8, 0x0a9e9800, 0x0b0fb000)
 Metaspace       used 17401K, committed 17536K, reserved 24576K
}
Event: 2.418 GC heap after
{Heap after GC invocations=11 (full 1):
 def new generation   total 8192K, used 291K [0x04a00000, 0x052e0000, 0x09f50000)
  eden space 7296K,   0% used [0x04a00000, 0x04a00000, 0x05120000)
  from space 896K,  32% used [0x05200000, 0x05248f90, 0x052e0000)
  to   space 896K,   0% used [0x05120000, 0x05120000, 0x05200000)
 tenured generation   total 18092K, used 14488K [0x09f50000, 0x0b0fb000, 0x14a00000)
   the space 18092K,  80% used [0x09f50000, 0x0ad76300, 0x0ad76400, 0x0b0fb000)
 Metaspace       used 17401K, committed 17536K, reserved 24576K
}
Event: 2.829 GC heap before
{Heap before GC invocations=11 (full 1):
 def new generation   total 8192K, used 4357K [0x04a00000, 0x052e0000, 0x09f50000)
  eden space 7296K,  55% used [0x04a00000, 0x04df85a0, 0x05120000)
  from space 896K,  32% used [0x05200000, 0x05248f90, 0x052e0000)
  to   space 896K,   0% used [0x05120000, 0x05120000, 0x05200000)
 tenured generation   total 18092K, used 14488K [0x09f50000, 0x0b0fb000, 0x14a00000)
   the space 18092K,  80% used [0x09f50000, 0x0ad76300, 0x0ad76400, 0x0b0fb000)
 Metaspace       used 19015K, committed 19136K, reserved 24576K
}
Event: 2.831 GC heap after
{Heap after GC invocations=12 (full 1):
 def new generation   total 8192K, used 725K [0x04a00000, 0x052e0000, 0x09f50000)
  eden space 7296K,   0% used [0x04a00000, 0x04a00000, 0x05120000)
  from space 896K,  80% used [0x05120000, 0x051d5508, 0x05200000)
  to   space 896K,   0% used [0x05200000, 0x05200000, 0x052e0000)
 tenured generation   total 18092K, used 14488K [0x09f50000, 0x0b0fb000, 0x14a00000)
   the space 18092K,  80% used [0x09f50000, 0x0ad76300, 0x0ad76400, 0x0b0fb000)
 Metaspace       used 19015K, committed 19136K, reserved 24576K
}
Event: 6.892 GC heap before
{Heap before GC invocations=12 (full 1):
 def new generation   total 8192K, used 8021K [0x04a00000, 0x052e0000, 0x09f50000)
  eden space 7296K, 100% used [0x04a00000, 0x05120000, 0x05120000)
  from space 896K,  80% used [0x05120000, 0x051d5508, 0x05200000)
  to   space 896K,   0% used [0x05200000, 0x05200000, 0x052e0000)
 tenured generation   total 18092K, used 14488K [0x09f50000, 0x0b0fb000, 0x14a00000)
   the space 18092K,  80% used [0x09f50000, 0x0ad76300, 0x0ad76400, 0x0b0fb000)
 Metaspace       used 19212K, committed 19392K, reserved 24576K
}
Event: 6.896 GC heap after
{Heap after GC invocations=13 (full 1):
 def new generation   total 8192K, used 275K [0x04a00000, 0x052e0000, 0x09f50000)
  eden space 7296K,   0% used [0x04a00000, 0x04a00000, 0x05120000)
  from space 896K,  30% used [0x05200000, 0x05244c78, 0x052e0000)
  to   space 896K,   0% used [0x05120000, 0x05120000, 0x05200000)
 tenured generation   total 22516K, used 19570K [0x09f50000, 0x0b54d000, 0x14a00000)
   the space 22516K,  86% used [0x09f50000, 0x0b26cbc0, 0x0b26cc00, 0x0b54d000)
 Metaspace       used 19212K, committed 19392K, reserved 24576K
}
Event: 6.896 GC heap before
{Heap before GC invocations=13 (full 1):
 def new generation   total 8192K, used 275K [0x04a00000, 0x052e0000, 0x09f50000)
  eden space 7296K,   0% used [0x04a00000, 0x04a00000, 0x05120000)
  from space 896K,  30% used [0x05200000, 0x05244c78, 0x052e0000)
  to   space 896K,   0% used [0x05120000, 0x05120000, 0x05200000)
 tenured generation   total 22516K, used 19570K [0x09f50000, 0x0b54d000, 0x14a00000)
   the space 22516K,  86% used [0x09f50000, 0x0b26cbc0, 0x0b26cc00, 0x0b54d000)
 Metaspace       used 19212K, committed 19392K, reserved 24576K
}
Event: 6.907 GC heap after
{Heap after GC invocations=13 (full 2):
 def new generation   total 13248K, used 0K [0x04a00000, 0x05850000, 0x09f50000)
  eden space 11840K,   0% used [0x04a00000, 0x04a00000, 0x05590000)
  from space 1408K,   0% used [0x05590000, 0x05590000, 0x056f0000)
  to   space 1408K,   0% used [0x056f0000, 0x056f0000, 0x05850000)
 tenured generation   total 29256K, used 17551K [0x09f50000, 0x0bbe2000, 0x14a00000)
   the space 29256K,  59% used [0x09f50000, 0x0b073eb0, 0x0b074000, 0x0bbe2000)
 Metaspace       used 19212K, committed 19392K, reserved 24576K
}

Dll operation events (13 events):
Event: 0.040 Loaded shared library C:\jdk-17.0.6+10\bin\java.dll
Event: 0.040 Loaded shared library C:\jdk-17.0.6+10\bin\zip.dll
Event: 0.150 Loaded shared library C:\jdk-17.0.6+10\bin\instrument.dll
Event: 0.179 Loaded shared library C:\jdk-17.0.6+10\bin\jimage.dll
Event: 0.181 Loaded shared library C:\jdk-17.0.6+10\bin\net.dll
Event: 0.182 Loaded shared library C:\jdk-17.0.6+10\bin\nio.dll
Event: 0.192 Loaded shared library C:\jdk-17.0.6+10\bin\zip.dll
Event: 0.198 Loaded shared library C:\jdk-17.0.6+10\bin\awt.dll
Event: 0.341 Loaded shared library C:\jdk-17.0.6+10\bin\freetype.dll
Event: 0.341 Loaded shared library C:\jdk-17.0.6+10\bin\fontmanager.dll
Event: 0.657 Loaded shared library C:\jdk-17.0.6+10\bin\sunmscapi.dll
Event: 0.872 Loaded shared library C:\jdk-17.0.6+10\bin\verify.dll
Event: 2.828 Loaded shared library C:\Users\n.torkina\Downloads\jlibmodbus-master\FSO\src\Project1.dll

Deoptimization events (20 events):
Event: 0.849 Thread 0x02884998 DEOPT PACKING pc=0x02bbee1e sp=0x0204f1a0
Event: 0.849 Thread 0x02884998 DEOPT UNPACKING pc=0x02995587 sp=0x0204f010 mode 1
Event: 0.852 Thread 0x02884998 DEOPT PACKING pc=0x02bbee1e sp=0x0204f630
Event: 0.852 Thread 0x02884998 DEOPT UNPACKING pc=0x02995587 sp=0x0204f4a0 mode 1
Event: 0.861 Thread 0x02884998 DEOPT PACKING pc=0x02bbee1e sp=0x0204f1a0
Event: 0.861 Thread 0x02884998 DEOPT UNPACKING pc=0x02995587 sp=0x0204f010 mode 1
Event: 0.865 Thread 0x02884998 DEOPT PACKING pc=0x02bbee1e sp=0x0204f630
Event: 0.865 Thread 0x02884998 DEOPT UNPACKING pc=0x02995587 sp=0x0204f4a0 mode 1
Event: 0.943 Thread 0x15bb98d8 DEOPT PACKING pc=0x02bb60f1 sp=0x15f7e860
Event: 0.943 Thread 0x15bb98d8 DEOPT UNPACKING pc=0x02995587 sp=0x15f7e6f0 mode 3
Event: 0.984 Thread 0x16c985e0 DEOPT PACKING pc=0x02badde7 sp=0x1716f380
Event: 0.984 Thread 0x16c985e0 DEOPT UNPACKING pc=0x02995587 sp=0x1716f1f4 mode 3
Event: 2.477 Thread 0x02884998 DEOPT PACKING pc=0x02bbee1e sp=0x0204eeb0
Event: 2.477 Thread 0x02884998 DEOPT UNPACKING pc=0x02995587 sp=0x0204ed20 mode 1
Event: 2.481 Thread 0x02884998 DEOPT PACKING pc=0x02bbee1e sp=0x0204f330
Event: 2.481 Thread 0x02884998 DEOPT UNPACKING pc=0x02995587 sp=0x0204f1a0 mode 1
Event: 6.889 Thread 0x16c985e0 DEOPT PACKING pc=0x02adc378 sp=0x1716e7a0
Event: 6.889 Thread 0x16c985e0 DEOPT UNPACKING pc=0x02995587 sp=0x1716e6a0 mode 1
Event: 6.889 Thread 0x16c985e0 DEOPT PACKING pc=0x02bd87d0 sp=0x1716e840
Event: 6.889 Thread 0x16c985e0 DEOPT UNPACKING pc=0x02995587 sp=0x1716e6dc mode 1

Classes unloaded (0 events):
No events

Classes redefined (0 events):
No events

Internal exceptions (20 events):
Event: 0.852 Thread 0x02884998 Exception <a 'java/io/IOException'{0x04b25960}> (0x04b25960) 
thrown [s\src\hotspot\share\prims\jni.cpp, line 516]
Event: 0.865 Thread 0x02884998 Exception <a 'java/io/IOException'{0x04b87388}> (0x04b87388) 
thrown [s\src\hotspot\share\prims\jni.cpp, line 516]
Event: 0.922 Thread 0x16d1eb78 Exception <a 'java/lang/NoSuchMethodError'{0x04a11ec8}: 'java.lang.Object java.lang.invoke.DirectMethodHandle$Holder.newInvokeSpecial(java.lang.Object, java.lang.Object, java.lang.Object, int, int, int, int, int)'> (0x04a11ec8) 
thrown [s\src\hotspot\share\interpreter\linkResolver.cpp, line 759]
Event: 0.953 Thread 0x02884998 Exception <a 'java/lang/NoSuchMethodError'{0x04db8438}: 'void java.lang.invoke.DirectMethodHandle$Holder.invokeStaticInit(java.lang.Object)'> (0x04db8438) 
thrown [s\src\hotspot\share\interpreter\linkResolver.cpp, line 759]
Event: 0.992 Thread 0x15bb98d8 Exception <a 'java/lang/NoSuchMethodError'{0x04d3f9a0}: 'void java.lang.invoke.DirectMethodHandle$Holder.invokeVirtual(java.lang.Object, java.lang.Object)'> (0x04d3f9a0) 
thrown [s\src\hotspot\share\interpreter\linkResolver.cpp, line 759]
Event: 2.481 Thread 0x02884998 Exception <a 'java/io/IOException'{0x04b850a0}> (0x04b850a0) 
thrown [s\src\hotspot\share\prims\jni.cpp, line 516]
Event: 6.859 Thread 0x16c985e0 Exception <a 'java/lang/NoSuchMethodError'{0x04faae00}: 'java.lang.Object java.lang.invoke.DirectMethodHandle$Holder.invokeSpecial(java.lang.Object, java.lang.Object, long, java.lang.Object, int, int, int, int, java.lang.Object, java.lang.Object, java.lang.Object)'> (0x04faae00) 
thrown [s\src\hotspot\share\interpreter\linkResolver.cpp, line 759]
Event: 6.859 Thread 0x16c985e0 Exception <a 'java/lang/NoSuchMethodError'{0x04faeb80}: 'java.lang.Object java.lang.invoke.DelegatingMethodHandle$Holder.reinvoke_L(java.lang.Object, long, java.lang.Object, int, int, int, int, java.lang.Object, java.lang.Object, java.lang.Object)'> (0x04faeb80) 
thrown [s\src\hotspot\share\interpreter\linkResolver.cpp, line 759]
Event: 6.862 Thread 0x16c985e0 Exception <a 'java/lang/NoSuchMethodError'{0x05015c38}: 'java.lang.Object java.lang.invoke.DirectMethodHandle$Holder.invokeSpecial(java.lang.Object, java.lang.Object, long, java.lang.Object, java.lang.Object, java.lang.Object, java.lang.Object, int, java.lang.Object, java.lang.Object, java.lang.Object)'> (0x05015c38) 
thrown [s\src\hotspot\share\interpreter\linkResolver.cpp, line 759]
Event: 6.863 Thread 0x16c985e0 Exception <a 'java/lang/NoSuchMethodError'{0x0501a520}: 'java.lang.Object java.lang.invoke.DelegatingMethodHandle$Holder.reinvoke_L(java.lang.Object, long, java.lang.Object, java.lang.Object, java.lang.Object, java.lang.Object, int, java.lang.Object, java.lang.Object, java.lang.Object)'> (0x0501a520) 
thrown [s\src\hotspot\share\interpreter\linkResolver.cpp, line 759]
Event: 6.866 Thread 0x16c985e0 Exception <a 'java/lang/NoSuchMethodError'{0x05090e20}: 'java.lang.Object java.lang.invoke.DirectMethodHandle$Holder.invokeSpecial(java.lang.Object, java.lang.Object, long, java.lang.Object, java.lang.Object, java.lang.Object, java.lang.Object, java.lang.Object, int, java.lang.Object, java.lang.Object, java.lang.Object, java.lang.Object)'> (0x05090e20) 
thrown [s\src\hotspot\share\interpreter\linkResolver.cpp, line 759]
Event: 6.866 Thread 0x16c985e0 Exception <a 'java/lang/NoSuchMethodError'{0x05095110}: 'java.lang.Object java.lang.invoke.DelegatingMethodHandle$Holder.reinvoke_L(java.lang.Object, long, java.lang.Object, java.lang.Object, java.lang.Object, java.lang.Object, java.lang.Object, int, java.lang.Object, java.lang.Object, java.lang.Object, java.lang.Object)'> (0x05095110) 
thrown [s\src\hotspot\share\interpreter\linkResolver.cpp, line 759]
Event: 6.892 Thread 0x16c985e0 Exception <a 'java/lang/NoSuchMethodError'{0x0510f5e0}: 'java.lang.Object java.lang.invoke.Invokers$Holder.linkToTargetMethod(java.lang.Object, java.lang.Object, long, java.lang.Object, java.lang.Object)'> (0x0510f5e0) 
thrown [s\src\hotspot\share\interpreter\linkResolver.cpp, line 759]
Event: 6.909 Thread 0x16c985e0 Exception <a 'java/lang/NoSuchMethodError'{0x04a3b6f0}: 'java.lang.Object java.lang.invoke.DelegatingMethodHandle$Holder.reinvoke_L(java.lang.Object, java.lang.Object, long, java.lang.Object, java.lang.Object, java.lang.Object, java.lang.Object, java.lang.Object, java.lang.Object, java.lang.Object, java.lang.Object, java.lang.Object, java.lang.Object, java.lang.Object, java.lang.Object, java.lang.Object)'> (0x04a3b6f0) 
thrown [s\src\hotspot\share\interpreter\linkResolver.cpp, line 759]
Event: 6.910 Thread 0x16c985e0 Exception <a 'java/lang/NoSuchMethodError'{0x04a7d258}: 'java.lang.Object java.lang.invoke.DirectMethodHandle$Holder.invokeSpecial(java.lang.Object, java.lang.Object, long, java.lang.Object, java.lang.Object, java.lang.Object, java.lang.Object, java.lang.Object, java.lang.Object, java.lang.Object, java.lang.Object, java.lang.Object, java.lang.Object, java.lang.Object, java.lang.Object, java.lang.Object)'> (0x04a7d258) 
thrown [s\src\hotspot\share\interpreter\linkResolver.cpp, line 759]
Event: 6.910 Thread 0x16c985e0 Exception <a 'java/lang/NoSuchMethodError'{0x04a81ce0}: 'java.lang.Object java.lang.invoke.DelegatingMethodHandle$Holder.reinvoke_L(java.lang.Object, long, java.lang.Object, java.lang.Object, java.lang.Object, java.lang.Object, java.lang.Object, java.lang.Object, java.lang.Object, java.lang.Object, java.lang.Object, java.lang.Object, java.lang.Object, java.lang.Object, java.lang.Object)'> (0x04a81ce0) 
thrown [s\src\hotspot\share\interpreter\linkResolver.cpp, line 759]
Event: 6.911 Thread 0x16c985e0 Exception <a 'java/lang/NoSuchMethodError'{0x04a9d148}: 'java.lang.Object java.lang.invoke.DirectMethodHandle$Holder.invokeSpecial(java.lang.Object, java.lang.Object, java.lang.Object, java.lang.Object, java.lang.Object, java.lang.Object, java.lang.Object, java.lang.Object, java.lang.Object, java.lang.Object, java.lang.Object, java.lang.Object, java.lang.Object, java.lang.Object, java.lang.Object)'> (0x04a9d148) 
thrown [s\src\hotspot\share\interpreter\linkResolver.cpp, line 759]
Event: 6.911 Thread 0x16c985e0 Exception <a 'java/lang/NoSuchMethodError'{0x04aa1ec8}: 'java.lang.Object java.lang.invoke.Invokers$Holder.linkToTargetMethod(java.lang.Object, java.lang.Object, java.lang.Object, java.lang.Object, java.lang.Object, java.lang.Object, java.lang.Object, java.lang.Object, java.lang.Object, java.lang.Object, java.lang.Object, java.lang.Object, java.lang.Object, java.lang.Object)'> (0x04aa1ec8) 
thrown [s\src\hotspot\share\interpreter\linkResolver.cpp, line 759]
Event: 23.573 Thread 0x16985bd0 Exception <a 'java/net/ConnectException'{0x04b5f9c0}: Connection timed out: connect> (0x04b5f9c0) 
thrown [s\src\hotspot\share\prims\jni.cpp, line 535]
Event: 28.722 Thread 0x16985bd0 Exception <a 'java/net/SocketException'{0x04b62c78}: Socket is not connected: shutdown> (0x04b62c78) 
thrown [s\src\hotspot\share\prims\jni.cpp, line 535]

VM Operations (20 events):
Event: 28.244 Executing VM operation: get/set locals
Event: 28.244 Executing VM operation: get/set locals done
Event: 28.737 Executing VM operation: get/set locals
Event: 28.738 Executing VM operation: get/set locals done
Event: 28.738 Executing VM operation: get/set locals
Event: 28.738 Executing VM operation: get/set locals done
Event: 28.738 Executing VM operation: get/set locals
Event: 28.738 Executing VM operation: get/set locals done
Event: 28.738 Executing VM operation: get/set locals
Event: 28.738 Executing VM operation: get/set locals done
Event: 28.738 Executing VM operation: get/set locals
Event: 28.738 Executing VM operation: get/set locals done
Event: 28.738 Executing VM operation: get/set locals
Event: 28.738 Executing VM operation: get/set locals done
Event: 28.738 Executing VM operation: get/set locals
Event: 28.738 Executing VM operation: get/set locals done
Event: 28.740 Executing VM operation: get/set locals
Event: 28.740 Executing VM operation: get/set locals done
Event: 29.141 Executing VM operation: ChangeSingleStep
Event: 29.142 Executing VM operation: ChangeSingleStep done

Events (20 events):
Event: 2.841 loading class javax/swing/JTable$PrintMode
Event: 2.841 loading class javax/swing/JTable$PrintMode done
Event: 2.841 loading class javax/swing/table/DefaultTableCellRenderer$UIResource
Event: 2.841 loading class javax/swing/table/DefaultTableCellRenderer$UIResource done
Event: 5.937 Thread 0x16d1eb78 Thread exited: 0x16d1eb78
Event: 6.605 loading class javax/swing/JInternalFrame
Event: 6.606 loading class javax/swing/JInternalFrame done
Event: 6.857 loading class java/lang/invoke/BoundMethodHandle$Species_LLLLLLLLLL
Event: 6.857 loading class java/lang/invoke/BoundMethodHandle$Species_LLLLLLLLLL done
Event: 6.858 loading class java/lang/invoke/BoundMethodHandle$Species_LLLLLLLLLLL
Event: 6.858 loading class java/lang/invoke/BoundMethodHandle$Species_LLLLLLLLLLL done
Event: 6.858 loading class java/lang/invoke/BoundMethodHandle$Species_LLLLLLLLLLLL
Event: 6.858 loading class java/lang/invoke/BoundMethodHandle$Species_LLLLLLLLLLLL done
Event: 6.859 loading class java/lang/invoke/BoundMethodHandle$Species_LLLLLLLLLLLLL
Event: 6.859 loading class java/lang/invoke/BoundMethodHandle$Species_LLLLLLLLLLLLL done
Event: 23.572 loading class java/net/ConnectException
Event: 23.572 loading class java/net/ConnectException done
Event: 28.723 loading class sun/net/util/SocketExceptions
Event: 28.723 loading class sun/net/util/SocketExceptions done
Event: 28.723 Thread 0x16985258 Thread added: 0x16985258


Dynamic libraries:
0x001d0000 - 0x001dc000 	C:\jdk-17.0.6+10\bin\java.exe
0x76ec0000 - 0x7705c000 	C:\Windows\SYSTEM32\ntdll.dll
0x75480000 - 0x75560000 	C:\Windows\System32\KERNEL32.DLL
0x75ff0000 - 0x761f1000 	C:\Windows\System32\KERNELBASE.dll
0x74440000 - 0x744dc000 	C:\Windows\SYSTEM32\apphelp.dll
0x75e40000 - 0x75f63000 	C:\Windows\System32\ucrtbase.dll
0x6fc80000 - 0x6fc94000 	C:\jdk-17.0.6+10\bin\jli.dll
0x6fca0000 - 0x6fcb4000 	C:\jdk-17.0.6+10\bin\VCRUNTIME140.dll
0x76c10000 - 0x76daa000 	C:\Windows\System32\USER32.dll
0x70770000 - 0x7097f000 	C:\Windows\WinSxS\x86_microsoft.windows.common-controls_6595b64144ccf1df_6.0.17763.4131_none_261e08f567c7c3e5\COMCTL32.dll
0x757d0000 - 0x757e7000 	C:\Windows\System32\win32u.dll
0x74f90000 - 0x75050000 	C:\Windows\System32\msvcrt.dll
0x74e60000 - 0x74e84000 	C:\Windows\System32\GDI32.dll
0x74510000 - 0x74783000 	C:\Windows\System32\combase.dll
0x74c60000 - 0x74dcc000 	C:\Windows\System32\gdi32full.dll
0x75590000 - 0x7564d000 	C:\Windows\System32\RPCRT4.dll
0x75230000 - 0x752b0000 	C:\Windows\System32\msvcp_win.dll
0x744f0000 - 0x74510000 	C:\Windows\System32\SspiCli.dll
0x744e0000 - 0x744ea000 	C:\Windows\System32\CRYPTBASE.dll
0x76ba0000 - 0x76c05000 	C:\Windows\System32\bcryptPrimitives.dll
0x75150000 - 0x751c9000 	C:\Windows\System32\sechost.dll
0x75560000 - 0x75585000 	C:\Windows\System32\IMM32.DLL
0x6fc00000 - 0x6fc71000 	C:\jdk-17.0.6+10\bin\msvcp140.dll
0x6f6d0000 - 0x6fbf9000 	C:\jdk-17.0.6+10\bin\client\jvm.dll
0x76370000 - 0x763f0000 	C:\Windows\System32\ADVAPI32.dll
0x733c0000 - 0x733c8000 	C:\Windows\SYSTEM32\WSOCK32.dll
0x6fd90000 - 0x6fd98000 	C:\Windows\SYSTEM32\VERSION.dll
0x73930000 - 0x73954000 	C:\Windows\SYSTEM32\WINMM.dll
0x76a00000 - 0x76a5f000 	C:\Windows\System32\WS2_32.dll
0x73390000 - 0x733b3000 	C:\Windows\SYSTEM32\winmmbase.dll
0x74dd0000 - 0x74e0b000 	C:\Windows\System32\cfgmgr32.dll
0x75810000 - 0x7581f000 	C:\Windows\System32\kernel.appcore.dll
0x72840000 - 0x72849000 	C:\jdk-17.0.6+10\bin\jimage.dll
0x6f540000 - 0x6f6cf000 	C:\Windows\SYSTEM32\DBGHELP.DLL
0x6f510000 - 0x6f534000 	C:\Windows\SYSTEM32\dbgcore.DLL
0x6f310000 - 0x6f33f000 	C:\jdk-17.0.6+10\bin\jdwp.dll
0x6f300000 - 0x6f30d000 	C:\jdk-17.0.6+10\bin\instrument.dll
0x6f4e0000 - 0x6f501000 	C:\jdk-17.0.6+10\bin\java.dll
0x6f460000 - 0x6f475000 	C:\jdk-17.0.6+10\bin\zip.dll
0x758d0000 - 0x75e26000 	C:\Windows\System32\SHELL32.dll
0x75740000 - 0x757c9000 	C:\Windows\System32\shcore.dll
0x763f0000 - 0x769ed000 	C:\Windows\System32\windows.storage.dll
0x76e90000 - 0x76eac000 	C:\Windows\System32\profapi.dll
0x75f90000 - 0x75fe4000 	C:\Windows\System32\powrprof.dll
0x76e40000 - 0x76e84000 	C:\Windows\System32\shlwapi.dll
0x74c40000 - 0x74c55000 	C:\Windows\System32\cryptsp.dll
0x6f2e0000 - 0x6f2e9000 	C:\jdk-17.0.6+10\bin\dt_socket.dll
0x74400000 - 0x74433000 	C:\Windows\SYSTEM32\IPHLPAPI.DLL
0x73130000 - 0x73182000 	C:\Windows\system32\mswsock.dll
0x6f4a0000 - 0x6f4b4000 	C:\jdk-17.0.6+10\bin\net.dll
0x74330000 - 0x743f6000 	C:\Windows\SYSTEM32\WINHTTP.dll
0x6f480000 - 0x6f492000 	C:\jdk-17.0.6+10\bin\nio.dll
0x6ee50000 - 0x6efb4000 	C:\jdk-17.0.6+10\bin\awt.dll
0x75820000 - 0x758b6000 	C:\Windows\System32\OLEAUT32.dll
0x6b1f0000 - 0x6b440000 	C:\Windows\SYSTEM32\AcGenral.DLL
0x75050000 - 0x7514c000 	C:\Windows\System32\ole32.dll
0x6e9c0000 - 0x6ea3b000 	C:\Windows\SYSTEM32\UxTheme.dll
0x70a50000 - 0x70a65000 	C:\Windows\SYSTEM32\samcli.dll
0x700b0000 - 0x700c9000 	C:\Windows\SYSTEM32\MSACM32.dll
0x742a0000 - 0x742c5000 	C:\Windows\SYSTEM32\USERENV.dll
0x6eaa0000 - 0x6eac6000 	C:\Windows\SYSTEM32\dwmapi.dll
0x72db0000 - 0x72f6d000 	C:\Windows\SYSTEM32\urlmon.dll
0x70580000 - 0x705ef000 	C:\Windows\SYSTEM32\WINSPOOL.DRV
0x752b0000 - 0x75461000 	C:\Windows\System32\CRYPT32.dll
0x73490000 - 0x734a8000 	C:\Windows\SYSTEM32\MPR.dll
0x75f70000 - 0x75f89000 	C:\Windows\System32\bcrypt.dll
0x758c0000 - 0x758ce000 	C:\Windows\System32\MSASN1.dll
0x72fb0000 - 0x7312f000 	C:\Windows\SYSTEM32\PROPSYS.dll
0x72b80000 - 0x72db0000 	C:\Windows\SYSTEM32\iertutil.dll
0x72b10000 - 0x72b2c000 	C:\Windows\SYSTEM32\srvcli.dll
0x72b70000 - 0x72b7b000 	C:\Windows\SYSTEM32\netutils.dll
0x6ed70000 - 0x6ee49000 	C:\Windows\system32\opengl32.dll
0x6f130000 - 0x6f16f000 	C:\Windows\SYSTEM32\GLU32.dll
0x76a60000 - 0x76b9b000 	C:\Windows\System32\MSCTF.dll
0x6ed00000 - 0x6ed70000 	C:\jdk-17.0.6+10\bin\freetype.dll
0x6b130000 - 0x6b1e1000 	C:\jdk-17.0.6+10\bin\fontmanager.dll
0x74200000 - 0x74291000 	C:\Windows\SYSTEM32\DNSAPI.dll
0x75470000 - 0x75477000 	C:\Windows\System32\NSI.dll
0x70290000 - 0x70298000 	C:\Windows\System32\rasadhlp.dll
0x702a0000 - 0x702f1000 	C:\Windows\System32\fwpuclnt.dll
0x73190000 - 0x731bf000 	C:\Windows\system32\rsaenh.dll
0x72b50000 - 0x72b63000 	C:\Windows\SYSTEM32\dhcpcsvc6.DLL
0x72b30000 - 0x72b44000 	C:\Windows\SYSTEM32\dhcpcsvc.DLL
0x6f1d0000 - 0x6f1db000 	C:\jdk-17.0.6+10\bin\sunmscapi.dll
0x64bd0000 - 0x64bf4000 	C:\Windows\SYSTEM32\ncrypt.dll
0x64ba0000 - 0x64bcc000 	C:\Windows\SYSTEM32\NTASN1.dll
0x6f2f0000 - 0x6f2fd000 	C:\jdk-17.0.6+10\bin\verify.dll
0x6ec10000 - 0x6ec8d000 	C:\Windows\System32\TextInputFramework.dll
0x6e750000 - 0x6e9bb000 	C:\Windows\System32\CoreUIComponents.dll
0x6eb80000 - 0x6ec10000 	C:\Windows\System32\CoreMessaging.dll
0x74300000 - 0x74329000 	C:\Windows\SYSTEM32\ntmarta.dll
0x72960000 - 0x72a39000 	C:\Windows\SYSTEM32\wintypes.dll
0x76db0000 - 0x76e34000 	C:\Windows\System32\clbcatq.dll
0x6e4f0000 - 0x6e661000 	C:\Windows\SYSTEM32\WindowsCodecs.dll
0x6e700000 - 0x6e74d000 	C:\Windows\system32\dataexchange.dll
0x6b6a0000 - 0x6b8c8000 	C:\Windows\system32\d3d11.dll
0x6b8d0000 - 0x6ba2f000 	C:\Windows\system32\dcomp.dll
0x6b5f0000 - 0x6b694000 	C:\Windows\system32\dxgi.dll
0x6b440000 - 0x6b5e2000 	C:\Windows\system32\twinapi.appcore.dll
0x6eb60000 - 0x6eb7e000 	C:\Windows\system32\RMCLIENT.dll
0x6f0c0000 - 0x6f0e3000 	C:\Users\n.torkina\Downloads\jlibmodbus-master\FSO\src\Project1.dll
0x6f120000 - 0x6f127000 	C:\jdk-17.0.6+10\bin\audio203api.dll
0x6f0a0000 - 0x6f0be000 	C:\Windows\SYSTEM32\VCRUNTIME140D.dll
0x697b0000 - 0x69864000 	C:\Windows\SYSTEM32\MSVCP140D.dll
0x5d030000 - 0x5d1d4000 	C:\Windows\SYSTEM32\ucrtbased.dll
0x60e00000 - 0x60ea3000 	C:\Windows\WinSxS\x86_microsoft.vc90.crt_1fc8b3b9a1e18e3b_9.0.30729.9518_none_508db366bcbd18c4\MSVCR90.dll
0x6ece0000 - 0x6ecfa000 	C:\Users\n.torkina\Downloads\jlibmodbus-master\FSO\SiUSBXp.dll
0x74790000 - 0x74bdb000 	C:\Windows\System32\SETUPAPI.dll
0x73360000 - 0x73383000 	C:\Windows\SYSTEM32\DEVOBJ.dll
0x74e10000 - 0x74e5b000 	C:\Windows\System32\WINTRUST.dll

dbghelp: loaded successfully - version: 4.0.5 - missing functions: none
symbol engine: initialized successfully - sym options: 0x614 - pdb path: .;C:\jdk-17.0.6+10\bin;C:\Windows\SYSTEM32;C:\Windows\WinSxS\x86_microsoft.windows.common-controls_6595b64144ccf1df_6.0.17763.4131_none_261e08f567c7c3e5;C:\jdk-17.0.6+10\bin\client;C:\Users\n.torkina\Downloads\jlibmodbus-master\FSO\src;C:\Windows\WinSxS\x86_microsoft.vc90.crt_1fc8b3b9a1e18e3b_9.0.30729.9518_none_508db366bcbd18c4;C:\Users\n.torkina\Downloads\jlibmodbus-master\FSO

VM Arguments:
jvm_args: -agentlib:jdwp=transport=dt_socket,address=127.0.0.1:51239,suspend=y,server=n -Djava.library.path=C:\Users\n.torkina\Downloads\jlibmodbus-master\FSO\src -javaagent:C:\Users\n.torkina\AppData\Local\JetBrains\IdeaIC2021.3\captureAgent\debugger-agent.jar -Dfile.encoding=UTF-8 
java_command: Main
java_class_path (initial): C:\Users\n.torkina\Downloads\jlibmodbus-master\FSO\out\production\FSO;C:\Users\n.torkina\Downloads\EasyModbusJava.jar;C:\Users\n.torkina\Downloads\mysql-connector-java-8.0.20.jar;C:\Users\n.torkina\Downloads\joda-time-2.12.2.jar;C:\Users\n.torkina\Downloads\jlibmodbus-master\jlibmodbus-master\lib\androidthings-1.0.jar;C:\Users\n.torkina\Downloads\jlibmodbus-master\jlibmodbus-master\lib\jSerialComm-2.0.2.jar;C:\Users\n.torkina\Downloads\jlibmodbus-master\jlibmodbus-master\lib\purejavacomm.jar;C:\Users\n.torkina\Downloads\jlibmodbus-master\jlibmodbus-master\lib\RXTXcomm.jar;C:\Users\n.torkina\Downloads\jssc-2.9.4.jar;C:\Users\n.torkina\Downloads\poi-bin-5.2.3\poi-5.2.3.jar;C:\Users\n.torkina\Downloads\poi-bin-5.2.3\poi-ooxml-5.2.3.jar;C:\Users\n.torkina\Downloads\poi-bin-5.2.3\poi-javadoc-5.2.3.jar;C:\Users\n.torkina\Downloads\poi-bin-5.2.3\poi-examples-5.2.3.jar;C:\Users\n.torkina\Downloads\poi-bin-5.2.3\poi-excelant-5.2.3.jar;C:\Users\n.torkina\Downloads\poi-bin-5.2.3\poi-ooxml-full-5.2.3.jar;C:\Users\n.torkina\Downloads\poi-bin-5.2.3\poi-ooxml-lite-5.2.3.jar;C:\Users\n.torkina\Downloads\poi-bin-5.2.3\poi-scratchpad-5.2.3.jar;C:\Users\n.torkina\Downloads\poi-bin-5.2.3\ooxml-lib\curvesapi-1.07.jar;C:\Users\n.torkina\Downloads\poi-bin-5.2.3\ooxml-lib\xmlbeans-5.1.1.jar;C:\Users\n.torkina\Downloads\poi-bin-5.2.3\ooxml-lib\slf4j-api-1.7.36.jar;C:\Users\n.torkina\Downloads\poi-bin-5.2.3\ooxml-lib\commons-logging-1.2.jar;C:\Users\n.torkina\Downloads\poi-bin-5.2.3\ooxml-lib\commons-compress-1.21.jar;C:\Users\n.torkina\Downloads\poi-bin-5.2.3\ooxml-lib\jakarta.activation-2.0.1.jar;C:\Users\n.torkina\Downloads\poi-bin-5.2.3\ooxml-lib\jakarta.xml.bind-api-3.0.1.jar;C:\Users\n.torkina\Downloads\poi-bin-5.2.3\lib\log4j-api-2.18.0.jar;C:\Users\n.torkina\Downloads\poi-bin-5.2.3\lib\SparseBitSet-1.2.jar;C:\Users\n.torkina\Downloads\poi-bin-5.2.3\lib\commons-io-2.11.0.jar;C:\Users\n.torkina\Downloads\poi-bin-5.2.3\lib\commons-codec-1.15.jar;C:\Users\n.t
Launcher Type: SUN_STANDARD

[Global flags]
     intx CICompilerCount                          = 1                                         {product} {ergonomic}
    uintx CodeCacheExpansionSize                   = 32768                                  {pd product} {ergonomic}
    uintx InitialCodeCacheSize                     = 163840                                 {pd product} {ergonomic}
   size_t InitialHeapSize                          = 16777216                                  {product} {ergonomic}
   size_t MaxHeapSize                              = 268435456                                 {product} {ergonomic}
   size_t MaxNewSize                               = 89456640                                  {product} {ergonomic}
   size_t MinHeapDeltaBytes                        = 131072                                    {product} {ergonomic}
   size_t MinHeapSize                              = 6291456                                   {product} {ergonomic}
     bool NeverActAsServerClassMachine             = true                                   {pd product} {ergonomic}
   size_t NewSize                                  = 5570560                                   {product} {ergonomic}
    uintx NonNMethodCodeHeapSize                   = 5242880                                {pd product} {ergonomic}
    uintx NonProfiledCodeHeapSize                  = 0                                      {pd product} {ergonomic}
   size_t OldSize                                  = 11206656                                  {product} {ergonomic}
     bool ProfileInterpreter                       = false                                  {pd product} {ergonomic}
    uintx ProfiledCodeHeapSize                     = 0                                      {pd product} {ergonomic}
    uintx ReservedCodeCacheSize                    = 33554432                               {pd product} {ergonomic}
   size_t SoftMaxHeapSize                          = 268435456                              {manageable} {ergonomic}
     bool UseLargePagesIndividualAllocation        = false                                  {pd product} {ergonomic}
     bool UseSerialGC                              = true                                      {product} {ergonomic}

Logging:
Log output configuration:
 #0: stdout all=warning uptime,level,tags
 #1: stderr all=off uptime,level,tags

Environment Variables:
PATH=C:\Program Files\Microsoft\jdk-11.0.16.101-hotspot\bin;C:\Program Files (x86)\Common Files\Oracle\Java\javapath;C:\Windows\system32;C:\Windows;C:\Windows\System32\Wbem;C:\Windows\System32\WindowsPowerShell\v1.0\;C:\Windows\System32\OpenSSH\;C:\Program Files (x86)\HMITool6.0\Marco\HMI3352\bin;C:\Program Files (x86)\HMITool6.0\Marco\X86\bin;C:\Program Files\Git\cmd;C:\Program Files\PuTTY\;C:\Users\n.torkina\AppData\Local\Programs\Python\Launcher\;C:\Users\n.torkina\AppData\Local\Microsoft\WindowsApps;;C:\Program Files\JetBrains\IntelliJ IDEA Community Edition 2021.3.3\bin;
USERNAME=n.torkina
OS=Windows_NT
PROCESSOR_IDENTIFIER=Intel64 Family 6 Model 140 Stepping 1, GenuineIntel
TMP=C:\Users\N4ED3~1.TOR\AppData\Local\Temp
TEMP=C:\Users\N4ED3~1.TOR\AppData\Local\Temp



---------------  S Y S T E M  ---------------

OS:
 Windows 10 , 64 bit Build 17763 (10.0.17763.4131)
OS uptime: 6 days 23:40 hours

CPU: total 8 (initial active 8) (4 cores per cpu, 2 threads per core) family 6 model 140 stepping 1 microcode 0x6e, cx8, cmov, fxsr, ht, mmx, 3dnowpref, sse, sse2, sse3, ssse3, sse4.1, sse4.2, popcnt, lzcnt, tsc, tscinvbit, avx, avx2, aes, erms, clmul, bmi1, bmi2, adx, avx512f, avx512dq, avx512cd, avx512bw, avx512vl, sha, fma, vzeroupper, avx512_vpopcntdq, avx512_vpclmulqdq, avx512_vaes, avx512_vnni, clflush, clflushopt, clwb, avx512_vbmi2, avx512_vbmi

Memory: 4k page, system-wide physical 16140M (8526M free)
TotalPageFile size 22362M (AvailPageFile size 9410M), user-mode portion of virtual address-space 2047M (1564M free)
current process WorkingSet (physical memory assigned to process): 87M, peak: 87M
current process commit charge ("private bytes"): 88M, peak: 88M

vm_info: OpenJDK Client VM (17.0.6+10) for windows-x86 JRE (17.0.6+10), built on Jan 18 2023 10:15:56 by "temurin" with MS VC++ 16.7 (VS2019)

END.
