#
# A fatal error has been detected by the Java Runtime Environment:
#
#  EXCEPTION_ACCESS_VIOLATION (0xc0000005) at pc=0x60ca19b2, pid=13108, tid=18052
#
# JRE version: OpenJDK Runtime Environment Temurin-17.0.6+10 (17.0.6+10) (build 17.0.6+10)
# Java VM: OpenJDK Client VM Temurin-17.0.6+10 (17.0.6+10, mixed mode, emulated-client, serial gc, windows-x86)
# Problematic frame:
# C  [audio203api.dll+0x19b2]
#
# No core dump will be written. Minidumps are not enabled by default on client versions of Windows
#
# If you would like to submit a bug report, please visit:
#   https://github.com/adoptium/adoptium-support/issues
# The crash happened outside the Java Virtual Machine in native code.
# See problematic frame for where to report the bug.
#

---------------  S U M M A R Y ------------

Command Line: -Djava.library.path=C:\Users\n.torkina\Downloads\jlibmodbus-master\FSO\src -javaagent:C:\Program Files\JetBrains\IntelliJ IDEA Community Edition 2021.3.3\lib\idea_rt.jar=61349:C:\Program Files\JetBrains\IntelliJ IDEA Community Edition 2021.3.3\bin -Dfile.encoding=UTF-8 Main

Host: 11th Gen Intel(R) Core(TM) i5-1135G7 @ 2.40GHz, 8 cores, 15G,  Windows 10 , 64 bit Build 17763 (10.0.17763.4131)
Time: Wed Apr 19 14:01:15 2023 RTZ 2 (зима) elapsed time: 4.687372 seconds (0d 0h 0m 4s)

---------------  T H R E A D  ---------------

Current thread (0x173fb1f8):  JavaThread "AWT-EventQueue-0" [_thread_in_native, id=18052, stack(0x17b80000,0x17bd0000)]

Stack: [0x17b80000,0x17bd0000],  sp=0x17bcf00c,  free space=316k
Native frames: (J=compiled Java code, j=interpreted, Vv=VM code, C=native code)
C  [audio203api.dll+0x19b2]

Java frames: (J=compiled Java code, j=interpreted, Vv=VM code)
j  ZVUK.getMeasure(I)I+0
j  WindowMain$43.actionPerformed(Ljava/awt/event/ActionEvent;)V+6
j  javax.swing.AbstractButton.fireActionPerformed(Ljava/awt/event/ActionEvent;)V+84 java.desktop@17.0.6
j  javax.swing.AbstractButton$Handler.actionPerformed(Ljava/awt/event/ActionEvent;)V+5 java.desktop@17.0.6
j  javax.swing.DefaultButtonModel.fireActionPerformed(Ljava/awt/event/ActionEvent;)V+34 java.desktop@17.0.6
j  javax.swing.DefaultButtonModel.setPressed(Z)V+117 java.desktop@17.0.6
j  javax.swing.plaf.basic.BasicButtonListener.mouseReleased(Ljava/awt/event/MouseEvent;)V+35 java.desktop@17.0.6
j  java.awt.Component.processMouseEvent(Ljava/awt/event/MouseEvent;)V+64 java.desktop@17.0.6
j  javax.swing.JComponent.processMouseEvent(Ljava/awt/event/MouseEvent;)V+23 java.desktop@17.0.6
j  java.awt.Component.processEvent(Ljava/awt/AWTEvent;)V+81 java.desktop@17.0.6
j  java.awt.Container.processEvent(Ljava/awt/AWTEvent;)V+18 java.desktop@17.0.6
j  java.awt.Component.dispatchEventImpl(Ljava/awt/AWTEvent;)V+496 java.desktop@17.0.6
J 2552 c1 java.awt.Container.dispatchEventImpl(Ljava/awt/AWTEvent;)V java.desktop@17.0.6 (129 bytes) @ 0x02d98c9c [0x02d98c40+0x0000005c]
j  java.awt.Component.dispatchEvent(Ljava/awt/AWTEvent;)V+2 java.desktop@17.0.6
j  java.awt.LightweightDispatcher.retargetMouseEvent(Ljava/awt/Component;ILjava/awt/event/MouseEvent;)V+349 java.desktop@17.0.6
j  java.awt.LightweightDispatcher.processMouseEvent(Ljava/awt/event/MouseEvent;)Z+155 java.desktop@17.0.6
j  java.awt.LightweightDispatcher.dispatchEvent(Ljava/awt/AWTEvent;)Z+50 java.desktop@17.0.6
J 2552 c1 java.awt.Container.dispatchEventImpl(Ljava/awt/AWTEvent;)V java.desktop@17.0.6 (129 bytes) @ 0x02d98c80 [0x02d98c40+0x00000040]
j  java.awt.Window.dispatchEventImpl(Ljava/awt/AWTEvent;)V+19 java.desktop@17.0.6
J 2541 c1 java.awt.EventQueue.dispatchEventImpl(Ljava/awt/AWTEvent;Ljava/lang/Object;)V java.desktop@17.0.6 (136 bytes) @ 0x02d933ac [0x02d932d0+0x000000dc]
J 2540 c1 java.awt.EventQueue$4.run()Ljava/lang/Void; java.desktop@17.0.6 (60 bytes) @ 0x02d92e2c [0x02d92dd0+0x0000005c]
j  java.awt.EventQueue$4.run()Ljava/lang/Object;+1 java.desktop@17.0.6
J 2098 c1 java.security.ProtectionDomain$JavaSecurityAccessImpl.doIntersectionPrivilege(Ljava/security/PrivilegedAction;Ljava/security/AccessControlContext;Ljava/security/AccessControlContext;)Ljava/lang/Object; java.base@17.0.6 (22 bytes) @ 0x02d14d4c [0x02d14c00+0x0000014c]
J 2492 c1 java.awt.EventQueue.dispatchEvent(Ljava/awt/AWTEvent;)V java.desktop@17.0.6 (80 bytes) @ 0x02d84f6c [0x02d84af0+0x0000047c]
J 2544 c1 java.awt.EventDispatchThread.pumpOneEventForFilters(I)V java.desktop@17.0.6 (113 bytes) @ 0x02d964a0 [0x02d96340+0x00000160]
j  java.awt.EventDispatchThread.pumpEventsForFilter(ILjava/awt/Conditional;Ljava/awt/EventFilter;)V+35 java.desktop@17.0.6
j  java.awt.EventDispatchThread.pumpEventsForHierarchy(ILjava/awt/Conditional;Ljava/awt/Component;)V+11 java.desktop@17.0.6
j  java.awt.EventDispatchThread.pumpEvents(ILjava/awt/Conditional;)V+4 java.desktop@17.0.6
j  java.awt.EventDispatchThread.pumpEvents(Ljava/awt/Conditional;)V+3 java.desktop@17.0.6
j  java.awt.EventDispatchThread.run()V+9 java.desktop@17.0.6
v  ~StubRoutines::call_stub

siginfo: EXCEPTION_ACCESS_VIOLATION (0xc0000005), reading address 0x00000000


Register to memory mapping:

EIP=0x60ca19b2 audio203api.dll
EAX=0x0 is NULL
EBX={method} {0x1801cdb4} 'getMeasure' '(I)I' in 'ZVUK'
ECX=0x0 is NULL
EDX=0x17bcf158 is pointing into the stack for thread: 0x173fb1f8
ESP=0x17bcf00c is pointing into the stack for thread: 0x173fb1f8
EBP=0x17bcf158 is pointing into the stack for thread: 0x173fb1f8
ESI={method} {0x1801cdb4} 'getMeasure' '(I)I' in 'ZVUK'
EDI=0x17bcf158 is pointing into the stack for thread: 0x173fb1f8


Registers:
EAX=0x00000000, EBX=0x1801cdb0, ECX=0x00000000, EDX=0x17bcf158
ESP=0x17bcf00c, EBP=0x17bcf158, ESI=0x1801cdb0, EDI=0x17bcf158
EIP=0x60ca19b2, EFLAGS=0x00010206

Top of Stack: (sp=0x17bcf00c)
0x17bcf00c:   00000000 5d9a2759 265f8cde 5d9a2776
0x17bcf01c:   00000000 173fb1f8 1801cdb0 1801cdb0
0x17bcf02c:   0299c804 0000000a 00000154 00000000
0x17bcf03c:   675f4b55 654d7465 72757361 17bc0065
0x17bcf04c:   1801cdb0 0299c804 00000003 17bcf07c
0x17bcf05c:   69a1bf20 0000000a 173fb1f8 023ee030
0x17bcf06c:   17bcf128 69bcd78b 5d9a1294 00000001
0x17bcf07c:   173fb1f8 173fb1f8 69bcd80f 17bcf10c 

Instructions: (pc=0x60ca19b2)
0x60ca18b2:   4c 24 1e 8a 44 24 1d 88 43 01 88 4b 02 80 f9 3c
0x60ca18c2:   74 25 68 dc 31 ca 60 ff 15 48 30 ca 60 83 c4 04
0x60ca18d2:   b8 fd ff ff ff 5f 5e 5b 8b 4c 24 18 33 cc e8 26
0x60ca18e2:   04 00 00 8b e5 5d c3 8b 17 0f b6 c0 8b f0 c1 e6
0x60ca18f2:   04 2b f0 03 f6 8d 4c 24 10 03 f6 51 8b ce e8 6b
0x60ca1902:   03 00 00 83 c4 04 85 c0 75 77 56 ff 15 80 30 ca
0x60ca1912:   60 8b 54 24 1c 8b 74 24 14 89 02 8b f8 8b 44 24
0x60ca1922:   18 33 db 83 c4 04 38 58 01 76 46 8d 49 00 8b 0e
0x60ca1932:   89 0f 66 8b 56 04 66 89 57 04 8a 46 06 88 47 06
0x60ca1942:   83 c6 07 8d 4f 07 8b c6 e8 d1 f8 ff ff 83 c6 21
0x60ca1952:   8d 4f 20 8b c6 e8 34 fa ff ff 8b 4c 24 14 0f b6
0x60ca1962:   51 01 43 83 c6 1c 83 c7 3c 3b da 7c c1 8b 74 24
0x60ca1972:   10 85 f6 74 0a 56 ff 15 88 30 ca 60 83 c4 04 33
0x60ca1982:   c0 8b 4c 24 24 5f 5e 5b 33 cc e8 7a 03 00 00 8b
0x60ca1992:   e5 5d c3 cc cc cc cc cc cc cc cc cc cc cc 83 ec
0x60ca19a2:   0c a1 00 40 ca 60 33 c4 89 44 24 08 8b 44 24 10
0x60ca19b2:   8b 08 56 6a 0c 8d 74 24 08 e8 60 f6 ff ff 8b 4c
0x60ca19c2:   24 10 83 c4 04 5e 33 cc e8 3c 03 00 00 83 c4 0c
0x60ca19d2:   c3 cc cc cc cc cc cc cc cc cc cc cc cc cc 55 8b
0x60ca19e2:   ec 83 e4 f8 83 ec 14 a1 00 40 ca 60 33 c4 89 44
0x60ca19f2:   24 10 8b 45 10 53 8b 5d 0c 56 57 8b 7d 08 8b 0f
0x60ca1a02:   6a 0d 8d 74 24 18 89 44 24 14 c7 44 24 10 00 00
0x60ca1a12:   00 00 e8 07 f6 ff ff 8b f0 83 c4 04 85 f6 74 43
0x60ca1a22:   33 c0 39 34 c5 ac 40 ca 60 74 2f 40 83 f8 07 72
0x60ca1a32:   f1 b8 78 31 ca 60 56 50 68 fc 31 ca 60 ff 15 48
0x60ca1a42:   30 ca 60 83 c4 0c 8b c6 5f 5e 5b 8b 4c 24 10 33
0x60ca1a52:   cc e8 b3 02 00 00 8b e5 5d c3 8b 04 c5 b0 40 ca
0x60ca1a62:   60 eb d3 8a 44 24 16 8a 4c 24 15 88 4b 01 88 43
0x60ca1a72:   02 3c 1c 74 25 68 bc 31 ca 60 ff 15 48 30 ca 60
0x60ca1a82:   83 c4 04 b8 fd ff ff ff 5f 5e 5b 8b 4c 24 10 33
0x60ca1a92:   cc e8 73 02 00 00 8b e5 5d c3 8d 54 24 0c 52 8b
0x60ca1aa2:   17 b9 1c 00 00 00 e8 c3 01 00 00 8b f0 83 c4 04 


Stack slot to memory mapping:
stack at sp + 0 slots: 0x0 is NULL
stack at sp + 1 slots: 0x5d9a2759 Project1.dll
stack at sp + 2 slots: 0x265f8cde is an unknown value
stack at sp + 3 slots: 0x5d9a2776 Project1.dll
stack at sp + 4 slots: 0x0 is NULL
stack at sp + 5 slots: 0x173fb1f8 is a thread
stack at sp + 6 slots: {method} {0x1801cdb4} 'getMeasure' '(I)I' in 'ZVUK'
stack at sp + 7 slots: {method} {0x1801cdb4} 'getMeasure' '(I)I' in 'ZVUK'


---------------  P R O C E S S  ---------------

Threads class SMR info:
_java_thread_list=0x173e7f48, length=20, elements={
0x023a8398, 0x023aa898, 0x023c6aa8, 0x023c7540,
0x023c80d8, 0x023c95d0, 0x023d68c8, 0x023d8008,
0x029f85b8, 0x15797b70, 0x157a7e88, 0x15874290,
0x1588c0d8, 0x158974a8, 0x1702b2c8, 0x173fb1f8,
0x17428238, 0x17090688, 0x1708fd10, 0x17090038
}

Java Threads: ( => current thread )
  0x023a8398 JavaThread "Reference Handler" daemon [_thread_blocked, id=4948, stack(0x02660000,0x026b0000)]
  0x023aa898 JavaThread "Finalizer" daemon [_thread_blocked, id=12600, stack(0x026f0000,0x02740000)]
  0x023c6aa8 JavaThread "Signal Dispatcher" daemon [_thread_blocked, id=22700, stack(0x02880000,0x028d0000)]
  0x023c7540 JavaThread "Attach Listener" daemon [_thread_blocked, id=14064, stack(0x04a30000,0x04a80000)]
  0x023c80d8 JavaThread "Service Thread" daemon [_thread_blocked, id=6252, stack(0x04ac0000,0x04b10000)]
  0x023c95d0 JavaThread "Monitor Deflation Thread" daemon [_thread_blocked, id=21580, stack(0x04b50000,0x04ba0000)]
  0x023d68c8 JavaThread "C1 CompilerThread0" daemon [_thread_blocked, id=21840, stack(0x15400000,0x15450000)]
  0x023d8008 JavaThread "Sweeper thread" daemon [_thread_blocked, id=22656, stack(0x15490000,0x154e0000)]
  0x029f85b8 JavaThread "Common-Cleaner" daemon [_thread_blocked, id=17632, stack(0x15520000,0x15570000)]
  0x15797b70 JavaThread "Monitor Ctrl-Break" daemon [_thread_in_native, id=9748, stack(0x159b0000,0x15a00000)]
  0x157a7e88 JavaThread "Notification Thread" daemon [_thread_blocked, id=11664, stack(0x15a40000,0x15a90000)]
  0x15874290 JavaThread "Java2D Disposer" daemon [_thread_blocked, id=5712, stack(0x15cd0000,0x15d20000)]
  0x1588c0d8 JavaThread "AWT-Shutdown" [_thread_blocked, id=21640, stack(0x15d60000,0x15db0000)]
  0x158974a8 JavaThread "AWT-Windows" daemon [_thread_in_native, id=22712, stack(0x15df0000,0x15e40000)]
  0x1702b2c8 JavaThread "mysql-cj-abandoned-connection-cleanup" daemon [_thread_blocked, id=22396, stack(0x16790000,0x167e0000)]
=>0x173fb1f8 JavaThread "AWT-EventQueue-0" [_thread_in_native, id=18052, stack(0x17b80000,0x17bd0000)]
  0x17428238 JavaThread "Image Fetcher 0" daemon [_thread_blocked, id=13636, stack(0x17c10000,0x17c60000)]
  0x17090688 JavaThread "Thread-0" [_thread_blocked, id=12216, stack(0x191c0000,0x19210000)]
  0x1708fd10 JavaThread "DestroyJavaVM" [_thread_blocked, id=19348, stack(0x00a70000,0x00ac0000)]
  0x17090038 JavaThread "TimerQueue" daemon [_thread_blocked, id=11080, stack(0x19250000,0x192a0000)]

Other Threads:
  0x02a0c9c0 VMThread "VM Thread" [stack: 0x025d0000,0x02620000] [id=20728]
  0x157a8db0 WatcherThread [stack: 0x15ad0000,0x15b20000] [id=13924]

Threads with active compile tasks:

VM state: not at safepoint (normal execution)

VM Mutex/Monitor currently owned by a thread: None

GC Precious Log:
 CPUs: 8 total, 8 available
 Memory: 16140M
 Large Page Support: Disabled
 NUMA Support: Disabled
 Compressed Oops: Disabled
 Heap Min Capacity: 6M
 Heap Initial Capacity: 16M
 Heap Max Capacity: 256M
 Pre-touch: Disabled

Heap:
 def new generation   total 9216K, used 6188K [0x04c00000, 0x055f0000, 0x0a150000)
  eden space 8256K,  67% used [0x04c00000, 0x0516f8c8, 0x05410000)
  from space 960K,  64% used [0x05500000, 0x0559b8e0, 0x055f0000)
  to   space 960K,   0% used [0x05410000, 0x05410000, 0x05500000)
 tenured generation   total 20300K, used 14407K [0x0a150000, 0x0b523000, 0x14c00000)
   the space 20300K,  70% used [0x0a150000, 0x0af61f80, 0x0af62000, 0x0b523000)
 Metaspace       used 18229K, committed 18368K, reserved 24576K

Card table byte_map: [0x022a0000,0x02330000] _byte_map_base: 0x0227a000

Polling page: 0x00650000

Metaspace:

Usage:
   17.80 MB used.

Virtual space:
     24.00 MB reserved,      17.94 MB ( 75%) committed,  3 nodes.

Chunk freelists:
2.11 MB

MaxMetaspaceSize: unlimited
No class space
Initial GC threshold: 16.00 MB
Current GC threshold: 26.25 MB
CDS: off
MetaspaceReclaimPolicy: balanced
 - commit_granule_bytes: 65536.
 - commit_granule_words: 16384.
 - virtual_space_node_default_size: 2097152.
 - enlarge_chunks_in_place: 1.
 - new_chunks_are_fully_committed: 0.
 - uncommit_free_chunks: 1.
 - use_allocation_guard: 0.
 - handle_deallocations: 1.


Internal statistics:

num_allocs_failed_limit: 0.
num_arena_births: 85.
num_arena_deaths: 0.
num_vsnodes_births: 3.
num_vsnodes_deaths: 0.
num_space_committed: 287.
num_space_uncommitted: 0.
num_chunks_returned_to_freelist: 0.
num_chunks_taken_from_freelist: 234.
num_chunk_merges: 0.
num_chunk_splits: 168.
num_chunks_enlarged: 146.
num_purges: 0.
num_inconsistent_stats: 0.

CodeCache: size=32768Kb used=3505Kb max_used=3505Kb free=29262Kb
 bounds [0x02a30000, 0x02da0000, 0x04a30000]
 total_blobs=2870 nmethods=2564 adapters=238
 compilation: enabled
              stopped_count=0, restarted_count=0
 full_count=0

Compilation events (20 events):
Event: 3.228 Thread 0x023d68c8 2555             java.awt.event.InvocationEvent::<init> (52 bytes)
Event: 3.228 Thread 0x023d68c8 nmethod 2555 0x02d99908 code [0x02d99a20, 0x02d99b7c]
Event: 4.557 Thread 0x023d68c8 2556             java.awt.event.MouseEvent::<init> (211 bytes)
Event: 4.558 Thread 0x023d68c8 nmethod 2556 0x02d99c08 code [0x02d99de0, 0x02d9a348]
Event: 4.559 Thread 0x023d68c8 2558             sun.awt.image.BufImgSurfaceData::getRenderLoops (26 bytes)
Event: 4.559 Thread 0x023d68c8 nmethod 2558 0x02d9a6c8 code [0x02d9a7f0, 0x02d9a90c]
Event: 4.559 Thread 0x023d68c8 2557             java.awt.event.InputEvent::<init> (26 bytes)
Event: 4.559 Thread 0x023d68c8 nmethod 2557 0x02d9a988 code [0x02d9aab0, 0x02d9abb8]
Event: 4.559 Thread 0x023d68c8 2559   !         java.awt.event.InvocationEvent::dispatch (69 bytes)
Event: 4.560 Thread 0x023d68c8 nmethod 2559 0x02d9ac48 code [0x02d9ad90, 0x02d9af90]
Event: 4.560 Thread 0x023d68c8 2562             sun.awt.SunHints$LCDContrastKey::isCompatibleValue (36 bytes)
Event: 4.560 Thread 0x023d68c8 nmethod 2562 0x02d9b0c8 code [0x02d9b1e0, 0x02d9b350]
Event: 4.560 Thread 0x023d68c8 2560             sun.awt.image.SunVolatileImage::getWidth (5 bytes)
Event: 4.560 Thread 0x023d68c8 nmethod 2560 0x02d9b3c8 code [0x02d9b4d0, 0x02d9b580]
Event: 4.560 Thread 0x023d68c8 2561             sun.awt.image.SunVolatileImage::getHeight (5 bytes)
Event: 4.560 Thread 0x023d68c8 nmethod 2561 0x02d9b5c8 code [0x02d9b6d0, 0x02d9b780]
Event: 4.560 Thread 0x023d68c8 2563             java.awt.Component::getGraphics (124 bytes)
Event: 4.560 Thread 0x023d68c8 nmethod 2563 0x02d9b7c8 code [0x02d9b990, 0x02d9be30]
Event: 4.560 Thread 0x023d68c8 2564   !         java.awt.event.InvocationEvent::finishedDispatching (53 bytes)
Event: 4.560 Thread 0x023d68c8 nmethod 2564 0x02d9c088 code [0x02d9c1c0, 0x02d9c398]

GC Heap History (20 events):
Event: 0.094 GC heap before
{Heap before GC invocations=0 (full 0):
 def new generation   total 4928K, used 2845K [0x04c00000, 0x05150000, 0x0a150000)
  eden space 4416K,  64% used [0x04c00000, 0x04ec7578, 0x05050000)
  from space 512K,   0% used [0x05050000, 0x05050000, 0x050d0000)
  to   space 512K,   0% used [0x050d0000, 0x050d0000, 0x05150000)
 tenured generation   total 10944K, used 0K [0x0a150000, 0x0ac00000, 0x14c00000)
   the space 10944K,   0% used [0x0a150000, 0x0a150000, 0x0a150200, 0x0ac00000)
 Metaspace       used 4146K, committed 4224K, reserved 8192K
}
Event: 0.096 GC heap after
{Heap after GC invocations=1 (full 0):
 def new generation   total 4928K, used 512K [0x04c00000, 0x05150000, 0x0a150000)
  eden space 4416K,   0% used [0x04c00000, 0x04c00000, 0x05050000)
  from space 512K, 100% used [0x050d0000, 0x05150000, 0x05150000)
  to   space 512K,   0% used [0x05050000, 0x05050000, 0x050d0000)
 tenured generation   total 10944K, used 1417K [0x0a150000, 0x0ac00000, 0x14c00000)
   the space 10944K,  12% used [0x0a150000, 0x0a2b2538, 0x0a2b2600, 0x0ac00000)
 Metaspace       used 4146K, committed 4224K, reserved 8192K
}
Event: 0.111 GC heap before
{Heap before GC invocations=1 (full 0):
 def new generation   total 4928K, used 4892K [0x04c00000, 0x05150000, 0x0a150000)
  eden space 4416K,  99% used [0x04c00000, 0x050473d8, 0x05050000)
  from space 512K, 100% used [0x050d0000, 0x05150000, 0x05150000)
  to   space 512K,   0% used [0x05050000, 0x05050000, 0x050d0000)
 tenured generation   total 10944K, used 1417K [0x0a150000, 0x0ac00000, 0x14c00000)
   the space 10944K,  12% used [0x0a150000, 0x0a2b2538, 0x0a2b2600, 0x0ac00000)
 Metaspace       used 4146K, committed 4224K, reserved 8192K
}
Event: 0.114 GC heap after
{Heap after GC invocations=2 (full 0):
 def new generation   total 4928K, used 512K [0x04c00000, 0x05150000, 0x0a150000)
  eden space 4416K,   0% used [0x04c00000, 0x04c00000, 0x05050000)
  from space 512K, 100% used [0x05050000, 0x050d0000, 0x050d0000)
  to   space 512K,   0% used [0x050d0000, 0x050d0000, 0x05150000)
 tenured generation   total 10944K, used 5313K [0x0a150000, 0x0ac00000, 0x14c00000)
   the space 10944K,  48% used [0x0a150000, 0x0a680758, 0x0a680800, 0x0ac00000)
 Metaspace       used 4146K, committed 4224K, reserved 8192K
}
Event: 0.206 GC heap before
{Heap before GC invocations=2 (full 0):
 def new generation   total 4928K, used 4928K [0x04c00000, 0x05150000, 0x0a150000)
  eden space 4416K, 100% used [0x04c00000, 0x05050000, 0x05050000)
  from space 512K, 100% used [0x05050000, 0x050d0000, 0x050d0000)
  to   space 512K,   0% used [0x050d0000, 0x050d0000, 0x05150000)
 tenured generation   total 10944K, used 5313K [0x0a150000, 0x0ac00000, 0x14c00000)
   the space 10944K,  48% used [0x0a150000, 0x0a680758, 0x0a680800, 0x0ac00000)
 Metaspace       used 7218K, committed 7296K, reserved 8192K
}
Event: 0.208 GC heap after
{Heap after GC invocations=3 (full 0):
 def new generation   total 4928K, used 512K [0x04c00000, 0x05150000, 0x0a150000)
  eden space 4416K,   0% used [0x04c00000, 0x04c00000, 0x05050000)
  from space 512K, 100% used [0x050d0000, 0x05150000, 0x05150000)
  to   space 512K,   0% used [0x05050000, 0x05050000, 0x050d0000)
 tenured generation   total 10944K, used 6606K [0x0a150000, 0x0ac00000, 0x14c00000)
   the space 10944K,  60% used [0x0a150000, 0x0a7c3b30, 0x0a7c3c00, 0x0ac00000)
 Metaspace       used 7218K, committed 7296K, reserved 8192K
}
Event: 0.321 GC heap before
{Heap before GC invocations=3 (full 0):
 def new generation   total 4928K, used 4928K [0x04c00000, 0x05150000, 0x0a150000)
  eden space 4416K, 100% used [0x04c00000, 0x05050000, 0x05050000)
  from space 512K, 100% used [0x050d0000, 0x05150000, 0x05150000)
  to   space 512K,   0% used [0x05050000, 0x05050000, 0x050d0000)
 tenured generation   total 10944K, used 6606K [0x0a150000, 0x0ac00000, 0x14c00000)
   the space 10944K,  60% used [0x0a150000, 0x0a7c3b30, 0x0a7c3c00, 0x0ac00000)
 Metaspace       used 9950K, committed 10048K, reserved 16384K
}
Event: 0.325 GC heap after
{Heap after GC invocations=4 (full 0):
 def new generation   total 4928K, used 512K [0x04c00000, 0x05150000, 0x0a150000)
  eden space 4416K,   0% used [0x04c00000, 0x04c00000, 0x05050000)
  from space 512K, 100% used [0x05050000, 0x050d0000, 0x050d0000)
  to   space 512K,   0% used [0x050d0000, 0x050d0000, 0x05150000)
 tenured generation   total 10944K, used 8194K [0x0a150000, 0x0ac00000, 0x14c00000)
   the space 10944K,  74% used [0x0a150000, 0x0a950920, 0x0a950a00, 0x0ac00000)
 Metaspace       used 9950K, committed 10048K, reserved 16384K
}
Event: 0.390 GC heap before
{Heap before GC invocations=4 (full 0):
 def new generation   total 4928K, used 4928K [0x04c00000, 0x05150000, 0x0a150000)
  eden space 4416K, 100% used [0x04c00000, 0x05050000, 0x05050000)
  from space 512K, 100% used [0x05050000, 0x050d0000, 0x050d0000)
  to   space 512K,   0% used [0x050d0000, 0x050d0000, 0x05150000)
 tenured generation   total 10944K, used 8194K [0x0a150000, 0x0ac00000, 0x14c00000)
   the space 10944K,  74% used [0x0a150000, 0x0a950920, 0x0a950a00, 0x0ac00000)
 Metaspace       used 11249K, committed 11392K, reserved 16384K
}
Event: 0.392 GC heap after
{Heap after GC invocations=5 (full 0):
 def new generation   total 4928K, used 381K [0x04c00000, 0x05150000, 0x0a150000)
  eden space 4416K,   0% used [0x04c00000, 0x04c00000, 0x05050000)
  from space 512K,  74% used [0x050d0000, 0x0512f7f8, 0x05150000)
  to   space 512K,   0% used [0x05050000, 0x05050000, 0x050d0000)
 tenured generation   total 10944K, used 8657K [0x0a150000, 0x0ac00000, 0x14c00000)
   the space 10944K,  79% used [0x0a150000, 0x0a9c4430, 0x0a9c4600, 0x0ac00000)
 Metaspace       used 11249K, committed 11392K, reserved 16384K
}
Event: 0.548 GC heap before
{Heap before GC invocations=5 (full 0):
 def new generation   total 4928K, used 4797K [0x04c00000, 0x05150000, 0x0a150000)
  eden space 4416K, 100% used [0x04c00000, 0x05050000, 0x05050000)
  from space 512K,  74% used [0x050d0000, 0x0512f7f8, 0x05150000)
  to   space 512K,   0% used [0x05050000, 0x05050000, 0x050d0000)
 tenured generation   total 10944K, used 8657K [0x0a150000, 0x0ac00000, 0x14c00000)
   the space 10944K,  79% used [0x0a150000, 0x0a9c4430, 0x0a9c4600, 0x0ac00000)
 Metaspace       used 14675K, committed 14848K, reserved 16384K
}
Event: 0.551 GC heap after
{Heap after GC invocations=6 (full 0):
 def new generation   total 4928K, used 512K [0x04c00000, 0x05150000, 0x0a150000)
  eden space 4416K,   0% used [0x04c00000, 0x04c00000, 0x05050000)
  from space 512K, 100% used [0x05050000, 0x050d0000, 0x050d0000)
  to   space 512K,   0% used [0x050d0000, 0x050d0000, 0x05150000)
 tenured generation   total 10944K, used 9854K [0x0a150000, 0x0ac00000, 0x14c00000)
   the space 10944K,  90% used [0x0a150000, 0x0aaef8b0, 0x0aaefa00, 0x0ac00000)
 Metaspace       used 14675K, committed 14848K, reserved 16384K
}
Event: 0.670 GC heap before
{Heap before GC invocations=6 (full 0):
 def new generation   total 4928K, used 4928K [0x04c00000, 0x05150000, 0x0a150000)
  eden space 4416K, 100% used [0x04c00000, 0x05050000, 0x05050000)
  from space 512K, 100% used [0x05050000, 0x050d0000, 0x050d0000)
  to   space 512K,   0% used [0x050d0000, 0x050d0000, 0x05150000)
 tenured generation   total 10944K, used 9854K [0x0a150000, 0x0ac00000, 0x14c00000)
   the space 10944K,  90% used [0x0a150000, 0x0aaef8b0, 0x0aaefa00, 0x0ac00000)
 Metaspace       used 15073K, committed 15168K, reserved 16384K
}
Event: 0.672 GC heap after
{Heap after GC invocations=7 (full 0):
 def new generation   total 4928K, used 317K [0x04c00000, 0x05150000, 0x0a150000)
  eden space 4416K,   0% used [0x04c00000, 0x04c00000, 0x05050000)
  from space 512K,  62% used [0x050d0000, 0x0511f7c8, 0x05150000)
  to   space 512K,   0% used [0x05050000, 0x05050000, 0x050d0000)
 tenured generation   total 10944K, used 10357K [0x0a150000, 0x0ac00000, 0x14c00000)
   the space 10944K,  94% used [0x0a150000, 0x0ab6d578, 0x0ab6d600, 0x0ac00000)
 Metaspace       used 15073K, committed 15168K, reserved 16384K
}
Event: 0.724 GC heap before
{Heap before GC invocations=7 (full 0):
 def new generation   total 4928K, used 4733K [0x04c00000, 0x05150000, 0x0a150000)
  eden space 4416K, 100% used [0x04c00000, 0x05050000, 0x05050000)
  from space 512K,  62% used [0x050d0000, 0x0511f7c8, 0x05150000)
  to   space 512K,   0% used [0x05050000, 0x05050000, 0x050d0000)
 tenured generation   total 10944K, used 10357K [0x0a150000, 0x0ac00000, 0x14c00000)
   the space 10944K,  94% used [0x0a150000, 0x0ab6d578, 0x0ab6d600, 0x0ac00000)
 Metaspace       used 16002K, committed 16128K, reserved 16384K
}
Event: 0.726 GC heap after
{Heap after GC invocations=8 (full 0):
 def new generation   total 4928K, used 218K [0x04c00000, 0x05150000, 0x0a150000)
  eden space 4416K,   0% used [0x04c00000, 0x04c00000, 0x05050000)
  from space 512K,  42% used [0x05050000, 0x05086a30, 0x050d0000)
  to   space 512K,   0% used [0x050d0000, 0x050d0000, 0x05150000)
 tenured generation   total 12352K, used 11960K [0x0a150000, 0x0ad60000, 0x14c00000)
   the space 12352K,  96% used [0x0a150000, 0x0acfe258, 0x0acfe400, 0x0ad60000)
 Metaspace       used 16002K, committed 16128K, reserved 16384K
}
Event: 0.726 GC heap before
{Heap before GC invocations=8 (full 0):
 def new generation   total 4928K, used 218K [0x04c00000, 0x05150000, 0x0a150000)
  eden space 4416K,   0% used [0x04c00000, 0x04c00000, 0x05050000)
  from space 512K,  42% used [0x05050000, 0x05086a30, 0x050d0000)
  to   space 512K,   0% used [0x050d0000, 0x050d0000, 0x05150000)
 tenured generation   total 12352K, used 11960K [0x0a150000, 0x0ad60000, 0x14c00000)
   the space 12352K,  96% used [0x0a150000, 0x0acfe258, 0x0acfe400, 0x0ad60000)
 Metaspace       used 16002K, committed 16128K, reserved 16384K
}
Event: 0.733 GC heap after
{Heap after GC invocations=8 (full 1):
 def new generation   total 9216K, used 0K [0x04c00000, 0x055f0000, 0x0a150000)
  eden space 8256K,   0% used [0x04c00000, 0x04c00000, 0x05410000)
  from space 960K,   0% used [0x05410000, 0x05410000, 0x05500000)
  to   space 960K,   0% used [0x05500000, 0x05500000, 0x055f0000)
 tenured generation   total 20300K, used 12179K [0x0a150000, 0x0b523000, 0x14c00000)
   the space 20300K,  59% used [0x0a150000, 0x0ad34c48, 0x0ad34e00, 0x0b523000)
 Metaspace       used 16002K, committed 16128K, reserved 16384K
}
Event: 2.010 GC heap before
{Heap before GC invocations=8 (full 1):
 def new generation   total 9216K, used 5704K [0x04c00000, 0x055f0000, 0x0a150000)
  eden space 8256K,  69% used [0x04c00000, 0x051922a8, 0x05410000)
  from space 960K,   0% used [0x05410000, 0x05410000, 0x05500000)
  to   space 960K,   0% used [0x05500000, 0x05500000, 0x055f0000)
 tenured generation   total 20300K, used 12179K [0x0a150000, 0x0b523000, 0x14c00000)
   the space 20300K,  59% used [0x0a150000, 0x0ad34c48, 0x0ad34e00, 0x0b523000)
 Metaspace       used 18159K, committed 18240K, reserved 24576K
}
Event: 2.014 GC heap after
{Heap after GC invocations=9 (full 1):
 def new generation   total 9216K, used 622K [0x04c00000, 0x055f0000, 0x0a150000)
  eden space 8256K,   0% used [0x04c00000, 0x04c00000, 0x05410000)
  from space 960K,  64% used [0x05500000, 0x0559b8e0, 0x055f0000)
  to   space 960K,   0% used [0x05410000, 0x05410000, 0x05500000)
 tenured generation   total 20300K, used 14407K [0x0a150000, 0x0b523000, 0x14c00000)
   the space 20300K,  70% used [0x0a150000, 0x0af61f80, 0x0af62000, 0x0b523000)
 Metaspace       used 18159K, committed 18240K, reserved 24576K
}

Dll operation events (14 events):
Event: 0.004 Loaded shared library C:\jdk-17.0.6+10\bin\java.dll
Event: 0.074 Loaded shared library C:\jdk-17.0.6+10\bin\zip.dll
Event: 0.075 Loaded shared library C:\jdk-17.0.6+10\bin\instrument.dll
Event: 0.081 Loaded shared library C:\jdk-17.0.6+10\bin\net.dll
Event: 0.082 Loaded shared library C:\jdk-17.0.6+10\bin\nio.dll
Event: 0.085 Loaded shared library C:\jdk-17.0.6+10\bin\zip.dll
Event: 0.127 Loaded shared library C:\Program Files\JetBrains\IntelliJ IDEA Community Edition 2021.3.3\bin\breakgen.dll
Event: 0.136 Loaded shared library C:\jdk-17.0.6+10\bin\jimage.dll
Event: 0.143 Loaded shared library C:\jdk-17.0.6+10\bin\awt.dll
Event: 0.229 Loaded shared library C:\jdk-17.0.6+10\bin\freetype.dll
Event: 0.229 Loaded shared library C:\jdk-17.0.6+10\bin\fontmanager.dll
Event: 0.416 Loaded shared library C:\jdk-17.0.6+10\bin\sunmscapi.dll
Event: 0.677 Loaded shared library C:\jdk-17.0.6+10\bin\verify.dll
Event: 2.009 Loaded shared library C:\Users\n.torkina\Downloads\jlibmodbus-master\FSO\src\Project1.dll

Deoptimization events (4 events):
Event: 0.741 Thread 0x158974a8 DEOPT PACKING pc=0x02c632a9 sp=0x15e3e930
Event: 0.741 Thread 0x158974a8 DEOPT UNPACKING pc=0x02a75587 sp=0x15e3e7b0 mode 3
Event: 0.781 Thread 0x173fb1f8 DEOPT PACKING pc=0x02c68197 sp=0x17bcf760
Event: 0.781 Thread 0x173fb1f8 DEOPT UNPACKING pc=0x02a75587 sp=0x17bcf5c4 mode 3

Classes unloaded (0 events):
No events

Classes redefined (0 events):
No events

Internal exceptions (20 events):
Event: 0.313 Thread 0x029615a0 Exception <a 'java/lang/NoSuchMethodError'{0x04fca128}: 'java.lang.Object java.lang.invoke.DirectMethodHandle$Holder.invokeVirtual(java.lang.Object, java.lang.Object, java.lang.Object)'> (0x04fca128) 
thrown [s\src\hotspot\share\interpreter\linkResolver.cpp, line 759]
Event: 0.403 Thread 0x029615a0 Exception <a 'java/lang/NoSuchMethodError'{0x04c86f88}: 'void java.lang.invoke.DirectMethodHandle$Holder.invokeStaticInit(java.lang.Object, java.lang.Object)'> (0x04c86f88) 
thrown [s\src\hotspot\share\interpreter\linkResolver.cpp, line 759]
Event: 0.432 Thread 0x029615a0 Exception <a 'sun/nio/fs/WindowsException'{0x04db62e0}> (0x04db62e0) 
thrown [s\src\hotspot\share\prims\jni.cpp, line 516]
Event: 0.437 Thread 0x029615a0 Exception <a 'java/lang/NoSuchMethodError'{0x04dd8d00}: 'int java.lang.invoke.DirectMethodHandle$Holder.invokeStaticInit(java.lang.Object, java.lang.Object, java.lang.Object, java.lang.Object)'> (0x04dd8d00) 
thrown [s\src\hotspot\share\interpreter\linkResolver.cpp, line 759]
Event: 0.438 Thread 0x029615a0 Exception <a 'java/lang/IncompatibleClassChangeError'{0x04de1528}: Found class java.lang.Object, but interface was expected> (0x04de1528) 
thrown [s\src\hotspot\share\interpreter\linkResolver.cpp, line 826]
Event: 0.438 Thread 0x029615a0 Exception <a 'java/lang/NoSuchMethodError'{0x04de6558}: 'int java.lang.invoke.DirectMethodHandle$Holder.invokeStaticInit(java.lang.Object, java.lang.Object)'> (0x04de6558) 
thrown [s\src\hotspot\share\interpreter\linkResolver.cpp, line 759]
Event: 0.456 Thread 0x029615a0 Exception <a 'java/lang/NoSuchMethodError'{0x04e939d0}: 'java.lang.Object java.lang.invoke.DirectMethodHandle$Holder.invokeStaticInit(java.lang.Object, int, int, int, int)'> (0x04e939d0) 
thrown [s\src\hotspot\share\interpreter\linkResolver.cpp, line 759]
Event: 0.483 Thread 0x029615a0 Exception <a 'java/lang/NoSuchMethodError'{0x04f55b80}: 'java.lang.Object java.lang.invoke.DirectMethodHandle$Holder.invokeStaticInit(java.lang.Object, java.lang.Object, int, int, int, int)'> (0x04f55b80) 
thrown [s\src\hotspot\share\interpreter\linkResolver.cpp, line 759]
Event: 0.583 Thread 0x029615a0 Exception <a 'java/io/IOException'{0x04dbdb80}> (0x04dbdb80) 
thrown [s\src\hotspot\share\prims\jni.cpp, line 516]
Event: 0.598 Thread 0x029615a0 Exception <a 'java/io/IOException'{0x04e1f430}> (0x04e1f430) 
thrown [s\src\hotspot\share\prims\jni.cpp, line 516]
Event: 0.611 Thread 0x029615a0 Exception <a 'java/io/IOException'{0x04e80880}> (0x04e80880) 
thrown [s\src\hotspot\share\prims\jni.cpp, line 516]
Event: 0.624 Thread 0x029615a0 Exception <a 'java/io/IOException'{0x04edfa48}> (0x04edfa48) 
thrown [s\src\hotspot\share\prims\jni.cpp, line 516]
Event: 0.636 Thread 0x029615a0 Exception <a 'java/io/IOException'{0x04f3ea48}> (0x04f3ea48) 
thrown [s\src\hotspot\share\prims\jni.cpp, line 516]
Event: 0.647 Thread 0x029615a0 Exception <a 'java/io/IOException'{0x04f9db78}> (0x04f9db78) 
thrown [s\src\hotspot\share\prims\jni.cpp, line 516]
Event: 0.660 Thread 0x029615a0 Exception <a 'java/io/IOException'{0x04ffcb38}> (0x04ffcb38) 
thrown [s\src\hotspot\share\prims\jni.cpp, line 516]
Event: 0.674 Thread 0x029615a0 Exception <a 'java/io/IOException'{0x04c0de60}> (0x04c0de60) 
thrown [s\src\hotspot\share\prims\jni.cpp, line 516]
Event: 0.714 Thread 0x17428238 Exception <a 'java/lang/NoSuchMethodError'{0x04e09550}: 'java.lang.Object java.lang.invoke.DirectMethodHandle$Holder.newInvokeSpecial(java.lang.Object, java.lang.Object, java.lang.Object, int, int, int, int, int)'> (0x04e09550) 
thrown [s\src\hotspot\share\interpreter\linkResolver.cpp, line 759]
Event: 0.749 Thread 0x029615a0 Exception <a 'java/lang/NoSuchMethodError'{0x04cf6240}: 'void java.lang.invoke.DirectMethodHandle$Holder.invokeStaticInit(java.lang.Object)'> (0x04cf6240) 
thrown [s\src\hotspot\share\interpreter\linkResolver.cpp, line 759]
Event: 0.789 Thread 0x158974a8 Exception <a 'java/lang/NoSuchMethodError'{0x04cc5598}: 'void java.lang.invoke.DirectMethodHandle$Holder.invokeVirtual(java.lang.Object, java.lang.Object)'> (0x04cc5598) 
thrown [s\src\hotspot\share\interpreter\linkResolver.cpp, line 759]
Event: 1.932 Thread 0x029615a0 Exception <a 'java/io/IOException'{0x05042c70}> (0x05042c70) 
thrown [s\src\hotspot\share\prims\jni.cpp, line 516]

VM Operations (20 events):
Event: 0.548 Executing VM operation: GenCollectForAllocation
Event: 0.551 Executing VM operation: GenCollectForAllocation done
Event: 0.670 Executing VM operation: GenCollectForAllocation
Event: 0.672 Executing VM operation: GenCollectForAllocation done
Event: 0.724 Executing VM operation: GenCollectForAllocation
Event: 0.733 Executing VM operation: GenCollectForAllocation done
Event: 0.756 Executing VM operation: HandshakeAllThreads
Event: 0.756 Executing VM operation: HandshakeAllThreads done
Event: 0.792 Executing VM operation: HandshakeAllThreads
Event: 0.792 Executing VM operation: HandshakeAllThreads done
Event: 1.791 Executing VM operation: Cleanup
Event: 1.791 Executing VM operation: Cleanup done
Event: 1.913 Executing VM operation: HandshakeAllThreads
Event: 1.913 Executing VM operation: HandshakeAllThreads done
Event: 1.944 Executing VM operation: HandshakeAllThreads
Event: 1.944 Executing VM operation: HandshakeAllThreads done
Event: 2.010 Executing VM operation: GenCollectForAllocation
Event: 2.015 Executing VM operation: GenCollectForAllocation done
Event: 4.015 Executing VM operation: Cleanup
Event: 4.015 Executing VM operation: Cleanup done

Events (20 events):
Event: 2.043 loading class java/lang/Throwable$PrintStreamOrWriter
Event: 2.043 loading class java/lang/Throwable$PrintStreamOrWriter done
Event: 2.043 loading class java/lang/Throwable$WrappedPrintStream done
Event: 2.043 Thread 0x029615a0 Thread exited: 0x029615a0
Event: 2.043 Thread 0x1708fd10 Thread added: 0x1708fd10
Event: 2.260 loading class javax/swing/TimerQueue
Event: 2.260 loading class javax/swing/TimerQueue done
Event: 2.261 loading class java/util/concurrent/DelayQueue
Event: 2.261 loading class java/util/concurrent/DelayQueue done
Event: 2.261 loading class java/util/PriorityQueue
Event: 2.261 loading class java/util/PriorityQueue done
Event: 2.261 Thread 0x17090038 Thread added: 0x17090038
Event: 2.261 loading class javax/swing/TimerQueue$DelayedTimer
Event: 2.261 loading class java/util/concurrent/Delayed
Event: 2.261 loading class java/util/concurrent/Delayed done
Event: 2.261 loading class javax/swing/TimerQueue$DelayedTimer done
Event: 2.262 loading class java/util/concurrent/TimeUnit$1
Event: 2.262 loading class java/util/concurrent/TimeUnit$1 done
Event: 2.810 loading class javax/swing/Timer$1
Event: 2.810 loading class javax/swing/Timer$1 done


Dynamic libraries:
0x00b80000 - 0x00b8c000 	C:\jdk-17.0.6+10\bin\java.exe
0x76ec0000 - 0x7705c000 	C:\Windows\SYSTEM32\ntdll.dll
0x75480000 - 0x75560000 	C:\Windows\System32\KERNEL32.DLL
0x75ff0000 - 0x761f1000 	C:\Windows\System32\KERNELBASE.dll
0x74440000 - 0x744dc000 	C:\Windows\SYSTEM32\apphelp.dll
0x75e40000 - 0x75f63000 	C:\Windows\System32\ucrtbase.dll
0x69f10000 - 0x69f24000 	C:\jdk-17.0.6+10\bin\jli.dll
0x69ef0000 - 0x69f04000 	C:\jdk-17.0.6+10\bin\VCRUNTIME140.dll
0x76c10000 - 0x76daa000 	C:\Windows\System32\USER32.dll
0x70770000 - 0x7097f000 	C:\Windows\WinSxS\x86_microsoft.windows.common-controls_6595b64144ccf1df_6.0.17763.4131_none_261e08f567c7c3e5\COMCTL32.dll
0x757d0000 - 0x757e7000 	C:\Windows\System32\win32u.dll
0x74f90000 - 0x75050000 	C:\Windows\System32\msvcrt.dll
0x74e60000 - 0x74e84000 	C:\Windows\System32\GDI32.dll
0x74c60000 - 0x74dcc000 	C:\Windows\System32\gdi32full.dll
0x74510000 - 0x74783000 	C:\Windows\System32\combase.dll
0x75590000 - 0x7564d000 	C:\Windows\System32\RPCRT4.dll
0x75230000 - 0x752b0000 	C:\Windows\System32\msvcp_win.dll
0x744f0000 - 0x74510000 	C:\Windows\System32\SspiCli.dll
0x744e0000 - 0x744ea000 	C:\Windows\System32\CRYPTBASE.dll
0x76ba0000 - 0x76c05000 	C:\Windows\System32\bcryptPrimitives.dll
0x75150000 - 0x751c9000 	C:\Windows\System32\sechost.dll
0x75560000 - 0x75585000 	C:\Windows\System32\IMM32.DLL
0x69e70000 - 0x69ee1000 	C:\jdk-17.0.6+10\bin\msvcp140.dll
0x69940000 - 0x69e69000 	C:\jdk-17.0.6+10\bin\client\jvm.dll
0x76370000 - 0x763f0000 	C:\Windows\System32\ADVAPI32.dll
0x6fd90000 - 0x6fd98000 	C:\Windows\SYSTEM32\VERSION.dll
0x733c0000 - 0x733c8000 	C:\Windows\SYSTEM32\WSOCK32.dll
0x73930000 - 0x73954000 	C:\Windows\SYSTEM32\WINMM.dll
0x76a00000 - 0x76a5f000 	C:\Windows\System32\WS2_32.dll
0x73390000 - 0x733b3000 	C:\Windows\SYSTEM32\winmmbase.dll
0x74dd0000 - 0x74e0b000 	C:\Windows\System32\cfgmgr32.dll
0x75810000 - 0x7581f000 	C:\Windows\System32\kernel.appcore.dll
0x6eb30000 - 0x6eb39000 	C:\jdk-17.0.6+10\bin\jimage.dll
0x697b0000 - 0x6993f000 	C:\Windows\SYSTEM32\DBGHELP.DLL
0x69780000 - 0x697a4000 	C:\Windows\SYSTEM32\dbgcore.DLL
0x69730000 - 0x6973d000 	C:\jdk-17.0.6+10\bin\instrument.dll
0x69750000 - 0x69771000 	C:\jdk-17.0.6+10\bin\java.dll
0x758d0000 - 0x75e26000 	C:\Windows\System32\SHELL32.dll
0x75740000 - 0x757c9000 	C:\Windows\System32\shcore.dll
0x763f0000 - 0x769ed000 	C:\Windows\System32\windows.storage.dll
0x76e90000 - 0x76eac000 	C:\Windows\System32\profapi.dll
0x75f90000 - 0x75fe4000 	C:\Windows\System32\powrprof.dll
0x76e40000 - 0x76e84000 	C:\Windows\System32\shlwapi.dll
0x74c40000 - 0x74c55000 	C:\Windows\System32\cryptsp.dll
0x696d0000 - 0x696e5000 	C:\jdk-17.0.6+10\bin\zip.dll
0x69710000 - 0x69724000 	C:\jdk-17.0.6+10\bin\net.dll
0x74330000 - 0x743f6000 	C:\Windows\SYSTEM32\WINHTTP.dll
0x73130000 - 0x73182000 	C:\Windows\system32\mswsock.dll
0x696f0000 - 0x69702000 	C:\jdk-17.0.6+10\bin\nio.dll
0x692c0000 - 0x692d6000 	C:\Program Files\JetBrains\IntelliJ IDEA Community Edition 2021.3.3\bin\breakgen.dll
0x5ddb0000 - 0x5df14000 	C:\jdk-17.0.6+10\bin\awt.dll
0x75820000 - 0x758b6000 	C:\Windows\System32\OLEAUT32.dll
0x5db60000 - 0x5ddb0000 	C:\Windows\SYSTEM32\AcGenral.DLL
0x75050000 - 0x7514c000 	C:\Windows\System32\ole32.dll
0x6e9c0000 - 0x6ea3b000 	C:\Windows\SYSTEM32\UxTheme.dll
0x70a50000 - 0x70a65000 	C:\Windows\SYSTEM32\samcli.dll
0x700b0000 - 0x700c9000 	C:\Windows\SYSTEM32\MSACM32.dll
0x742a0000 - 0x742c5000 	C:\Windows\SYSTEM32\USERENV.dll
0x6eaa0000 - 0x6eac6000 	C:\Windows\SYSTEM32\dwmapi.dll
0x72db0000 - 0x72f6d000 	C:\Windows\SYSTEM32\urlmon.dll
0x752b0000 - 0x75461000 	C:\Windows\System32\CRYPT32.dll
0x70580000 - 0x705ef000 	C:\Windows\SYSTEM32\WINSPOOL.DRV
0x73490000 - 0x734a8000 	C:\Windows\SYSTEM32\MPR.dll
0x758c0000 - 0x758ce000 	C:\Windows\System32\MSASN1.dll
0x75f70000 - 0x75f89000 	C:\Windows\System32\bcrypt.dll
0x72b80000 - 0x72db0000 	C:\Windows\SYSTEM32\iertutil.dll
0x72b10000 - 0x72b2c000 	C:\Windows\SYSTEM32\srvcli.dll
0x72b70000 - 0x72b7b000 	C:\Windows\SYSTEM32\netutils.dll
0x72fb0000 - 0x7312f000 	C:\Windows\SYSTEM32\PROPSYS.dll
0x74400000 - 0x74433000 	C:\Windows\SYSTEM32\IPHLPAPI.DLL
0x5da80000 - 0x5db59000 	C:\Windows\system32\opengl32.dll
0x60e40000 - 0x60e7f000 	C:\Windows\SYSTEM32\GLU32.dll
0x76a60000 - 0x76b9b000 	C:\Windows\System32\MSCTF.dll
0x60d40000 - 0x60db0000 	C:\jdk-17.0.6+10\bin\freetype.dll
0x5d9c0000 - 0x5da71000 	C:\jdk-17.0.6+10\bin\fontmanager.dll
0x74200000 - 0x74291000 	C:\Windows\SYSTEM32\DNSAPI.dll
0x75470000 - 0x75477000 	C:\Windows\System32\NSI.dll
0x70290000 - 0x70298000 	C:\Windows\System32\rasadhlp.dll
0x702a0000 - 0x702f1000 	C:\Windows\System32\fwpuclnt.dll
0x68fb0000 - 0x68fbb000 	C:\jdk-17.0.6+10\bin\sunmscapi.dll
0x64bd0000 - 0x64bf4000 	C:\Windows\SYSTEM32\ncrypt.dll
0x64ba0000 - 0x64bcc000 	C:\Windows\SYSTEM32\NTASN1.dll
0x73190000 - 0x731bf000 	C:\Windows\system32\rsaenh.dll
0x72b50000 - 0x72b63000 	C:\Windows\SYSTEM32\dhcpcsvc6.DLL
0x72b30000 - 0x72b44000 	C:\Windows\SYSTEM32\dhcpcsvc.DLL
0x692e0000 - 0x692ed000 	C:\jdk-17.0.6+10\bin\verify.dll
0x6a2f0000 - 0x6a36d000 	C:\Windows\System32\TextInputFramework.dll
0x6a080000 - 0x6a2eb000 	C:\Windows\System32\CoreUIComponents.dll
0x69ff0000 - 0x6a080000 	C:\Windows\System32\CoreMessaging.dll
0x74300000 - 0x74329000 	C:\Windows\SYSTEM32\ntmarta.dll
0x72960000 - 0x72a39000 	C:\Windows\SYSTEM32\wintypes.dll
0x76db0000 - 0x76e34000 	C:\Windows\System32\clbcatq.dll
0x6e4f0000 - 0x6e661000 	C:\Windows\SYSTEM32\WindowsCodecs.dll
0x6e4a0000 - 0x6e4ed000 	C:\Windows\system32\dataexchange.dll
0x6abd0000 - 0x6ad2f000 	C:\Windows\system32\dcomp.dll
0x6ad30000 - 0x6af58000 	C:\Windows\system32\d3d11.dll
0x6ab20000 - 0x6abc4000 	C:\Windows\system32\dxgi.dll
0x6a970000 - 0x6ab12000 	C:\Windows\system32\twinapi.appcore.dll
0x6df30000 - 0x6df4e000 	C:\Windows\system32\RMCLIENT.dll
0x5d990000 - 0x5d9b3000 	C:\Users\n.torkina\Downloads\jlibmodbus-master\FSO\src\Project1.dll
0x60ca0000 - 0x60ca7000 	C:\jdk-17.0.6+10\bin\audio203api.dll
0x5d970000 - 0x5d98e000 	C:\Windows\SYSTEM32\VCRUNTIME140D.dll
0x5d8b0000 - 0x5d964000 	C:\Windows\SYSTEM32\MSVCP140D.dll
0x5d700000 - 0x5d8a4000 	C:\Windows\SYSTEM32\ucrtbased.dll
0x5d650000 - 0x5d6f3000 	C:\Windows\WinSxS\x86_microsoft.vc90.crt_1fc8b3b9a1e18e3b_9.0.30729.9518_none_508db366bcbd18c4\MSVCR90.dll
0x5d630000 - 0x5d64a000 	C:\Users\n.torkina\Downloads\jlibmodbus-master\FSO\SiUSBXp.dll
0x74790000 - 0x74bdb000 	C:\Windows\System32\SETUPAPI.dll
0x73360000 - 0x73383000 	C:\Windows\SYSTEM32\DEVOBJ.dll
0x74e10000 - 0x74e5b000 	C:\Windows\System32\WINTRUST.dll

dbghelp: loaded successfully - version: 4.0.5 - missing functions: none
symbol engine: initialized successfully - sym options: 0x614 - pdb path: .;C:\jdk-17.0.6+10\bin;C:\Windows\SYSTEM32;C:\Windows\WinSxS\x86_microsoft.windows.common-controls_6595b64144ccf1df_6.0.17763.4131_none_261e08f567c7c3e5;C:\jdk-17.0.6+10\bin\client;C:\Program Files\JetBrains\IntelliJ IDEA Community Edition 2021.3.3\bin;C:\Users\n.torkina\Downloads\jlibmodbus-master\FSO\src;C:\Windows\WinSxS\x86_microsoft.vc90.crt_1fc8b3b9a1e18e3b_9.0.30729.9518_none_508db366bcbd18c4;C:\Users\n.torkina\Downloads\jlibmodbus-master\FSO

VM Arguments:
jvm_args: -Djava.library.path=C:\Users\n.torkina\Downloads\jlibmodbus-master\FSO\src -javaagent:C:\Program Files\JetBrains\IntelliJ IDEA Community Edition 2021.3.3\lib\idea_rt.jar=61349:C:\Program Files\JetBrains\IntelliJ IDEA Community Edition 2021.3.3\bin -Dfile.encoding=UTF-8 
java_command: Main
java_class_path (initial): C:\Users\n.torkina\Downloads\jlibmodbus-master\FSO\out\production\FSO;C:\Users\n.torkina\Downloads\EasyModbusJava.jar;C:\Users\n.torkina\Downloads\mysql-connector-java-8.0.20.jar;C:\Users\n.torkina\Downloads\joda-time-2.12.2.jar;C:\Users\n.torkina\Downloads\jlibmodbus-master\jlibmodbus-master\lib\androidthings-1.0.jar;C:\Users\n.torkina\Downloads\jlibmodbus-master\jlibmodbus-master\lib\jSerialComm-2.0.2.jar;C:\Users\n.torkina\Downloads\jlibmodbus-master\jlibmodbus-master\lib\purejavacomm.jar;C:\Users\n.torkina\Downloads\jlibmodbus-master\jlibmodbus-master\lib\RXTXcomm.jar;C:\Users\n.torkina\Downloads\jssc-2.9.4.jar;C:\Users\n.torkina\Downloads\poi-bin-5.2.3\poi-5.2.3.jar;C:\Users\n.torkina\Downloads\poi-bin-5.2.3\poi-ooxml-5.2.3.jar;C:\Users\n.torkina\Downloads\poi-bin-5.2.3\poi-javadoc-5.2.3.jar;C:\Users\n.torkina\Downloads\poi-bin-5.2.3\poi-examples-5.2.3.jar;C:\Users\n.torkina\Downloads\poi-bin-5.2.3\poi-excelant-5.2.3.jar;C:\Users\n.torkina\Downloads\poi-bin-5.2.3\poi-ooxml-full-5.2.3.jar;C:\Users\n.torkina\Downloads\poi-bin-5.2.3\poi-ooxml-lite-5.2.3.jar;C:\Users\n.torkina\Downloads\poi-bin-5.2.3\poi-scratchpad-5.2.3.jar;C:\Users\n.torkina\Downloads\poi-bin-5.2.3\ooxml-lib\curvesapi-1.07.jar;C:\Users\n.torkina\Downloads\poi-bin-5.2.3\ooxml-lib\xmlbeans-5.1.1.jar;C:\Users\n.torkina\Downloads\poi-bin-5.2.3\ooxml-lib\slf4j-api-1.7.36.jar;C:\Users\n.torkina\Downloads\poi-bin-5.2.3\ooxml-lib\commons-logging-1.2.jar;C:\Users\n.torkina\Downloads\poi-bin-5.2.3\ooxml-lib\commons-compress-1.21.jar;C:\Users\n.torkina\Downloads\poi-bin-5.2.3\ooxml-lib\jakarta.activation-2.0.1.jar;C:\Users\n.torkina\Downloads\poi-bin-5.2.3\ooxml-lib\jakarta.xml.bind-api-3.0.1.jar;C:\Users\n.torkina\Downloads\poi-bin-5.2.3\lib\log4j-api-2.18.0.jar;C:\Users\n.torkina\Downloads\poi-bin-5.2.3\lib\SparseBitSet-1.2.jar;C:\Users\n.torkina\Downloads\poi-bin-5.2.3\lib\commons-io-2.11.0.jar;C:\Users\n.torkina\Downloads\poi-bin-5.2.3\lib\commons-codec-1.15.jar;C:\Users\n.t
Launcher Type: SUN_STANDARD

[Global flags]
     intx CICompilerCount                          = 1                                         {product} {ergonomic}
    uintx CodeCacheExpansionSize                   = 32768                                  {pd product} {ergonomic}
    uintx InitialCodeCacheSize                     = 163840                                 {pd product} {ergonomic}
   size_t InitialHeapSize                          = 16777216                                  {product} {ergonomic}
   size_t MaxHeapSize                              = 268435456                                 {product} {ergonomic}
   size_t MaxNewSize                               = 89456640                                  {product} {ergonomic}
   size_t MinHeapDeltaBytes                        = 131072                                    {product} {ergonomic}
   size_t MinHeapSize                              = 6291456                                   {product} {ergonomic}
     bool NeverActAsServerClassMachine             = true                                   {pd product} {ergonomic}
   size_t NewSize                                  = 5570560                                   {product} {ergonomic}
    uintx NonNMethodCodeHeapSize                   = 5242880                                {pd product} {ergonomic}
    uintx NonProfiledCodeHeapSize                  = 0                                      {pd product} {ergonomic}
   size_t OldSize                                  = 11206656                                  {product} {ergonomic}
     bool ProfileInterpreter                       = false                                  {pd product} {ergonomic}
    uintx ProfiledCodeHeapSize                     = 0                                      {pd product} {ergonomic}
    uintx ReservedCodeCacheSize                    = 33554432                               {pd product} {ergonomic}
   size_t SoftMaxHeapSize                          = 268435456                              {manageable} {ergonomic}
     bool UseLargePagesIndividualAllocation        = false                                  {pd product} {ergonomic}
     bool UseSerialGC                              = true                                      {product} {ergonomic}

Logging:
Log output configuration:
 #0: stdout all=warning uptime,level,tags
 #1: stderr all=off uptime,level,tags

Environment Variables:
PATH=C:\Program Files\Microsoft\jdk-11.0.16.101-hotspot\bin;C:\Program Files (x86)\Common Files\Oracle\Java\javapath;C:\Windows\system32;C:\Windows;C:\Windows\System32\Wbem;C:\Windows\System32\WindowsPowerShell\v1.0\;C:\Windows\System32\OpenSSH\;C:\Program Files (x86)\HMITool6.0\Marco\HMI3352\bin;C:\Program Files (x86)\HMITool6.0\Marco\X86\bin;C:\Program Files\Git\cmd;C:\Program Files\PuTTY\;C:\Users\n.torkina\AppData\Local\Programs\Python\Launcher\;C:\Users\n.torkina\AppData\Local\Microsoft\WindowsApps;;C:\Program Files\JetBrains\IntelliJ IDEA Community Edition 2021.3.3\bin;
USERNAME=n.torkina
OS=Windows_NT
PROCESSOR_IDENTIFIER=Intel64 Family 6 Model 140 Stepping 1, GenuineIntel
TMP=C:\Users\N4ED3~1.TOR\AppData\Local\Temp
TEMP=C:\Users\N4ED3~1.TOR\AppData\Local\Temp



---------------  S Y S T E M  ---------------

OS:
 Windows 10 , 64 bit Build 17763 (10.0.17763.4131)
OS uptime: 5 days 3:13 hours

CPU: total 8 (initial active 8) (4 cores per cpu, 2 threads per core) family 6 model 140 stepping 1 microcode 0x6e, cx8, cmov, fxsr, ht, mmx, 3dnowpref, sse, sse2, sse3, ssse3, sse4.1, sse4.2, popcnt, lzcnt, tsc, tscinvbit, avx, avx2, aes, erms, clmul, bmi1, bmi2, adx, avx512f, avx512dq, avx512cd, avx512bw, avx512vl, sha, fma, vzeroupper, avx512_vpopcntdq, avx512_vpclmulqdq, avx512_vaes, avx512_vnni, clflush, clflushopt, clwb, avx512_vbmi2, avx512_vbmi

Memory: 4k page, system-wide physical 16140M (8617M free)
TotalPageFile size 19468M (AvailPageFile size 7443M), user-mode portion of virtual address-space 2047M (1565M free)
current process WorkingSet (physical memory assigned to process): 77M, peak: 77M
current process commit charge ("private bytes"): 72M, peak: 72M

vm_info: OpenJDK Client VM (17.0.6+10) for windows-x86 JRE (17.0.6+10), built on Jan 18 2023 10:15:56 by "temurin" with MS VC++ 16.7 (VS2019)

END.
