#
# A fatal error has been detected by the Java Runtime Environment:
#
#  EXCEPTION_ACCESS_VIOLATION (0xc0000005) at pc=0x60d419b2, pid=6636, tid=6280
#
# JRE version: OpenJDK Runtime Environment Temurin-17.0.6+10 (17.0.6+10) (build 17.0.6+10)
# Java VM: OpenJDK Client VM Temurin-17.0.6+10 (17.0.6+10, mixed mode, emulated-client, serial gc, windows-x86)
# Problematic frame:
# C  [audio203api.dll+0x19b2]
#
# No core dump will be written. Minidumps are not enabled by default on client versions of Windows
#
# If you would like to submit a bug report, please visit:
#   https://github.com/adoptium/adoptium-support/issues
# The crash happened outside the Java Virtual Machine in native code.
# See problematic frame for where to report the bug.
#

---------------  S U M M A R Y ------------

Command Line: -Djava.library.path=C:\Users\n.torkina\Downloads\jlibmodbus-master\FSO\src -javaagent:C:\Program Files\JetBrains\IntelliJ IDEA Community Edition 2021.3.3\lib\idea_rt.jar=61431:C:\Program Files\JetBrains\IntelliJ IDEA Community Edition 2021.3.3\bin -Dfile.encoding=UTF-8 Main

Host: 11th Gen Intel(R) Core(TM) i5-1135G7 @ 2.40GHz, 8 cores, 15G,  Windows 10 , 64 bit Build 17763 (10.0.17763.4131)
Time: Wed Apr 19 14:11:00 2023 RTZ 2 (зима) elapsed time: 3.118378 seconds (0d 0h 0m 3s)

---------------  T H R E A D  ---------------

Current thread (0x00ab6d88):  JavaThread "main" [_thread_in_native, id=6280, stack(0x007b0000,0x00800000)]

Stack: [0x007b0000,0x00800000],  sp=0x007ff41c,  free space=317k
Native frames: (J=compiled Java code, j=interpreted, Vv=VM code, C=native code)
C  [audio203api.dll+0x19b2]

Java frames: (J=compiled Java code, j=interpreted, Vv=VM code)
j  ZVUK.getMeasure(I)I+0
j  Main.main([Ljava/lang/String;)V+117
v  ~StubRoutines::call_stub

siginfo: EXCEPTION_ACCESS_VIOLATION (0xc0000005), reading address 0x00000000


Register to memory mapping:

EIP=0x60d419b2 audio203api.dll
EAX=0x0 is NULL
EBX={method} {0x17c1cf1c} 'getMeasure' '(I)I' in 'ZVUK'
ECX=0x0 is NULL
EDX=0x007ff568 is pointing into the stack for thread: 0x00ab6d88
ESP=0x007ff41c is pointing into the stack for thread: 0x00ab6d88
EBP=0x007ff568 is pointing into the stack for thread: 0x00ab6d88
ESI={method} {0x17c1cf1c} 'getMeasure' '(I)I' in 'ZVUK'
EDI=0x007ff568 is pointing into the stack for thread: 0x00ab6d88


Registers:
EAX=0x00000000, EBX=0x17c1cf18, ECX=0x00000000, EDX=0x007ff568
ESP=0x007ff41c, EBP=0x007ff568, ESI=0x17c1cf18, EDI=0x007ff568
EIP=0x60d419b2, EFLAGS=0x00010206

Top of Stack: (sp=0x007ff41c)
0x007ff41c:   00000000 60d62759 280b0118 60d62776
0x007ff42c:   00000000 00ab6d88 17c1cf18 17c1cf18
0x007ff43c:   00af2bbc 0000000a 00000154 00000000
0x007ff44c:   675f4b55 654d7465 72757361 00000065
0x007ff45c:   17c1cf18 69c65f64 007ff4f4 000000b6
0x007ff46c:   00af2bbc 00000003 007ff498 00ab7098
0x007ff47c:   007ff538 69bcd78b 60d61294 00000001
0x007ff48c:   00ab6d88 00ab6d88 69bcd80f 007ff4b0 

Instructions: (pc=0x60d419b2)
0x60d418b2:   4c 24 1e 8a 44 24 1d 88 43 01 88 4b 02 80 f9 3c
0x60d418c2:   74 25 68 dc 31 d4 60 ff 15 48 30 d4 60 83 c4 04
0x60d418d2:   b8 fd ff ff ff 5f 5e 5b 8b 4c 24 18 33 cc e8 26
0x60d418e2:   04 00 00 8b e5 5d c3 8b 17 0f b6 c0 8b f0 c1 e6
0x60d418f2:   04 2b f0 03 f6 8d 4c 24 10 03 f6 51 8b ce e8 6b
0x60d41902:   03 00 00 83 c4 04 85 c0 75 77 56 ff 15 80 30 d4
0x60d41912:   60 8b 54 24 1c 8b 74 24 14 89 02 8b f8 8b 44 24
0x60d41922:   18 33 db 83 c4 04 38 58 01 76 46 8d 49 00 8b 0e
0x60d41932:   89 0f 66 8b 56 04 66 89 57 04 8a 46 06 88 47 06
0x60d41942:   83 c6 07 8d 4f 07 8b c6 e8 d1 f8 ff ff 83 c6 21
0x60d41952:   8d 4f 20 8b c6 e8 34 fa ff ff 8b 4c 24 14 0f b6
0x60d41962:   51 01 43 83 c6 1c 83 c7 3c 3b da 7c c1 8b 74 24
0x60d41972:   10 85 f6 74 0a 56 ff 15 88 30 d4 60 83 c4 04 33
0x60d41982:   c0 8b 4c 24 24 5f 5e 5b 33 cc e8 7a 03 00 00 8b
0x60d41992:   e5 5d c3 cc cc cc cc cc cc cc cc cc cc cc 83 ec
0x60d419a2:   0c a1 00 40 d4 60 33 c4 89 44 24 08 8b 44 24 10
0x60d419b2:   8b 08 56 6a 0c 8d 74 24 08 e8 60 f6 ff ff 8b 4c
0x60d419c2:   24 10 83 c4 04 5e 33 cc e8 3c 03 00 00 83 c4 0c
0x60d419d2:   c3 cc cc cc cc cc cc cc cc cc cc cc cc cc 55 8b
0x60d419e2:   ec 83 e4 f8 83 ec 14 a1 00 40 d4 60 33 c4 89 44
0x60d419f2:   24 10 8b 45 10 53 8b 5d 0c 56 57 8b 7d 08 8b 0f
0x60d41a02:   6a 0d 8d 74 24 18 89 44 24 14 c7 44 24 10 00 00
0x60d41a12:   00 00 e8 07 f6 ff ff 8b f0 83 c4 04 85 f6 74 43
0x60d41a22:   33 c0 39 34 c5 ac 40 d4 60 74 2f 40 83 f8 07 72
0x60d41a32:   f1 b8 78 31 d4 60 56 50 68 fc 31 d4 60 ff 15 48
0x60d41a42:   30 d4 60 83 c4 0c 8b c6 5f 5e 5b 8b 4c 24 10 33
0x60d41a52:   cc e8 b3 02 00 00 8b e5 5d c3 8b 04 c5 b0 40 d4
0x60d41a62:   60 eb d3 8a 44 24 16 8a 4c 24 15 88 4b 01 88 43
0x60d41a72:   02 3c 1c 74 25 68 bc 31 d4 60 ff 15 48 30 d4 60
0x60d41a82:   83 c4 04 b8 fd ff ff ff 5f 5e 5b 8b 4c 24 10 33
0x60d41a92:   cc e8 73 02 00 00 8b e5 5d c3 8d 54 24 0c 52 8b
0x60d41aa2:   17 b9 1c 00 00 00 e8 c3 01 00 00 8b f0 83 c4 04 


Stack slot to memory mapping:
stack at sp + 0 slots: 0x0 is NULL
stack at sp + 1 slots: 0x60d62759 Project1.dll
stack at sp + 2 slots: 0x280b0118 is an unknown value
stack at sp + 3 slots: 0x60d62776 Project1.dll
stack at sp + 4 slots: 0x0 is NULL
stack at sp + 5 slots: 0x00ab6d88 is a thread
stack at sp + 6 slots: {method} {0x17c1cf1c} 'getMeasure' '(I)I' in 'ZVUK'
stack at sp + 7 slots: {method} {0x17c1cf1c} 'getMeasure' '(I)I' in 'ZVUK'


---------------  P R O C E S S  ---------------

Threads class SMR info:
_java_thread_list=0x1740d900, length=18, elements={
0x00ab6d88, 0x1447f500, 0x144832e0, 0x144b4c20,
0x1449ea30, 0x1449fdd0, 0x144a2108, 0x144a76e8,
0x144b51e8, 0x1457ab58, 0x1570be18, 0x1570c128,
0x157ea140, 0x157d8e18, 0x15807ce8, 0x15866c00,
0x173eea10, 0x17409f10
}

Java Threads: ( => current thread )
=>0x00ab6d88 JavaThread "main" [_thread_in_native, id=6280, stack(0x007b0000,0x00800000)]
  0x1447f500 JavaThread "Reference Handler" daemon [_thread_blocked, id=25448, stack(0x146f0000,0x14740000)]
  0x144832e0 JavaThread "Finalizer" daemon [_thread_blocked, id=14176, stack(0x14780000,0x147d0000)]
  0x144b4c20 JavaThread "Signal Dispatcher" daemon [_thread_blocked, id=10308, stack(0x15140000,0x15190000)]
  0x1449ea30 JavaThread "Attach Listener" daemon [_thread_blocked, id=9736, stack(0x151d0000,0x15220000)]
  0x1449fdd0 JavaThread "Service Thread" daemon [_thread_blocked, id=12880, stack(0x15260000,0x152b0000)]
  0x144a2108 JavaThread "Monitor Deflation Thread" daemon [_thread_blocked, id=15432, stack(0x152f0000,0x15340000)]
  0x144a76e8 JavaThread "C1 CompilerThread0" daemon [_thread_blocked, id=15384, stack(0x15380000,0x153d0000)]
  0x144b51e8 JavaThread "Sweeper thread" daemon [_thread_blocked, id=12576, stack(0x15410000,0x15460000)]
  0x1457ab58 JavaThread "Common-Cleaner" daemon [_thread_blocked, id=18380, stack(0x154a0000,0x154f0000)]
  0x1570be18 JavaThread "Monitor Ctrl-Break" daemon [_thread_in_native, id=21172, stack(0x15930000,0x15980000)]
  0x1570c128 JavaThread "Notification Thread" daemon [_thread_blocked, id=24952, stack(0x159c0000,0x15a10000)]
  0x157ea140 JavaThread "Java2D Disposer" daemon [_thread_blocked, id=20892, stack(0x15c40000,0x15c90000)]
  0x157d8e18 JavaThread "AWT-Shutdown" [_thread_blocked, id=22100, stack(0x15cd0000,0x15d20000)]
  0x15807ce8 JavaThread "AWT-Windows" daemon [_thread_in_native, id=14236, stack(0x15d60000,0x15db0000)]
  0x15866c00 JavaThread "mysql-cj-abandoned-connection-cleanup" daemon [_thread_blocked, id=18892, stack(0x166e0000,0x16730000)]
  0x173eea10 JavaThread "AWT-EventQueue-0" [_thread_in_native, id=9416, stack(0x16770000,0x167c0000)]
  0x17409f10 JavaThread "Image Fetcher 0" daemon [_thread_blocked, id=16196, stack(0x17b40000,0x17b90000)]

Other Threads:
  0x14474080 VMThread "VM Thread" [stack: 0x14660000,0x146b0000] [id=16156]
  0x1570ec68 WatcherThread [stack: 0x15a50000,0x15aa0000] [id=25520]

Threads with active compile tasks:

VM state: not at safepoint (normal execution)

VM Mutex/Monitor currently owned by a thread: None

GC Precious Log:
 CPUs: 8 total, 8 available
 Memory: 16140M
 Large Page Support: Disabled
 NUMA Support: Disabled
 Compressed Oops: Disabled
 Heap Min Capacity: 6M
 Heap Initial Capacity: 16M
 Heap Max Capacity: 256M
 Pre-touch: Disabled

Heap:
 def new generation   total 9216K, used 5772K [0x04400000, 0x04df0000, 0x09950000)
  eden space 8256K,  62% used [0x04400000, 0x04907800, 0x04c10000)
  from space 960K,  64% used [0x04d00000, 0x04d9b930, 0x04df0000)
  to   space 960K,   0% used [0x04c10000, 0x04c10000, 0x04d00000)
 tenured generation   total 20296K, used 14406K [0x09950000, 0x0ad22000, 0x14400000)
   the space 20296K,  70% used [0x09950000, 0x0a7618f8, 0x0a761a00, 0x0ad22000)
 Metaspace       used 18171K, committed 18304K, reserved 24576K

Card table byte_map: [0x04320000,0x043b0000] _byte_map_base: 0x042fe000

Polling page: 0x001f0000

Metaspace:

Usage:
   17.75 MB used.

Virtual space:
     24.00 MB reserved,      17.88 MB ( 74%) committed,  3 nodes.

Chunk freelists:
2.13 MB

MaxMetaspaceSize: unlimited
No class space
Initial GC threshold: 16.00 MB
Current GC threshold: 26.25 MB
CDS: off
MetaspaceReclaimPolicy: balanced
 - commit_granule_bytes: 65536.
 - commit_granule_words: 16384.
 - virtual_space_node_default_size: 2097152.
 - enlarge_chunks_in_place: 1.
 - new_chunks_are_fully_committed: 0.
 - uncommit_free_chunks: 1.
 - use_allocation_guard: 0.
 - handle_deallocations: 1.


Internal statistics:

num_allocs_failed_limit: 0.
num_arena_births: 84.
num_arena_deaths: 0.
num_vsnodes_births: 3.
num_vsnodes_deaths: 0.
num_space_committed: 286.
num_space_uncommitted: 0.
num_chunks_returned_to_freelist: 0.
num_chunks_taken_from_freelist: 233.
num_chunk_merges: 0.
num_chunk_splits: 168.
num_chunks_enlarged: 146.
num_purges: 0.
num_inconsistent_stats: 0.

CodeCache: size=32768Kb used=3362Kb max_used=3362Kb free=29405Kb
 bounds [0x022a0000, 0x025f0000, 0x042a0000]
 total_blobs=2745 nmethods=2439 adapters=238
 compilation: enabled
              stopped_count=0, restarted_count=0
 full_count=0

Compilation events (20 events):
Event: 3.095 Thread 0x144a76e8 2324             sun.awt.NullComponentPeer::beginLayout (1 bytes)
Event: 3.095 Thread 0x144a76e8 nmethod 2324 0x025c6488 code [0x025c6590, 0x025c6640]
Event: 3.095 Thread 0x144a76e8 2325             com.intellij.uiDesigner.core.DimensionInfo::calcCellSizePolicy (205 bytes)
Event: 3.095 Thread 0x144a76e8 nmethod 2325 0x025c6688 code [0x025c67c0, 0x025c6bcc]
Event: 3.095 Thread 0x144a76e8 2328             com.intellij.uiDesigner.core.AbstractLayout::getComponent (7 bytes)
Event: 3.095 Thread 0x144a76e8 nmethod 2328 0x025c6e88 code [0x025c6fa0, 0x025c7070]
Event: 3.095 Thread 0x144a76e8 2329             com.intellij.uiDesigner.core.AbstractLayout::getConstraints (7 bytes)
Event: 3.095 Thread 0x144a76e8 nmethod 2329 0x025c7108 code [0x025c7220, 0x025c72f0]
Event: 3.095 Thread 0x144a76e8 2330   !         com.intellij.uiDesigner.core.Util::getPreferredSize (45 bytes)
Event: 3.096 Thread 0x144a76e8 nmethod 2330 0x025c7388 code [0x025c74c0, 0x025c7668]
Event: 3.096 Thread 0x144a76e8 2326             sun.awt.NullComponentPeer::endLayout (1 bytes)
Event: 3.096 Thread 0x144a76e8 nmethod 2326 0x025c77c8 code [0x025c78d0, 0x025c7980]
Event: 3.096 Thread 0x144a76e8 2327             sun.awt.NullComponentPeer::layout (1 bytes)
Event: 3.096 Thread 0x144a76e8 nmethod 2327 0x025c79c8 code [0x025c7ad0, 0x025c7b80]
Event: 3.096 Thread 0x144a76e8 2332             javax.swing.table.TableColumn::getHeaderRenderer (5 bytes)
Event: 3.096 Thread 0x144a76e8 nmethod 2332 0x025c7bc8 code [0x025c7cd0, 0x025c7d80]
Event: 3.096 Thread 0x144a76e8 2331             javax.swing.border.TitledBorder::getTitle (5 bytes)
Event: 3.096 Thread 0x144a76e8 nmethod 2331 0x025c7dc8 code [0x025c7ed0, 0x025c7f80]
Event: 3.100 Thread 0x144a76e8 2333             java.util.concurrent.ConcurrentHashMap::remove (8 bytes)
Event: 3.100 Thread 0x144a76e8 nmethod 2333 0x025c7fc8 code [0x025c80e0, 0x025c81ac]

GC Heap History (20 events):
Event: 0.107 GC heap before
{Heap before GC invocations=0 (full 0):
 def new generation   total 4928K, used 2845K [0x04400000, 0x04950000, 0x09950000)
  eden space 4416K,  64% used [0x04400000, 0x046c75c0, 0x04850000)
  from space 512K,   0% used [0x04850000, 0x04850000, 0x048d0000)
  to   space 512K,   0% used [0x048d0000, 0x048d0000, 0x04950000)
 tenured generation   total 10944K, used 0K [0x09950000, 0x0a400000, 0x14400000)
   the space 10944K,   0% used [0x09950000, 0x09950000, 0x09950200, 0x0a400000)
 Metaspace       used 4146K, committed 4224K, reserved 8192K
}
Event: 0.109 GC heap after
{Heap after GC invocations=1 (full 0):
 def new generation   total 4928K, used 512K [0x04400000, 0x04950000, 0x09950000)
  eden space 4416K,   0% used [0x04400000, 0x04400000, 0x04850000)
  from space 512K, 100% used [0x048d0000, 0x04950000, 0x04950000)
  to   space 512K,   0% used [0x04850000, 0x04850000, 0x048d0000)
 tenured generation   total 10944K, used 1417K [0x09950000, 0x0a400000, 0x14400000)
   the space 10944K,  12% used [0x09950000, 0x09ab2538, 0x09ab2600, 0x0a400000)
 Metaspace       used 4146K, committed 4224K, reserved 8192K
}
Event: 0.130 GC heap before
{Heap before GC invocations=1 (full 0):
 def new generation   total 4928K, used 4892K [0x04400000, 0x04950000, 0x09950000)
  eden space 4416K,  99% used [0x04400000, 0x048473d8, 0x04850000)
  from space 512K, 100% used [0x048d0000, 0x04950000, 0x04950000)
  to   space 512K,   0% used [0x04850000, 0x04850000, 0x048d0000)
 tenured generation   total 10944K, used 1417K [0x09950000, 0x0a400000, 0x14400000)
   the space 10944K,  12% used [0x09950000, 0x09ab2538, 0x09ab2600, 0x0a400000)
 Metaspace       used 4146K, committed 4224K, reserved 8192K
}
Event: 0.133 GC heap after
{Heap after GC invocations=2 (full 0):
 def new generation   total 4928K, used 512K [0x04400000, 0x04950000, 0x09950000)
  eden space 4416K,   0% used [0x04400000, 0x04400000, 0x04850000)
  from space 512K, 100% used [0x04850000, 0x048d0000, 0x048d0000)
  to   space 512K,   0% used [0x048d0000, 0x048d0000, 0x04950000)
 tenured generation   total 10944K, used 5313K [0x09950000, 0x0a400000, 0x14400000)
   the space 10944K,  48% used [0x09950000, 0x09e80758, 0x09e80800, 0x0a400000)
 Metaspace       used 4146K, committed 4224K, reserved 8192K
}
Event: 0.268 GC heap before
{Heap before GC invocations=2 (full 0):
 def new generation   total 4928K, used 4928K [0x04400000, 0x04950000, 0x09950000)
  eden space 4416K, 100% used [0x04400000, 0x04850000, 0x04850000)
  from space 512K, 100% used [0x04850000, 0x048d0000, 0x048d0000)
  to   space 512K,   0% used [0x048d0000, 0x048d0000, 0x04950000)
 tenured generation   total 10944K, used 5313K [0x09950000, 0x0a400000, 0x14400000)
   the space 10944K,  48% used [0x09950000, 0x09e80758, 0x09e80800, 0x0a400000)
 Metaspace       used 7218K, committed 7296K, reserved 8192K
}
Event: 0.271 GC heap after
{Heap after GC invocations=3 (full 0):
 def new generation   total 4928K, used 512K [0x04400000, 0x04950000, 0x09950000)
  eden space 4416K,   0% used [0x04400000, 0x04400000, 0x04850000)
  from space 512K, 100% used [0x048d0000, 0x04950000, 0x04950000)
  to   space 512K,   0% used [0x04850000, 0x04850000, 0x048d0000)
 tenured generation   total 10944K, used 6607K [0x09950000, 0x0a400000, 0x14400000)
   the space 10944K,  60% used [0x09950000, 0x09fc3c78, 0x09fc3e00, 0x0a400000)
 Metaspace       used 7218K, committed 7296K, reserved 8192K
}
Event: 0.398 GC heap before
{Heap before GC invocations=3 (full 0):
 def new generation   total 4928K, used 4928K [0x04400000, 0x04950000, 0x09950000)
  eden space 4416K, 100% used [0x04400000, 0x04850000, 0x04850000)
  from space 512K, 100% used [0x048d0000, 0x04950000, 0x04950000)
  to   space 512K,   0% used [0x04850000, 0x04850000, 0x048d0000)
 tenured generation   total 10944K, used 6607K [0x09950000, 0x0a400000, 0x14400000)
   the space 10944K,  60% used [0x09950000, 0x09fc3c78, 0x09fc3e00, 0x0a400000)
 Metaspace       used 9922K, committed 9984K, reserved 16384K
}
Event: 0.401 GC heap after
{Heap after GC invocations=4 (full 0):
 def new generation   total 4928K, used 512K [0x04400000, 0x04950000, 0x09950000)
  eden space 4416K,   0% used [0x04400000, 0x04400000, 0x04850000)
  from space 512K, 100% used [0x04850000, 0x048d0000, 0x048d0000)
  to   space 512K,   0% used [0x048d0000, 0x048d0000, 0x04950000)
 tenured generation   total 10944K, used 8194K [0x09950000, 0x0a400000, 0x14400000)
   the space 10944K,  74% used [0x09950000, 0x0a150880, 0x0a150a00, 0x0a400000)
 Metaspace       used 9922K, committed 9984K, reserved 16384K
}
Event: 0.464 GC heap before
{Heap before GC invocations=4 (full 0):
 def new generation   total 4928K, used 4928K [0x04400000, 0x04950000, 0x09950000)
  eden space 4416K, 100% used [0x04400000, 0x04850000, 0x04850000)
  from space 512K, 100% used [0x04850000, 0x048d0000, 0x048d0000)
  to   space 512K,   0% used [0x048d0000, 0x048d0000, 0x04950000)
 tenured generation   total 10944K, used 8194K [0x09950000, 0x0a400000, 0x14400000)
   the space 10944K,  74% used [0x09950000, 0x0a150880, 0x0a150a00, 0x0a400000)
 Metaspace       used 11247K, committed 11392K, reserved 16384K
}
Event: 0.466 GC heap after
{Heap after GC invocations=5 (full 0):
 def new generation   total 4928K, used 379K [0x04400000, 0x04950000, 0x09950000)
  eden space 4416K,   0% used [0x04400000, 0x04400000, 0x04850000)
  from space 512K,  74% used [0x048d0000, 0x0492efe0, 0x04950000)
  to   space 512K,   0% used [0x04850000, 0x04850000, 0x048d0000)
 tenured generation   total 10944K, used 8656K [0x09950000, 0x0a400000, 0x14400000)
   the space 10944K,  79% used [0x09950000, 0x0a1c4300, 0x0a1c4400, 0x0a400000)
 Metaspace       used 11247K, committed 11392K, reserved 16384K
}
Event: 0.627 GC heap before
{Heap before GC invocations=5 (full 0):
 def new generation   total 4928K, used 4795K [0x04400000, 0x04950000, 0x09950000)
  eden space 4416K, 100% used [0x04400000, 0x04850000, 0x04850000)
  from space 512K,  74% used [0x048d0000, 0x0492efe0, 0x04950000)
  to   space 512K,   0% used [0x04850000, 0x04850000, 0x048d0000)
 tenured generation   total 10944K, used 8656K [0x09950000, 0x0a400000, 0x14400000)
   the space 10944K,  79% used [0x09950000, 0x0a1c4300, 0x0a1c4400, 0x0a400000)
 Metaspace       used 14675K, committed 14848K, reserved 16384K
}
Event: 0.630 GC heap after
{Heap after GC invocations=6 (full 0):
 def new generation   total 4928K, used 512K [0x04400000, 0x04950000, 0x09950000)
  eden space 4416K,   0% used [0x04400000, 0x04400000, 0x04850000)
  from space 512K, 100% used [0x04850000, 0x048d0000, 0x048d0000)
  to   space 512K,   0% used [0x048d0000, 0x048d0000, 0x04950000)
 tenured generation   total 10944K, used 9851K [0x09950000, 0x0a400000, 0x14400000)
   the space 10944K,  90% used [0x09950000, 0x0a2eed10, 0x0a2eee00, 0x0a400000)
 Metaspace       used 14675K, committed 14848K, reserved 16384K
}
Event: 0.746 GC heap before
{Heap before GC invocations=6 (full 0):
 def new generation   total 4928K, used 4928K [0x04400000, 0x04950000, 0x09950000)
  eden space 4416K, 100% used [0x04400000, 0x04850000, 0x04850000)
  from space 512K, 100% used [0x04850000, 0x048d0000, 0x048d0000)
  to   space 512K,   0% used [0x048d0000, 0x048d0000, 0x04950000)
 tenured generation   total 10944K, used 9851K [0x09950000, 0x0a400000, 0x14400000)
   the space 10944K,  90% used [0x09950000, 0x0a2eed10, 0x0a2eee00, 0x0a400000)
 Metaspace       used 15073K, committed 15168K, reserved 16384K
}
Event: 0.748 GC heap after
{Heap after GC invocations=7 (full 0):
 def new generation   total 4928K, used 316K [0x04400000, 0x04950000, 0x09950000)
  eden space 4416K,   0% used [0x04400000, 0x04400000, 0x04850000)
  from space 512K,  61% used [0x048d0000, 0x0491f2c8, 0x04950000)
  to   space 512K,   0% used [0x04850000, 0x04850000, 0x048d0000)
 tenured generation   total 10944K, used 10355K [0x09950000, 0x0a400000, 0x14400000)
   the space 10944K,  94% used [0x09950000, 0x0a36cfe8, 0x0a36d000, 0x0a400000)
 Metaspace       used 15073K, committed 15168K, reserved 16384K
}
Event: 0.803 GC heap before
{Heap before GC invocations=7 (full 0):
 def new generation   total 4928K, used 4732K [0x04400000, 0x04950000, 0x09950000)
  eden space 4416K, 100% used [0x04400000, 0x04850000, 0x04850000)
  from space 512K,  61% used [0x048d0000, 0x0491f2c8, 0x04950000)
  to   space 512K,   0% used [0x04850000, 0x04850000, 0x048d0000)
 tenured generation   total 10944K, used 10355K [0x09950000, 0x0a400000, 0x14400000)
   the space 10944K,  94% used [0x09950000, 0x0a36cfe8, 0x0a36d000, 0x0a400000)
 Metaspace       used 16002K, committed 16128K, reserved 16384K
}
Event: 0.805 GC heap after
{Heap after GC invocations=8 (full 0):
 def new generation   total 4928K, used 218K [0x04400000, 0x04950000, 0x09950000)
  eden space 4416K,   0% used [0x04400000, 0x04400000, 0x04850000)
  from space 512K,  42% used [0x04850000, 0x04886b30, 0x048d0000)
  to   space 512K,   0% used [0x048d0000, 0x048d0000, 0x04950000)
 tenured generation   total 12352K, used 11958K [0x09950000, 0x0a560000, 0x14400000)
   the space 12352K,  96% used [0x09950000, 0x0a4fdad0, 0x0a4fdc00, 0x0a560000)
 Metaspace       used 16002K, committed 16128K, reserved 16384K
}
Event: 0.805 GC heap before
{Heap before GC invocations=8 (full 0):
 def new generation   total 4928K, used 218K [0x04400000, 0x04950000, 0x09950000)
  eden space 4416K,   0% used [0x04400000, 0x04400000, 0x04850000)
  from space 512K,  42% used [0x04850000, 0x04886b30, 0x048d0000)
  to   space 512K,   0% used [0x048d0000, 0x048d0000, 0x04950000)
 tenured generation   total 12352K, used 11958K [0x09950000, 0x0a560000, 0x14400000)
   the space 12352K,  96% used [0x09950000, 0x0a4fdad0, 0x0a4fdc00, 0x0a560000)
 Metaspace       used 16002K, committed 16128K, reserved 16384K
}
Event: 0.813 GC heap after
{Heap after GC invocations=8 (full 1):
 def new generation   total 9216K, used 0K [0x04400000, 0x04df0000, 0x09950000)
  eden space 8256K,   0% used [0x04400000, 0x04400000, 0x04c10000)
  from space 960K,   0% used [0x04c10000, 0x04c10000, 0x04d00000)
  to   space 960K,   0% used [0x04d00000, 0x04d00000, 0x04df0000)
 tenured generation   total 20296K, used 12177K [0x09950000, 0x0ad22000, 0x14400000)
   the space 20296K,  59% used [0x09950000, 0x0a5345c0, 0x0a534600, 0x0ad22000)
 Metaspace       used 16002K, committed 16128K, reserved 16384K
}
Event: 3.097 GC heap before
{Heap before GC invocations=8 (full 1):
 def new generation   total 9216K, used 5666K [0x04400000, 0x04df0000, 0x09950000)
  eden space 8256K,  68% used [0x04400000, 0x04988a90, 0x04c10000)
  from space 960K,   0% used [0x04c10000, 0x04c10000, 0x04d00000)
  to   space 960K,   0% used [0x04d00000, 0x04d00000, 0x04df0000)
 tenured generation   total 20296K, used 12177K [0x09950000, 0x0ad22000, 0x14400000)
   the space 20296K,  59% used [0x09950000, 0x0a5345c0, 0x0a534600, 0x0ad22000)
 Metaspace       used 18160K, committed 18240K, reserved 24576K
}
Event: 3.099 GC heap after
{Heap after GC invocations=9 (full 1):
 def new generation   total 9216K, used 622K [0x04400000, 0x04df0000, 0x09950000)
  eden space 8256K,   0% used [0x04400000, 0x04400000, 0x04c10000)
  from space 960K,  64% used [0x04d00000, 0x04d9b930, 0x04df0000)
  to   space 960K,   0% used [0x04c10000, 0x04c10000, 0x04d00000)
 tenured generation   total 20296K, used 14406K [0x09950000, 0x0ad22000, 0x14400000)
   the space 20296K,  70% used [0x09950000, 0x0a7618f8, 0x0a761a00, 0x0ad22000)
 Metaspace       used 18160K, committed 18240K, reserved 24576K
}

Dll operation events (14 events):
Event: 0.004 Loaded shared library C:\jdk-17.0.6+10\bin\java.dll
Event: 0.087 Loaded shared library C:\jdk-17.0.6+10\bin\zip.dll
Event: 0.088 Loaded shared library C:\jdk-17.0.6+10\bin\instrument.dll
Event: 0.094 Loaded shared library C:\jdk-17.0.6+10\bin\net.dll
Event: 0.094 Loaded shared library C:\jdk-17.0.6+10\bin\nio.dll
Event: 0.097 Loaded shared library C:\jdk-17.0.6+10\bin\zip.dll
Event: 0.158 Loaded shared library C:\Program Files\JetBrains\IntelliJ IDEA Community Edition 2021.3.3\bin\breakgen.dll
Event: 0.183 Loaded shared library C:\jdk-17.0.6+10\bin\jimage.dll
Event: 0.196 Loaded shared library C:\jdk-17.0.6+10\bin\awt.dll
Event: 0.294 Loaded shared library C:\jdk-17.0.6+10\bin\freetype.dll
Event: 0.294 Loaded shared library C:\jdk-17.0.6+10\bin\fontmanager.dll
Event: 0.567 Loaded shared library C:\jdk-17.0.6+10\bin\sunmscapi.dll
Event: 0.753 Loaded shared library C:\jdk-17.0.6+10\bin\verify.dll
Event: 3.096 Loaded shared library C:\Users\n.torkina\Downloads\jlibmodbus-master\FSO\src\Project1.dll

Deoptimization events (4 events):
Event: 0.821 Thread 0x15807ce8 DEOPT PACKING pc=0x024e3ae9 sp=0x15dae850
Event: 0.821 Thread 0x15807ce8 DEOPT UNPACKING pc=0x022e5587 sp=0x15dae6d0 mode 3
Event: 0.863 Thread 0x173eea10 DEOPT PACKING pc=0x024d9c97 sp=0x167bf4c0
Event: 0.863 Thread 0x173eea10 DEOPT UNPACKING pc=0x022e5587 sp=0x167bf324 mode 3

Classes unloaded (0 events):
No events

Classes redefined (0 events):
No events

Internal exceptions (20 events):
Event: 0.390 Thread 0x00ab6d88 Exception <a 'java/lang/NoSuchMethodError'{0x047c0630}: 'void java.lang.invoke.DirectMethodHandle$Holder.invokeStatic(java.lang.Object, java.lang.Object, java.lang.Object)'> (0x047c0630) 
thrown [s\src\hotspot\share\interpreter\linkResolver.cpp, line 759]
Event: 0.391 Thread 0x00ab6d88 Exception <a 'java/lang/NoSuchMethodError'{0x047c9c00}: 'java.lang.Object java.lang.invoke.DirectMethodHandle$Holder.invokeVirtual(java.lang.Object, java.lang.Object, java.lang.Object)'> (0x047c9c00) 
thrown [s\src\hotspot\share\interpreter\linkResolver.cpp, line 759]
Event: 0.476 Thread 0x00ab6d88 Exception <a 'java/lang/NoSuchMethodError'{0x04489970}: 'void java.lang.invoke.DirectMethodHandle$Holder.invokeStaticInit(java.lang.Object, java.lang.Object)'> (0x04489970) 
thrown [s\src\hotspot\share\interpreter\linkResolver.cpp, line 759]
Event: 0.500 Thread 0x00ab6d88 Exception <a 'sun/nio/fs/WindowsException'{0x045967d8}> (0x045967d8) 
thrown [s\src\hotspot\share\prims\jni.cpp, line 516]
Event: 0.505 Thread 0x00ab6d88 Exception <a 'java/lang/NoSuchMethodError'{0x045b96c8}: 'int java.lang.invoke.DirectMethodHandle$Holder.invokeStaticInit(java.lang.Object, java.lang.Object, java.lang.Object, java.lang.Object)'> (0x045b96c8) 
thrown [s\src\hotspot\share\interpreter\linkResolver.cpp, line 759]
Event: 0.505 Thread 0x00ab6d88 Exception <a 'java/lang/IncompatibleClassChangeError'{0x045c1eb0}: Found class java.lang.Object, but interface was expected> (0x045c1eb0) 
thrown [s\src\hotspot\share\interpreter\linkResolver.cpp, line 826]
Event: 0.506 Thread 0x00ab6d88 Exception <a 'java/lang/NoSuchMethodError'{0x045c6ec0}: 'int java.lang.invoke.DirectMethodHandle$Holder.invokeStaticInit(java.lang.Object, java.lang.Object)'> (0x045c6ec0) 
thrown [s\src\hotspot\share\interpreter\linkResolver.cpp, line 759]
Event: 0.524 Thread 0x00ab6d88 Exception <a 'java/lang/NoSuchMethodError'{0x04672b20}: 'java.lang.Object java.lang.invoke.DirectMethodHandle$Holder.invokeStaticInit(java.lang.Object, int, int, int, int)'> (0x04672b20) 
thrown [s\src\hotspot\share\interpreter\linkResolver.cpp, line 759]
Event: 0.549 Thread 0x00ab6d88 Exception <a 'java/lang/NoSuchMethodError'{0x047347f8}: 'java.lang.Object java.lang.invoke.DirectMethodHandle$Holder.invokeStaticInit(java.lang.Object, java.lang.Object, int, int, int, int)'> (0x047347f8) 
thrown [s\src\hotspot\share\interpreter\linkResolver.cpp, line 759]
Event: 0.661 Thread 0x00ab6d88 Exception <a 'java/io/IOException'{0x045be5f8}> (0x045be5f8) 
thrown [s\src\hotspot\share\prims\jni.cpp, line 516]
Event: 0.676 Thread 0x00ab6d88 Exception <a 'java/io/IOException'{0x0461fa10}> (0x0461fa10) 
thrown [s\src\hotspot\share\prims\jni.cpp, line 516]
Event: 0.689 Thread 0x00ab6d88 Exception <a 'java/io/IOException'{0x04680c60}> (0x04680c60) 
thrown [s\src\hotspot\share\prims\jni.cpp, line 516]
Event: 0.701 Thread 0x00ab6d88 Exception <a 'java/io/IOException'{0x046dfcc8}> (0x046dfcc8) 
thrown [s\src\hotspot\share\prims\jni.cpp, line 516]
Event: 0.713 Thread 0x00ab6d88 Exception <a 'java/io/IOException'{0x0473ee28}> (0x0473ee28) 
thrown [s\src\hotspot\share\prims\jni.cpp, line 516]
Event: 0.725 Thread 0x00ab6d88 Exception <a 'java/io/IOException'{0x0479de10}> (0x0479de10) 
thrown [s\src\hotspot\share\prims\jni.cpp, line 516]
Event: 0.737 Thread 0x00ab6d88 Exception <a 'java/io/IOException'{0x047fcd90}> (0x047fcd90) 
thrown [s\src\hotspot\share\prims\jni.cpp, line 516]
Event: 0.750 Thread 0x00ab6d88 Exception <a 'java/io/IOException'{0x0440e4e0}> (0x0440e4e0) 
thrown [s\src\hotspot\share\prims\jni.cpp, line 516]
Event: 0.792 Thread 0x17409f10 Exception <a 'java/lang/NoSuchMethodError'{0x0460bc68}: 'java.lang.Object java.lang.invoke.DirectMethodHandle$Holder.newInvokeSpecial(java.lang.Object, java.lang.Object, java.lang.Object, int, int, int, int, int)'> (0x0460bc68) 
thrown [s\src\hotspot\share\interpreter\linkResolver.cpp, line 759]
Event: 0.830 Thread 0x00ab6d88 Exception <a 'java/lang/NoSuchMethodError'{0x044f62a0}: 'void java.lang.invoke.DirectMethodHandle$Holder.invokeStaticInit(java.lang.Object)'> (0x044f62a0) 
thrown [s\src\hotspot\share\interpreter\linkResolver.cpp, line 759]
Event: 0.870 Thread 0x15807ce8 Exception <a 'java/lang/NoSuchMethodError'{0x044c55f8}: 'void java.lang.invoke.DirectMethodHandle$Holder.invokeVirtual(java.lang.Object, java.lang.Object)'> (0x044c55f8) 
thrown [s\src\hotspot\share\interpreter\linkResolver.cpp, line 759]

VM Operations (20 events):
Event: 0.746 Executing VM operation: GenCollectForAllocation
Event: 0.748 Executing VM operation: GenCollectForAllocation done
Event: 0.788 Executing VM operation: HandshakeAllThreads
Event: 0.788 Executing VM operation: HandshakeAllThreads done
Event: 0.803 Executing VM operation: GenCollectForAllocation
Event: 0.813 Executing VM operation: GenCollectForAllocation done
Event: 0.837 Executing VM operation: HandshakeAllThreads
Event: 0.837 Executing VM operation: HandshakeAllThreads done
Event: 0.873 Executing VM operation: HandshakeAllThreads
Event: 0.873 Executing VM operation: HandshakeAllThreads done
Event: 1.873 Executing VM operation: Cleanup
Event: 1.874 Executing VM operation: Cleanup done
Event: 2.874 Executing VM operation: Cleanup
Event: 2.874 Executing VM operation: Cleanup done
Event: 2.933 Executing VM operation: HandshakeAllThreads
Event: 2.933 Executing VM operation: HandshakeAllThreads done
Event: 2.962 Executing VM operation: HandshakeAllThreads
Event: 2.962 Executing VM operation: HandshakeAllThreads done
Event: 3.097 Executing VM operation: GenCollectForAllocation
Event: 3.099 Executing VM operation: GenCollectForAllocation done

Events (20 events):
Event: 2.980 loading class java/awt/event/FocusAdapter
Event: 2.980 loading class java/awt/event/FocusAdapter done
Event: 3.053 loading class javax/swing/JLayer
Event: 3.053 loading class javax/swing/JLayer done
Event: 3.073 loading class javax/swing/plaf/metal/MetalBorders$TableHeaderBorder
Event: 3.073 loading class javax/swing/plaf/metal/MetalBorders$TableHeaderBorder done
Event: 3.073 loading class sun/font/CMap$CMapFormat12
Event: 3.073 loading class sun/font/CMap$CMapFormat12 done
Event: 3.075 loading class javax/swing/JTable$2
Event: 3.075 loading class javax/swing/JTable$Resizable3
Event: 3.075 loading class javax/swing/JTable$Resizable2
Event: 3.075 loading class javax/swing/JTable$Resizable2 done
Event: 3.075 loading class javax/swing/JTable$Resizable3 done
Event: 3.075 loading class javax/swing/JTable$2 done
Event: 3.075 loading class javax/swing/JTable$5
Event: 3.075 loading class javax/swing/JTable$5 done
Event: 3.083 loading class javax/swing/JTable$4
Event: 3.083 loading class javax/swing/JTable$4 done
Event: 3.096 loading class javax/swing/RepaintManager$3
Event: 3.096 loading class javax/swing/RepaintManager$3 done


Dynamic libraries:
0x00b80000 - 0x00b8c000 	C:\jdk-17.0.6+10\bin\java.exe
0x76ec0000 - 0x7705c000 	C:\Windows\SYSTEM32\ntdll.dll
0x75480000 - 0x75560000 	C:\Windows\System32\KERNEL32.DLL
0x75ff0000 - 0x761f1000 	C:\Windows\System32\KERNELBASE.dll
0x74440000 - 0x744dc000 	C:\Windows\SYSTEM32\apphelp.dll
0x75e40000 - 0x75f63000 	C:\Windows\System32\ucrtbase.dll
0x69f10000 - 0x69f24000 	C:\jdk-17.0.6+10\bin\VCRUNTIME140.dll
0x69ef0000 - 0x69f04000 	C:\jdk-17.0.6+10\bin\jli.dll
0x76c10000 - 0x76daa000 	C:\Windows\System32\USER32.dll
0x70770000 - 0x7097f000 	C:\Windows\WinSxS\x86_microsoft.windows.common-controls_6595b64144ccf1df_6.0.17763.4131_none_261e08f567c7c3e5\COMCTL32.dll
0x757d0000 - 0x757e7000 	C:\Windows\System32\win32u.dll
0x74f90000 - 0x75050000 	C:\Windows\System32\msvcrt.dll
0x74e60000 - 0x74e84000 	C:\Windows\System32\GDI32.dll
0x74510000 - 0x74783000 	C:\Windows\System32\combase.dll
0x74c60000 - 0x74dcc000 	C:\Windows\System32\gdi32full.dll
0x75590000 - 0x7564d000 	C:\Windows\System32\RPCRT4.dll
0x744f0000 - 0x74510000 	C:\Windows\System32\SspiCli.dll
0x75230000 - 0x752b0000 	C:\Windows\System32\msvcp_win.dll
0x744e0000 - 0x744ea000 	C:\Windows\System32\CRYPTBASE.dll
0x76ba0000 - 0x76c05000 	C:\Windows\System32\bcryptPrimitives.dll
0x75150000 - 0x751c9000 	C:\Windows\System32\sechost.dll
0x75560000 - 0x75585000 	C:\Windows\System32\IMM32.DLL
0x69e70000 - 0x69ee1000 	C:\jdk-17.0.6+10\bin\msvcp140.dll
0x69940000 - 0x69e69000 	C:\jdk-17.0.6+10\bin\client\jvm.dll
0x76370000 - 0x763f0000 	C:\Windows\System32\ADVAPI32.dll
0x73930000 - 0x73954000 	C:\Windows\SYSTEM32\WINMM.dll
0x733c0000 - 0x733c8000 	C:\Windows\SYSTEM32\WSOCK32.dll
0x76a00000 - 0x76a5f000 	C:\Windows\System32\WS2_32.dll
0x6fd90000 - 0x6fd98000 	C:\Windows\SYSTEM32\VERSION.dll
0x73390000 - 0x733b3000 	C:\Windows\SYSTEM32\winmmbase.dll
0x74dd0000 - 0x74e0b000 	C:\Windows\System32\cfgmgr32.dll
0x75810000 - 0x7581f000 	C:\Windows\System32\kernel.appcore.dll
0x6eb30000 - 0x6eb39000 	C:\jdk-17.0.6+10\bin\jimage.dll
0x697b0000 - 0x6993f000 	C:\Windows\SYSTEM32\DBGHELP.DLL
0x69780000 - 0x697a4000 	C:\Windows\SYSTEM32\dbgcore.DLL
0x69730000 - 0x6973d000 	C:\jdk-17.0.6+10\bin\instrument.dll
0x69750000 - 0x69771000 	C:\jdk-17.0.6+10\bin\java.dll
0x758d0000 - 0x75e26000 	C:\Windows\System32\SHELL32.dll
0x75740000 - 0x757c9000 	C:\Windows\System32\shcore.dll
0x763f0000 - 0x769ed000 	C:\Windows\System32\windows.storage.dll
0x76e90000 - 0x76eac000 	C:\Windows\System32\profapi.dll
0x75f90000 - 0x75fe4000 	C:\Windows\System32\powrprof.dll
0x76e40000 - 0x76e84000 	C:\Windows\System32\shlwapi.dll
0x74c40000 - 0x74c55000 	C:\Windows\System32\cryptsp.dll
0x696d0000 - 0x696e5000 	C:\jdk-17.0.6+10\bin\zip.dll
0x69710000 - 0x69724000 	C:\jdk-17.0.6+10\bin\net.dll
0x74330000 - 0x743f6000 	C:\Windows\SYSTEM32\WINHTTP.dll
0x73130000 - 0x73182000 	C:\Windows\system32\mswsock.dll
0x696f0000 - 0x69702000 	C:\jdk-17.0.6+10\bin\nio.dll
0x692c0000 - 0x692d6000 	C:\Program Files\JetBrains\IntelliJ IDEA Community Edition 2021.3.3\bin\breakgen.dll
0x5ddb0000 - 0x5df14000 	C:\jdk-17.0.6+10\bin\awt.dll
0x75820000 - 0x758b6000 	C:\Windows\System32\OLEAUT32.dll
0x5db60000 - 0x5ddb0000 	C:\Windows\SYSTEM32\AcGenral.DLL
0x75050000 - 0x7514c000 	C:\Windows\System32\ole32.dll
0x70a50000 - 0x70a65000 	C:\Windows\SYSTEM32\samcli.dll
0x6e9c0000 - 0x6ea3b000 	C:\Windows\SYSTEM32\UxTheme.dll
0x700b0000 - 0x700c9000 	C:\Windows\SYSTEM32\MSACM32.dll
0x6eaa0000 - 0x6eac6000 	C:\Windows\SYSTEM32\dwmapi.dll
0x752b0000 - 0x75461000 	C:\Windows\System32\CRYPT32.dll
0x72db0000 - 0x72f6d000 	C:\Windows\SYSTEM32\urlmon.dll
0x758c0000 - 0x758ce000 	C:\Windows\System32\MSASN1.dll
0x70580000 - 0x705ef000 	C:\Windows\SYSTEM32\WINSPOOL.DRV
0x75f70000 - 0x75f89000 	C:\Windows\System32\bcrypt.dll
0x742a0000 - 0x742c5000 	C:\Windows\SYSTEM32\USERENV.dll
0x73490000 - 0x734a8000 	C:\Windows\SYSTEM32\MPR.dll
0x72b80000 - 0x72db0000 	C:\Windows\SYSTEM32\iertutil.dll
0x72b70000 - 0x72b7b000 	C:\Windows\SYSTEM32\netutils.dll
0x72b10000 - 0x72b2c000 	C:\Windows\SYSTEM32\srvcli.dll
0x72fb0000 - 0x7312f000 	C:\Windows\SYSTEM32\PROPSYS.dll
0x74400000 - 0x74433000 	C:\Windows\SYSTEM32\IPHLPAPI.DLL
0x5da80000 - 0x5db59000 	C:\Windows\system32\opengl32.dll
0x60e40000 - 0x60e7f000 	C:\Windows\SYSTEM32\GLU32.dll
0x76a60000 - 0x76b9b000 	C:\Windows\System32\MSCTF.dll
0x5da10000 - 0x5da80000 	C:\jdk-17.0.6+10\bin\freetype.dll
0x5d950000 - 0x5da01000 	C:\jdk-17.0.6+10\bin\fontmanager.dll
0x74200000 - 0x74291000 	C:\Windows\SYSTEM32\DNSAPI.dll
0x75470000 - 0x75477000 	C:\Windows\System32\NSI.dll
0x70290000 - 0x70298000 	C:\Windows\System32\rasadhlp.dll
0x702a0000 - 0x702f1000 	C:\Windows\System32\fwpuclnt.dll
0x73190000 - 0x731bf000 	C:\Windows\system32\rsaenh.dll
0x72b50000 - 0x72b63000 	C:\Windows\SYSTEM32\dhcpcsvc6.DLL
0x72b30000 - 0x72b44000 	C:\Windows\SYSTEM32\dhcpcsvc.DLL
0x68fb0000 - 0x68fbb000 	C:\jdk-17.0.6+10\bin\sunmscapi.dll
0x64bd0000 - 0x64bf4000 	C:\Windows\SYSTEM32\ncrypt.dll
0x64ba0000 - 0x64bcc000 	C:\Windows\SYSTEM32\NTASN1.dll
0x692e0000 - 0x692ed000 	C:\jdk-17.0.6+10\bin\verify.dll
0x6a2f0000 - 0x6a36d000 	C:\Windows\System32\TextInputFramework.dll
0x6a080000 - 0x6a2eb000 	C:\Windows\System32\CoreUIComponents.dll
0x69ff0000 - 0x6a080000 	C:\Windows\System32\CoreMessaging.dll
0x74300000 - 0x74329000 	C:\Windows\SYSTEM32\ntmarta.dll
0x72960000 - 0x72a39000 	C:\Windows\SYSTEM32\wintypes.dll
0x76db0000 - 0x76e34000 	C:\Windows\System32\clbcatq.dll
0x6e4f0000 - 0x6e661000 	C:\Windows\SYSTEM32\WindowsCodecs.dll
0x6e4a0000 - 0x6e4ed000 	C:\Windows\system32\dataexchange.dll
0x6ad30000 - 0x6af58000 	C:\Windows\system32\d3d11.dll
0x6abd0000 - 0x6ad2f000 	C:\Windows\system32\dcomp.dll
0x6ab20000 - 0x6abc4000 	C:\Windows\system32\dxgi.dll
0x6a970000 - 0x6ab12000 	C:\Windows\system32\twinapi.appcore.dll
0x6df30000 - 0x6df4e000 	C:\Windows\system32\RMCLIENT.dll
0x60d50000 - 0x60d73000 	C:\Users\n.torkina\Downloads\jlibmodbus-master\FSO\src\Project1.dll
0x60cc0000 - 0x60cde000 	C:\Windows\SYSTEM32\VCRUNTIME140D.dll
0x60d40000 - 0x60d47000 	C:\jdk-17.0.6+10\bin\audio203api.dll
0x5d890000 - 0x5d944000 	C:\Windows\SYSTEM32\MSVCP140D.dll
0x5d6e0000 - 0x5d884000 	C:\Windows\SYSTEM32\ucrtbased.dll
0x5d630000 - 0x5d6d3000 	C:\Windows\WinSxS\x86_microsoft.vc90.crt_1fc8b3b9a1e18e3b_9.0.30729.9518_none_508db366bcbd18c4\MSVCR90.dll
0x60ca0000 - 0x60cba000 	C:\Users\n.torkina\Downloads\jlibmodbus-master\FSO\SiUSBXp.dll
0x74790000 - 0x74bdb000 	C:\Windows\System32\SETUPAPI.dll
0x73360000 - 0x73383000 	C:\Windows\SYSTEM32\DEVOBJ.dll
0x74e10000 - 0x74e5b000 	C:\Windows\System32\WINTRUST.dll

dbghelp: loaded successfully - version: 4.0.5 - missing functions: none
symbol engine: initialized successfully - sym options: 0x614 - pdb path: .;C:\jdk-17.0.6+10\bin;C:\Windows\SYSTEM32;C:\Windows\WinSxS\x86_microsoft.windows.common-controls_6595b64144ccf1df_6.0.17763.4131_none_261e08f567c7c3e5;C:\jdk-17.0.6+10\bin\client;C:\Program Files\JetBrains\IntelliJ IDEA Community Edition 2021.3.3\bin;C:\Users\n.torkina\Downloads\jlibmodbus-master\FSO\src;C:\Windows\WinSxS\x86_microsoft.vc90.crt_1fc8b3b9a1e18e3b_9.0.30729.9518_none_508db366bcbd18c4;C:\Users\n.torkina\Downloads\jlibmodbus-master\FSO

VM Arguments:
jvm_args: -Djava.library.path=C:\Users\n.torkina\Downloads\jlibmodbus-master\FSO\src -javaagent:C:\Program Files\JetBrains\IntelliJ IDEA Community Edition 2021.3.3\lib\idea_rt.jar=61431:C:\Program Files\JetBrains\IntelliJ IDEA Community Edition 2021.3.3\bin -Dfile.encoding=UTF-8 
java_command: Main
java_class_path (initial): C:\Users\n.torkina\Downloads\jlibmodbus-master\FSO\out\production\FSO;C:\Users\n.torkina\Downloads\EasyModbusJava.jar;C:\Users\n.torkina\Downloads\mysql-connector-java-8.0.20.jar;C:\Users\n.torkina\Downloads\joda-time-2.12.2.jar;C:\Users\n.torkina\Downloads\jlibmodbus-master\jlibmodbus-master\lib\androidthings-1.0.jar;C:\Users\n.torkina\Downloads\jlibmodbus-master\jlibmodbus-master\lib\jSerialComm-2.0.2.jar;C:\Users\n.torkina\Downloads\jlibmodbus-master\jlibmodbus-master\lib\purejavacomm.jar;C:\Users\n.torkina\Downloads\jlibmodbus-master\jlibmodbus-master\lib\RXTXcomm.jar;C:\Users\n.torkina\Downloads\jssc-2.9.4.jar;C:\Users\n.torkina\Downloads\poi-bin-5.2.3\poi-5.2.3.jar;C:\Users\n.torkina\Downloads\poi-bin-5.2.3\poi-ooxml-5.2.3.jar;C:\Users\n.torkina\Downloads\poi-bin-5.2.3\poi-javadoc-5.2.3.jar;C:\Users\n.torkina\Downloads\poi-bin-5.2.3\poi-examples-5.2.3.jar;C:\Users\n.torkina\Downloads\poi-bin-5.2.3\poi-excelant-5.2.3.jar;C:\Users\n.torkina\Downloads\poi-bin-5.2.3\poi-ooxml-full-5.2.3.jar;C:\Users\n.torkina\Downloads\poi-bin-5.2.3\poi-ooxml-lite-5.2.3.jar;C:\Users\n.torkina\Downloads\poi-bin-5.2.3\poi-scratchpad-5.2.3.jar;C:\Users\n.torkina\Downloads\poi-bin-5.2.3\ooxml-lib\curvesapi-1.07.jar;C:\Users\n.torkina\Downloads\poi-bin-5.2.3\ooxml-lib\xmlbeans-5.1.1.jar;C:\Users\n.torkina\Downloads\poi-bin-5.2.3\ooxml-lib\slf4j-api-1.7.36.jar;C:\Users\n.torkina\Downloads\poi-bin-5.2.3\ooxml-lib\commons-logging-1.2.jar;C:\Users\n.torkina\Downloads\poi-bin-5.2.3\ooxml-lib\commons-compress-1.21.jar;C:\Users\n.torkina\Downloads\poi-bin-5.2.3\ooxml-lib\jakarta.activation-2.0.1.jar;C:\Users\n.torkina\Downloads\poi-bin-5.2.3\ooxml-lib\jakarta.xml.bind-api-3.0.1.jar;C:\Users\n.torkina\Downloads\poi-bin-5.2.3\lib\log4j-api-2.18.0.jar;C:\Users\n.torkina\Downloads\poi-bin-5.2.3\lib\SparseBitSet-1.2.jar;C:\Users\n.torkina\Downloads\poi-bin-5.2.3\lib\commons-io-2.11.0.jar;C:\Users\n.torkina\Downloads\poi-bin-5.2.3\lib\commons-codec-1.15.jar;C:\Users\n.t
Launcher Type: SUN_STANDARD

[Global flags]
     intx CICompilerCount                          = 1                                         {product} {ergonomic}
    uintx CodeCacheExpansionSize                   = 32768                                  {pd product} {ergonomic}
    uintx InitialCodeCacheSize                     = 163840                                 {pd product} {ergonomic}
   size_t InitialHeapSize                          = 16777216                                  {product} {ergonomic}
   size_t MaxHeapSize                              = 268435456                                 {product} {ergonomic}
   size_t MaxNewSize                               = 89456640                                  {product} {ergonomic}
   size_t MinHeapDeltaBytes                        = 131072                                    {product} {ergonomic}
   size_t MinHeapSize                              = 6291456                                   {product} {ergonomic}
     bool NeverActAsServerClassMachine             = true                                   {pd product} {ergonomic}
   size_t NewSize                                  = 5570560                                   {product} {ergonomic}
    uintx NonNMethodCodeHeapSize                   = 5242880                                {pd product} {ergonomic}
    uintx NonProfiledCodeHeapSize                  = 0                                      {pd product} {ergonomic}
   size_t OldSize                                  = 11206656                                  {product} {ergonomic}
     bool ProfileInterpreter                       = false                                  {pd product} {ergonomic}
    uintx ProfiledCodeHeapSize                     = 0                                      {pd product} {ergonomic}
    uintx ReservedCodeCacheSize                    = 33554432                               {pd product} {ergonomic}
   size_t SoftMaxHeapSize                          = 268435456                              {manageable} {ergonomic}
     bool UseLargePagesIndividualAllocation        = false                                  {pd product} {ergonomic}
     bool UseSerialGC                              = true                                      {product} {ergonomic}

Logging:
Log output configuration:
 #0: stdout all=warning uptime,level,tags
 #1: stderr all=off uptime,level,tags

Environment Variables:
PATH=C:\Program Files\Microsoft\jdk-11.0.16.101-hotspot\bin;C:\Program Files (x86)\Common Files\Oracle\Java\javapath;C:\Windows\system32;C:\Windows;C:\Windows\System32\Wbem;C:\Windows\System32\WindowsPowerShell\v1.0\;C:\Windows\System32\OpenSSH\;C:\Program Files (x86)\HMITool6.0\Marco\HMI3352\bin;C:\Program Files (x86)\HMITool6.0\Marco\X86\bin;C:\Program Files\Git\cmd;C:\Program Files\PuTTY\;C:\Users\n.torkina\AppData\Local\Programs\Python\Launcher\;C:\Users\n.torkina\AppData\Local\Microsoft\WindowsApps;;C:\Program Files\JetBrains\IntelliJ IDEA Community Edition 2021.3.3\bin;
USERNAME=n.torkina
OS=Windows_NT
PROCESSOR_IDENTIFIER=Intel64 Family 6 Model 140 Stepping 1, GenuineIntel
TMP=C:\Users\N4ED3~1.TOR\AppData\Local\Temp
TEMP=C:\Users\N4ED3~1.TOR\AppData\Local\Temp



---------------  S Y S T E M  ---------------

OS:
 Windows 10 , 64 bit Build 17763 (10.0.17763.4131)
OS uptime: 5 days 3:22 hours

CPU: total 8 (initial active 8) (4 cores per cpu, 2 threads per core) family 6 model 140 stepping 1 microcode 0x6e, cx8, cmov, fxsr, ht, mmx, 3dnowpref, sse, sse2, sse3, ssse3, sse4.1, sse4.2, popcnt, lzcnt, tsc, tscinvbit, avx, avx2, aes, erms, clmul, bmi1, bmi2, adx, avx512f, avx512dq, avx512cd, avx512bw, avx512vl, sha, fma, vzeroupper, avx512_vpopcntdq, avx512_vpclmulqdq, avx512_vaes, avx512_vnni, clflush, clflushopt, clwb, avx512_vbmi2, avx512_vbmi

Memory: 4k page, system-wide physical 16140M (8608M free)
TotalPageFile size 19468M (AvailPageFile size 7438M), user-mode portion of virtual address-space 2047M (1566M free)
current process WorkingSet (physical memory assigned to process): 77M, peak: 77M
current process commit charge ("private bytes"): 71M, peak: 71M

vm_info: OpenJDK Client VM (17.0.6+10) for windows-x86 JRE (17.0.6+10), built on Jan 18 2023 10:15:56 by "temurin" with MS VC++ 16.7 (VS2019)

END.
