#
# A fatal error has been detected by the Java Runtime Environment:
#
#  EXCEPTION_ACCESS_VIOLATION (0xc0000005) at pc=0x00000214dec4d5cd, pid=16004, tid=13700
#
# JRE version: OpenJDK Runtime Environment Zulu13.46+15-CA (13.0.10+5) (build 13.0.10+5-MTS)
# Java VM: OpenJDK 64-Bit Server VM Zulu13.46+15-CA (13.0.10+5-MTS, mixed mode, sharing, tiered, compressed oops, g1 gc, windows-amd64)
# Problematic frame:
# J 1237 c1 java.lang.String.valueOf(Ljava/lang/Object;)Ljava/lang/String; java.base@13.0.10 (15 bytes) @ 0x00000214dec4d5cd [0x00000214dec4d540+0x000000000000008d]
#
# No core dump will be written. Minidumps are not enabled by default on client versions of Windows
#
# If you would like to submit a bug report, please visit:
#   http://www.azul.com/support/
#

---------------  S U M M A R Y ------------

Command Line: -javaagent:C:\Program Files\JetBrains\IntelliJ IDEA Community Edition 2021.3.3\lib\idea_rt.jar=55995:C:\Program Files\JetBrains\IntelliJ IDEA Community Edition 2021.3.3\bin -Dfile.encoding=UTF-8 Main

Host: 11th Gen Intel(R) Core(TM) i5-1135G7 @ 2.40GHz, 8 cores, 15G,  Windows 10 , 64 bit Build 17763 (10.0.17763.3887)
Time: Tue Mar  7 12:46:10 2023 RTZ 2 (ceia) elapsed time: 1.009210 seconds (0d 0h 0m 1s)

---------------  T H R E A D  ---------------

Current thread (0x00000214d5c5d000):  JavaThread "main" [_thread_in_Java, id=13700, stack(0x0000002ba9200000,0x0000002ba9300000)]

Stack: [0x0000002ba9200000,0x0000002ba9300000],  sp=0x0000002ba92ff080,  free space=1020k
Native frames: (J=compiled Java code, j=interpreted, Vv=VM code, C=native code)
C  0x00000214dec4d5cd


siginfo: EXCEPTION_ACCESS_VIOLATION (0xc0000005), reading address 0x0000000100000000


Register to memory mapping:

RIP=0x00000214dec4d5cd is at entry_point+141 in (nmethod*)0x00000214dec4d390
RAX={method} {0x0000000800341830} 'valueOf' '(Ljava/lang/Object;)Ljava/lang/String;' in 'java/lang/String'
RBX=0x0000000000000147 is an unknown value
RCX=0x00000008003338f8 is pointing into metadata
RDX=0x0000000100000000 is an unknown value
RSP=0x0000002ba92ff080 is pointing into the stack for thread: 0x00000214d5c5d000
RBP=0x0000002ba92ff120 is pointing into the stack for thread: 0x00000214d5c5d000
RSI=0x00000214f9a89310 is pointing into metadata
RDI=0x0000000000000148 is an unknown value
R8 =0x0000000000000002 is an unknown value
R9 =0x0000000000000002 is an unknown value
R10=0x00007ffde6c768d0 jvm.dll
R11=0x00000214dec4d540 is at entry_point+0 in (nmethod*)0x00000214dec4d390
R12=0x0 is NULL
R13=0x0000002ba92ff0d0 is pointing into the stack for thread: 0x00000214d5c5d000
R14=0x0000002ba92ff150 is pointing into the stack for thread: 0x00000214d5c5d000
R15=0x00000214d5c5d000 is a thread


Registers:
RAX=0x0000000800341828, RBX=0x0000000000000147, RCX=0x00000008003338f8, RDX=0x0000000100000000
RSP=0x0000002ba92ff080, RBP=0x0000002ba92ff120, RSI=0x00000214f9a89310, RDI=0x0000000000000148
R8 =0x0000000000000002, R9 =0x0000000000000002, R10=0x00007ffde6c768d0, R11=0x00000214dec4d540
R12=0x0000000000000000, R13=0x0000002ba92ff0d0, R14=0x0000002ba92ff150, R15=0x00000214d5c5d000
RIP=0x00000214dec4d5cd, EFLAGS=0x0000000000010206

Top of Stack: (sp=0x0000002ba92ff080)
0x0000002ba92ff080:   00000214de47a1b3 00000214de47f260
0x0000002ba92ff090:   00000214d5c5d000 000008070997c968
0x0000002ba92ff0a0:   0000000100000000 0000000000000000
0x0000002ba92ff0b0:   0000002ba92ff120 00000214de479f00
0x0000002ba92ff0c0:   00000214d5c5d318 00000214de479f00
0x0000002ba92ff0d0:   0000000100000000 0000002ba92ff0d8
0x0000002ba92ff0e0:   00000008009ecfd9 0000002ba92ff150
0x0000002ba92ff0f0:   00000008003338f8 0000000000000000
0x0000002ba92ff100:   0000000703e13968 0000000800334450
0x0000002ba92ff110:   0000002ba92ff0d0 0000002ba92ff148
0x0000002ba92ff120:   0000002ba92ff1a0 00000214de47a1b3
0x0000002ba92ff130:   0000000000000000 0000000000000000
0x0000002ba92ff140:   0000000000000000 0000000100000000
0x0000002ba92ff150:   0000000712185cd0 0000002ba92ff158
0x0000002ba92ff160:   00000214f9d38cdc 0000002ba92ff1d0
0x0000002ba92ff170:   00000214f9d38d80 0000000000000000 

Instructions: (pc=0x00000214dec4d5cd)
0x00000214dec4d4cd:   00 00 00 02 00 00 00 00 00 00 00 00 00 00 00 e0
0x00000214dec4d4dd:   01 00 00 02 00 00 00 ff ff ff ff ff ff ff ff 00
0x00000214dec4d4ed:   00 00 00 0c c0 2c c0 36 c0 10 10 15 c0 0a f0 ac
0x00000214dec4d4fd:   24 17 b0 04 c0 17 64 0a 64 35 64 10 00 01 f8 cb
0x00000214dec4d50d:   fe 05 50 00 c0 0a 64 05 64 03 f8 9f e6 d0 e7 fd
0x00000214dec4d51d:   7f 05 70 0e 60 01 f8 2e ff 0e 90 0c 64 00 00 00
0x00000214dec4d52d:   00 00 00 00 00 00 00 00 00 00 00 00 00 00 00 00
0x00000214dec4d53d:   00 00 00 89 84 24 00 90 ff ff 55 48 83 ec 30 48
0x00000214dec4d54d:   be 10 93 a8 f9 14 02 00 00 8b be 04 01 00 00 83
0x00000214dec4d55d:   c7 08 89 be 04 01 00 00 81 e7 f8 1f 00 00 83 ff
0x00000214dec4d56d:   00 0f 84 26 01 00 00 48 83 fa 00 48 be 10 93 a8
0x00000214dec4d57d:   f9 14 02 00 00 48 bf 48 01 00 00 00 00 00 00 0f
0x00000214dec4d58d:   85 0a 00 00 00 48 bf 58 01 00 00 00 00 00 00 48
0x00000214dec4d59d:   8b 1c 3e 48 8d 5b 01 48 89 1c 3e 0f 85 1f 00 00
0x00000214dec4d5ad:   00 48 ba 10 93 a8 f9 14 02 00 00 ff 82 68 01 00
0x00000214dec4d5bd:   00 48 be 70 16 11 12 07 00 00 00 e9 ba 00 00 00
0x00000214dec4d5cd:   48 3b 02 48 8b f2 48 bf 10 93 a8 f9 14 02 00 00
0x00000214dec4d5dd:   8b 76 08 48 c1 e6 03 49 bc 00 00 00 00 08 00 00
0x00000214dec4d5ed:   00 49 03 f4 4d 33 e4 48 3b b7 90 01 00 00 75 0d
0x00000214dec4d5fd:   48 83 87 98 01 00 00 01 e9 66 00 00 00 48 3b b7
0x00000214dec4d60d:   a0 01 00 00 75 0d 48 83 87 a8 01 00 00 01 e9 50
0x00000214dec4d61d:   00 00 00 48 81 bf 90 01 00 00 00 00 00 00 75 17
0x00000214dec4d62d:   48 89 b7 90 01 00 00 48 c7 87 98 01 00 00 01 00
0x00000214dec4d63d:   00 00 e9 2c 00 00 00 48 81 bf a0 01 00 00 00 00
0x00000214dec4d64d:   00 00 75 17 48 89 b7 a0 01 00 00 48 c7 87 a8 01
0x00000214dec4d65d:   00 00 01 00 00 00 e9 08 00 00 00 48 83 87 80 01
0x00000214dec4d66d:   00 00 01 0f 1f 44 00 00 48 b8 ff ff ff ff ff ff
0x00000214dec4d67d:   ff ff e8 d4 47 92 ff 48 8b f0 48 8b c6 48 83 c4
0x00000214dec4d68d:   30 5d 4d 8b 97 08 01 00 00 41 85 02 c3 49 ba 28
0x00000214dec4d69d:   18 34 00 08 00 00 00 4c 89 54 24 08 48 c7 04 24
0x00000214dec4d6ad:   ff ff ff ff e8 ca 13 92 ff e9 b9 fe ff ff e8 e0
0x00000214dec4d6bd:   ac 91 ff 90 90 49 8b 87 f8 03 00 00 49 ba 00 00 


Stack slot to memory mapping:
stack at sp + 0 slots: 0x00000214de47a1b3 is at code_begin+2355 in an Interpreter codelet
invoke return entry points  [0x00000214de479880, 0x00000214de47a2a0]  2592 bytes
stack at sp + 1 slots: 0x00000214de47f260 is at code_begin+608 in an Interpreter codelet
method entry point (kind = native)  [0x00000214de47f000, 0x00000214de47faa0]  2720 bytes
stack at sp + 2 slots: 0x00000214d5c5d000 is a thread
stack at sp + 3 slots: 0x000008070997c968 is an unknown value
stack at sp + 4 slots: 0x0000000100000000 is an unknown value
stack at sp + 5 slots: 0x0 is NULL
stack at sp + 6 slots: 0x0000002ba92ff120 is pointing into the stack for thread: 0x00000214d5c5d000
stack at sp + 7 slots: 0x00000214de479f00 is at code_begin+1664 in an Interpreter codelet
invoke return entry points  [0x00000214de479880, 0x00000214de47a2a0]  2592 bytes

--------------------------------------------------------------------------------
[Constant Pool (empty)]

--------------------------------------------------------------------------------

[MachCode]
  0x00000214dec4d540: 8984 2400 | 90ff ff55 | 4883 ec30 | 48be 1093 | a8f9 1402 | 0000 8bbe | 0401 0000 | 83c7 0889 
  0x00000214dec4d560: be04 0100 | 0081 e7f8 | 1f00 0083 | ff00 0f84 | 2601 0000 | 4883 fa00 | 48be 1093 | a8f9 1402 
  0x00000214dec4d580: 0000 48bf | 4801 0000 | 0000 0000 | 0f85 0a00 | 0000 48bf | 5801 0000 | 0000 0000 | 488b 1c3e 
  0x00000214dec4d5a0: 488d 5b01 | 4889 1c3e | 0f85 1f00 | 0000 48ba | 1093 a8f9 | 1402 0000 | ff82 6801 | 0000 48be 
  0x00000214dec4d5c0: 7016 1112 | 0700 0000 | e9ba 0000 | 0048 3b02 | 488b f248 | bf10 93a8 | f914 0200 | 008b 7608 
  0x00000214dec4d5e0: 48c1 e603 | 49bc 0000 | 0000 0800 | 0000 4903 | f44d 33e4 | 483b b790 | 0100 0075 | 0d48 8387 
  0x00000214dec4d600: 9801 0000 | 01e9 6600 | 0000 483b | b7a0 0100 | 0075 0d48 | 8387 a801 | 0000 01e9 | 5000 0000 
  0x00000214dec4d620: 4881 bf90 | 0100 0000 | 0000 0075 | 1748 89b7 | 9001 0000 | 48c7 8798 | 0100 0001 | 0000 00e9 
  0x00000214dec4d640: 2c00 0000 | 4881 bfa0 | 0100 0000 | 0000 0075 | 1748 89b7 | a001 0000 | 48c7 87a8 | 0100 0001 
  0x00000214dec4d660: 0000 00e9 | 0800 0000 | 4883 8780 | 0100 0001 | 0f1f 4400 | 0048 b8ff | ffff ffff | ffff ffe8 
  0x00000214dec4d680: d447 92ff | 488b f048 | 8bc6 4883 | c430 5d4d | 8b97 0801 | 0000 4185 | 02c3 49ba | 2818 3400 
  0x00000214dec4d6a0: 0800 0000 | 4c89 5424 | 0848 c704 | 24ff ffff | ffe8 ca13 | 92ff e9b9 | feff ffe8 | e0ac 91ff 
  0x00000214dec4d6c0: 9090 498b | 87f8 0300 | 0049 ba00 | 0000 0000 | 0000 004d | 8997 f803 | 0000 49ba | 0000 0000 
  0x00000214dec4d6e0: 0000 0000 | 4d89 9700 | 0400 0048 | 83c4 305d | e98b cc88 | fff4 f4f4 | f4f4 f4f4 | f4f4 f4f4 
  0x00000214dec4d700: 0f1f 4400 | 0048 bb00 | 0000 0000 | 0000 00e9 | fbff ffff | e867 d291 | ff48 b9d0 | e79f e6fd 
  0x00000214dec4d720: 7f00 0048 | 83e4 f049 | ba70 726b | e6fd 7f00 | 0041 ffd2 | f449 ba35 | d7c4 de14 | 0200 0041 
  0x00000214dec4d740: 52e9 daa7 | 86ff f4f4 
[/MachCode]
--------------------------------------------------------------------------------


---------------  P R O C E S S  ---------------

Threads class SMR info:
_java_thread_list=0x00000214fbeface0, length=20, elements={
0x00000214d5c5d000, 0x00000214f990c800, 0x00000214f990e000, 0x00000214fa1bb000,
0x00000214fa1bc000, 0x00000214fa1c1000, 0x00000214fa1c2000, 0x00000214fa1d9800,
0x00000214fa1eb800, 0x00000214fa292800, 0x00000214fa3b2800, 0x00000214fa3c2800,
0x00000214fa7fd800, 0x00000214fa801000, 0x00000214fa807000, 0x00000214fa8ea800,
0x00000214fa89a000, 0x00000214fc27c000, 0x00000214faf6a000, 0x00000214fc414000
}

Java Threads: ( => current thread )
=>0x00000214d5c5d000 JavaThread "main" [_thread_in_Java, id=13700, stack(0x0000002ba9200000,0x0000002ba9300000)]
  0x00000214f990c800 JavaThread "Reference Handler" daemon [_thread_blocked, id=17088, stack(0x0000002ba9900000,0x0000002ba9a00000)]
  0x00000214f990e000 JavaThread "Finalizer" daemon [_thread_blocked, id=15388, stack(0x0000002ba9a00000,0x0000002ba9b00000)]
  0x00000214fa1bb000 JavaThread "Signal Dispatcher" daemon [_thread_blocked, id=15500, stack(0x0000002ba9b00000,0x0000002ba9c00000)]
  0x00000214fa1bc000 JavaThread "Attach Listener" daemon [_thread_blocked, id=2984, stack(0x0000002ba9c00000,0x0000002ba9d00000)]
  0x00000214fa1c1000 JavaThread "Service Thread" daemon [_thread_blocked, id=12804, stack(0x0000002ba9d00000,0x0000002ba9e00000)]
  0x00000214fa1c2000 JavaThread "C2 CompilerThread0" daemon [_thread_blocked, id=6664, stack(0x0000002ba9e00000,0x0000002ba9f00000)]
  0x00000214fa1d9800 JavaThread "C1 CompilerThread0" daemon [_thread_blocked, id=14892, stack(0x0000002ba9f00000,0x0000002baa000000)]
  0x00000214fa1eb800 JavaThread "Sweeper thread" daemon [_thread_blocked, id=13076, stack(0x0000002baa000000,0x0000002baa100000)]
  0x00000214fa292800 JavaThread "Common-Cleaner" daemon [_thread_blocked, id=12160, stack(0x0000002baa100000,0x0000002baa200000)]
  0x00000214fa3b2800 JavaThread "Monitor Ctrl-Break" daemon [_thread_in_native, id=17844, stack(0x0000002baa200000,0x0000002baa300000)]
  0x00000214fa3c2800 JavaThread "Thread-0" [_thread_in_native, id=16220, stack(0x0000002baa400000,0x0000002baa500000)]
  0x00000214fa7fd800 JavaThread "Java2D Disposer" daemon [_thread_blocked, id=7848, stack(0x0000002baa500000,0x0000002baa600000)]
  0x00000214fa801000 JavaThread "AWT-Shutdown" [_thread_blocked, id=9808, stack(0x0000002baa600000,0x0000002baa700000)]
  0x00000214fa807000 JavaThread "AWT-Windows" daemon [_thread_blocked, id=17944, stack(0x0000002baa700000,0x0000002baa800000)]
  0x00000214fa8ea800 JavaThread "mysql-cj-abandoned-connection-cleanup" daemon [_thread_blocked, id=13840, stack(0x0000002baa800000,0x0000002baa900000)]
  0x00000214fa89a000 JavaThread "C2 CompilerThread1" daemon [_thread_blocked, id=13356, stack(0x0000002baa900000,0x0000002baaa00000)]
  0x00000214fc27c000 JavaThread "C2 CompilerThread2" daemon [_thread_in_native, id=17724, stack(0x0000002baaf00000,0x0000002bab000000)]
  0x00000214faf6a000 JavaThread "AWT-EventQueue-0" [_thread_blocked, id=15148, stack(0x0000002bab000000,0x0000002bab100000)]
  0x00000214fc414000 JavaThread "Image Fetcher 0" daemon [_thread_blocked, id=12716, stack(0x0000002bab100000,0x0000002bab200000)]

Other Threads:
  0x00000214f990a800 VMThread "VM Thread" [stack: 0x0000002ba9800000,0x0000002ba9900000] [id=12244] _threads_hazard_ptr=0x00000214fbeface0
  0x00000214fa3b3800 WatcherThread [stack: 0x0000002baa300000,0x0000002baa400000] [id=17336]
  0x00000214d5cc7800 GCTaskThread "GC Thread#0" [stack: 0x0000002ba9300000,0x0000002ba9400000] [id=17960]
  0x00000214faeca800 GCTaskThread "GC Thread#1" [stack: 0x0000002baaa00000,0x0000002baab00000] [id=15564]
  0x00000214fbec5000 GCTaskThread "GC Thread#2" [stack: 0x0000002baab00000,0x0000002baac00000] [id=15156]
  0x00000214fbec5800 GCTaskThread "GC Thread#3" [stack: 0x0000002baac00000,0x0000002baad00000] [id=14556]
  0x00000214fc012000 GCTaskThread "GC Thread#4" [stack: 0x0000002baad00000,0x0000002baae00000] [id=5924]
  0x00000214faab0800 GCTaskThread "GC Thread#5" [stack: 0x0000002baae00000,0x0000002baaf00000] [id=13120]
  0x00000214d5ce9000 ConcurrentGCThread "G1 Main Marker" [stack: 0x0000002ba9400000,0x0000002ba9500000] [id=17760]
  0x00000214d5ceb000 ConcurrentGCThread "G1 Conc#0" [stack: 0x0000002ba9500000,0x0000002ba9600000] [id=17552]
  0x00000214f980a000 ConcurrentGCThread "G1 Refine#0" [stack: 0x0000002ba9600000,0x0000002ba9700000] [id=12768]
  0x00000214f980b800 ConcurrentGCThread "G1 Young RemSet Sampling" [stack: 0x0000002ba9700000,0x0000002ba9800000] [id=1444]

Threads with active compile tasks:
C2 CompilerThread0     1032 1880 % !   4       sun.awt.image.ImageRepresentation::getOpaqueRGBImage @ 54 (164 bytes)
C2 CompilerThread2     1032 1709       4       sun.security.util.AbstractAlgorithmConstraints::checkAlgorithm (140 bytes)

VM state:synchronizing (normal execution)

VM Mutex/Monitor currently owned by a thread:  ([mutex/lock_event])
[0x00000214d5c59620] Threads_lock - owner thread: 0x00000214f990a800

Heap address: 0x0000000703c00000, size: 4036 MB, Compressed Oops mode: Zero based, Oop shift amount: 3
Narrow klass base: 0x0000000800000000, Narrow klass shift: 3
Compressed class space size: 1073741824 Address: 0x0000000800b50000

Heap:
 garbage-first heap   total 260096K, used 27797K [0x0000000703c00000, 0x0000000800000000)
  region size 1024K, 24 young (24576K), 3 survivors (3072K)
 Metaspace       used 16916K, capacity 17372K, committed 17536K, reserved 1064960K
  class space    used 1885K, capacity 2084K, committed 2176K, reserved 1048576K
Heap Regions: E=young(eden), S=young(survivor), O=old, HS=humongous(starts), HC=humongous(continues), CS=collection set, F=free, A=archive, TAMS=top-at-mark-start (previous, next)
|   0|0x0000000703c00000, 0x0000000703d00000, 0x0000000703d00000|100%| O|  |TAMS 0x0000000703c00000, 0x0000000703c00000| Untracked 
|   1|0x0000000703d00000, 0x0000000703e00000, 0x0000000703e00000|100%| O|  |TAMS 0x0000000703d00000, 0x0000000703d00000| Untracked 
|   2|0x0000000703e00000, 0x0000000703e25400, 0x0000000703f00000| 14%| O|  |TAMS 0x0000000703e00000, 0x0000000703e00000| Untracked 
|   3|0x0000000703f00000, 0x0000000704000000, 0x0000000704000000|100%|HS|  |TAMS 0x0000000703f00000, 0x0000000703f00000| Complete 
|   4|0x0000000704000000, 0x0000000704100000, 0x0000000704100000|100%|HC|  |TAMS 0x0000000704000000, 0x0000000704000000| Complete 
|   5|0x0000000704100000, 0x0000000704100000, 0x0000000704200000|  0%| F|  |TAMS 0x0000000704100000, 0x0000000704100000| Untracked 
|   6|0x0000000704200000, 0x0000000704200000, 0x0000000704300000|  0%| F|  |TAMS 0x0000000704200000, 0x0000000704200000| Untracked 
|   7|0x0000000704300000, 0x0000000704300000, 0x0000000704400000|  0%| F|  |TAMS 0x0000000704300000, 0x0000000704300000| Untracked 
|   8|0x0000000704400000, 0x0000000704400000, 0x0000000704500000|  0%| F|  |TAMS 0x0000000704400000, 0x0000000704400000| Untracked 
|   9|0x0000000704500000, 0x0000000704500000, 0x0000000704600000|  0%| F|  |TAMS 0x0000000704500000, 0x0000000704500000| Untracked 
|  10|0x0000000704600000, 0x0000000704600000, 0x0000000704700000|  0%| F|  |TAMS 0x0000000704600000, 0x0000000704600000| Untracked 
|  11|0x0000000704700000, 0x0000000704700000, 0x0000000704800000|  0%| F|  |TAMS 0x0000000704700000, 0x0000000704700000| Untracked 
|  12|0x0000000704800000, 0x0000000704800000, 0x0000000704900000|  0%| F|  |TAMS 0x0000000704800000, 0x0000000704800000| Untracked 
|  13|0x0000000704900000, 0x0000000704900000, 0x0000000704a00000|  0%| F|  |TAMS 0x0000000704900000, 0x0000000704900000| Untracked 
|  14|0x0000000704a00000, 0x0000000704a00000, 0x0000000704b00000|  0%| F|  |TAMS 0x0000000704a00000, 0x0000000704a00000| Untracked 
|  15|0x0000000704b00000, 0x0000000704b00000, 0x0000000704c00000|  0%| F|  |TAMS 0x0000000704b00000, 0x0000000704b00000| Untracked 
|  16|0x0000000704c00000, 0x0000000704c00000, 0x0000000704d00000|  0%| F|  |TAMS 0x0000000704c00000, 0x0000000704c00000| Untracked 
|  17|0x0000000704d00000, 0x0000000704d00000, 0x0000000704e00000|  0%| F|  |TAMS 0x0000000704d00000, 0x0000000704d00000| Untracked 
|  18|0x0000000704e00000, 0x0000000704e00000, 0x0000000704f00000|  0%| F|  |TAMS 0x0000000704e00000, 0x0000000704e00000| Untracked 
|  19|0x0000000704f00000, 0x0000000704f00000, 0x0000000705000000|  0%| F|  |TAMS 0x0000000704f00000, 0x0000000704f00000| Untracked 
|  20|0x0000000705000000, 0x0000000705000000, 0x0000000705100000|  0%| F|  |TAMS 0x0000000705000000, 0x0000000705000000| Untracked 
|  21|0x0000000705100000, 0x0000000705100000, 0x0000000705200000|  0%| F|  |TAMS 0x0000000705100000, 0x0000000705100000| Untracked 
|  22|0x0000000705200000, 0x0000000705200000, 0x0000000705300000|  0%| F|  |TAMS 0x0000000705200000, 0x0000000705200000| Untracked 
|  23|0x0000000705300000, 0x0000000705300000, 0x0000000705400000|  0%| F|  |TAMS 0x0000000705300000, 0x0000000705300000| Untracked 
|  24|0x0000000705400000, 0x0000000705400000, 0x0000000705500000|  0%| F|  |TAMS 0x0000000705400000, 0x0000000705400000| Untracked 
|  25|0x0000000705500000, 0x0000000705500000, 0x0000000705600000|  0%| F|  |TAMS 0x0000000705500000, 0x0000000705500000| Untracked 
|  26|0x0000000705600000, 0x0000000705600000, 0x0000000705700000|  0%| F|  |TAMS 0x0000000705600000, 0x0000000705600000| Untracked 
|  27|0x0000000705700000, 0x0000000705700000, 0x0000000705800000|  0%| F|  |TAMS 0x0000000705700000, 0x0000000705700000| Untracked 
|  28|0x0000000705800000, 0x0000000705800000, 0x0000000705900000|  0%| F|  |TAMS 0x0000000705800000, 0x0000000705800000| Untracked 
|  29|0x0000000705900000, 0x0000000705900000, 0x0000000705a00000|  0%| F|  |TAMS 0x0000000705900000, 0x0000000705900000| Untracked 
|  30|0x0000000705a00000, 0x0000000705a00000, 0x0000000705b00000|  0%| F|  |TAMS 0x0000000705a00000, 0x0000000705a00000| Untracked 
|  31|0x0000000705b00000, 0x0000000705b00000, 0x0000000705c00000|  0%| F|  |TAMS 0x0000000705b00000, 0x0000000705b00000| Untracked 
|  32|0x0000000705c00000, 0x0000000705c00000, 0x0000000705d00000|  0%| F|  |TAMS 0x0000000705c00000, 0x0000000705c00000| Untracked 
|  33|0x0000000705d00000, 0x0000000705d00000, 0x0000000705e00000|  0%| F|  |TAMS 0x0000000705d00000, 0x0000000705d00000| Untracked 
|  34|0x0000000705e00000, 0x0000000705e00000, 0x0000000705f00000|  0%| F|  |TAMS 0x0000000705e00000, 0x0000000705e00000| Untracked 
|  35|0x0000000705f00000, 0x0000000705f00000, 0x0000000706000000|  0%| F|  |TAMS 0x0000000705f00000, 0x0000000705f00000| Untracked 
|  36|0x0000000706000000, 0x0000000706000000, 0x0000000706100000|  0%| F|  |TAMS 0x0000000706000000, 0x0000000706000000| Untracked 
|  37|0x0000000706100000, 0x0000000706100000, 0x0000000706200000|  0%| F|  |TAMS 0x0000000706100000, 0x0000000706100000| Untracked 
|  38|0x0000000706200000, 0x0000000706200000, 0x0000000706300000|  0%| F|  |TAMS 0x0000000706200000, 0x0000000706200000| Untracked 
|  39|0x0000000706300000, 0x0000000706300000, 0x0000000706400000|  0%| F|  |TAMS 0x0000000706300000, 0x0000000706300000| Untracked 
|  40|0x0000000706400000, 0x0000000706400000, 0x0000000706500000|  0%| F|  |TAMS 0x0000000706400000, 0x0000000706400000| Untracked 
|  41|0x0000000706500000, 0x0000000706500000, 0x0000000706600000|  0%| F|  |TAMS 0x0000000706500000, 0x0000000706500000| Untracked 
|  42|0x0000000706600000, 0x0000000706600000, 0x0000000706700000|  0%| F|  |TAMS 0x0000000706600000, 0x0000000706600000| Untracked 
|  43|0x0000000706700000, 0x0000000706700000, 0x0000000706800000|  0%| F|  |TAMS 0x0000000706700000, 0x0000000706700000| Untracked 
|  44|0x0000000706800000, 0x0000000706800000, 0x0000000706900000|  0%| F|  |TAMS 0x0000000706800000, 0x0000000706800000| Untracked 
|  45|0x0000000706900000, 0x0000000706900000, 0x0000000706a00000|  0%| F|  |TAMS 0x0000000706900000, 0x0000000706900000| Untracked 
|  46|0x0000000706a00000, 0x0000000706a00000, 0x0000000706b00000|  0%| F|  |TAMS 0x0000000706a00000, 0x0000000706a00000| Untracked 
|  47|0x0000000706b00000, 0x0000000706b00000, 0x0000000706c00000|  0%| F|  |TAMS 0x0000000706b00000, 0x0000000706b00000| Untracked 
|  48|0x0000000706c00000, 0x0000000706c00000, 0x0000000706d00000|  0%| F|  |TAMS 0x0000000706c00000, 0x0000000706c00000| Untracked 
|  49|0x0000000706d00000, 0x0000000706d00000, 0x0000000706e00000|  0%| F|  |TAMS 0x0000000706d00000, 0x0000000706d00000| Untracked 
|  50|0x0000000706e00000, 0x0000000706e00000, 0x0000000706f00000|  0%| F|  |TAMS 0x0000000706e00000, 0x0000000706e00000| Untracked 
|  51|0x0000000706f00000, 0x0000000706f00000, 0x0000000707000000|  0%| F|  |TAMS 0x0000000706f00000, 0x0000000706f00000| Untracked 
|  52|0x0000000707000000, 0x0000000707000000, 0x0000000707100000|  0%| F|  |TAMS 0x0000000707000000, 0x0000000707000000| Untracked 
|  53|0x0000000707100000, 0x0000000707100000, 0x0000000707200000|  0%| F|  |TAMS 0x0000000707100000, 0x0000000707100000| Untracked 
|  54|0x0000000707200000, 0x0000000707200000, 0x0000000707300000|  0%| F|  |TAMS 0x0000000707200000, 0x0000000707200000| Untracked 
|  55|0x0000000707300000, 0x0000000707300000, 0x0000000707400000|  0%| F|  |TAMS 0x0000000707300000, 0x0000000707300000| Untracked 
|  56|0x0000000707400000, 0x0000000707400000, 0x0000000707500000|  0%| F|  |TAMS 0x0000000707400000, 0x0000000707400000| Untracked 
|  57|0x0000000707500000, 0x0000000707500000, 0x0000000707600000|  0%| F|  |TAMS 0x0000000707500000, 0x0000000707500000| Untracked 
|  58|0x0000000707600000, 0x0000000707600000, 0x0000000707700000|  0%| F|  |TAMS 0x0000000707600000, 0x0000000707600000| Untracked 
|  59|0x0000000707700000, 0x0000000707700000, 0x0000000707800000|  0%| F|  |TAMS 0x0000000707700000, 0x0000000707700000| Untracked 
|  60|0x0000000707800000, 0x0000000707800000, 0x0000000707900000|  0%| F|  |TAMS 0x0000000707800000, 0x0000000707800000| Untracked 
|  61|0x0000000707900000, 0x0000000707900000, 0x0000000707a00000|  0%| F|  |TAMS 0x0000000707900000, 0x0000000707900000| Untracked 
|  62|0x0000000707a00000, 0x0000000707a00000, 0x0000000707b00000|  0%| F|  |TAMS 0x0000000707a00000, 0x0000000707a00000| Untracked 
|  63|0x0000000707b00000, 0x0000000707b00000, 0x0000000707c00000|  0%| F|  |TAMS 0x0000000707b00000, 0x0000000707b00000| Untracked 
|  64|0x0000000707c00000, 0x0000000707c00000, 0x0000000707d00000|  0%| F|  |TAMS 0x0000000707c00000, 0x0000000707c00000| Untracked 
|  65|0x0000000707d00000, 0x0000000707d00000, 0x0000000707e00000|  0%| F|  |TAMS 0x0000000707d00000, 0x0000000707d00000| Untracked 
|  66|0x0000000707e00000, 0x0000000707e00000, 0x0000000707f00000|  0%| F|  |TAMS 0x0000000707e00000, 0x0000000707e00000| Untracked 
|  67|0x0000000707f00000, 0x0000000707f00000, 0x0000000708000000|  0%| F|  |TAMS 0x0000000707f00000, 0x0000000707f00000| Untracked 
|  68|0x0000000708000000, 0x0000000708000000, 0x0000000708100000|  0%| F|  |TAMS 0x0000000708000000, 0x0000000708000000| Untracked 
|  69|0x0000000708100000, 0x0000000708100000, 0x0000000708200000|  0%| F|  |TAMS 0x0000000708100000, 0x0000000708100000| Untracked 
|  70|0x0000000708200000, 0x0000000708200000, 0x0000000708300000|  0%| F|  |TAMS 0x0000000708200000, 0x0000000708200000| Untracked 
|  71|0x0000000708300000, 0x0000000708300000, 0x0000000708400000|  0%| F|  |TAMS 0x0000000708300000, 0x0000000708300000| Untracked 
|  72|0x0000000708400000, 0x0000000708400000, 0x0000000708500000|  0%| F|  |TAMS 0x0000000708400000, 0x0000000708400000| Untracked 
|  73|0x0000000708500000, 0x0000000708500000, 0x0000000708600000|  0%| F|  |TAMS 0x0000000708500000, 0x0000000708500000| Untracked 
|  74|0x0000000708600000, 0x0000000708600000, 0x0000000708700000|  0%| F|  |TAMS 0x0000000708600000, 0x0000000708600000| Untracked 
|  75|0x0000000708700000, 0x0000000708700000, 0x0000000708800000|  0%| F|  |TAMS 0x0000000708700000, 0x0000000708700000| Untracked 
|  76|0x0000000708800000, 0x0000000708800000, 0x0000000708900000|  0%| F|  |TAMS 0x0000000708800000, 0x0000000708800000| Untracked 
|  77|0x0000000708900000, 0x0000000708900000, 0x0000000708a00000|  0%| F|  |TAMS 0x0000000708900000, 0x0000000708900000| Untracked 
|  78|0x0000000708a00000, 0x0000000708a00000, 0x0000000708b00000|  0%| F|  |TAMS 0x0000000708a00000, 0x0000000708a00000| Untracked 
|  79|0x0000000708b00000, 0x0000000708b00000, 0x0000000708c00000|  0%| F|  |TAMS 0x0000000708b00000, 0x0000000708b00000| Untracked 
|  80|0x0000000708c00000, 0x0000000708c00000, 0x0000000708d00000|  0%| F|  |TAMS 0x0000000708c00000, 0x0000000708c00000| Untracked 
|  81|0x0000000708d00000, 0x0000000708d00000, 0x0000000708e00000|  0%| F|  |TAMS 0x0000000708d00000, 0x0000000708d00000| Untracked 
|  82|0x0000000708e00000, 0x0000000708e00000, 0x0000000708f00000|  0%| F|  |TAMS 0x0000000708e00000, 0x0000000708e00000| Untracked 
|  83|0x0000000708f00000, 0x0000000708f00000, 0x0000000709000000|  0%| F|  |TAMS 0x0000000708f00000, 0x0000000708f00000| Untracked 
|  84|0x0000000709000000, 0x0000000709000000, 0x0000000709100000|  0%| F|  |TAMS 0x0000000709000000, 0x0000000709000000| Untracked 
|  85|0x0000000709100000, 0x0000000709100000, 0x0000000709200000|  0%| F|  |TAMS 0x0000000709100000, 0x0000000709100000| Untracked 
|  86|0x0000000709200000, 0x0000000709200000, 0x0000000709300000|  0%| F|  |TAMS 0x0000000709200000, 0x0000000709200000| Untracked 
|  87|0x0000000709300000, 0x0000000709300000, 0x0000000709400000|  0%| F|  |TAMS 0x0000000709300000, 0x0000000709300000| Untracked 
|  88|0x0000000709400000, 0x0000000709400000, 0x0000000709500000|  0%| F|  |TAMS 0x0000000709400000, 0x0000000709400000| Untracked 
|  89|0x0000000709500000, 0x0000000709500000, 0x0000000709600000|  0%| F|  |TAMS 0x0000000709500000, 0x0000000709500000| Untracked 
|  90|0x0000000709600000, 0x0000000709600000, 0x0000000709700000|  0%| F|  |TAMS 0x0000000709600000, 0x0000000709600000| Untracked 
|  91|0x0000000709700000, 0x0000000709700000, 0x0000000709800000|  0%| F|  |TAMS 0x0000000709700000, 0x0000000709700000| Untracked 
|  92|0x0000000709800000, 0x0000000709800000, 0x0000000709900000|  0%| F|  |TAMS 0x0000000709800000, 0x0000000709800000| Untracked 
|  93|0x0000000709900000, 0x0000000709900000, 0x0000000709a00000|  0%| F|  |TAMS 0x0000000709900000, 0x0000000709900000| Untracked 
|  94|0x0000000709a00000, 0x0000000709a00000, 0x0000000709b00000|  0%| F|  |TAMS 0x0000000709a00000, 0x0000000709a00000| Untracked 
|  95|0x0000000709b00000, 0x0000000709b00000, 0x0000000709c00000|  0%| F|  |TAMS 0x0000000709b00000, 0x0000000709b00000| Untracked 
|  96|0x0000000709c00000, 0x0000000709c00000, 0x0000000709d00000|  0%| F|  |TAMS 0x0000000709c00000, 0x0000000709c00000| Untracked 
|  97|0x0000000709d00000, 0x0000000709d00000, 0x0000000709e00000|  0%| F|  |TAMS 0x0000000709d00000, 0x0000000709d00000| Untracked 
|  98|0x0000000709e00000, 0x0000000709e00000, 0x0000000709f00000|  0%| F|  |TAMS 0x0000000709e00000, 0x0000000709e00000| Untracked 
|  99|0x0000000709f00000, 0x0000000709f00000, 0x000000070a000000|  0%| F|  |TAMS 0x0000000709f00000, 0x0000000709f00000| Untracked 
| 100|0x000000070a000000, 0x000000070a000000, 0x000000070a100000|  0%| F|  |TAMS 0x000000070a000000, 0x000000070a000000| Untracked 
| 101|0x000000070a100000, 0x000000070a100000, 0x000000070a200000|  0%| F|  |TAMS 0x000000070a100000, 0x000000070a100000| Untracked 
| 102|0x000000070a200000, 0x000000070a200000, 0x000000070a300000|  0%| F|  |TAMS 0x000000070a200000, 0x000000070a200000| Untracked 
| 103|0x000000070a300000, 0x000000070a300000, 0x000000070a400000|  0%| F|  |TAMS 0x000000070a300000, 0x000000070a300000| Untracked 
| 104|0x000000070a400000, 0x000000070a400000, 0x000000070a500000|  0%| F|  |TAMS 0x000000070a400000, 0x000000070a400000| Untracked 
| 105|0x000000070a500000, 0x000000070a500000, 0x000000070a600000|  0%| F|  |TAMS 0x000000070a500000, 0x000000070a500000| Untracked 
| 106|0x000000070a600000, 0x000000070a600000, 0x000000070a700000|  0%| F|  |TAMS 0x000000070a600000, 0x000000070a600000| Untracked 
| 107|0x000000070a700000, 0x000000070a700000, 0x000000070a800000|  0%| F|  |TAMS 0x000000070a700000, 0x000000070a700000| Untracked 
| 108|0x000000070a800000, 0x000000070a800000, 0x000000070a900000|  0%| F|  |TAMS 0x000000070a800000, 0x000000070a800000| Untracked 
| 109|0x000000070a900000, 0x000000070a900000, 0x000000070aa00000|  0%| F|  |TAMS 0x000000070a900000, 0x000000070a900000| Untracked 
| 110|0x000000070aa00000, 0x000000070aa00000, 0x000000070ab00000|  0%| F|  |TAMS 0x000000070aa00000, 0x000000070aa00000| Untracked 
| 111|0x000000070ab00000, 0x000000070ab00000, 0x000000070ac00000|  0%| F|  |TAMS 0x000000070ab00000, 0x000000070ab00000| Untracked 
| 112|0x000000070ac00000, 0x000000070ac00000, 0x000000070ad00000|  0%| F|  |TAMS 0x000000070ac00000, 0x000000070ac00000| Untracked 
| 113|0x000000070ad00000, 0x000000070ad00000, 0x000000070ae00000|  0%| F|  |TAMS 0x000000070ad00000, 0x000000070ad00000| Untracked 
| 114|0x000000070ae00000, 0x000000070ae00000, 0x000000070af00000|  0%| F|  |TAMS 0x000000070ae00000, 0x000000070ae00000| Untracked 
| 115|0x000000070af00000, 0x000000070af00000, 0x000000070b000000|  0%| F|  |TAMS 0x000000070af00000, 0x000000070af00000| Untracked 
| 116|0x000000070b000000, 0x000000070b000000, 0x000000070b100000|  0%| F|  |TAMS 0x000000070b000000, 0x000000070b000000| Untracked 
| 117|0x000000070b100000, 0x000000070b100000, 0x000000070b200000|  0%| F|  |TAMS 0x000000070b100000, 0x000000070b100000| Untracked 
| 118|0x000000070b200000, 0x000000070b200000, 0x000000070b300000|  0%| F|  |TAMS 0x000000070b200000, 0x000000070b200000| Untracked 
| 119|0x000000070b300000, 0x000000070b300000, 0x000000070b400000|  0%| F|  |TAMS 0x000000070b300000, 0x000000070b300000| Untracked 
| 120|0x000000070b400000, 0x000000070b400000, 0x000000070b500000|  0%| F|  |TAMS 0x000000070b400000, 0x000000070b400000| Untracked 
| 121|0x000000070b500000, 0x000000070b500000, 0x000000070b600000|  0%| F|  |TAMS 0x000000070b500000, 0x000000070b500000| Untracked 
| 122|0x000000070b600000, 0x000000070b600000, 0x000000070b700000|  0%| F|  |TAMS 0x000000070b600000, 0x000000070b600000| Untracked 
| 123|0x000000070b700000, 0x000000070b700000, 0x000000070b800000|  0%| F|  |TAMS 0x000000070b700000, 0x000000070b700000| Untracked 
| 124|0x000000070b800000, 0x000000070b800000, 0x000000070b900000|  0%| F|  |TAMS 0x000000070b800000, 0x000000070b800000| Untracked 
| 125|0x000000070b900000, 0x000000070b900000, 0x000000070ba00000|  0%| F|  |TAMS 0x000000070b900000, 0x000000070b900000| Untracked 
| 126|0x000000070ba00000, 0x000000070ba00000, 0x000000070bb00000|  0%| F|  |TAMS 0x000000070ba00000, 0x000000070ba00000| Untracked 
| 127|0x000000070bb00000, 0x000000070bb00000, 0x000000070bc00000|  0%| F|  |TAMS 0x000000070bb00000, 0x000000070bb00000| Untracked 
| 128|0x000000070bc00000, 0x000000070bc00000, 0x000000070bd00000|  0%| F|  |TAMS 0x000000070bc00000, 0x000000070bc00000| Untracked 
| 129|0x000000070bd00000, 0x000000070bd00000, 0x000000070be00000|  0%| F|  |TAMS 0x000000070bd00000, 0x000000070bd00000| Untracked 
| 130|0x000000070be00000, 0x000000070be00000, 0x000000070bf00000|  0%| F|  |TAMS 0x000000070be00000, 0x000000070be00000| Untracked 
| 131|0x000000070bf00000, 0x000000070bf00000, 0x000000070c000000|  0%| F|  |TAMS 0x000000070bf00000, 0x000000070bf00000| Untracked 
| 132|0x000000070c000000, 0x000000070c000000, 0x000000070c100000|  0%| F|  |TAMS 0x000000070c000000, 0x000000070c000000| Untracked 
| 133|0x000000070c100000, 0x000000070c100000, 0x000000070c200000|  0%| F|  |TAMS 0x000000070c100000, 0x000000070c100000| Untracked 
| 134|0x000000070c200000, 0x000000070c200000, 0x000000070c300000|  0%| F|  |TAMS 0x000000070c200000, 0x000000070c200000| Untracked 
| 135|0x000000070c300000, 0x000000070c300000, 0x000000070c400000|  0%| F|  |TAMS 0x000000070c300000, 0x000000070c300000| Untracked 
| 136|0x000000070c400000, 0x000000070c400000, 0x000000070c500000|  0%| F|  |TAMS 0x000000070c400000, 0x000000070c400000| Untracked 
| 137|0x000000070c500000, 0x000000070c500000, 0x000000070c600000|  0%| F|  |TAMS 0x000000070c500000, 0x000000070c500000| Untracked 
| 138|0x000000070c600000, 0x000000070c600000, 0x000000070c700000|  0%| F|  |TAMS 0x000000070c600000, 0x000000070c600000| Untracked 
| 139|0x000000070c700000, 0x000000070c700000, 0x000000070c800000|  0%| F|  |TAMS 0x000000070c700000, 0x000000070c700000| Untracked 
| 140|0x000000070c800000, 0x000000070c800000, 0x000000070c900000|  0%| F|  |TAMS 0x000000070c800000, 0x000000070c800000| Untracked 
| 141|0x000000070c900000, 0x000000070c900000, 0x000000070ca00000|  0%| F|  |TAMS 0x000000070c900000, 0x000000070c900000| Untracked 
| 142|0x000000070ca00000, 0x000000070ca00000, 0x000000070cb00000|  0%| F|  |TAMS 0x000000070ca00000, 0x000000070ca00000| Untracked 
| 143|0x000000070cb00000, 0x000000070cb00000, 0x000000070cc00000|  0%| F|  |TAMS 0x000000070cb00000, 0x000000070cb00000| Untracked 
| 144|0x000000070cc00000, 0x000000070cc00000, 0x000000070cd00000|  0%| F|  |TAMS 0x000000070cc00000, 0x000000070cc00000| Untracked 
| 145|0x000000070cd00000, 0x000000070cd00000, 0x000000070ce00000|  0%| F|  |TAMS 0x000000070cd00000, 0x000000070cd00000| Untracked 
| 146|0x000000070ce00000, 0x000000070ce00000, 0x000000070cf00000|  0%| F|  |TAMS 0x000000070ce00000, 0x000000070ce00000| Untracked 
| 147|0x000000070cf00000, 0x000000070cf00000, 0x000000070d000000|  0%| F|  |TAMS 0x000000070cf00000, 0x000000070cf00000| Untracked 
| 148|0x000000070d000000, 0x000000070d000000, 0x000000070d100000|  0%| F|  |TAMS 0x000000070d000000, 0x000000070d000000| Untracked 
| 149|0x000000070d100000, 0x000000070d100000, 0x000000070d200000|  0%| F|  |TAMS 0x000000070d100000, 0x000000070d100000| Untracked 
| 150|0x000000070d200000, 0x000000070d200000, 0x000000070d300000|  0%| F|  |TAMS 0x000000070d200000, 0x000000070d200000| Untracked 
| 151|0x000000070d300000, 0x000000070d300000, 0x000000070d400000|  0%| F|  |TAMS 0x000000070d300000, 0x000000070d300000| Untracked 
| 152|0x000000070d400000, 0x000000070d400000, 0x000000070d500000|  0%| F|  |TAMS 0x000000070d400000, 0x000000070d400000| Untracked 
| 153|0x000000070d500000, 0x000000070d500000, 0x000000070d600000|  0%| F|  |TAMS 0x000000070d500000, 0x000000070d500000| Untracked 
| 154|0x000000070d600000, 0x000000070d600000, 0x000000070d700000|  0%| F|  |TAMS 0x000000070d600000, 0x000000070d600000| Untracked 
| 155|0x000000070d700000, 0x000000070d700000, 0x000000070d800000|  0%| F|  |TAMS 0x000000070d700000, 0x000000070d700000| Untracked 
| 156|0x000000070d800000, 0x000000070d800000, 0x000000070d900000|  0%| F|  |TAMS 0x000000070d800000, 0x000000070d800000| Untracked 
| 157|0x000000070d900000, 0x000000070d900000, 0x000000070da00000|  0%| F|  |TAMS 0x000000070d900000, 0x000000070d900000| Untracked 
| 158|0x000000070da00000, 0x000000070da00000, 0x000000070db00000|  0%| F|  |TAMS 0x000000070da00000, 0x000000070da00000| Untracked 
| 159|0x000000070db00000, 0x000000070db00000, 0x000000070dc00000|  0%| F|  |TAMS 0x000000070db00000, 0x000000070db00000| Untracked 
| 160|0x000000070dc00000, 0x000000070dc00000, 0x000000070dd00000|  0%| F|  |TAMS 0x000000070dc00000, 0x000000070dc00000| Untracked 
| 161|0x000000070dd00000, 0x000000070dd00000, 0x000000070de00000|  0%| F|  |TAMS 0x000000070dd00000, 0x000000070dd00000| Untracked 
| 162|0x000000070de00000, 0x000000070de00000, 0x000000070df00000|  0%| F|  |TAMS 0x000000070de00000, 0x000000070de00000| Untracked 
| 163|0x000000070df00000, 0x000000070df00000, 0x000000070e000000|  0%| F|  |TAMS 0x000000070df00000, 0x000000070df00000| Untracked 
| 164|0x000000070e000000, 0x000000070e000000, 0x000000070e100000|  0%| F|  |TAMS 0x000000070e000000, 0x000000070e000000| Untracked 
| 165|0x000000070e100000, 0x000000070e100000, 0x000000070e200000|  0%| F|  |TAMS 0x000000070e100000, 0x000000070e100000| Untracked 
| 166|0x000000070e200000, 0x000000070e200000, 0x000000070e300000|  0%| F|  |TAMS 0x000000070e200000, 0x000000070e200000| Untracked 
| 167|0x000000070e300000, 0x000000070e300000, 0x000000070e400000|  0%| F|  |TAMS 0x000000070e300000, 0x000000070e300000| Untracked 
| 168|0x000000070e400000, 0x000000070e400000, 0x000000070e500000|  0%| F|  |TAMS 0x000000070e400000, 0x000000070e400000| Untracked 
| 169|0x000000070e500000, 0x000000070e500000, 0x000000070e600000|  0%| F|  |TAMS 0x000000070e500000, 0x000000070e500000| Untracked 
| 170|0x000000070e600000, 0x000000070e600000, 0x000000070e700000|  0%| F|  |TAMS 0x000000070e600000, 0x000000070e600000| Untracked 
| 171|0x000000070e700000, 0x000000070e700000, 0x000000070e800000|  0%| F|  |TAMS 0x000000070e700000, 0x000000070e700000| Untracked 
| 172|0x000000070e800000, 0x000000070e800000, 0x000000070e900000|  0%| F|  |TAMS 0x000000070e800000, 0x000000070e800000| Untracked 
| 173|0x000000070e900000, 0x000000070e900000, 0x000000070ea00000|  0%| F|  |TAMS 0x000000070e900000, 0x000000070e900000| Untracked 
| 174|0x000000070ea00000, 0x000000070ea00000, 0x000000070eb00000|  0%| F|  |TAMS 0x000000070ea00000, 0x000000070ea00000| Untracked 
| 175|0x000000070eb00000, 0x000000070eb00000, 0x000000070ec00000|  0%| F|  |TAMS 0x000000070eb00000, 0x000000070eb00000| Untracked 
| 176|0x000000070ec00000, 0x000000070ec00000, 0x000000070ed00000|  0%| F|  |TAMS 0x000000070ec00000, 0x000000070ec00000| Untracked 
| 177|0x000000070ed00000, 0x000000070ed00000, 0x000000070ee00000|  0%| F|  |TAMS 0x000000070ed00000, 0x000000070ed00000| Untracked 
| 178|0x000000070ee00000, 0x000000070ee00000, 0x000000070ef00000|  0%| F|  |TAMS 0x000000070ee00000, 0x000000070ee00000| Untracked 
| 179|0x000000070ef00000, 0x000000070ef00000, 0x000000070f000000|  0%| F|  |TAMS 0x000000070ef00000, 0x000000070ef00000| Untracked 
| 180|0x000000070f000000, 0x000000070f000000, 0x000000070f100000|  0%| F|  |TAMS 0x000000070f000000, 0x000000070f000000| Untracked 
| 181|0x000000070f100000, 0x000000070f100000, 0x000000070f200000|  0%| F|  |TAMS 0x000000070f100000, 0x000000070f100000| Untracked 
| 182|0x000000070f200000, 0x000000070f200000, 0x000000070f300000|  0%| F|  |TAMS 0x000000070f200000, 0x000000070f200000| Untracked 
| 183|0x000000070f300000, 0x000000070f300000, 0x000000070f400000|  0%| F|  |TAMS 0x000000070f300000, 0x000000070f300000| Untracked 
| 184|0x000000070f400000, 0x000000070f400000, 0x000000070f500000|  0%| F|  |TAMS 0x000000070f400000, 0x000000070f400000| Untracked 
| 185|0x000000070f500000, 0x000000070f500000, 0x000000070f600000|  0%| F|  |TAMS 0x000000070f500000, 0x000000070f500000| Untracked 
| 186|0x000000070f600000, 0x000000070f600000, 0x000000070f700000|  0%| F|  |TAMS 0x000000070f600000, 0x000000070f600000| Untracked 
| 187|0x000000070f700000, 0x000000070f700000, 0x000000070f800000|  0%| F|  |TAMS 0x000000070f700000, 0x000000070f700000| Untracked 
| 188|0x000000070f800000, 0x000000070f800000, 0x000000070f900000|  0%| F|  |TAMS 0x000000070f800000, 0x000000070f800000| Untracked 
| 189|0x000000070f900000, 0x000000070f900000, 0x000000070fa00000|  0%| F|  |TAMS 0x000000070f900000, 0x000000070f900000| Untracked 
| 190|0x000000070fa00000, 0x000000070fa00000, 0x000000070fb00000|  0%| F|  |TAMS 0x000000070fa00000, 0x000000070fa00000| Untracked 
| 191|0x000000070fb00000, 0x000000070fb00000, 0x000000070fc00000|  0%| F|  |TAMS 0x000000070fb00000, 0x000000070fb00000| Untracked 
| 192|0x000000070fc00000, 0x000000070fc00000, 0x000000070fd00000|  0%| F|  |TAMS 0x000000070fc00000, 0x000000070fc00000| Untracked 
| 193|0x000000070fd00000, 0x000000070fd00000, 0x000000070fe00000|  0%| F|  |TAMS 0x000000070fd00000, 0x000000070fd00000| Untracked 
| 194|0x000000070fe00000, 0x000000070fe00000, 0x000000070ff00000|  0%| F|  |TAMS 0x000000070fe00000, 0x000000070fe00000| Untracked 
| 195|0x000000070ff00000, 0x000000070ff00000, 0x0000000710000000|  0%| F|  |TAMS 0x000000070ff00000, 0x000000070ff00000| Untracked 
| 196|0x0000000710000000, 0x0000000710000000, 0x0000000710100000|  0%| F|  |TAMS 0x0000000710000000, 0x0000000710000000| Untracked 
| 197|0x0000000710100000, 0x0000000710100000, 0x0000000710200000|  0%| F|  |TAMS 0x0000000710100000, 0x0000000710100000| Untracked 
| 198|0x0000000710200000, 0x0000000710200000, 0x0000000710300000|  0%| F|  |TAMS 0x0000000710200000, 0x0000000710200000| Untracked 
| 199|0x0000000710300000, 0x0000000710300000, 0x0000000710400000|  0%| F|  |TAMS 0x0000000710300000, 0x0000000710300000| Untracked 
| 200|0x0000000710400000, 0x0000000710400000, 0x0000000710500000|  0%| F|  |TAMS 0x0000000710400000, 0x0000000710400000| Untracked 
| 201|0x0000000710500000, 0x0000000710500000, 0x0000000710600000|  0%| F|  |TAMS 0x0000000710500000, 0x0000000710500000| Untracked 
| 202|0x0000000710600000, 0x0000000710600000, 0x0000000710700000|  0%| F|  |TAMS 0x0000000710600000, 0x0000000710600000| Untracked 
| 203|0x0000000710700000, 0x0000000710700000, 0x0000000710800000|  0%| F|  |TAMS 0x0000000710700000, 0x0000000710700000| Untracked 
| 204|0x0000000710800000, 0x0000000710800000, 0x0000000710900000|  0%| F|  |TAMS 0x0000000710800000, 0x0000000710800000| Untracked 
| 205|0x0000000710900000, 0x0000000710900000, 0x0000000710a00000|  0%| F|  |TAMS 0x0000000710900000, 0x0000000710900000| Untracked 
| 206|0x0000000710a00000, 0x0000000710a00000, 0x0000000710b00000|  0%| F|  |TAMS 0x0000000710a00000, 0x0000000710a00000| Untracked 
| 207|0x0000000710b00000, 0x0000000710b00000, 0x0000000710c00000|  0%| F|  |TAMS 0x0000000710b00000, 0x0000000710b00000| Untracked 
| 208|0x0000000710c00000, 0x0000000710c00000, 0x0000000710d00000|  0%| F|  |TAMS 0x0000000710c00000, 0x0000000710c00000| Untracked 
| 209|0x0000000710d00000, 0x0000000710d00000, 0x0000000710e00000|  0%| F|  |TAMS 0x0000000710d00000, 0x0000000710d00000| Untracked 
| 210|0x0000000710e00000, 0x0000000710e00000, 0x0000000710f00000|  0%| F|  |TAMS 0x0000000710e00000, 0x0000000710e00000| Untracked 
| 211|0x0000000710f00000, 0x0000000710f00000, 0x0000000711000000|  0%| F|  |TAMS 0x0000000710f00000, 0x0000000710f00000| Untracked 
| 212|0x0000000711000000, 0x0000000711000000, 0x0000000711100000|  0%| F|  |TAMS 0x0000000711000000, 0x0000000711000000| Untracked 
| 213|0x0000000711100000, 0x0000000711100000, 0x0000000711200000|  0%| F|  |TAMS 0x0000000711100000, 0x0000000711100000| Untracked 
| 214|0x0000000711200000, 0x0000000711200000, 0x0000000711300000|  0%| F|  |TAMS 0x0000000711200000, 0x0000000711200000| Untracked 
| 215|0x0000000711300000, 0x0000000711300000, 0x0000000711400000|  0%| F|  |TAMS 0x0000000711300000, 0x0000000711300000| Untracked 
| 216|0x0000000711400000, 0x0000000711400000, 0x0000000711500000|  0%| F|  |TAMS 0x0000000711400000, 0x0000000711400000| Untracked 
| 217|0x0000000711500000, 0x0000000711500000, 0x0000000711600000|  0%| F|  |TAMS 0x0000000711500000, 0x0000000711500000| Untracked 
| 218|0x0000000711600000, 0x0000000711600000, 0x0000000711700000|  0%| F|  |TAMS 0x0000000711600000, 0x0000000711600000| Untracked 
| 219|0x0000000711700000, 0x0000000711700000, 0x0000000711800000|  0%| F|  |TAMS 0x0000000711700000, 0x0000000711700000| Untracked 
| 220|0x0000000711800000, 0x0000000711800000, 0x0000000711900000|  0%| F|  |TAMS 0x0000000711800000, 0x0000000711800000| Untracked 
| 221|0x0000000711900000, 0x0000000711900000, 0x0000000711a00000|  0%| F|  |TAMS 0x0000000711900000, 0x0000000711900000| Untracked 
| 222|0x0000000711a00000, 0x0000000711a00000, 0x0000000711b00000|  0%| F|  |TAMS 0x0000000711a00000, 0x0000000711a00000| Untracked 
| 223|0x0000000711b00000, 0x0000000711b00000, 0x0000000711c00000|  0%| F|  |TAMS 0x0000000711b00000, 0x0000000711b00000| Untracked 
| 224|0x0000000711c00000, 0x0000000711c00000, 0x0000000711d00000|  0%| F|  |TAMS 0x0000000711c00000, 0x0000000711c00000| Untracked 
| 225|0x0000000711d00000, 0x0000000711d00000, 0x0000000711e00000|  0%| F|  |TAMS 0x0000000711d00000, 0x0000000711d00000| Untracked 
| 226|0x0000000711e00000, 0x0000000711e00000, 0x0000000711f00000|  0%| F|  |TAMS 0x0000000711e00000, 0x0000000711e00000| Untracked 
| 227|0x0000000711f00000, 0x0000000712000000, 0x0000000712000000|100%| S|CS|TAMS 0x0000000711f00000, 0x0000000711f00000| Complete 
| 228|0x0000000712000000, 0x0000000712100000, 0x0000000712100000|100%| S|CS|TAMS 0x0000000712000000, 0x0000000712000000| Complete 
| 229|0x0000000712100000, 0x0000000712200000, 0x0000000712200000|100%| S|CS|TAMS 0x0000000712100000, 0x0000000712100000| Complete 
| 230|0x0000000712200000, 0x0000000712200000, 0x0000000712300000|  0%| F|  |TAMS 0x0000000712200000, 0x0000000712200000| Untracked 
| 231|0x0000000712300000, 0x0000000712300000, 0x0000000712400000|  0%| F|  |TAMS 0x0000000712300000, 0x0000000712300000| Untracked 
| 232|0x0000000712400000, 0x0000000712400000, 0x0000000712500000|  0%| F|  |TAMS 0x0000000712400000, 0x0000000712400000| Untracked 
| 233|0x0000000712500000, 0x0000000712580800, 0x0000000712600000| 50%| E|  |TAMS 0x0000000712500000, 0x0000000712500000| Complete 
| 234|0x0000000712600000, 0x0000000712700000, 0x0000000712700000|100%| E|CS|TAMS 0x0000000712600000, 0x0000000712600000| Complete 
| 235|0x0000000712700000, 0x0000000712800000, 0x0000000712800000|100%| E|CS|TAMS 0x0000000712700000, 0x0000000712700000| Complete 
| 236|0x0000000712800000, 0x0000000712900000, 0x0000000712900000|100%| E|CS|TAMS 0x0000000712800000, 0x0000000712800000| Complete 
| 237|0x0000000712900000, 0x0000000712a00000, 0x0000000712a00000|100%| E|CS|TAMS 0x0000000712900000, 0x0000000712900000| Complete 
| 238|0x0000000712a00000, 0x0000000712b00000, 0x0000000712b00000|100%| E|CS|TAMS 0x0000000712a00000, 0x0000000712a00000| Complete 
| 239|0x0000000712b00000, 0x0000000712c00000, 0x0000000712c00000|100%| E|CS|TAMS 0x0000000712b00000, 0x0000000712b00000| Complete 
| 240|0x0000000712c00000, 0x0000000712d00000, 0x0000000712d00000|100%| E|CS|TAMS 0x0000000712c00000, 0x0000000712c00000| Complete 
| 241|0x0000000712d00000, 0x0000000712e00000, 0x0000000712e00000|100%| E|CS|TAMS 0x0000000712d00000, 0x0000000712d00000| Complete 
| 242|0x0000000712e00000, 0x0000000712f00000, 0x0000000712f00000|100%| E|CS|TAMS 0x0000000712e00000, 0x0000000712e00000| Complete 
| 243|0x0000000712f00000, 0x0000000713000000, 0x0000000713000000|100%| E|CS|TAMS 0x0000000712f00000, 0x0000000712f00000| Complete 
| 244|0x0000000713000000, 0x0000000713100000, 0x0000000713100000|100%| E|CS|TAMS 0x0000000713000000, 0x0000000713000000| Complete 
| 245|0x0000000713100000, 0x0000000713200000, 0x0000000713200000|100%| E|CS|TAMS 0x0000000713100000, 0x0000000713100000| Complete 
| 246|0x0000000713200000, 0x0000000713300000, 0x0000000713300000|100%| E|CS|TAMS 0x0000000713200000, 0x0000000713200000| Complete 
| 247|0x0000000713300000, 0x0000000713400000, 0x0000000713400000|100%| E|CS|TAMS 0x0000000713300000, 0x0000000713300000| Complete 
| 248|0x0000000713400000, 0x0000000713500000, 0x0000000713500000|100%| E|CS|TAMS 0x0000000713400000, 0x0000000713400000| Complete 
| 249|0x0000000713500000, 0x0000000713600000, 0x0000000713600000|100%| E|CS|TAMS 0x0000000713500000, 0x0000000713500000| Complete 
| 250|0x0000000713600000, 0x0000000713700000, 0x0000000713700000|100%| E|CS|TAMS 0x0000000713600000, 0x0000000713600000| Complete 
| 251|0x0000000713700000, 0x0000000713800000, 0x0000000713800000|100%| E|CS|TAMS 0x0000000713700000, 0x0000000713700000| Complete 
| 252|0x0000000713800000, 0x0000000713900000, 0x0000000713900000|100%| E|CS|TAMS 0x0000000713800000, 0x0000000713800000| Complete 
| 253|0x0000000713900000, 0x0000000713a00000, 0x0000000713a00000|100%| E|CS|TAMS 0x0000000713900000, 0x0000000713900000| Complete 

Card table byte_map: [0x00000214edf90000,0x00000214ee780000] _byte_map_base: 0x00000214ea772000

Marking Bits (Prev, Next): (CMBitMap*) 0x00000214d5cc8898, (CMBitMap*) 0x00000214d5cc88d8
 Prev Bits: [0x00000214eef70000, 0x00000214f2e80000)
 Next Bits: [0x00000214f2e80000, 0x00000214f6d90000)

Polling page: 0x00000214d3c30000

Metaspace:

Usage:
  Non-class:     14.93 MB capacity,    14.68 MB ( 98%) used,   216.80 KB (  1%) free+waste,    39.75 KB ( <1%) overhead. 
      Class:      2.04 MB capacity,     1.84 MB ( 90%) used,   176.16 KB (  8%) free+waste,    22.50 KB (  1%) overhead. 
       Both:     16.96 MB capacity,    16.52 MB ( 97%) used,   392.96 KB (  2%) free+waste,    62.25 KB ( <1%) overhead. 

Virtual space:
  Non-class space:       16.00 MB reserved,      15.00 MB ( 94%) committed 
      Class space:        1.00 GB reserved,       2.13 MB ( <1%) committed 
             Both:        1.02 GB reserved,      17.13 MB (  2%) committed 

Chunk freelists:
   Non-Class:  8.00 KB
       Class:  28.00 KB
        Both:  36.00 KB

MaxMetaspaceSize: 17179869184.00 GB
CompressedClassSpaceSize: 1.00 GB

CodeHeap 'non-profiled nmethods': size=120000Kb used=761Kb max_used=761Kb free=119238Kb
 bounds [0x00000214e5f40000, 0x00000214e61b0000, 0x00000214ed470000]
CodeHeap 'profiled nmethods': size=120000Kb used=4073Kb max_used=4073Kb free=115926Kb
 bounds [0x00000214dea10000, 0x00000214dee10000, 0x00000214e5f40000]
CodeHeap 'non-nmethods': size=5760Kb used=1358Kb max_used=1373Kb free=4401Kb
 bounds [0x00000214de470000, 0x00000214de6e0000, 0x00000214dea10000]
 total_blobs=2683 nmethods=2036 adapters=559
 compilation: enabled
              stopped_count=0, restarted_count=0
 full_count=0

Compilation events (20 events):
Event: 1.004 Thread 0x00000214fa1d9800 2029       3       java.util.LinkedList::checkPositionIndex (22 bytes)
Event: 1.004 Thread 0x00000214fa1d9800 nmethod 2029 0x00000214dee07f90 code [0x00000214dee081e0, 0x00000214dee08948]
Event: 1.004 Thread 0x00000214fa1d9800 2030       3       java.util.LinkedList::isPositionIndex (18 bytes)
Event: 1.005 Thread 0x00000214fa1d9800 nmethod 2030 0x00000214dee08c90 code [0x00000214dee08e20, 0x00000214dee08fd8]
Event: 1.005 Thread 0x00000214fa89a000 2033       4       java.lang.Object::equals (11 bytes)
Event: 1.005 Thread 0x00000214fa1d9800 2031       1       java.awt.Component::getX (5 bytes)
Event: 1.005 Thread 0x00000214fa1d9800 nmethod 2031 0x00000214e5ffd910 code [0x00000214e5ffdaa0, 0x00000214e5ffdb78]
Event: 1.005 Thread 0x00000214fa1d9800 2032       1       java.awt.Component::getY (5 bytes)
Event: 1.005 Thread 0x00000214fa1d9800 nmethod 2032 0x00000214e5ffdc10 code [0x00000214e5ffdda0, 0x00000214e5ffde78]
Event: 1.005 Thread 0x00000214fa89a000 nmethod 2033 0x00000214e5ffdf10 code [0x00000214e5ffe080, 0x00000214e5ffe0f8]
Event: 1.005 Thread 0x00000214fa1d9800 2034       3       javax.swing.JComponent::getX (5 bytes)
Event: 1.005 Thread 0x00000214fa1d9800 nmethod 2034 0x00000214dee09090 code [0x00000214dee09220, 0x00000214dee09358]
Event: 1.005 Thread 0x00000214fa1d9800 2036       3       java.util.LinkedList$ListItr::previous (70 bytes)
Event: 1.006 Thread 0x00000214fa1d9800 nmethod 2036 0x00000214dee09410 code [0x00000214dee09600, 0x00000214dee09b78]
Event: 1.006 Thread 0x00000214fa1d9800 2035       3       javax.swing.JComponent::getY (5 bytes)
Event: 1.006 Thread 0x00000214fa1d9800 nmethod 2035 0x00000214dee09d90 code [0x00000214dee09f20, 0x00000214dee0a058]
Event: 1.006 Thread 0x00000214fa1d9800 2037       1       java.awt.Component::isEnabledImpl (5 bytes)
Event: 1.006 Thread 0x00000214fa1d9800 nmethod 2037 0x00000214e5ffe210 code [0x00000214e5ffe3a0, 0x00000214e5ffe478]
Event: 1.006 Thread 0x00000214fa1d9800 2038       3       java.awt.Component::isEnabled (5 bytes)
Event: 1.006 Thread 0x00000214fa1d9800 nmethod 2038 0x00000214dee0a110 code [0x00000214dee0a2a0, 0x00000214dee0a3d8]

GC Heap History (2 events):
Event: 0.720 GC heap before
{Heap before GC invocations=0 (full 0):
 garbage-first heap   total 260096K, used 23552K [0x0000000703c00000, 0x0000000800000000)
  region size 1024K, 24 young (24576K), 0 survivors (0K)
 Metaspace       used 14122K, capacity 14476K, committed 14592K, reserved 1062912K
  class space    used 1585K, capacity 1737K, committed 1792K, reserved 1048576K
}
Event: 0.724 GC heap after
{Heap after GC invocations=1 (full 0):
 garbage-first heap   total 260096K, used 5269K [0x0000000703c00000, 0x0000000800000000)
  region size 1024K, 3 young (3072K), 3 survivors (3072K)
 Metaspace       used 14122K, capacity 14476K, committed 14592K, reserved 1062912K
  class space    used 1585K, capacity 1737K, committed 1792K, reserved 1048576K
}

Deoptimization events (20 events):
Event: 0.931 Thread 0x00000214fc414000 DEOPT PACKING pc=0x00000214dedd5f94 sp=0x0000002bab1fea80
Event: 0.931 Thread 0x00000214fc414000 DEOPT UNPACKING pc=0x00000214de4b83de sp=0x0000002bab1fdfb0 mode 0
Event: 0.931 Thread 0x00000214fc414000 DEOPT PACKING pc=0x00000214dedd5f94 sp=0x0000002bab1fea80
Event: 0.931 Thread 0x00000214fc414000 DEOPT UNPACKING pc=0x00000214de4b83de sp=0x0000002bab1fdfb0 mode 0
Event: 0.931 Thread 0x00000214fc414000 DEOPT PACKING pc=0x00000214dedd5f94 sp=0x0000002bab1fea80
Event: 0.931 Thread 0x00000214fc414000 DEOPT UNPACKING pc=0x00000214de4b83de sp=0x0000002bab1fdfb0 mode 0
Event: 0.931 Thread 0x00000214fc414000 DEOPT PACKING pc=0x00000214dedd5f94 sp=0x0000002bab1fea80
Event: 0.931 Thread 0x00000214fc414000 DEOPT UNPACKING pc=0x00000214de4b83de sp=0x0000002bab1fdfb0 mode 0
Event: 0.931 Thread 0x00000214fc414000 DEOPT PACKING pc=0x00000214dedd5f94 sp=0x0000002bab1fea80
Event: 0.931 Thread 0x00000214fc414000 DEOPT UNPACKING pc=0x00000214de4b83de sp=0x0000002bab1fdfb0 mode 0
Event: 0.931 Thread 0x00000214fc414000 DEOPT PACKING pc=0x00000214dedd5f94 sp=0x0000002bab1fea80
Event: 0.931 Thread 0x00000214fc414000 DEOPT UNPACKING pc=0x00000214de4b83de sp=0x0000002bab1fdfb0 mode 0
Event: 0.933 Thread 0x00000214fa807000 Uncommon trap: trap_request=0xffffffde fr.pc=0x00000214e5fa18c4 relative=0x0000000000001904
Event: 0.933 Thread 0x00000214fa807000 Uncommon trap: reason=class_check action=maybe_recompile pc=0x00000214e5fa18c4 method=java.util.HashMap.putVal(ILjava/lang/Object;Ljava/lang/Object;ZZ)Ljava/lang/Object; @ 91 c2
Event: 0.933 Thread 0x00000214fa807000 DEOPT PACKING pc=0x00000214e5fa18c4 sp=0x0000002baa7fdf80
Event: 0.933 Thread 0x00000214fa807000 DEOPT UNPACKING pc=0x00000214de47852f sp=0x0000002baa7fde48 mode 2
Event: 0.933 Thread 0x00000214fa807000 Uncommon trap: trap_request=0xffffffde fr.pc=0x00000214e5fa18c4 relative=0x0000000000001904
Event: 0.933 Thread 0x00000214fa807000 Uncommon trap: reason=class_check action=maybe_recompile pc=0x00000214e5fa18c4 method=java.util.HashMap.putVal(ILjava/lang/Object;Ljava/lang/Object;ZZ)Ljava/lang/Object; @ 91 c2
Event: 0.933 Thread 0x00000214fa807000 DEOPT PACKING pc=0x00000214e5fa18c4 sp=0x0000002baa7fdf80
Event: 0.933 Thread 0x00000214fa807000 DEOPT UNPACKING pc=0x00000214de47852f sp=0x0000002baa7fde48 mode 2

Classes unloaded (0 events):
No events

Classes redefined (0 events):
No events

Internal exceptions (20 events):
Event: 0.168 Thread 0x00000214d5c5d000 Exception <a 'java/lang/NoSuchMethodError'{0x00000007136ea960}: 'java.lang.Object java.lang.invoke.DirectMethodHandle$Holder.invokeSpecial(java.lang.Object, java.lang.Object, int, java.lang.Object, java.lang.Object, java.lang.Object)'> (0x00000007136ea960) 
thrown [./src/hotspot/share/interpreter/linkResolver.cpp, line 767]
Event: 0.170 Thread 0x00000214d5c5d000 Exception <a 'java/lang/NoSuchMethodError'{0x000000071350b610}: 'java.lang.Object java.lang.invoke.DirectMethodHandle$Holder.invokeStatic(java.lang.Object, int, java.lang.Object)'> (0x000000071350b610) 
thrown [./src/hotspot/share/interpreter/linkResolver.cpp, line 767]
Event: 0.185 Thread 0x00000214d5c5d000 Exception <a 'java/lang/ClassNotFoundException'{0x00000007135b1e58}: com/sun/swing/internal/plaf/metal/resources/spi/metalProvider> (0x00000007135b1e58) 
thrown [./src/hotspot/share/classfile/systemDictionary.cpp, line 232]
Event: 0.186 Thread 0x00000214d5c5d000 Exception <a 'java/lang/ClassNotFoundException'{0x00000007135b5f10}: com/sun/swing/internal/plaf/basic/resources/spi/basicProvider> (0x00000007135b5f10) 
thrown [./src/hotspot/share/classfile/systemDictionary.cpp, line 232]
Event: 0.237 Thread 0x00000214d5c5d000 Exception <a 'java/lang/NoSuchMethodError'{0x00000007133396d0}: 'int java.lang.invoke.DirectMethodHandle$Holder.invokeSpecialIFC(java.lang.Object, java.lang.Object, int)'> (0x00000007133396d0) 
thrown [./src/hotspot/share/interpreter/linkResolver.cpp, line 767]
Event: 0.268 Thread 0x00000214d5c5d000 Exception <a 'java/lang/NoSuchMethodError'{0x000000071324ca38}: 'java.lang.Object java.lang.invoke.DirectMethodHandle$Holder.invokeVirtual(java.lang.Object, java.lang.Object, java.lang.Object)'> (0x000000071324ca38) 
thrown [./src/hotspot/share/interpreter/linkResolver.cpp, line 767]
Event: 0.380 Thread 0x00000214d5c5d000 Exception <a 'java/lang/NoSuchMethodError'{0x0000000712cc0ad0}: 'void java.lang.invoke.DirectMethodHandle$Holder.invokeStaticInit(java.lang.Object, java.lang.Object)'> (0x0000000712cc0ad0) 
thrown [./src/hotspot/share/interpreter/linkResolver.cpp, line 767]
Event: 0.403 Thread 0x00000214d5c5d000 Exception <a 'java/lang/NoSuchMethodError'{0x0000000712bc9500}: 'java.lang.Object java.lang.invoke.DirectMethodHandle$Holder.invokeStaticInit(java.lang.Object, int, int, int, int)'> (0x0000000712bc9500) 
thrown [./src/hotspot/share/interpreter/linkResolver.cpp, line 767]
Event: 0.404 Thread 0x00000214d5c5d000 Exception <a 'sun/nio/fs/WindowsException'{0x0000000712bcef20}> (0x0000000712bcef20) 
thrown [./src/hotspot/share/prims/jni.cpp, line 598]
Event: 0.409 Thread 0x00000214d5c5d000 Exception <a 'java/lang/NoSuchMethodError'{0x0000000712bf0540}: 'int java.lang.invoke.DirectMethodHandle$Holder.invokeStaticInit(java.lang.Object, java.lang.Object, java.lang.Object, java.lang.Object)'> (0x0000000712bf0540) 
thrown [./src/hotspot/share/interpreter/linkResolver.cpp, line 767]
Event: 0.409 Thread 0x00000214d5c5d000 Exception <a 'java/lang/IncompatibleClassChangeError'{0x0000000712bf8e50}: Found class java.lang.Object, but interface was expected> (0x0000000712bf8e50) 
thrown [./src/hotspot/share/interpreter/linkResolver.cpp, line 833]
Event: 0.410 Thread 0x00000214d5c5d000 Exception <a 'java/lang/NoSuchMethodError'{0x0000000712bfdd78}: 'int java.lang.invoke.DirectMethodHandle$Holder.invokeStaticInit(java.lang.Object, java.lang.Object)'> (0x0000000712bfdd78) 
thrown [./src/hotspot/share/interpreter/linkResolver.cpp, line 767]
Event: 0.566 Thread 0x00000214d5c5d000 Exception <a 'java/lang/NoSuchMethodError'{0x00000007128d6b30}: 'java.lang.Object java.lang.invoke.DirectMethodHandle$Holder.invokeStaticInit(java.lang.Object, java.lang.Object, int, int, int, int)'> (0x00000007128d6b30) 
thrown [./src/hotspot/share/interpreter/linkResolver.cpp, line 767]
Event: 0.717 Thread 0x00000214d5c5d000 Exception <a 'java/io/IOException'{0x00000007122ed778}> (0x00000007122ed778) 
thrown [./src/hotspot/share/prims/jni.cpp, line 598]
Event: 0.748 Thread 0x00000214d5c5d000 Exception <a 'java/io/IOException'{0x00000007136afe88}> (0x00000007136afe88) 
thrown [./src/hotspot/share/prims/jni.cpp, line 598]
Event: 0.777 Thread 0x00000214d5c5d000 Exception <a 'java/io/IOException'{0x00000007133f6b50}> (0x00000007133f6b50) 
thrown [./src/hotspot/share/prims/jni.cpp, line 598]
Event: 0.801 Thread 0x00000214d5c5d000 Exception <a 'java/io/IOException'{0x0000000712f3dbe8}> (0x0000000712f3dbe8) 
thrown [./src/hotspot/share/prims/jni.cpp, line 598]
Event: 0.829 Thread 0x00000214d5c5d000 Exception <a 'java/io/IOException'{0x0000000712b02ee8}> (0x0000000712b02ee8) 
thrown [./src/hotspot/share/prims/jni.cpp, line 598]
Event: 0.950 Thread 0x00000214d5c5d000 Exception <a 'java/lang/NoSuchMethodError'{0x000000071284cc10}: 'java.lang.Object java.lang.invoke.Invokers$Holder.linkToTargetMethod(java.lang.Object, int, java.lang.Object)'> (0x000000071284cc10) 
thrown [./src/hotspot/share/interpreter/linkResolver.cpp, line 767]
Event: 0.952 Thread 0x00000214d5c5d000 Exception <a 'java/lang/NoSuchMethodError'{0x0000000712850448}: 'void java.lang.invoke.DirectMethodHandle$Holder.invokeStaticInit(java.lang.Object)'> (0x0000000712850448) 
thrown [./src/hotspot/share/interpreter/linkResolver.cpp, line 767]

Events (20 events):
Event: 1.002 loading class sun/awt/GlobalCursorManager$NativeUpdater done
Event: 1.002 loading class sun/awt/WeakIdentityHashMap$WeakKey
Event: 1.002 loading class sun/awt/WeakIdentityHashMap$WeakKey done
Event: 1.002 loading class ZVUK
Event: 1.002 loading class ZVUK done
Event: 1.005 loading class java/util/ArrayList$ListItr
Event: 1.005 loading class java/util/ArrayList$ListItr done
Event: 1.005 Executing VM operation: Deoptimize
Event: 1.005 Executing VM operation: Deoptimize done
Event: 1.006 loading class java/awt/event/FocusEvent$Cause
Event: 1.006 loading class java/awt/event/FocusEvent$Cause done
Event: 1.007 loading class sun/awt/KeyboardFocusManagerPeerImpl$KfmAccessor
Event: 1.007 loading class sun/awt/KeyboardFocusManagerPeerImpl$KfmAccessor done
Event: 1.007 loading class java/awt/KeyboardFocusManager$HeavyweightFocusRequest
Event: 1.007 Loaded shared library C:\Users\n.torkina\Downloads\jlibmodbus-master\FSO\src\ZVUK.dll
Event: 1.007 loading class java/awt/KeyboardFocusManager$HeavyweightFocusRequest done
Event: 1.007 loading class java/awt/DefaultKeyboardFocusManager$TypeAheadMarker
Event: 1.007 loading class java/awt/DefaultKeyboardFocusManager$TypeAheadMarker done
Event: 1.007 loading class java/awt/KeyboardFocusManager$LightweightFocusRequest
Event: 1.007 loading class java/awt/KeyboardFocusManager$LightweightFocusRequest done


Dynamic libraries:
0x00007ff65b840000 - 0x00007ff65b84d000 	C:\Users\n.torkina\.jdks\azul-13.0.10\bin\java.exe
0x00007ffe78280000 - 0x00007ffe7846e000 	C:\Windows\SYSTEM32\ntdll.dll
0x00007ffe76690000 - 0x00007ffe76743000 	C:\Windows\System32\KERNEL32.DLL
0x00007ffe74b60000 - 0x00007ffe74dfd000 	C:\Windows\System32\KERNELBASE.dll
0x00007ffe74e00000 - 0x00007ffe74efa000 	C:\Windows\System32\ucrtbase.dll
0x00007ffe6b5b0000 - 0x00007ffe6b5c5000 	C:\Users\n.torkina\.jdks\azul-13.0.10\bin\VCRUNTIME140.dll
0x00007ffe6b5d0000 - 0x00007ffe6b5e7000 	C:\Users\n.torkina\.jdks\azul-13.0.10\bin\jli.dll
0x00007ffe76b20000 - 0x00007ffe76cb8000 	C:\Windows\System32\USER32.dll
0x00007ffe5cad0000 - 0x00007ffe5cd49000 	C:\Windows\WinSxS\amd64_microsoft.windows.common-controls_6595b64144ccf1df_6.0.17763.4010_none_de6ee876534d4e3f\COMCTL32.dll
0x00007ffe74320000 - 0x00007ffe74340000 	C:\Windows\System32\win32u.dll
0x00007ffe765f0000 - 0x00007ffe7668e000 	C:\Windows\System32\msvcrt.dll
0x00007ffe75c00000 - 0x00007ffe75c29000 	C:\Windows\System32\GDI32.dll
0x00007ffe75160000 - 0x00007ffe75300000 	C:\Windows\System32\gdi32full.dll
0x00007ffe762c0000 - 0x00007ffe765ec000 	C:\Windows\System32\combase.dll
0x00007ffe75410000 - 0x00007ffe754b0000 	C:\Windows\System32\msvcp_win.dll
0x00007ffe768c0000 - 0x00007ffe769dd000 	C:\Windows\System32\RPCRT4.dll
0x00007ffe75350000 - 0x00007ffe753d2000 	C:\Windows\System32\bcryptPrimitives.dll
0x00007ffe76cc0000 - 0x00007ffe76cee000 	C:\Windows\System32\IMM32.DLL
0x00007ffe66ca0000 - 0x00007ffe66d3b000 	C:\Users\n.torkina\.jdks\azul-13.0.10\bin\msvcp140.dll
0x00007ffde6140000 - 0x00007ffde6d35000 	C:\Users\n.torkina\.jdks\azul-13.0.10\bin\server\jvm.dll
0x00007ffe75c90000 - 0x00007ffe75d37000 	C:\Windows\System32\ADVAPI32.dll
0x00007ffe75f20000 - 0x00007ffe75fbf000 	C:\Windows\System32\sechost.dll
0x00007ffe769e0000 - 0x00007ffe769e8000 	C:\Windows\System32\PSAPI.DLL
0x00007ffe4b140000 - 0x00007ffe4b149000 	C:\Windows\SYSTEM32\WSOCK32.dll
0x00007ffe66330000 - 0x00007ffe66354000 	C:\Windows\SYSTEM32\WINMM.dll
0x00007ffe75640000 - 0x00007ffe756ad000 	C:\Windows\System32\WS2_32.dll
0x00007ffe69f80000 - 0x00007ffe69f8a000 	C:\Windows\SYSTEM32\VERSION.dll
0x00007ffe66300000 - 0x00007ffe6632d000 	C:\Windows\SYSTEM32\winmmbase.dll
0x00007ffe75300000 - 0x00007ffe7534a000 	C:\Windows\System32\cfgmgr32.dll
0x00007ffe74300000 - 0x00007ffe74311000 	C:\Windows\System32\kernel.appcore.dll
0x00007ffe6b5a0000 - 0x00007ffe6b5b0000 	C:\Users\n.torkina\.jdks\azul-13.0.10\bin\verify.dll
0x00007ffe729f0000 - 0x00007ffe72bdd000 	C:\Windows\SYSTEM32\DBGHELP.DLL
0x00007ffe60a20000 - 0x00007ffe60a4a000 	C:\Windows\SYSTEM32\dbgcore.DLL
0x00007ffe6b570000 - 0x00007ffe6b596000 	C:\Users\n.torkina\.jdks\azul-13.0.10\bin\java.dll
0x00007ffe6b560000 - 0x00007ffe6b56a000 	C:\Users\n.torkina\.jdks\azul-13.0.10\bin\jimage.dll
0x00007ffe66df0000 - 0x00007ffe66dfe000 	C:\Users\n.torkina\.jdks\azul-13.0.10\bin\instrument.dll
0x00007ffe66e00000 - 0x00007ffe66e17000 	C:\Users\n.torkina\.jdks\azul-13.0.10\bin\zip.dll
0x00007ffe76d50000 - 0x00007ffe78248000 	C:\Windows\System32\SHELL32.dll
0x00007ffe76190000 - 0x00007ffe76237000 	C:\Windows\System32\shcore.dll
0x00007ffe74410000 - 0x00007ffe74b59000 	C:\Windows\System32\windows.storage.dll
0x00007ffe742b0000 - 0x00007ffe742d3000 	C:\Windows\System32\profapi.dll
0x00007ffe74250000 - 0x00007ffe742ad000 	C:\Windows\System32\powrprof.dll
0x00007ffe76cf0000 - 0x00007ffe76d42000 	C:\Windows\System32\shlwapi.dll
0x00007ffe74340000 - 0x00007ffe7435b000 	C:\Windows\System32\cryptsp.dll
0x00007ffe66dd0000 - 0x00007ffe66de9000 	C:\Users\n.torkina\.jdks\azul-13.0.10\bin\net.dll
0x00007ffe6e230000 - 0x00007ffe6e32f000 	C:\Windows\SYSTEM32\WINHTTP.dll
0x00007ffe73aa0000 - 0x00007ffe73b07000 	C:\Windows\system32\mswsock.dll
0x00007ffe66db0000 - 0x00007ffe66dc2000 	C:\Users\n.torkina\.jdks\azul-13.0.10\bin\nio.dll
0x00007ffe66c80000 - 0x00007ffe66c9a000 	C:\Program Files\JetBrains\IntelliJ IDEA Community Edition 2021.3.3\bin\breakgen64.dll
0x00007ffde8630000 - 0x00007ffde87c8000 	C:\Users\n.torkina\.jdks\azul-13.0.10\bin\awt.dll
0x00007ffe756b0000 - 0x00007ffe75774000 	C:\Windows\System32\OLEAUT32.dll
0x00007ffe6d2c0000 - 0x00007ffe6d34c000 	C:\Windows\SYSTEM32\apphelp.dll
0x00007ffe72260000 - 0x00007ffe7228e000 	C:\Windows\system32\DWMAPI.DLL
0x00007ffe74f00000 - 0x00007ffe750f5000 	C:\Windows\System32\CRYPT32.dll
0x00007ffe742e0000 - 0x00007ffe742f2000 	C:\Windows\System32\MSASN1.dll
0x00007ffe6e760000 - 0x00007ffe6e7fc000 	C:\Windows\system32\uxtheme.dll
0x00007ffe44410000 - 0x00007ffe44537000 	C:\Windows\system32\opengl32.dll
0x00007ffe443a0000 - 0x00007ffe443cc000 	C:\Windows\SYSTEM32\GLU32.dll
0x00007ffe76750000 - 0x00007ffe768bb000 	C:\Windows\System32\MSCTF.dll
0x00007ffe75dc0000 - 0x00007ffe75f16000 	C:\Windows\System32\ole32.dll
0x00007ffe21630000 - 0x00007ffe216b6000 	C:\Users\n.torkina\.jdks\azul-13.0.10\bin\freetype.dll
0x00007ffe20960000 - 0x00007ffe20a05000 	C:\Users\n.torkina\.jdks\azul-13.0.10\bin\fontmanager.dll
0x00007ffe737f0000 - 0x00007ffe738b6000 	C:\Windows\SYSTEM32\DNSAPI.dll
0x00007ffe76180000 - 0x00007ffe76188000 	C:\Windows\System32\NSI.dll
0x00007ffe737b0000 - 0x00007ffe737ed000 	C:\Windows\SYSTEM32\IPHLPAPI.DLL
0x00007ffe692d0000 - 0x00007ffe692da000 	C:\Windows\System32\rasadhlp.dll
0x00007ffe6e180000 - 0x00007ffe6e1f9000 	C:\Windows\System32\fwpuclnt.dll
0x00007ffe753e0000 - 0x00007ffe75406000 	C:\Windows\System32\bcrypt.dll
0x00007ffe21760000 - 0x00007ffe21785000 	C:\Users\n.torkina\.jdks\azul-13.0.10\bin\sunec.dll
0x00007ffe73620000 - 0x00007ffe73653000 	C:\Windows\system32\rsaenh.dll
0x00007ffe74180000 - 0x00007ffe741a9000 	C:\Windows\SYSTEM32\USERENV.dll
0x00007ffe73c70000 - 0x00007ffe73c7c000 	C:\Windows\SYSTEM32\CRYPTBASE.dll
0x00007ffe6e140000 - 0x00007ffe6e156000 	C:\Windows\SYSTEM32\dhcpcsvc6.DLL
0x00007ffe6e120000 - 0x00007ffe6e13c000 	C:\Windows\SYSTEM32\dhcpcsvc.DLL
0x00007ffe47e60000 - 0x00007ffe47e6e000 	C:\Users\n.torkina\.jdks\azul-13.0.10\bin\sunmscapi.dll
0x00007ffe73d70000 - 0x00007ffe73d9c000 	C:\Windows\SYSTEM32\ncrypt.dll
0x00007ffe73d30000 - 0x00007ffe73d6c000 	C:\Windows\SYSTEM32\NTASN1.dll
0x00007ffe57c40000 - 0x00007ffe57cd3000 	C:\Windows\System32\TextInputFramework.dll
0x00007ffe6cbf0000 - 0x00007ffe6ccd1000 	C:\Windows\System32\CoreMessaging.dll
0x00007ffe65d90000 - 0x00007ffe660b2000 	C:\Windows\System32\CoreUIComponents.dll
0x00007ffe72fc0000 - 0x00007ffe72ff1000 	C:\Windows\SYSTEM32\ntmarta.dll
0x00007ffe6bc60000 - 0x00007ffe6bdb1000 	C:\Windows\SYSTEM32\wintypes.dll
0x00007ffe21730000 - 0x00007ffe21757000 	C:\Users\n.torkina\Downloads\jlibmodbus-master\FSO\src\ZVUK.dll
0x00007ffde8540000 - 0x00007ffde8622000 	C:\Windows\SYSTEM32\MSVCP140D.dll
0x00007ffe43690000 - 0x00007ffe4369f000 	C:\Windows\SYSTEM32\VCRUNTIME140_1D.dll
0x00007ffe20930000 - 0x00007ffe2095b000 	C:\Windows\SYSTEM32\VCRUNTIME140D.dll
0x00007ffde7fb0000 - 0x00007ffde81cf000 	C:\Windows\SYSTEM32\ucrtbased.dll

dbghelp: loaded successfully - version: 4.0.5 - missing functions: none
symbol engine: initialized successfully - sym options: 0x614 - pdb path: .;C:\Users\n.torkina\.jdks\azul-13.0.10\bin;C:\Windows\SYSTEM32;C:\Windows\WinSxS\amd64_microsoft.windows.common-controls_6595b64144ccf1df_6.0.17763.4010_none_de6ee876534d4e3f;C:\Users\n.torkina\.jdks\azul-13.0.10\bin\server;C:\Program Files\JetBrains\IntelliJ IDEA Community Edition 2021.3.3\bin;C:\Users\n.torkina\Downloads\jlibmodbus-master\FSO\src

VM Arguments:
jvm_args: -javaagent:C:\Program Files\JetBrains\IntelliJ IDEA Community Edition 2021.3.3\lib\idea_rt.jar=55995:C:\Program Files\JetBrains\IntelliJ IDEA Community Edition 2021.3.3\bin -Dfile.encoding=UTF-8 
java_command: Main
java_class_path (initial): C:\Users\n.torkina\Downloads\jlibmodbus-master\FSO\out\production\FSO;C:\Users\n.torkina\Downloads\EasyModbusJava.jar;C:\Users\n.torkina\Downloads\mysql-connector-java-8.0.20.jar;C:\Users\n.torkina\Downloads\joda-time-2.12.2.jar
Launcher Type: SUN_STANDARD

[Global flags]
     intx CICompilerCount                          = 4                                         {product} {ergonomic}
     uint ConcGCThreads                            = 2                                         {product} {ergonomic}
     uint G1ConcRefinementThreads                  = 8                                         {product} {ergonomic}
   size_t G1HeapRegionSize                         = 1048576                                   {product} {ergonomic}
    uintx GCDrainStackTargetSize                   = 64                                        {product} {ergonomic}
   size_t InitialHeapSize                          = 266338304                                 {product} {ergonomic}
   size_t MarkStackSize                            = 4194304                                   {product} {ergonomic}
   size_t MaxHeapSize                              = 4232052736                                {product} {ergonomic}
   size_t MaxNewSize                               = 2538602496                                {product} {ergonomic}
   size_t MinHeapDeltaBytes                        = 1048576                                   {product} {ergonomic}
   size_t MinHeapSize                              = 8388608                                   {product} {ergonomic}
    uintx NonNMethodCodeHeapSize                   = 5839372                                {pd product} {ergonomic}
    uintx NonProfiledCodeHeapSize                  = 122909434                              {pd product} {ergonomic}
    uintx ProfiledCodeHeapSize                     = 122909434                              {pd product} {ergonomic}
    uintx ReservedCodeCacheSize                    = 251658240                              {pd product} {ergonomic}
     bool SegmentedCodeCache                       = true                                      {product} {ergonomic}
   size_t SoftMaxHeapSize                          = 4232052736                             {manageable} {ergonomic}
     bool UseCompressedClassPointers               = true                                 {lp64_product} {ergonomic}
     bool UseCompressedOops                        = true                                 {lp64_product} {ergonomic}
     bool UseG1GC                                  = true                                      {product} {ergonomic}
     bool UseLargePagesIndividualAllocation        = false                                  {pd product} {ergonomic}

Logging:
Log output configuration:
 #0: stdout all=warning uptime,level,tags
 #1: stderr all=off uptime,level,tags

Environment Variables:
PATH=C:\Program Files\Microsoft\jdk-11.0.16.101-hotspot\bin;C:\Program Files (x86)\Common Files\Oracle\Java\javapath;C:\Windows\system32;C:\Windows;C:\Windows\System32\Wbem;C:\Windows\System32\WindowsPowerShell\v1.0\;C:\Windows\System32\OpenSSH\;C:\Program Files (x86)\HMITool6.0\Marco\HMI3352\bin;C:\Program Files (x86)\HMITool6.0\Marco\X86\bin;C:\Program Files\Git\cmd;C:\Program Files\PuTTY\;C:\Users\n.torkina\AppData\Local\Programs\Python\Launcher\;C:\Users\n.torkina\AppData\Local\Microsoft\WindowsApps;;C:\Program Files\JetBrains\IntelliJ IDEA Community Edition 2021.3.3\bin;
USERNAME=n.torkina
OS=Windows_NT
PROCESSOR_IDENTIFIER=Intel64 Family 6 Model 140 Stepping 1, GenuineIntel



---------------  S Y S T E M  ---------------

OS: Windows 10 , 64 bit Build 17763 (10.0.17763.3887)
OS uptime: 0 days 19:28 hours

CPU:total 8 (initial active 8) (4 cores per cpu, 2 threads per core) family 6 model 140 stepping 1, cmov, cx8, fxsr, mmx, sse, sse2, sse3, ssse3, sse4.1, sse4.2, popcnt, avx, avx2, aes, clmul, erms, 3dnowpref, lzcnt, ht, tsc, tscinvbit, bmi1, bmi2, adx, evex, sha, fma

Memory: 4k page, system-wide physical 16140M (6039M free)
TotalPageFile size 18572M (AvailPageFile size 4512M)
current process WorkingSet (physical memory assigned to process): 129M, peak: 129M
current process commit charge ("private bytes"): 397M, peak: 397M

vm_info: OpenJDK 64-Bit Server VM (13.0.10+5-MTS) for windows-amd64 JRE (13.0.10+5-MTS) (Zulu13.46+15-CA), built on Dec 28 2021 15:42:39 by "zulu_re" with MS VC++ 15.9 (VS2017)

END.
