#
# A fatal error has been detected by the Java Runtime Environment:
#
#  EXCEPTION_ACCESS_VIOLATION (0xc0000005) at pc=0x6f1119b2, pid=28016, tid=26676
#
# JRE version: OpenJDK Runtime Environment Temurin-17.0.6+10 (17.0.6+10) (build 17.0.6+10)
# Java VM: OpenJDK Client VM Temurin-17.0.6+10 (17.0.6+10, mixed mode, emulated-client, serial gc, windows-x86)
# Problematic frame:
# C  [audio203api.dll+0x19b2]
#
# No core dump will be written. Minidumps are not enabled by default on client versions of Windows
#
# If you would like to submit a bug report, please visit:
#   https://github.com/adoptium/adoptium-support/issues
# The crash happened outside the Java Virtual Machine in native code.
# See problematic frame for where to report the bug.
#

---------------  S U M M A R Y ------------

Command Line: -Djava.library.path=C:\Users\n.torkina\Downloads\jlibmodbus-master\FSO\src -javaagent:C:\Program Files\JetBrains\IntelliJ IDEA Community Edition 2021.3.3\lib\idea_rt.jar=51223:C:\Program Files\JetBrains\IntelliJ IDEA Community Edition 2021.3.3\bin -Dfile.encoding=UTF-8 Main

Host: 11th Gen Intel(R) Core(TM) i5-1135G7 @ 2.40GHz, 8 cores, 15G,  Windows 10 , 64 bit Build 17763 (10.0.17763.4131)
Time: Fri Apr 21 10:26:36 2023 RTZ 2 (зима) elapsed time: 45.874436 seconds (0d 0h 0m 45s)

---------------  T H R E A D  ---------------

Current thread (0x176c5040):  JavaThread "Thread-2" [_thread_in_native, id=26676, stack(0x19470000,0x194c0000)]

Stack: [0x19470000,0x194c0000],  sp=0x194bf980,  free space=318k
Native frames: (J=compiled Java code, j=interpreted, Vv=VM code, C=native code)
C  [audio203api.dll+0x19b2]

Java frames: (J=compiled Java code, j=interpreted, Vv=VM code)
j  ZVUK.getMeasure(II)I+0
j  WindowMain$43.lambda$actionPerformed$0()V+9
j  WindowMain$43$$Lambda$259+0x1830fb30.run()V+0
j  java.lang.Thread.run()V+11 java.base@17.0.6
v  ~StubRoutines::call_stub

siginfo: EXCEPTION_ACCESS_VIOLATION (0xc0000005), reading address 0x00000000


Register to memory mapping:

EIP=0x6f1119b2 audio203api.dll
EAX=0x0 is NULL
EBX={method} {0x1830cb44} 'getMeasure' '(II)I' in 'ZVUK'
ECX=0x00000006 is an unknown value
EDX=0x194bfad8 is pointing into the stack for thread: 0x176c5040
ESP=0x194bf980 is pointing into the stack for thread: 0x176c5040
EBP=0x194bfad8 is pointing into the stack for thread: 0x176c5040
ESI={method} {0x1830cb44} 'getMeasure' '(II)I' in 'ZVUK'
EDI=0x194bfad8 is pointing into the stack for thread: 0x176c5040


Registers:
EAX=0x00000000, EBX=0x1830cb40, ECX=0x00000006, EDX=0x194bfad8
ESP=0x194bf980, EBP=0x194bfad8, ESI=0x1830cb40, EDI=0x194bfad8
EIP=0x6f1119b2, EFLAGS=0x00010206

Top of Stack: (sp=0x194bf980)
0x194bf980:   00000003 6f132759 3fa4bc7b 6f1327a0
0x194bf990:   00000000 176c5040 1830cb40 1830cb40
0x194bf9a0:   1464f418 1464f804 000003ec 008339b8
0x194bf9b0:   0000000a 00001554 00000000 675f4b55
0x194bf9c0:   654d7465 72757361 194b0065 1830cb40
0x194bf9d0:   194bfa60 6fabafe0 00000000 00000000
0x194bf9e0:   00000000 00000000 00000000 00000000
0x194bf9f0:   00000000 00000000 00000000 194bf9d4 

Instructions: (pc=0x6f1119b2)
0x6f1118b2:   4c 24 1e 8a 44 24 1d 88 43 01 88 4b 02 80 f9 3c
0x6f1118c2:   74 25 68 dc 31 11 6f ff 15 48 30 11 6f 83 c4 04
0x6f1118d2:   b8 fd ff ff ff 5f 5e 5b 8b 4c 24 18 33 cc e8 26
0x6f1118e2:   04 00 00 8b e5 5d c3 8b 17 0f b6 c0 8b f0 c1 e6
0x6f1118f2:   04 2b f0 03 f6 8d 4c 24 10 03 f6 51 8b ce e8 6b
0x6f111902:   03 00 00 83 c4 04 85 c0 75 77 56 ff 15 80 30 11
0x6f111912:   6f 8b 54 24 1c 8b 74 24 14 89 02 8b f8 8b 44 24
0x6f111922:   18 33 db 83 c4 04 38 58 01 76 46 8d 49 00 8b 0e
0x6f111932:   89 0f 66 8b 56 04 66 89 57 04 8a 46 06 88 47 06
0x6f111942:   83 c6 07 8d 4f 07 8b c6 e8 d1 f8 ff ff 83 c6 21
0x6f111952:   8d 4f 20 8b c6 e8 34 fa ff ff 8b 4c 24 14 0f b6
0x6f111962:   51 01 43 83 c6 1c 83 c7 3c 3b da 7c c1 8b 74 24
0x6f111972:   10 85 f6 74 0a 56 ff 15 88 30 11 6f 83 c4 04 33
0x6f111982:   c0 8b 4c 24 24 5f 5e 5b 33 cc e8 7a 03 00 00 8b
0x6f111992:   e5 5d c3 cc cc cc cc cc cc cc cc cc cc cc 83 ec
0x6f1119a2:   0c a1 00 40 11 6f 33 c4 89 44 24 08 8b 44 24 10
0x6f1119b2:   8b 08 56 6a 0c 8d 74 24 08 e8 60 f6 ff ff 8b 4c
0x6f1119c2:   24 10 83 c4 04 5e 33 cc e8 3c 03 00 00 83 c4 0c
0x6f1119d2:   c3 cc cc cc cc cc cc cc cc cc cc cc cc cc 55 8b
0x6f1119e2:   ec 83 e4 f8 83 ec 14 a1 00 40 11 6f 33 c4 89 44
0x6f1119f2:   24 10 8b 45 10 53 8b 5d 0c 56 57 8b 7d 08 8b 0f
0x6f111a02:   6a 0d 8d 74 24 18 89 44 24 14 c7 44 24 10 00 00
0x6f111a12:   00 00 e8 07 f6 ff ff 8b f0 83 c4 04 85 f6 74 43
0x6f111a22:   33 c0 39 34 c5 ac 40 11 6f 74 2f 40 83 f8 07 72
0x6f111a32:   f1 b8 78 31 11 6f 56 50 68 fc 31 11 6f ff 15 48
0x6f111a42:   30 11 6f 83 c4 0c 8b c6 5f 5e 5b 8b 4c 24 10 33
0x6f111a52:   cc e8 b3 02 00 00 8b e5 5d c3 8b 04 c5 b0 40 11
0x6f111a62:   6f eb d3 8a 44 24 16 8a 4c 24 15 88 4b 01 88 43
0x6f111a72:   02 3c 1c 74 25 68 bc 31 11 6f ff 15 48 30 11 6f
0x6f111a82:   83 c4 04 b8 fd ff ff ff 5f 5e 5b 8b 4c 24 10 33
0x6f111a92:   cc e8 73 02 00 00 8b e5 5d c3 8d 54 24 0c 52 8b
0x6f111aa2:   17 b9 1c 00 00 00 e8 c3 01 00 00 8b f0 83 c4 04 


Stack slot to memory mapping:
stack at sp + 0 slots: 0x00000003 is an unknown value
stack at sp + 1 slots: 0x6f132759 Project1.dll
stack at sp + 2 slots: 0x3fa4bc7b is an unknown value
stack at sp + 3 slots: 0x6f1327a0 Project1.dll
stack at sp + 4 slots: 0x0 is NULL
stack at sp + 5 slots: 0x176c5040 is a thread
stack at sp + 6 slots: {method} {0x1830cb44} 'getMeasure' '(II)I' in 'ZVUK'
stack at sp + 7 slots: {method} {0x1830cb44} 'getMeasure' '(II)I' in 'ZVUK'


---------------  P R O C E S S  ---------------

Threads class SMR info:
_java_thread_list=0x146ad618, length=21, elements={
0x007f7610, 0x1462baa0, 0x1462e0a8, 0x1463f000,
0x1464a538, 0x1464b050, 0x1464bb68, 0x1464d098,
0x1464e8c0, 0x14717008, 0x15834840, 0x15834b50,
0x158e6fe0, 0x158e7d08, 0x1591efa8, 0x1741ff00,
0x177fbeb8, 0x176c6658, 0x176c6008, 0x176c5690,
0x176c5040
}

Java Threads: ( => current thread )
  0x007f7610 JavaThread "main" [_thread_blocked, id=12332, stack(0x024a0000,0x024f0000)]
  0x1462baa0 JavaThread "Reference Handler" daemon [_thread_blocked, id=2496, stack(0x15040000,0x15090000)]
  0x1462e0a8 JavaThread "Finalizer" daemon [_thread_blocked, id=15452, stack(0x150d0000,0x15120000)]
  0x1463f000 JavaThread "Signal Dispatcher" daemon [_thread_blocked, id=28340, stack(0x15260000,0x152b0000)]
  0x1464a538 JavaThread "Attach Listener" daemon [_thread_blocked, id=20936, stack(0x152f0000,0x15340000)]
  0x1464b050 JavaThread "Service Thread" daemon [_thread_blocked, id=27332, stack(0x15380000,0x153d0000)]
  0x1464bb68 JavaThread "Monitor Deflation Thread" daemon [_thread_blocked, id=27800, stack(0x15410000,0x15460000)]
  0x1464d098 JavaThread "C1 CompilerThread0" daemon [_thread_blocked, id=27788, stack(0x154a0000,0x154f0000)]
  0x1464e8c0 JavaThread "Sweeper thread" daemon [_thread_blocked, id=27176, stack(0x15530000,0x15580000)]
  0x14717008 JavaThread "Common-Cleaner" daemon [_thread_blocked, id=12864, stack(0x155c0000,0x15610000)]
  0x15834840 JavaThread "Monitor Ctrl-Break" daemon [_thread_in_native, id=23628, stack(0x15a50000,0x15aa0000)]
  0x15834b50 JavaThread "Notification Thread" daemon [_thread_blocked, id=27848, stack(0x15ae0000,0x15b30000)]
  0x158e6fe0 JavaThread "Java2D Disposer" daemon [_thread_blocked, id=16168, stack(0x15c30000,0x15c80000)]
  0x158e7d08 JavaThread "AWT-Shutdown" [_thread_blocked, id=15732, stack(0x15e30000,0x15e80000)]
  0x1591efa8 JavaThread "AWT-Windows" daemon [_thread_in_native, id=27440, stack(0x15ec0000,0x15f10000)]
  0x1741ff00 JavaThread "mysql-cj-abandoned-connection-cleanup" daemon [_thread_blocked, id=22412, stack(0x16850000,0x168a0000)]
  0x177fbeb8 JavaThread "AWT-EventQueue-0" [_thread_blocked, id=28276, stack(0x17c40000,0x17c90000)]
  0x176c6658 JavaThread "Thread-0" [_thread_in_native, id=27524, stack(0x17ee0000,0x17f30000)]
  0x176c6008 JavaThread "Thread-1" [_thread_blocked, id=9024, stack(0x192f0000,0x19340000)]
  0x176c5690 JavaThread "TimerQueue" daemon [_thread_blocked, id=28388, stack(0x193d0000,0x19420000)]
=>0x176c5040 JavaThread "Thread-2" [_thread_in_native, id=26676, stack(0x19470000,0x194c0000)]

Other Threads:
  0x008ace00 VMThread "VM Thread" [stack: 0x04590000,0x045e0000] [id=27508]
  0x15835468 WatcherThread [stack: 0x15b70000,0x15bc0000] [id=27484]

Threads with active compile tasks:

VM state: not at safepoint (normal execution)

VM Mutex/Monitor currently owned by a thread: None

GC Precious Log:
 CPUs: 8 total, 8 available
 Memory: 16140M
 Large Page Support: Disabled
 NUMA Support: Disabled
 Compressed Oops: Disabled
 Heap Min Capacity: 6M
 Heap Initial Capacity: 16M
 Heap Max Capacity: 256M
 Pre-touch: Disabled

Heap:
 def new generation   total 9216K, used 8926K [0x04600000, 0x04ff0000, 0x09b50000)
  eden space 8256K, 100% used [0x04600000, 0x04e10000, 0x04e10000)
  from space 960K,  69% used [0x04f00000, 0x04fa7818, 0x04ff0000)
  to   space 960K,   0% used [0x04e10000, 0x04e10000, 0x04f00000)
 tenured generation   total 20296K, used 14406K [0x09b50000, 0x0af22000, 0x14600000)
   the space 20296K,  70% used [0x09b50000, 0x0a961910, 0x0a961a00, 0x0af22000)
 Metaspace       used 18749K, committed 18944K, reserved 24576K

Card table byte_map: [0x00b00000,0x00b90000] _byte_map_base: 0x00add000

Polling page: 0x00410000

Metaspace:

Usage:
   18.31 MB used.

Virtual space:
     24.00 MB reserved,      18.50 MB ( 77%) committed,  3 nodes.

Chunk freelists:
958.00 KB

MaxMetaspaceSize: unlimited
No class space
Initial GC threshold: 16.00 MB
Current GC threshold: 26.38 MB
CDS: off
MetaspaceReclaimPolicy: balanced
 - commit_granule_bytes: 65536.
 - commit_granule_words: 16384.
 - virtual_space_node_default_size: 2097152.
 - enlarge_chunks_in_place: 1.
 - new_chunks_are_fully_committed: 0.
 - uncommit_free_chunks: 1.
 - use_allocation_guard: 0.
 - handle_deallocations: 1.


Internal statistics:

num_allocs_failed_limit: 0.
num_arena_births: 85.
num_arena_deaths: 0.
num_vsnodes_births: 3.
num_vsnodes_deaths: 0.
num_space_committed: 296.
num_space_uncommitted: 0.
num_chunks_returned_to_freelist: 0.
num_chunks_taken_from_freelist: 245.
num_chunk_merges: 0.
num_chunk_splits: 170.
num_chunks_enlarged: 144.
num_purges: 0.
num_inconsistent_stats: 0.

CodeCache: size=32768Kb used=3830Kb max_used=3830Kb free=28937Kb
 bounds [0x024f0000, 0x028b0000, 0x044f0000]
 total_blobs=3074 nmethods=2766 adapters=239
 compilation: enabled
              stopped_count=0, restarted_count=0
 full_count=0

Compilation events (20 events):
Event: 45.672 Thread 0x1464d098 2757             java.nio.CharBuffer::arrayOffset (35 bytes)
Event: 45.672 Thread 0x1464d098 nmethod 2757 0x028a1508 code [0x028a1640, 0x028a17d8]
Event: 45.672 Thread 0x1464d098 2758             java.net.InetAddress::holder (5 bytes)
Event: 45.672 Thread 0x1464d098 nmethod 2758 0x028a18c8 code [0x028a19d0, 0x028a1a80]
Event: 45.701 Thread 0x1464d098 2759   !         javax.swing.RepaintManager::addDirtyRegion0 (205 bytes)
Event: 45.702 Thread 0x1464d098 nmethod 2759 0x028a1ac8 code [0x028a1cc0, 0x028a251c]
Event: 45.703 Thread 0x1464d098 2761   !         java.awt.DefaultKeyboardFocusManager::dispatchEvent (1621 bytes)
Event: 45.708 Thread 0x1464d098 nmethod 2761 0x028a2948 code [0x028a3610, 0x028a8530]
Event: 45.708 Thread 0x1464d098 2762             java.awt.Component::getFont_NoClientCode (29 bytes)
Event: 45.708 Thread 0x1464d098 nmethod 2762 0x028ab7c8 code [0x028ab8f0, 0x028aba3c]
Event: 45.708 Thread 0x1464d098 2760             sun.java2d.SunGraphics2D::getCompClip (19 bytes)
Event: 45.708 Thread 0x1464d098 nmethod 2760 0x028abac8 code [0x028abbe0, 0x028abccc]
Event: 45.855 Thread 0x1464d098 2763             sun.awt.NullComponentPeer::setBackground (1 bytes)
Event: 45.855 Thread 0x1464d098 nmethod 2763 0x028abd48 code [0x028abe50, 0x028abf00]
Event: 45.856 Thread 0x1464d098 2764             sun.awt.im.InputContext::dispatchEvent (173 bytes)
Event: 45.857 Thread 0x1464d098 nmethod 2764 0x028abf48 code [0x028ac190, 0x028acc30]
Event: 45.857 Thread 0x1464d098 2765  s          sun.awt.im.InputContext::getInputMethod (34 bytes)
Event: 45.857 Thread 0x1464d098 nmethod 2765 0x028ad188 code [0x028ad2c0, 0x028ad51c]
Event: 45.858 Thread 0x1464d098 2766             sun.java2d.pipe.Region::clipRound (34 bytes)
Event: 45.858 Thread 0x1464d098 nmethod 2766 0x028ad588 code [0x028ad6f0, 0x028ad89c]

GC Heap History (20 events):
Event: 0.091 GC heap before
{Heap before GC invocations=0 (full 0):
 def new generation   total 4928K, used 2845K [0x04600000, 0x04b50000, 0x09b50000)
  eden space 4416K,  64% used [0x04600000, 0x048c7590, 0x04a50000)
  from space 512K,   0% used [0x04a50000, 0x04a50000, 0x04ad0000)
  to   space 512K,   0% used [0x04ad0000, 0x04ad0000, 0x04b50000)
 tenured generation   total 10944K, used 0K [0x09b50000, 0x0a600000, 0x14600000)
   the space 10944K,   0% used [0x09b50000, 0x09b50000, 0x09b50200, 0x0a600000)
 Metaspace       used 4146K, committed 4224K, reserved 8192K
}
Event: 0.093 GC heap after
{Heap after GC invocations=1 (full 0):
 def new generation   total 4928K, used 512K [0x04600000, 0x04b50000, 0x09b50000)
  eden space 4416K,   0% used [0x04600000, 0x04600000, 0x04a50000)
  from space 512K, 100% used [0x04ad0000, 0x04b50000, 0x04b50000)
  to   space 512K,   0% used [0x04a50000, 0x04a50000, 0x04ad0000)
 tenured generation   total 10944K, used 1417K [0x09b50000, 0x0a600000, 0x14600000)
   the space 10944K,  12% used [0x09b50000, 0x09cb2538, 0x09cb2600, 0x0a600000)
 Metaspace       used 4146K, committed 4224K, reserved 8192K
}
Event: 0.108 GC heap before
{Heap before GC invocations=1 (full 0):
 def new generation   total 4928K, used 4892K [0x04600000, 0x04b50000, 0x09b50000)
  eden space 4416K,  99% used [0x04600000, 0x04a473d8, 0x04a50000)
  from space 512K, 100% used [0x04ad0000, 0x04b50000, 0x04b50000)
  to   space 512K,   0% used [0x04a50000, 0x04a50000, 0x04ad0000)
 tenured generation   total 10944K, used 1417K [0x09b50000, 0x0a600000, 0x14600000)
   the space 10944K,  12% used [0x09b50000, 0x09cb2538, 0x09cb2600, 0x0a600000)
 Metaspace       used 4146K, committed 4224K, reserved 8192K
}
Event: 0.110 GC heap after
{Heap after GC invocations=2 (full 0):
 def new generation   total 4928K, used 512K [0x04600000, 0x04b50000, 0x09b50000)
  eden space 4416K,   0% used [0x04600000, 0x04600000, 0x04a50000)
  from space 512K, 100% used [0x04a50000, 0x04ad0000, 0x04ad0000)
  to   space 512K,   0% used [0x04ad0000, 0x04ad0000, 0x04b50000)
 tenured generation   total 10944K, used 5313K [0x09b50000, 0x0a600000, 0x14600000)
   the space 10944K,  48% used [0x09b50000, 0x0a080758, 0x0a080800, 0x0a600000)
 Metaspace       used 4146K, committed 4224K, reserved 8192K
}
Event: 0.215 GC heap before
{Heap before GC invocations=2 (full 0):
 def new generation   total 4928K, used 4928K [0x04600000, 0x04b50000, 0x09b50000)
  eden space 4416K, 100% used [0x04600000, 0x04a50000, 0x04a50000)
  from space 512K, 100% used [0x04a50000, 0x04ad0000, 0x04ad0000)
  to   space 512K,   0% used [0x04ad0000, 0x04ad0000, 0x04b50000)
 tenured generation   total 10944K, used 5313K [0x09b50000, 0x0a600000, 0x14600000)
   the space 10944K,  48% used [0x09b50000, 0x0a080758, 0x0a080800, 0x0a600000)
 Metaspace       used 7218K, committed 7296K, reserved 8192K
}
Event: 0.217 GC heap after
{Heap after GC invocations=3 (full 0):
 def new generation   total 4928K, used 512K [0x04600000, 0x04b50000, 0x09b50000)
  eden space 4416K,   0% used [0x04600000, 0x04600000, 0x04a50000)
  from space 512K, 100% used [0x04ad0000, 0x04b50000, 0x04b50000)
  to   space 512K,   0% used [0x04a50000, 0x04a50000, 0x04ad0000)
 tenured generation   total 10944K, used 6606K [0x09b50000, 0x0a600000, 0x14600000)
   the space 10944K,  60% used [0x09b50000, 0x0a1c3af8, 0x0a1c3c00, 0x0a600000)
 Metaspace       used 7218K, committed 7296K, reserved 8192K
}
Event: 0.347 GC heap before
{Heap before GC invocations=3 (full 0):
 def new generation   total 4928K, used 4928K [0x04600000, 0x04b50000, 0x09b50000)
  eden space 4416K, 100% used [0x04600000, 0x04a50000, 0x04a50000)
  from space 512K, 100% used [0x04ad0000, 0x04b50000, 0x04b50000)
  to   space 512K,   0% used [0x04a50000, 0x04a50000, 0x04ad0000)
 tenured generation   total 10944K, used 6606K [0x09b50000, 0x0a600000, 0x14600000)
   the space 10944K,  60% used [0x09b50000, 0x0a1c3af8, 0x0a1c3c00, 0x0a600000)
 Metaspace       used 9894K, committed 9984K, reserved 16384K
}
Event: 0.350 GC heap after
{Heap after GC invocations=4 (full 0):
 def new generation   total 4928K, used 512K [0x04600000, 0x04b50000, 0x09b50000)
  eden space 4416K,   0% used [0x04600000, 0x04600000, 0x04a50000)
  from space 512K, 100% used [0x04a50000, 0x04ad0000, 0x04ad0000)
  to   space 512K,   0% used [0x04ad0000, 0x04ad0000, 0x04b50000)
 tenured generation   total 10944K, used 8191K [0x09b50000, 0x0a600000, 0x14600000)
   the space 10944K,  74% used [0x09b50000, 0x0a34feb8, 0x0a350000, 0x0a600000)
 Metaspace       used 9894K, committed 9984K, reserved 16384K
}
Event: 0.422 GC heap before
{Heap before GC invocations=4 (full 0):
 def new generation   total 4928K, used 4928K [0x04600000, 0x04b50000, 0x09b50000)
  eden space 4416K, 100% used [0x04600000, 0x04a50000, 0x04a50000)
  from space 512K, 100% used [0x04a50000, 0x04ad0000, 0x04ad0000)
  to   space 512K,   0% used [0x04ad0000, 0x04ad0000, 0x04b50000)
 tenured generation   total 10944K, used 8191K [0x09b50000, 0x0a600000, 0x14600000)
   the space 10944K,  74% used [0x09b50000, 0x0a34feb8, 0x0a350000, 0x0a600000)
 Metaspace       used 11236K, committed 11328K, reserved 16384K
}
Event: 0.424 GC heap after
{Heap after GC invocations=5 (full 0):
 def new generation   total 4928K, used 379K [0x04600000, 0x04b50000, 0x09b50000)
  eden space 4416K,   0% used [0x04600000, 0x04600000, 0x04a50000)
  from space 512K,  74% used [0x04ad0000, 0x04b2ef78, 0x04b50000)
  to   space 512K,   0% used [0x04a50000, 0x04a50000, 0x04ad0000)
 tenured generation   total 10944K, used 8654K [0x09b50000, 0x0a600000, 0x14600000)
   the space 10944K,  79% used [0x09b50000, 0x0a3c3a30, 0x0a3c3c00, 0x0a600000)
 Metaspace       used 11236K, committed 11328K, reserved 16384K
}
Event: 0.589 GC heap before
{Heap before GC invocations=5 (full 0):
 def new generation   total 4928K, used 4795K [0x04600000, 0x04b50000, 0x09b50000)
  eden space 4416K, 100% used [0x04600000, 0x04a50000, 0x04a50000)
  from space 512K,  74% used [0x04ad0000, 0x04b2ef78, 0x04b50000)
  to   space 512K,   0% used [0x04a50000, 0x04a50000, 0x04ad0000)
 tenured generation   total 10944K, used 8654K [0x09b50000, 0x0a600000, 0x14600000)
   the space 10944K,  79% used [0x09b50000, 0x0a3c3a30, 0x0a3c3c00, 0x0a600000)
 Metaspace       used 14675K, committed 14848K, reserved 16384K
}
Event: 0.592 GC heap after
{Heap after GC invocations=6 (full 0):
 def new generation   total 4928K, used 512K [0x04600000, 0x04b50000, 0x09b50000)
  eden space 4416K,   0% used [0x04600000, 0x04600000, 0x04a50000)
  from space 512K, 100% used [0x04a50000, 0x04ad0000, 0x04ad0000)
  to   space 512K,   0% used [0x04ad0000, 0x04ad0000, 0x04b50000)
 tenured generation   total 10944K, used 9850K [0x09b50000, 0x0a600000, 0x14600000)
   the space 10944K,  90% used [0x09b50000, 0x0a4ee9b0, 0x0a4eea00, 0x0a600000)
 Metaspace       used 14675K, committed 14848K, reserved 16384K
}
Event: 0.713 GC heap before
{Heap before GC invocations=6 (full 0):
 def new generation   total 4928K, used 4928K [0x04600000, 0x04b50000, 0x09b50000)
  eden space 4416K, 100% used [0x04600000, 0x04a50000, 0x04a50000)
  from space 512K, 100% used [0x04a50000, 0x04ad0000, 0x04ad0000)
  to   space 512K,   0% used [0x04ad0000, 0x04ad0000, 0x04b50000)
 tenured generation   total 10944K, used 9850K [0x09b50000, 0x0a600000, 0x14600000)
   the space 10944K,  90% used [0x09b50000, 0x0a4ee9b0, 0x0a4eea00, 0x0a600000)
 Metaspace       used 15073K, committed 15168K, reserved 16384K
}
Event: 0.715 GC heap after
{Heap after GC invocations=7 (full 0):
 def new generation   total 4928K, used 318K [0x04600000, 0x04b50000, 0x09b50000)
  eden space 4416K,   0% used [0x04600000, 0x04600000, 0x04a50000)
  from space 512K,  62% used [0x04ad0000, 0x04b1f808, 0x04b50000)
  to   space 512K,   0% used [0x04a50000, 0x04a50000, 0x04ad0000)
 tenured generation   total 10944K, used 10356K [0x09b50000, 0x0a600000, 0x14600000)
   the space 10944K,  94% used [0x09b50000, 0x0a56d010, 0x0a56d200, 0x0a600000)
 Metaspace       used 15073K, committed 15168K, reserved 16384K
}
Event: 0.769 GC heap before
{Heap before GC invocations=7 (full 0):
 def new generation   total 4928K, used 4734K [0x04600000, 0x04b50000, 0x09b50000)
  eden space 4416K, 100% used [0x04600000, 0x04a50000, 0x04a50000)
  from space 512K,  62% used [0x04ad0000, 0x04b1f808, 0x04b50000)
  to   space 512K,   0% used [0x04a50000, 0x04a50000, 0x04ad0000)
 tenured generation   total 10944K, used 10356K [0x09b50000, 0x0a600000, 0x14600000)
   the space 10944K,  94% used [0x09b50000, 0x0a56d010, 0x0a56d200, 0x0a600000)
 Metaspace       used 16002K, committed 16192K, reserved 16384K
}
Event: 0.771 GC heap after
{Heap after GC invocations=8 (full 0):
 def new generation   total 4928K, used 218K [0x04600000, 0x04b50000, 0x09b50000)
  eden space 4416K,   0% used [0x04600000, 0x04600000, 0x04a50000)
  from space 512K,  42% used [0x04a50000, 0x04a86808, 0x04ad0000)
  to   space 512K,   0% used [0x04ad0000, 0x04ad0000, 0x04b50000)
 tenured generation   total 12352K, used 11959K [0x09b50000, 0x0a760000, 0x14600000)
   the space 12352K,  96% used [0x09b50000, 0x0a6fde10, 0x0a6fe000, 0x0a760000)
 Metaspace       used 16002K, committed 16192K, reserved 16384K
}
Event: 0.771 GC heap before
{Heap before GC invocations=8 (full 0):
 def new generation   total 4928K, used 218K [0x04600000, 0x04b50000, 0x09b50000)
  eden space 4416K,   0% used [0x04600000, 0x04600000, 0x04a50000)
  from space 512K,  42% used [0x04a50000, 0x04a86808, 0x04ad0000)
  to   space 512K,   0% used [0x04ad0000, 0x04ad0000, 0x04b50000)
 tenured generation   total 12352K, used 11959K [0x09b50000, 0x0a760000, 0x14600000)
   the space 12352K,  96% used [0x09b50000, 0x0a6fde10, 0x0a6fe000, 0x0a760000)
 Metaspace       used 16002K, committed 16192K, reserved 16384K
}
Event: 0.779 GC heap after
{Heap after GC invocations=8 (full 1):
 def new generation   total 9216K, used 0K [0x04600000, 0x04ff0000, 0x09b50000)
  eden space 8256K,   0% used [0x04600000, 0x04600000, 0x04e10000)
  from space 960K,   0% used [0x04e10000, 0x04e10000, 0x04f00000)
  to   space 960K,   0% used [0x04f00000, 0x04f00000, 0x04ff0000)
 tenured generation   total 20296K, used 12177K [0x09b50000, 0x0af22000, 0x14600000)
   the space 20296K,  59% used [0x09b50000, 0x0a7345d8, 0x0a734600, 0x0af22000)
 Metaspace       used 16002K, committed 16192K, reserved 16384K
}
Event: 3.870 GC heap before
{Heap before GC invocations=8 (full 1):
 def new generation   total 9216K, used 6017K [0x04600000, 0x04ff0000, 0x09b50000)
  eden space 8256K,  72% used [0x04600000, 0x04be0448, 0x04e10000)
  from space 960K,   0% used [0x04e10000, 0x04e10000, 0x04f00000)
  to   space 960K,   0% used [0x04f00000, 0x04f00000, 0x04ff0000)
 tenured generation   total 20296K, used 12177K [0x09b50000, 0x0af22000, 0x14600000)
   the space 20296K,  59% used [0x09b50000, 0x0a7345d8, 0x0a734600, 0x0af22000)
 Metaspace       used 18541K, committed 18688K, reserved 24576K
}
Event: 3.874 GC heap after
{Heap after GC invocations=9 (full 1):
 def new generation   total 9216K, used 670K [0x04600000, 0x04ff0000, 0x09b50000)
  eden space 8256K,   0% used [0x04600000, 0x04600000, 0x04e10000)
  from space 960K,  69% used [0x04f00000, 0x04fa7818, 0x04ff0000)
  to   space 960K,   0% used [0x04e10000, 0x04e10000, 0x04f00000)
 tenured generation   total 20296K, used 14406K [0x09b50000, 0x0af22000, 0x14600000)
   the space 20296K,  70% used [0x09b50000, 0x0a961910, 0x0a961a00, 0x0af22000)
 Metaspace       used 18541K, committed 18688K, reserved 24576K
}

Dll operation events (14 events):
Event: 0.003 Loaded shared library C:\jdk-17.0.6+10\bin\java.dll
Event: 0.072 Loaded shared library C:\jdk-17.0.6+10\bin\zip.dll
Event: 0.074 Loaded shared library C:\jdk-17.0.6+10\bin\instrument.dll
Event: 0.080 Loaded shared library C:\jdk-17.0.6+10\bin\net.dll
Event: 0.080 Loaded shared library C:\jdk-17.0.6+10\bin\nio.dll
Event: 0.084 Loaded shared library C:\jdk-17.0.6+10\bin\zip.dll
Event: 0.124 Loaded shared library C:\Program Files\JetBrains\IntelliJ IDEA Community Edition 2021.3.3\bin\breakgen.dll
Event: 0.134 Loaded shared library C:\jdk-17.0.6+10\bin\jimage.dll
Event: 0.141 Loaded shared library C:\jdk-17.0.6+10\bin\awt.dll
Event: 0.238 Loaded shared library C:\jdk-17.0.6+10\bin\freetype.dll
Event: 0.239 Loaded shared library C:\jdk-17.0.6+10\bin\fontmanager.dll
Event: 0.529 Loaded shared library C:\jdk-17.0.6+10\bin\sunmscapi.dll
Event: 0.720 Loaded shared library C:\jdk-17.0.6+10\bin\verify.dll
Event: 3.870 Loaded shared library C:\Users\n.torkina\Downloads\jlibmodbus-master\FSO\src\Project1.dll

Deoptimization events (4 events):
Event: 0.787 Thread 0x1591efa8 DEOPT PACKING pc=0x027321e9 sp=0x15f0e560
Event: 0.787 Thread 0x1591efa8 DEOPT UNPACKING pc=0x02535587 sp=0x15f0e3e0 mode 3
Event: 0.828 Thread 0x177fbeb8 DEOPT PACKING pc=0x02723117 sp=0x17c8f520
Event: 0.828 Thread 0x177fbeb8 DEOPT UNPACKING pc=0x02535587 sp=0x17c8f384 mode 3

Classes unloaded (0 events):
No events

Classes redefined (0 events):
No events

Internal exceptions (20 events):
Event: 45.456 Thread 0x007f7610 Implicit null exception at 0x02890c26 to 0x02891a69
Event: 45.456 Thread 0x007f7610 Exception <a 'java/lang/NullPointerException'{0x04dd21e8}> (0x04dd21e8) 
thrown [s\src\hotspot\share\runtime\sharedRuntime.cpp, line 628]
Event: 45.507 Thread 0x007f7610 Implicit null exception at 0x02890c26 to 0x02891a69
Event: 45.507 Thread 0x007f7610 Exception <a 'java/lang/NullPointerException'{0x04dd2688}> (0x04dd2688) 
thrown [s\src\hotspot\share\runtime\sharedRuntime.cpp, line 628]
Event: 45.558 Thread 0x007f7610 Implicit null exception at 0x02890c26 to 0x02891a69
Event: 45.558 Thread 0x007f7610 Exception <a 'java/lang/NullPointerException'{0x04dd2b28}> (0x04dd2b28) 
thrown [s\src\hotspot\share\runtime\sharedRuntime.cpp, line 628]
Event: 45.610 Thread 0x007f7610 Implicit null exception at 0x02890c26 to 0x02891a69
Event: 45.610 Thread 0x007f7610 Exception <a 'java/lang/NullPointerException'{0x04dd2fc8}> (0x04dd2fc8) 
thrown [s\src\hotspot\share\runtime\sharedRuntime.cpp, line 628]
Event: 45.660 Thread 0x007f7610 Implicit null exception at 0x02890c26 to 0x02891a69
Event: 45.660 Thread 0x007f7610 Exception <a 'java/lang/NullPointerException'{0x04dd3468}> (0x04dd3468) 
thrown [s\src\hotspot\share\runtime\sharedRuntime.cpp, line 628]
Event: 45.671 Thread 0x176c6658 Exception <a 'java/net/ConnectException'{0x04d00258}: Connection timed out: connect> (0x04d00258) 
thrown [s\src\hotspot\share\prims\jni.cpp, line 535]
Event: 45.671 Thread 0x176c6658 Exception <a 'java/net/SocketException'{0x04d004f8}: Socket is not connected: shutdown> (0x04d004f8) 
thrown [s\src\hotspot\share\prims\jni.cpp, line 535]
Event: 45.712 Thread 0x007f7610 Implicit null exception at 0x02890c26 to 0x02891a69
Event: 45.712 Thread 0x007f7610 Exception <a 'java/lang/NullPointerException'{0x04dd3908}> (0x04dd3908) 
thrown [s\src\hotspot\share\runtime\sharedRuntime.cpp, line 628]
Event: 45.765 Thread 0x007f7610 Implicit null exception at 0x02890c26 to 0x02891a69
Event: 45.765 Thread 0x007f7610 Exception <a 'java/lang/NullPointerException'{0x04dd3da8}> (0x04dd3da8) 
thrown [s\src\hotspot\share\runtime\sharedRuntime.cpp, line 628]
Event: 45.816 Thread 0x007f7610 Implicit null exception at 0x02890c26 to 0x02891a69
Event: 45.816 Thread 0x007f7610 Exception <a 'java/lang/NullPointerException'{0x04dd4248}> (0x04dd4248) 
thrown [s\src\hotspot\share\runtime\sharedRuntime.cpp, line 628]
Event: 45.866 Thread 0x007f7610 Implicit null exception at 0x02890c26 to 0x02891a69
Event: 45.866 Thread 0x007f7610 Exception <a 'java/lang/NullPointerException'{0x04dd46e8}> (0x04dd46e8) 
thrown [s\src\hotspot\share\runtime\sharedRuntime.cpp, line 628]

VM Operations (20 events):
Event: 23.885 Executing VM operation: Cleanup
Event: 23.885 Executing VM operation: Cleanup done
Event: 30.889 Executing VM operation: Cleanup
Event: 30.889 Executing VM operation: Cleanup done
Event: 31.889 Executing VM operation: Cleanup
Event: 31.889 Executing VM operation: Cleanup done
Event: 33.024 Executing VM operation: HandshakeAllThreads
Event: 33.024 Executing VM operation: HandshakeAllThreads done
Event: 33.024 Executing VM operation: Cleanup
Event: 33.024 Executing VM operation: Cleanup done
Event: 33.024 Executing VM operation: HandshakeAllThreads
Event: 33.024 Executing VM operation: HandshakeAllThreads done
Event: 34.025 Executing VM operation: Cleanup
Event: 34.025 Executing VM operation: Cleanup done
Event: 35.026 Executing VM operation: Cleanup
Event: 35.026 Executing VM operation: Cleanup done
Event: 44.029 Executing VM operation: Cleanup
Event: 44.029 Executing VM operation: Cleanup done
Event: 45.029 Executing VM operation: Cleanup
Event: 45.029 Executing VM operation: Cleanup done

Events (20 events):
Event: 33.024 loading class javax/swing/JApplet done
Event: 33.026 loading class sun/awt/UngrabEvent
Event: 33.026 loading class sun/awt/UngrabEvent done
Event: 33.028 loading class java/awt/geom/RectIterator
Event: 33.028 loading class java/awt/geom/PathIterator
Event: 33.028 loading class java/awt/geom/PathIterator done
Event: 33.028 loading class java/awt/geom/RectIterator done
Event: 43.125 loading class javax/swing/Autoscroller
Event: 43.125 loading class javax/swing/Autoscroller done
Event: 43.125 loading class javax/swing/text/AbstractDocument$UndoRedoDocumentEvent
Event: 43.125 loading class javax/swing/text/AbstractDocument$UndoRedoDocumentEvent done
Event: 43.125 loading class javax/swing/event/CaretListener
Event: 43.125 loading class javax/swing/event/CaretListener done
Event: 43.125 loading class javax/swing/text/DefaultCaret$1
Event: 43.125 loading class javax/swing/text/DefaultCaret$1 done
Event: 43.125 loading class javax/swing/event/ListDataEvent
Event: 43.125 loading class javax/swing/event/ListDataEvent done
Event: 43.127 loading class javax/swing/plaf/basic/BasicPopupMenuUI$MouseGrabber$2
Event: 43.127 loading class javax/swing/plaf/basic/BasicPopupMenuUI$MouseGrabber$2 done
Event: 45.856 Thread 0x176c5040 Thread added: 0x176c5040


Dynamic libraries:
0x001d0000 - 0x001dc000 	C:\jdk-17.0.6+10\bin\java.exe
0x76ec0000 - 0x7705c000 	C:\Windows\SYSTEM32\ntdll.dll
0x75480000 - 0x75560000 	C:\Windows\System32\KERNEL32.DLL
0x75ff0000 - 0x761f1000 	C:\Windows\System32\KERNELBASE.dll
0x74440000 - 0x744dc000 	C:\Windows\SYSTEM32\apphelp.dll
0x75e40000 - 0x75f63000 	C:\Windows\System32\ucrtbase.dll
0x6fca0000 - 0x6fcb4000 	C:\jdk-17.0.6+10\bin\jli.dll
0x6fc80000 - 0x6fc94000 	C:\jdk-17.0.6+10\bin\VCRUNTIME140.dll
0x76c10000 - 0x76daa000 	C:\Windows\System32\USER32.dll
0x70770000 - 0x7097f000 	C:\Windows\WinSxS\x86_microsoft.windows.common-controls_6595b64144ccf1df_6.0.17763.4131_none_261e08f567c7c3e5\COMCTL32.dll
0x757d0000 - 0x757e7000 	C:\Windows\System32\win32u.dll
0x74f90000 - 0x75050000 	C:\Windows\System32\msvcrt.dll
0x74e60000 - 0x74e84000 	C:\Windows\System32\GDI32.dll
0x74510000 - 0x74783000 	C:\Windows\System32\combase.dll
0x75590000 - 0x7564d000 	C:\Windows\System32\RPCRT4.dll
0x744f0000 - 0x74510000 	C:\Windows\System32\SspiCli.dll
0x744e0000 - 0x744ea000 	C:\Windows\System32\CRYPTBASE.dll
0x74c60000 - 0x74dcc000 	C:\Windows\System32\gdi32full.dll
0x76ba0000 - 0x76c05000 	C:\Windows\System32\bcryptPrimitives.dll
0x75230000 - 0x752b0000 	C:\Windows\System32\msvcp_win.dll
0x75150000 - 0x751c9000 	C:\Windows\System32\sechost.dll
0x75560000 - 0x75585000 	C:\Windows\System32\IMM32.DLL
0x6fc00000 - 0x6fc71000 	C:\jdk-17.0.6+10\bin\msvcp140.dll
0x6f6d0000 - 0x6fbf9000 	C:\jdk-17.0.6+10\bin\client\jvm.dll
0x76370000 - 0x763f0000 	C:\Windows\System32\ADVAPI32.dll
0x733c0000 - 0x733c8000 	C:\Windows\SYSTEM32\WSOCK32.dll
0x6fd90000 - 0x6fd98000 	C:\Windows\SYSTEM32\VERSION.dll
0x73930000 - 0x73954000 	C:\Windows\SYSTEM32\WINMM.dll
0x76a00000 - 0x76a5f000 	C:\Windows\System32\WS2_32.dll
0x73390000 - 0x733b3000 	C:\Windows\SYSTEM32\WINMMBASE.dll
0x74dd0000 - 0x74e0b000 	C:\Windows\System32\cfgmgr32.dll
0x75810000 - 0x7581f000 	C:\Windows\System32\kernel.appcore.dll
0x72840000 - 0x72849000 	C:\jdk-17.0.6+10\bin\jimage.dll
0x6f540000 - 0x6f6cf000 	C:\Windows\SYSTEM32\DBGHELP.DLL
0x6f510000 - 0x6f534000 	C:\Windows\SYSTEM32\dbgcore.DLL
0x6f4b0000 - 0x6f4bd000 	C:\jdk-17.0.6+10\bin\instrument.dll
0x6f4e0000 - 0x6f501000 	C:\jdk-17.0.6+10\bin\java.dll
0x758d0000 - 0x75e26000 	C:\Windows\System32\SHELL32.dll
0x75740000 - 0x757c9000 	C:\Windows\System32\shcore.dll
0x763f0000 - 0x769ed000 	C:\Windows\System32\windows.storage.dll
0x76e90000 - 0x76eac000 	C:\Windows\System32\profapi.dll
0x75f90000 - 0x75fe4000 	C:\Windows\System32\powrprof.dll
0x76e40000 - 0x76e84000 	C:\Windows\System32\shlwapi.dll
0x74c40000 - 0x74c55000 	C:\Windows\System32\cryptsp.dll
0x6f320000 - 0x6f335000 	C:\jdk-17.0.6+10\bin\zip.dll
0x6f490000 - 0x6f4a4000 	C:\jdk-17.0.6+10\bin\net.dll
0x74330000 - 0x743f6000 	C:\Windows\SYSTEM32\WINHTTP.dll
0x73130000 - 0x73182000 	C:\Windows\system32\mswsock.dll
0x6f470000 - 0x6f482000 	C:\jdk-17.0.6+10\bin\nio.dll
0x6f300000 - 0x6f316000 	C:\Program Files\JetBrains\IntelliJ IDEA Community Edition 2021.3.3\bin\breakgen.dll
0x6ee50000 - 0x6efb4000 	C:\jdk-17.0.6+10\bin\awt.dll
0x75820000 - 0x758b6000 	C:\Windows\System32\OLEAUT32.dll
0x6b1f0000 - 0x6b440000 	C:\Windows\SYSTEM32\AcGenral.DLL
0x75050000 - 0x7514c000 	C:\Windows\System32\ole32.dll
0x70a50000 - 0x70a65000 	C:\Windows\SYSTEM32\samcli.dll
0x6e9c0000 - 0x6ea3b000 	C:\Windows\SYSTEM32\UxTheme.dll
0x700b0000 - 0x700c9000 	C:\Windows\SYSTEM32\MSACM32.dll
0x742a0000 - 0x742c5000 	C:\Windows\SYSTEM32\USERENV.dll
0x6eaa0000 - 0x6eac6000 	C:\Windows\SYSTEM32\dwmapi.dll
0x72db0000 - 0x72f6d000 	C:\Windows\SYSTEM32\urlmon.dll
0x70580000 - 0x705ef000 	C:\Windows\SYSTEM32\WINSPOOL.DRV
0x752b0000 - 0x75461000 	C:\Windows\System32\CRYPT32.dll
0x73490000 - 0x734a8000 	C:\Windows\SYSTEM32\MPR.dll
0x758c0000 - 0x758ce000 	C:\Windows\System32\MSASN1.dll
0x75f70000 - 0x75f89000 	C:\Windows\System32\bcrypt.dll
0x72b80000 - 0x72db0000 	C:\Windows\SYSTEM32\iertutil.dll
0x72b10000 - 0x72b2c000 	C:\Windows\SYSTEM32\srvcli.dll
0x72b70000 - 0x72b7b000 	C:\Windows\SYSTEM32\netutils.dll
0x72fb0000 - 0x7312f000 	C:\Windows\SYSTEM32\PROPSYS.dll
0x74400000 - 0x74433000 	C:\Windows\SYSTEM32\IPHLPAPI.DLL
0x6ed70000 - 0x6ee49000 	C:\Windows\system32\opengl32.dll
0x6f2c0000 - 0x6f2ff000 	C:\Windows\SYSTEM32\GLU32.dll
0x76a60000 - 0x76b9b000 	C:\Windows\System32\MSCTF.dll
0x6ed00000 - 0x6ed70000 	C:\jdk-17.0.6+10\bin\freetype.dll
0x6b130000 - 0x6b1e1000 	C:\jdk-17.0.6+10\bin\fontmanager.dll
0x74200000 - 0x74291000 	C:\Windows\SYSTEM32\DNSAPI.dll
0x75470000 - 0x75477000 	C:\Windows\System32\NSI.dll
0x70290000 - 0x70298000 	C:\Windows\System32\rasadhlp.dll
0x702a0000 - 0x702f1000 	C:\Windows\System32\fwpuclnt.dll
0x73190000 - 0x731bf000 	C:\Windows\system32\rsaenh.dll
0x72b50000 - 0x72b63000 	C:\Windows\SYSTEM32\dhcpcsvc6.DLL
0x72b30000 - 0x72b44000 	C:\Windows\SYSTEM32\dhcpcsvc.DLL
0x6f1b0000 - 0x6f1bb000 	C:\jdk-17.0.6+10\bin\sunmscapi.dll
0x64bd0000 - 0x64bf4000 	C:\Windows\SYSTEM32\ncrypt.dll
0x64ba0000 - 0x64bcc000 	C:\Windows\SYSTEM32\NTASN1.dll
0x6f460000 - 0x6f46d000 	C:\jdk-17.0.6+10\bin\verify.dll
0x6ec10000 - 0x6ec8d000 	C:\Windows\System32\TextInputFramework.dll
0x6eb80000 - 0x6ec10000 	C:\Windows\System32\CoreMessaging.dll
0x6e750000 - 0x6e9bb000 	C:\Windows\System32\CoreUIComponents.dll
0x74300000 - 0x74329000 	C:\Windows\SYSTEM32\ntmarta.dll
0x72960000 - 0x72a39000 	C:\Windows\SYSTEM32\wintypes.dll
0x76db0000 - 0x76e34000 	C:\Windows\System32\clbcatq.dll
0x6e4f0000 - 0x6e661000 	C:\Windows\SYSTEM32\WindowsCodecs.dll
0x6e700000 - 0x6e74d000 	C:\Windows\system32\dataexchange.dll
0x6b6a0000 - 0x6b8c8000 	C:\Windows\system32\d3d11.dll
0x6b8d0000 - 0x6ba2f000 	C:\Windows\system32\dcomp.dll
0x6b5f0000 - 0x6b694000 	C:\Windows\system32\dxgi.dll
0x6b440000 - 0x6b5e2000 	C:\Windows\system32\twinapi.appcore.dll
0x6eb60000 - 0x6eb7e000 	C:\Windows\system32\RMCLIENT.dll
0x6f120000 - 0x6f143000 	C:\Users\n.torkina\Downloads\jlibmodbus-master\FSO\src\Project1.dll
0x6f110000 - 0x6f117000 	C:\jdk-17.0.6+10\bin\audio203api.dll
0x6f0d0000 - 0x6f0ee000 	C:\Windows\SYSTEM32\VCRUNTIME140D.dll
0x697b0000 - 0x69864000 	C:\Windows\SYSTEM32\MSVCP140D.dll
0x6f0b0000 - 0x6f0ca000 	C:\Users\n.torkina\Downloads\jlibmodbus-master\FSO\SiUSBXp.dll
0x5d030000 - 0x5d1d4000 	C:\Windows\SYSTEM32\ucrtbased.dll
0x60e00000 - 0x60ea3000 	C:\Windows\WinSxS\x86_microsoft.vc90.crt_1fc8b3b9a1e18e3b_9.0.30729.9518_none_508db366bcbd18c4\MSVCR90.dll
0x74790000 - 0x74bdb000 	C:\Windows\System32\SETUPAPI.dll
0x73360000 - 0x73383000 	C:\Windows\SYSTEM32\DEVOBJ.dll
0x74e10000 - 0x74e5b000 	C:\Windows\System32\WINTRUST.dll

dbghelp: loaded successfully - version: 4.0.5 - missing functions: none
symbol engine: initialized successfully - sym options: 0x614 - pdb path: .;C:\jdk-17.0.6+10\bin;C:\Windows\SYSTEM32;C:\Windows\WinSxS\x86_microsoft.windows.common-controls_6595b64144ccf1df_6.0.17763.4131_none_261e08f567c7c3e5;C:\jdk-17.0.6+10\bin\client;C:\Program Files\JetBrains\IntelliJ IDEA Community Edition 2021.3.3\bin;C:\Users\n.torkina\Downloads\jlibmodbus-master\FSO\src;C:\Users\n.torkina\Downloads\jlibmodbus-master\FSO;C:\Windows\WinSxS\x86_microsoft.vc90.crt_1fc8b3b9a1e18e3b_9.0.30729.9518_none_508db366bcbd18c4

VM Arguments:
jvm_args: -Djava.library.path=C:\Users\n.torkina\Downloads\jlibmodbus-master\FSO\src -javaagent:C:\Program Files\JetBrains\IntelliJ IDEA Community Edition 2021.3.3\lib\idea_rt.jar=51223:C:\Program Files\JetBrains\IntelliJ IDEA Community Edition 2021.3.3\bin -Dfile.encoding=UTF-8 
java_command: Main
java_class_path (initial): C:\Users\n.torkina\Downloads\jlibmodbus-master\FSO\out\production\FSO;C:\Users\n.torkina\Downloads\EasyModbusJava.jar;C:\Users\n.torkina\Downloads\mysql-connector-java-8.0.20.jar;C:\Users\n.torkina\Downloads\joda-time-2.12.2.jar;C:\Users\n.torkina\Downloads\jlibmodbus-master\jlibmodbus-master\lib\androidthings-1.0.jar;C:\Users\n.torkina\Downloads\jlibmodbus-master\jlibmodbus-master\lib\jSerialComm-2.0.2.jar;C:\Users\n.torkina\Downloads\jlibmodbus-master\jlibmodbus-master\lib\purejavacomm.jar;C:\Users\n.torkina\Downloads\jlibmodbus-master\jlibmodbus-master\lib\RXTXcomm.jar;C:\Users\n.torkina\Downloads\jssc-2.9.4.jar;C:\Users\n.torkina\Downloads\poi-bin-5.2.3\poi-5.2.3.jar;C:\Users\n.torkina\Downloads\poi-bin-5.2.3\poi-ooxml-5.2.3.jar;C:\Users\n.torkina\Downloads\poi-bin-5.2.3\poi-javadoc-5.2.3.jar;C:\Users\n.torkina\Downloads\poi-bin-5.2.3\poi-examples-5.2.3.jar;C:\Users\n.torkina\Downloads\poi-bin-5.2.3\poi-excelant-5.2.3.jar;C:\Users\n.torkina\Downloads\poi-bin-5.2.3\poi-ooxml-full-5.2.3.jar;C:\Users\n.torkina\Downloads\poi-bin-5.2.3\poi-ooxml-lite-5.2.3.jar;C:\Users\n.torkina\Downloads\poi-bin-5.2.3\poi-scratchpad-5.2.3.jar;C:\Users\n.torkina\Downloads\poi-bin-5.2.3\ooxml-lib\curvesapi-1.07.jar;C:\Users\n.torkina\Downloads\poi-bin-5.2.3\ooxml-lib\xmlbeans-5.1.1.jar;C:\Users\n.torkina\Downloads\poi-bin-5.2.3\ooxml-lib\slf4j-api-1.7.36.jar;C:\Users\n.torkina\Downloads\poi-bin-5.2.3\ooxml-lib\commons-logging-1.2.jar;C:\Users\n.torkina\Downloads\poi-bin-5.2.3\ooxml-lib\commons-compress-1.21.jar;C:\Users\n.torkina\Downloads\poi-bin-5.2.3\ooxml-lib\jakarta.activation-2.0.1.jar;C:\Users\n.torkina\Downloads\poi-bin-5.2.3\ooxml-lib\jakarta.xml.bind-api-3.0.1.jar;C:\Users\n.torkina\Downloads\poi-bin-5.2.3\lib\log4j-api-2.18.0.jar;C:\Users\n.torkina\Downloads\poi-bin-5.2.3\lib\SparseBitSet-1.2.jar;C:\Users\n.torkina\Downloads\poi-bin-5.2.3\lib\commons-io-2.11.0.jar;C:\Users\n.torkina\Downloads\poi-bin-5.2.3\lib\commons-codec-1.15.jar;C:\Users\n.t
Launcher Type: SUN_STANDARD

[Global flags]
     intx CICompilerCount                          = 1                                         {product} {ergonomic}
    uintx CodeCacheExpansionSize                   = 32768                                  {pd product} {ergonomic}
    uintx InitialCodeCacheSize                     = 163840                                 {pd product} {ergonomic}
   size_t InitialHeapSize                          = 16777216                                  {product} {ergonomic}
   size_t MaxHeapSize                              = 268435456                                 {product} {ergonomic}
   size_t MaxNewSize                               = 89456640                                  {product} {ergonomic}
   size_t MinHeapDeltaBytes                        = 131072                                    {product} {ergonomic}
   size_t MinHeapSize                              = 6291456                                   {product} {ergonomic}
     bool NeverActAsServerClassMachine             = true                                   {pd product} {ergonomic}
   size_t NewSize                                  = 5570560                                   {product} {ergonomic}
    uintx NonNMethodCodeHeapSize                   = 5242880                                {pd product} {ergonomic}
    uintx NonProfiledCodeHeapSize                  = 0                                      {pd product} {ergonomic}
   size_t OldSize                                  = 11206656                                  {product} {ergonomic}
     bool ProfileInterpreter                       = false                                  {pd product} {ergonomic}
    uintx ProfiledCodeHeapSize                     = 0                                      {pd product} {ergonomic}
    uintx ReservedCodeCacheSize                    = 33554432                               {pd product} {ergonomic}
   size_t SoftMaxHeapSize                          = 268435456                              {manageable} {ergonomic}
     bool UseLargePagesIndividualAllocation        = false                                  {pd product} {ergonomic}
     bool UseSerialGC                              = true                                      {product} {ergonomic}

Logging:
Log output configuration:
 #0: stdout all=warning uptime,level,tags
 #1: stderr all=off uptime,level,tags

Environment Variables:
PATH=C:\Program Files\Microsoft\jdk-11.0.16.101-hotspot\bin;C:\Program Files (x86)\Common Files\Oracle\Java\javapath;C:\Windows\system32;C:\Windows;C:\Windows\System32\Wbem;C:\Windows\System32\WindowsPowerShell\v1.0\;C:\Windows\System32\OpenSSH\;C:\Program Files (x86)\HMITool6.0\Marco\HMI3352\bin;C:\Program Files (x86)\HMITool6.0\Marco\X86\bin;C:\Program Files\Git\cmd;C:\Program Files\PuTTY\;C:\Users\n.torkina\AppData\Local\Programs\Python\Launcher\;C:\Users\n.torkina\AppData\Local\Microsoft\WindowsApps;;C:\Program Files\JetBrains\IntelliJ IDEA Community Edition 2021.3.3\bin;
USERNAME=n.torkina
OS=Windows_NT
PROCESSOR_IDENTIFIER=Intel64 Family 6 Model 140 Stepping 1, GenuineIntel
TMP=C:\Users\N4ED3~1.TOR\AppData\Local\Temp
TEMP=C:\Users\N4ED3~1.TOR\AppData\Local\Temp



---------------  S Y S T E M  ---------------

OS:
 Windows 10 , 64 bit Build 17763 (10.0.17763.4131)
OS uptime: 6 days 23:38 hours

CPU: total 8 (initial active 8) (4 cores per cpu, 2 threads per core) family 6 model 140 stepping 1 microcode 0x6e, cx8, cmov, fxsr, ht, mmx, 3dnowpref, sse, sse2, sse3, ssse3, sse4.1, sse4.2, popcnt, lzcnt, tsc, tscinvbit, avx, avx2, aes, erms, clmul, bmi1, bmi2, adx, avx512f, avx512dq, avx512cd, avx512bw, avx512vl, sha, fma, vzeroupper, avx512_vpopcntdq, avx512_vpclmulqdq, avx512_vaes, avx512_vnni, clflush, clflushopt, clwb, avx512_vbmi2, avx512_vbmi

Memory: 4k page, system-wide physical 16140M (8604M free)
TotalPageFile size 22362M (AvailPageFile size 9482M), user-mode portion of virtual address-space 2047M (1564M free)
current process WorkingSet (physical memory assigned to process): 82M, peak: 82M
current process commit charge ("private bytes"): 74M, peak: 74M

vm_info: OpenJDK Client VM (17.0.6+10) for windows-x86 JRE (17.0.6+10), built on Jan 18 2023 10:15:56 by "temurin" with MS VC++ 16.7 (VS2019)

END.
