#
# A fatal error has been detected by the Java Runtime Environment:
#
#  EXCEPTION_ACCESS_VIOLATION (0xc0000005) at pc=0x60ca19b2, pid=14740, tid=25504
#
# JRE version: OpenJDK Runtime Environment Temurin-17.0.6+10 (17.0.6+10) (build 17.0.6+10)
# Java VM: OpenJDK Client VM Temurin-17.0.6+10 (17.0.6+10, mixed mode, emulated-client, serial gc, windows-x86)
# Problematic frame:
# C  [audio203api.dll+0x19b2]
#
# No core dump will be written. Minidumps are not enabled by default on client versions of Windows
#
# If you would like to submit a bug report, please visit:
#   https://github.com/adoptium/adoptium-support/issues
# The crash happened outside the Java Virtual Machine in native code.
# See problematic frame for where to report the bug.
#

---------------  S U M M A R Y ------------

Command Line: -Djava.library.path=C:\Users\n.torkina\Downloads\jlibmodbus-master\FSO\src -javaagent:C:\Program Files\JetBrains\IntelliJ IDEA Community Edition 2021.3.3\lib\idea_rt.jar=61322:C:\Program Files\JetBrains\IntelliJ IDEA Community Edition 2021.3.3\bin -Dfile.encoding=UTF-8 Main

Host: 11th Gen Intel(R) Core(TM) i5-1135G7 @ 2.40GHz, 8 cores, 15G,  Windows 10 , 64 bit Build 17763 (10.0.17763.4131)
Time: Wed Apr 19 14:00:24 2023 RTZ 2 (зима) elapsed time: 10.994724 seconds (0d 0h 0m 10s)

---------------  T H R E A D  ---------------

Current thread (0x17ff2f40):  JavaThread "AWT-EventQueue-0" [_thread_in_native, id=25504, stack(0x17240000,0x17290000)]

Stack: [0x17240000,0x17290000],  sp=0x1728f07c,  free space=316k
Native frames: (J=compiled Java code, j=interpreted, Vv=VM code, C=native code)
C  [audio203api.dll+0x19b2]

Java frames: (J=compiled Java code, j=interpreted, Vv=VM code)
j  ZVUK.getMeasure(I)I+0
j  WindowMain$43.actionPerformed(Ljava/awt/event/ActionEvent;)V+6
j  javax.swing.AbstractButton.fireActionPerformed(Ljava/awt/event/ActionEvent;)V+84 java.desktop@17.0.6
j  javax.swing.AbstractButton$Handler.actionPerformed(Ljava/awt/event/ActionEvent;)V+5 java.desktop@17.0.6
j  javax.swing.DefaultButtonModel.fireActionPerformed(Ljava/awt/event/ActionEvent;)V+34 java.desktop@17.0.6
j  javax.swing.DefaultButtonModel.setPressed(Z)V+117 java.desktop@17.0.6
j  javax.swing.plaf.basic.BasicButtonListener.mouseReleased(Ljava/awt/event/MouseEvent;)V+35 java.desktop@17.0.6
j  java.awt.Component.processMouseEvent(Ljava/awt/event/MouseEvent;)V+64 java.desktop@17.0.6
j  javax.swing.JComponent.processMouseEvent(Ljava/awt/event/MouseEvent;)V+23 java.desktop@17.0.6
j  java.awt.Component.processEvent(Ljava/awt/AWTEvent;)V+81 java.desktop@17.0.6
j  java.awt.Container.processEvent(Ljava/awt/AWTEvent;)V+18 java.desktop@17.0.6
j  java.awt.Component.dispatchEventImpl(Ljava/awt/AWTEvent;)V+496 java.desktop@17.0.6
j  java.awt.Container.dispatchEventImpl(Ljava/awt/AWTEvent;)V+42 java.desktop@17.0.6
j  java.awt.Component.dispatchEvent(Ljava/awt/AWTEvent;)V+2 java.desktop@17.0.6
j  java.awt.LightweightDispatcher.retargetMouseEvent(Ljava/awt/Component;ILjava/awt/event/MouseEvent;)V+349 java.desktop@17.0.6
j  java.awt.LightweightDispatcher.processMouseEvent(Ljava/awt/event/MouseEvent;)Z+155 java.desktop@17.0.6
j  java.awt.LightweightDispatcher.dispatchEvent(Ljava/awt/AWTEvent;)Z+50 java.desktop@17.0.6
j  java.awt.Container.dispatchEventImpl(Ljava/awt/AWTEvent;)V+12 java.desktop@17.0.6
j  java.awt.Window.dispatchEventImpl(Ljava/awt/AWTEvent;)V+19 java.desktop@17.0.6
J 2536 c1 java.awt.EventQueue.dispatchEventImpl(Ljava/awt/AWTEvent;Ljava/lang/Object;)V java.desktop@17.0.6 (136 bytes) @ 0x0369af6c [0x0369ae90+0x000000dc]
J 2535 c1 java.awt.EventQueue$4.run()Ljava/lang/Void; java.desktop@17.0.6 (60 bytes) @ 0x0369a7ec [0x0369a790+0x0000005c]
j  java.awt.EventQueue$4.run()Ljava/lang/Object;+1 java.desktop@17.0.6
J 2294 c1 java.security.ProtectionDomain$JavaSecurityAccessImpl.doIntersectionPrivilege(Ljava/security/PrivilegedAction;Ljava/security/AccessControlContext;Ljava/security/AccessControlContext;)Ljava/lang/Object; java.base@17.0.6 (22 bytes) @ 0x0365f84c [0x0365f700+0x0000014c]
J 2489 c1 java.awt.EventQueue.dispatchEvent(Ljava/awt/AWTEvent;)V java.desktop@17.0.6 (80 bytes) @ 0x0368dfac [0x0368db30+0x0000047c]
J 2491 c1 java.awt.EventDispatchThread.pumpOneEventForFilters(I)V java.desktop@17.0.6 (113 bytes) @ 0x0368f3a0 [0x0368f240+0x00000160]
j  java.awt.EventDispatchThread.pumpEventsForFilter(ILjava/awt/Conditional;Ljava/awt/EventFilter;)V+35 java.desktop@17.0.6
j  java.awt.EventDispatchThread.pumpEventsForHierarchy(ILjava/awt/Conditional;Ljava/awt/Component;)V+11 java.desktop@17.0.6
j  java.awt.EventDispatchThread.pumpEvents(ILjava/awt/Conditional;)V+4 java.desktop@17.0.6
j  java.awt.EventDispatchThread.pumpEvents(Ljava/awt/Conditional;)V+3 java.desktop@17.0.6
j  java.awt.EventDispatchThread.run()V+9 java.desktop@17.0.6
v  ~StubRoutines::call_stub

siginfo: EXCEPTION_ACCESS_VIOLATION (0xc0000005), reading address 0x00000000


Register to memory mapping:

EIP=0x60ca19b2 audio203api.dll
EAX=0x0 is NULL
EBX={method} {0x1881cddc} 'getMeasure' '(I)I' in 'ZVUK'
ECX=0x0 is NULL
EDX=0x1728f1c8 is pointing into the stack for thread: 0x17ff2f40
ESP=0x1728f07c is pointing into the stack for thread: 0x17ff2f40
EBP=0x1728f1c8 is pointing into the stack for thread: 0x17ff2f40
ESI={method} {0x1881cddc} 'getMeasure' '(I)I' in 'ZVUK'
EDI=0x1728f1c8 is pointing into the stack for thread: 0x17ff2f40


Registers:
EAX=0x00000000, EBX=0x1881cdd8, ECX=0x00000000, EDX=0x1728f1c8
ESP=0x1728f07c, EBP=0x1728f1c8, ESI=0x1881cdd8, EDI=0x1728f1c8
EIP=0x60ca19b2, EFLAGS=0x00010282

Top of Stack: (sp=0x1728f07c)
0x1728f07c:   00000000 5d9a2759 a895c1d6 5d9a2776
0x1728f08c:   00000000 17ff2f40 1881cdd8 1881cdd8
0x1728f09c:   032ad49c 0000000a 00000154 00000000
0x1728f0ac:   675f4b55 654d7465 72757361 69c60065
0x1728f0bc:   1881cdd8 000000b6 032ad49c 00000003
0x1728f0cc:   1728f0f0 69a1bf20 0000000a 02db3c60
0x1728f0dc:   1728f198 69bcd78b 5d9a1294 00000001
0x1728f0ec:   17ff2f40 17ff2f40 69bcd80f 000000b6 

Instructions: (pc=0x60ca19b2)
0x60ca18b2:   4c 24 1e 8a 44 24 1d 88 43 01 88 4b 02 80 f9 3c
0x60ca18c2:   74 25 68 dc 31 ca 60 ff 15 48 30 ca 60 83 c4 04
0x60ca18d2:   b8 fd ff ff ff 5f 5e 5b 8b 4c 24 18 33 cc e8 26
0x60ca18e2:   04 00 00 8b e5 5d c3 8b 17 0f b6 c0 8b f0 c1 e6
0x60ca18f2:   04 2b f0 03 f6 8d 4c 24 10 03 f6 51 8b ce e8 6b
0x60ca1902:   03 00 00 83 c4 04 85 c0 75 77 56 ff 15 80 30 ca
0x60ca1912:   60 8b 54 24 1c 8b 74 24 14 89 02 8b f8 8b 44 24
0x60ca1922:   18 33 db 83 c4 04 38 58 01 76 46 8d 49 00 8b 0e
0x60ca1932:   89 0f 66 8b 56 04 66 89 57 04 8a 46 06 88 47 06
0x60ca1942:   83 c6 07 8d 4f 07 8b c6 e8 d1 f8 ff ff 83 c6 21
0x60ca1952:   8d 4f 20 8b c6 e8 34 fa ff ff 8b 4c 24 14 0f b6
0x60ca1962:   51 01 43 83 c6 1c 83 c7 3c 3b da 7c c1 8b 74 24
0x60ca1972:   10 85 f6 74 0a 56 ff 15 88 30 ca 60 83 c4 04 33
0x60ca1982:   c0 8b 4c 24 24 5f 5e 5b 33 cc e8 7a 03 00 00 8b
0x60ca1992:   e5 5d c3 cc cc cc cc cc cc cc cc cc cc cc 83 ec
0x60ca19a2:   0c a1 00 40 ca 60 33 c4 89 44 24 08 8b 44 24 10
0x60ca19b2:   8b 08 56 6a 0c 8d 74 24 08 e8 60 f6 ff ff 8b 4c
0x60ca19c2:   24 10 83 c4 04 5e 33 cc e8 3c 03 00 00 83 c4 0c
0x60ca19d2:   c3 cc cc cc cc cc cc cc cc cc cc cc cc cc 55 8b
0x60ca19e2:   ec 83 e4 f8 83 ec 14 a1 00 40 ca 60 33 c4 89 44
0x60ca19f2:   24 10 8b 45 10 53 8b 5d 0c 56 57 8b 7d 08 8b 0f
0x60ca1a02:   6a 0d 8d 74 24 18 89 44 24 14 c7 44 24 10 00 00
0x60ca1a12:   00 00 e8 07 f6 ff ff 8b f0 83 c4 04 85 f6 74 43
0x60ca1a22:   33 c0 39 34 c5 ac 40 ca 60 74 2f 40 83 f8 07 72
0x60ca1a32:   f1 b8 78 31 ca 60 56 50 68 fc 31 ca 60 ff 15 48
0x60ca1a42:   30 ca 60 83 c4 0c 8b c6 5f 5e 5b 8b 4c 24 10 33
0x60ca1a52:   cc e8 b3 02 00 00 8b e5 5d c3 8b 04 c5 b0 40 ca
0x60ca1a62:   60 eb d3 8a 44 24 16 8a 4c 24 15 88 4b 01 88 43
0x60ca1a72:   02 3c 1c 74 25 68 bc 31 ca 60 ff 15 48 30 ca 60
0x60ca1a82:   83 c4 04 b8 fd ff ff ff 5f 5e 5b 8b 4c 24 10 33
0x60ca1a92:   cc e8 73 02 00 00 8b e5 5d c3 8d 54 24 0c 52 8b
0x60ca1aa2:   17 b9 1c 00 00 00 e8 c3 01 00 00 8b f0 83 c4 04 


Stack slot to memory mapping:
stack at sp + 0 slots: 0x0 is NULL
stack at sp + 1 slots: 0x5d9a2759 Project1.dll
stack at sp + 2 slots: 0xa895c1d6 is an unknown value
stack at sp + 3 slots: 0x5d9a2776 Project1.dll
stack at sp + 4 slots: 0x0 is NULL
stack at sp + 5 slots: 0x17ff2f40 is a thread
stack at sp + 6 slots: {method} {0x1881cddc} 'getMeasure' '(I)I' in 'ZVUK'
stack at sp + 7 slots: {method} {0x1881cddc} 'getMeasure' '(I)I' in 'ZVUK'


---------------  P R O C E S S  ---------------

Threads class SMR info:
_java_thread_list=0x1803cd30, length=18, elements={
0x02da8868, 0x02d939e8, 0x02d9d3c8, 0x02d9dfe0,
0x02d9ebf8, 0x02d9fa18, 0x02db30f0, 0x02db7ea8,
0x02e9a488, 0x16184df8, 0x16185108, 0x1627d008,
0x1627db38, 0x16280770, 0x16358260, 0x17ff2f40,
0x17c1e0c0, 0x17c1d420
}

Java Threads: ( => current thread )
  0x02da8868 JavaThread "Reference Handler" daemon [_thread_blocked, id=22192, stack(0x03050000,0x030a0000)]
  0x02d939e8 JavaThread "Finalizer" daemon [_thread_blocked, id=21888, stack(0x030e0000,0x03130000)]
  0x02d9d3c8 JavaThread "Signal Dispatcher" daemon [_thread_blocked, id=21804, stack(0x05380000,0x053d0000)]
  0x02d9dfe0 JavaThread "Attach Listener" daemon [_thread_blocked, id=2688, stack(0x15c40000,0x15c90000)]
  0x02d9ebf8 JavaThread "Service Thread" daemon [_thread_blocked, id=14936, stack(0x15cd0000,0x15d20000)]
  0x02d9fa18 JavaThread "Monitor Deflation Thread" daemon [_thread_blocked, id=6424, stack(0x15d60000,0x15db0000)]
  0x02db30f0 JavaThread "C1 CompilerThread0" daemon [_thread_blocked, id=16936, stack(0x15df0000,0x15e40000)]
  0x02db7ea8 JavaThread "Sweeper thread" daemon [_thread_blocked, id=10960, stack(0x15e80000,0x15ed0000)]
  0x02e9a488 JavaThread "Common-Cleaner" daemon [_thread_blocked, id=23092, stack(0x15f10000,0x15f60000)]
  0x16184df8 JavaThread "Monitor Ctrl-Break" daemon [_thread_in_native, id=20712, stack(0x163a0000,0x163f0000)]
  0x16185108 JavaThread "Notification Thread" daemon [_thread_blocked, id=11688, stack(0x16430000,0x16480000)]
  0x1627d008 JavaThread "Java2D Disposer" daemon [_thread_blocked, id=4532, stack(0x16580000,0x165d0000)]
  0x1627db38 JavaThread "AWT-Shutdown" [_thread_blocked, id=15952, stack(0x167a0000,0x167f0000)]
  0x16280770 JavaThread "AWT-Windows" daemon [_thread_in_native, id=19316, stack(0x16830000,0x16880000)]
  0x16358260 JavaThread "mysql-cj-abandoned-connection-cleanup" daemon [_thread_blocked, id=8284, stack(0x171b0000,0x17200000)]
=>0x17ff2f40 JavaThread "AWT-EventQueue-0" [_thread_in_native, id=25504, stack(0x17240000,0x17290000)]
  0x17c1e0c0 JavaThread "Thread-0" [_thread_blocked, id=7368, stack(0x19bc0000,0x19c10000)]
  0x17c1d420 JavaThread "DestroyJavaVM" [_thread_blocked, id=24636, stack(0x029f0000,0x02a40000)]

Other Threads:
  0x02d8f068 VMThread "VM Thread" [stack: 0x02fc0000,0x03010000] [id=18068]
  0x16189e20 WatcherThread [stack: 0x164c0000,0x16510000] [id=11536]

Threads with active compile tasks:

VM state: not at safepoint (normal execution)

VM Mutex/Monitor currently owned by a thread: None

GC Precious Log:
 CPUs: 8 total, 8 available
 Memory: 16140M
 Large Page Support: Disabled
 NUMA Support: Disabled
 Compressed Oops: Disabled
 Heap Min Capacity: 6M
 Heap Initial Capacity: 16M
 Heap Max Capacity: 256M
 Pre-touch: Disabled

Heap:
 def new generation   total 9216K, used 6144K [0x05400000, 0x05df0000, 0x0a950000)
  eden space 8256K,  66% used [0x05400000, 0x059648c8, 0x05c10000)
  from space 960K,  64% used [0x05d00000, 0x05d9b930, 0x05df0000)
  to   space 960K,   0% used [0x05c10000, 0x05c10000, 0x05d00000)
 tenured generation   total 20316K, used 14418K [0x0a950000, 0x0bd27000, 0x15400000)
   the space 20316K,  70% used [0x0a950000, 0x0b764900, 0x0b764a00, 0x0bd27000)
 Metaspace       used 18192K, committed 18368K, reserved 24576K

Card table byte_map: [0x02c90000,0x02d20000] _byte_map_base: 0x02c66000

Polling page: 0x02bf0000

Metaspace:

Usage:
   17.77 MB used.

Virtual space:
     24.00 MB reserved,      17.94 MB ( 75%) committed,  3 nodes.

Chunk freelists:
2.11 MB

MaxMetaspaceSize: unlimited
No class space
Initial GC threshold: 16.00 MB
Current GC threshold: 26.25 MB
CDS: off
MetaspaceReclaimPolicy: balanced
 - commit_granule_bytes: 65536.
 - commit_granule_words: 16384.
 - virtual_space_node_default_size: 2097152.
 - enlarge_chunks_in_place: 1.
 - new_chunks_are_fully_committed: 0.
 - uncommit_free_chunks: 1.
 - use_allocation_guard: 0.
 - handle_deallocations: 1.


Internal statistics:

num_allocs_failed_limit: 0.
num_arena_births: 85.
num_arena_deaths: 0.
num_vsnodes_births: 3.
num_vsnodes_deaths: 0.
num_space_committed: 287.
num_space_uncommitted: 0.
num_chunks_returned_to_freelist: 0.
num_chunks_taken_from_freelist: 236.
num_chunk_merges: 0.
num_chunk_splits: 168.
num_chunks_enlarged: 144.
num_purges: 0.
num_inconsistent_stats: 0.

CodeCache: size=32768Kb used=3439Kb max_used=3439Kb free=29328Kb
 bounds [0x03340000, 0x036a0000, 0x05340000]
 total_blobs=2844 nmethods=2538 adapters=238
 compilation: enabled
              stopped_count=0, restarted_count=0
 full_count=0

Compilation events (20 events):
Event: 6.819 Thread 0x02db30f0 2528             sun.awt.image.BufImgSurfaceData::getDefaultScaleY (5 bytes)
Event: 6.819 Thread 0x02db30f0 nmethod 2528 0x03699288 code [0x03699390, 0x03699440]
Event: 7.032 Thread 0x02db30f0 2529             java.security.AccessControlContext::<init> (30 bytes)
Event: 7.033 Thread 0x02db30f0 nmethod 2529 0x03699488 code [0x03699590, 0x03699680]
Event: 10.705 Thread 0x02db30f0 2531             java.awt.Component::getAccessControlContext (22 bytes)
Event: 10.705 Thread 0x02db30f0 nmethod 2531 0x03699948 code [0x03699a70, 0x03699bac]
Event: 10.706 Thread 0x02db30f0 2532             java.awt.Rectangle::setLocation (7 bytes)
Event: 10.706 Thread 0x02db30f0 nmethod 2532 0x03699c48 code [0x03699d50, 0x03699e00]
Event: 10.706 Thread 0x02db30f0 2533             java.awt.Rectangle::move (11 bytes)
Event: 10.706 Thread 0x02db30f0 nmethod 2533 0x03699e48 code [0x03699f50, 0x0369a000]
Event: 10.708 Thread 0x02db30f0 2534             java.awt.EventQueue::getAccessControlContextFrom (53 bytes)
Event: 10.708 Thread 0x02db30f0 nmethod 2534 0x0369a048 code [0x0369a1b0, 0x0369a4d4]
Event: 10.708 Thread 0x02db30f0 2535             java.awt.EventQueue$4::run (60 bytes)
Event: 10.708 Thread 0x02db30f0 nmethod 2535 0x0369a648 code [0x0369a790, 0x0369a920]
Event: 10.708 Thread 0x02db30f0 2537             sun.awt.image.BufImgVolatileSurfaceManager::isAccelerationEnabled (2 bytes)
Event: 10.709 Thread 0x02db30f0 nmethod 2537 0x0369aa48 code [0x0369ab50, 0x0369ac00]
Event: 10.709 Thread 0x02db30f0 2536             java.awt.EventQueue::dispatchEventImpl (136 bytes)
Event: 10.710 Thread 0x02db30f0 nmethod 2536 0x0369ac48 code [0x0369ae90, 0x0369b60c]
Event: 10.710 Thread 0x02db30f0 2538             sun.awt.image.VolatileSurfaceManager::contentsLost (5 bytes)
Event: 10.710 Thread 0x02db30f0 nmethod 2538 0x0369bac8 code [0x0369bbd0, 0x0369bc80]

GC Heap History (20 events):
Event: 0.095 GC heap before
{Heap before GC invocations=0 (full 0):
 def new generation   total 4928K, used 2845K [0x05400000, 0x05950000, 0x0a950000)
  eden space 4416K,  64% used [0x05400000, 0x056c7578, 0x05850000)
  from space 512K,   0% used [0x05850000, 0x05850000, 0x058d0000)
  to   space 512K,   0% used [0x058d0000, 0x058d0000, 0x05950000)
 tenured generation   total 10944K, used 0K [0x0a950000, 0x0b400000, 0x15400000)
   the space 10944K,   0% used [0x0a950000, 0x0a950000, 0x0a950200, 0x0b400000)
 Metaspace       used 4146K, committed 4224K, reserved 8192K
}
Event: 0.096 GC heap after
{Heap after GC invocations=1 (full 0):
 def new generation   total 4928K, used 512K [0x05400000, 0x05950000, 0x0a950000)
  eden space 4416K,   0% used [0x05400000, 0x05400000, 0x05850000)
  from space 512K, 100% used [0x058d0000, 0x05950000, 0x05950000)
  to   space 512K,   0% used [0x05850000, 0x05850000, 0x058d0000)
 tenured generation   total 10944K, used 1417K [0x0a950000, 0x0b400000, 0x15400000)
   the space 10944K,  12% used [0x0a950000, 0x0aab2538, 0x0aab2600, 0x0b400000)
 Metaspace       used 4146K, committed 4224K, reserved 8192K
}
Event: 0.113 GC heap before
{Heap before GC invocations=1 (full 0):
 def new generation   total 4928K, used 4892K [0x05400000, 0x05950000, 0x0a950000)
  eden space 4416K,  99% used [0x05400000, 0x058473d8, 0x05850000)
  from space 512K, 100% used [0x058d0000, 0x05950000, 0x05950000)
  to   space 512K,   0% used [0x05850000, 0x05850000, 0x058d0000)
 tenured generation   total 10944K, used 1417K [0x0a950000, 0x0b400000, 0x15400000)
   the space 10944K,  12% used [0x0a950000, 0x0aab2538, 0x0aab2600, 0x0b400000)
 Metaspace       used 4146K, committed 4224K, reserved 8192K
}
Event: 0.115 GC heap after
{Heap after GC invocations=2 (full 0):
 def new generation   total 4928K, used 512K [0x05400000, 0x05950000, 0x0a950000)
  eden space 4416K,   0% used [0x05400000, 0x05400000, 0x05850000)
  from space 512K, 100% used [0x05850000, 0x058d0000, 0x058d0000)
  to   space 512K,   0% used [0x058d0000, 0x058d0000, 0x05950000)
 tenured generation   total 10944K, used 5313K [0x0a950000, 0x0b400000, 0x15400000)
   the space 10944K,  48% used [0x0a950000, 0x0ae80758, 0x0ae80800, 0x0b400000)
 Metaspace       used 4146K, committed 4224K, reserved 8192K
}
Event: 0.210 GC heap before
{Heap before GC invocations=2 (full 0):
 def new generation   total 4928K, used 4928K [0x05400000, 0x05950000, 0x0a950000)
  eden space 4416K, 100% used [0x05400000, 0x05850000, 0x05850000)
  from space 512K, 100% used [0x05850000, 0x058d0000, 0x058d0000)
  to   space 512K,   0% used [0x058d0000, 0x058d0000, 0x05950000)
 tenured generation   total 10944K, used 5313K [0x0a950000, 0x0b400000, 0x15400000)
   the space 10944K,  48% used [0x0a950000, 0x0ae80758, 0x0ae80800, 0x0b400000)
 Metaspace       used 7218K, committed 7296K, reserved 8192K
}
Event: 0.213 GC heap after
{Heap after GC invocations=3 (full 0):
 def new generation   total 4928K, used 512K [0x05400000, 0x05950000, 0x0a950000)
  eden space 4416K,   0% used [0x05400000, 0x05400000, 0x05850000)
  from space 512K, 100% used [0x058d0000, 0x05950000, 0x05950000)
  to   space 512K,   0% used [0x05850000, 0x05850000, 0x058d0000)
 tenured generation   total 10944K, used 6606K [0x0a950000, 0x0b400000, 0x15400000)
   the space 10944K,  60% used [0x0a950000, 0x0afc3ac0, 0x0afc3c00, 0x0b400000)
 Metaspace       used 7218K, committed 7296K, reserved 8192K
}
Event: 0.318 GC heap before
{Heap before GC invocations=3 (full 0):
 def new generation   total 4928K, used 4928K [0x05400000, 0x05950000, 0x0a950000)
  eden space 4416K, 100% used [0x05400000, 0x05850000, 0x05850000)
  from space 512K, 100% used [0x058d0000, 0x05950000, 0x05950000)
  to   space 512K,   0% used [0x05850000, 0x05850000, 0x058d0000)
 tenured generation   total 10944K, used 6606K [0x0a950000, 0x0b400000, 0x15400000)
   the space 10944K,  60% used [0x0a950000, 0x0afc3ac0, 0x0afc3c00, 0x0b400000)
 Metaspace       used 9888K, committed 9984K, reserved 16384K
}
Event: 0.321 GC heap after
{Heap after GC invocations=4 (full 0):
 def new generation   total 4928K, used 512K [0x05400000, 0x05950000, 0x0a950000)
  eden space 4416K,   0% used [0x05400000, 0x05400000, 0x05850000)
  from space 512K, 100% used [0x05850000, 0x058d0000, 0x058d0000)
  to   space 512K,   0% used [0x058d0000, 0x058d0000, 0x05950000)
 tenured generation   total 10944K, used 8190K [0x0a950000, 0x0b400000, 0x15400000)
   the space 10944K,  74% used [0x0a950000, 0x0b14f8e0, 0x0b14fa00, 0x0b400000)
 Metaspace       used 9888K, committed 9984K, reserved 16384K
}
Event: 0.384 GC heap before
{Heap before GC invocations=4 (full 0):
 def new generation   total 4928K, used 4928K [0x05400000, 0x05950000, 0x0a950000)
  eden space 4416K, 100% used [0x05400000, 0x05850000, 0x05850000)
  from space 512K, 100% used [0x05850000, 0x058d0000, 0x058d0000)
  to   space 512K,   0% used [0x058d0000, 0x058d0000, 0x05950000)
 tenured generation   total 10944K, used 8190K [0x0a950000, 0x0b400000, 0x15400000)
   the space 10944K,  74% used [0x0a950000, 0x0b14f8e0, 0x0b14fa00, 0x0b400000)
 Metaspace       used 11211K, committed 11328K, reserved 16384K
}
Event: 0.386 GC heap after
{Heap after GC invocations=5 (full 0):
 def new generation   total 4928K, used 370K [0x05400000, 0x05950000, 0x0a950000)
  eden space 4416K,   0% used [0x05400000, 0x05400000, 0x05850000)
  from space 512K,  72% used [0x058d0000, 0x0592c9b8, 0x05950000)
  to   space 512K,   0% used [0x05850000, 0x05850000, 0x058d0000)
 tenured generation   total 10944K, used 8653K [0x0a950000, 0x0b400000, 0x15400000)
   the space 10944K,  79% used [0x0a950000, 0x0b1c3458, 0x0b1c3600, 0x0b400000)
 Metaspace       used 11211K, committed 11328K, reserved 16384K
}
Event: 0.546 GC heap before
{Heap before GC invocations=5 (full 0):
 def new generation   total 4928K, used 4786K [0x05400000, 0x05950000, 0x0a950000)
  eden space 4416K, 100% used [0x05400000, 0x05850000, 0x05850000)
  from space 512K,  72% used [0x058d0000, 0x0592c9b8, 0x05950000)
  to   space 512K,   0% used [0x05850000, 0x05850000, 0x058d0000)
 tenured generation   total 10944K, used 8653K [0x0a950000, 0x0b400000, 0x15400000)
   the space 10944K,  79% used [0x0a950000, 0x0b1c3458, 0x0b1c3600, 0x0b400000)
 Metaspace       used 14674K, committed 14848K, reserved 16384K
}
Event: 0.548 GC heap after
{Heap after GC invocations=6 (full 0):
 def new generation   total 4928K, used 512K [0x05400000, 0x05950000, 0x0a950000)
  eden space 4416K,   0% used [0x05400000, 0x05400000, 0x05850000)
  from space 512K, 100% used [0x05850000, 0x058d0000, 0x058d0000)
  to   space 512K,   0% used [0x058d0000, 0x058d0000, 0x05950000)
 tenured generation   total 10944K, used 9841K [0x0a950000, 0x0b400000, 0x15400000)
   the space 10944K,  89% used [0x0a950000, 0x0b2ec498, 0x0b2ec600, 0x0b400000)
 Metaspace       used 14674K, committed 14848K, reserved 16384K
}
Event: 0.669 GC heap before
{Heap before GC invocations=6 (full 0):
 def new generation   total 4928K, used 4928K [0x05400000, 0x05950000, 0x0a950000)
  eden space 4416K, 100% used [0x05400000, 0x05850000, 0x05850000)
  from space 512K, 100% used [0x05850000, 0x058d0000, 0x058d0000)
  to   space 512K,   0% used [0x058d0000, 0x058d0000, 0x05950000)
 tenured generation   total 10944K, used 9841K [0x0a950000, 0x0b400000, 0x15400000)
   the space 10944K,  89% used [0x0a950000, 0x0b2ec498, 0x0b2ec600, 0x0b400000)
 Metaspace       used 15073K, committed 15168K, reserved 16384K
}
Event: 0.671 GC heap after
{Heap after GC invocations=7 (full 0):
 def new generation   total 4928K, used 357K [0x05400000, 0x05950000, 0x0a950000)
  eden space 4416K,   0% used [0x05400000, 0x05400000, 0x05850000)
  from space 512K,  69% used [0x058d0000, 0x05929700, 0x05950000)
  to   space 512K,   0% used [0x05850000, 0x05850000, 0x058d0000)
 tenured generation   total 10944K, used 10351K [0x0a950000, 0x0b400000, 0x15400000)
   the space 10944K,  94% used [0x0a950000, 0x0b36bd20, 0x0b36be00, 0x0b400000)
 Metaspace       used 15073K, committed 15168K, reserved 16384K
}
Event: 0.726 GC heap before
{Heap before GC invocations=7 (full 0):
 def new generation   total 4928K, used 4773K [0x05400000, 0x05950000, 0x0a950000)
  eden space 4416K, 100% used [0x05400000, 0x05850000, 0x05850000)
  from space 512K,  69% used [0x058d0000, 0x05929700, 0x05950000)
  to   space 512K,   0% used [0x05850000, 0x05850000, 0x058d0000)
 tenured generation   total 10944K, used 10351K [0x0a950000, 0x0b400000, 0x15400000)
   the space 10944K,  94% used [0x0a950000, 0x0b36bd20, 0x0b36be00, 0x0b400000)
 Metaspace       used 16002K, committed 16128K, reserved 16384K
}
Event: 0.727 GC heap after
{Heap after GC invocations=8 (full 0):
 def new generation   total 4928K, used 236K [0x05400000, 0x05950000, 0x0a950000)
  eden space 4416K,   0% used [0x05400000, 0x05400000, 0x05850000)
  from space 512K,  46% used [0x05850000, 0x0588b2d8, 0x058d0000)
  to   space 512K,   0% used [0x058d0000, 0x058d0000, 0x05950000)
 tenured generation   total 12352K, used 11952K [0x0a950000, 0x0b560000, 0x15400000)
   the space 12352K,  96% used [0x0a950000, 0x0b4fc330, 0x0b4fc400, 0x0b560000)
 Metaspace       used 16002K, committed 16128K, reserved 16384K
}
Event: 0.727 GC heap before
{Heap before GC invocations=8 (full 0):
 def new generation   total 4928K, used 236K [0x05400000, 0x05950000, 0x0a950000)
  eden space 4416K,   0% used [0x05400000, 0x05400000, 0x05850000)
  from space 512K,  46% used [0x05850000, 0x0588b2d8, 0x058d0000)
  to   space 512K,   0% used [0x058d0000, 0x058d0000, 0x05950000)
 tenured generation   total 12352K, used 11952K [0x0a950000, 0x0b560000, 0x15400000)
   the space 12352K,  96% used [0x0a950000, 0x0b4fc330, 0x0b4fc400, 0x0b560000)
 Metaspace       used 16002K, committed 16128K, reserved 16384K
}
Event: 0.735 GC heap after
{Heap after GC invocations=8 (full 1):
 def new generation   total 9216K, used 0K [0x05400000, 0x05df0000, 0x0a950000)
  eden space 8256K,   0% used [0x05400000, 0x05400000, 0x05c10000)
  from space 960K,   0% used [0x05c10000, 0x05c10000, 0x05d00000)
  to   space 960K,   0% used [0x05d00000, 0x05d00000, 0x05df0000)
 tenured generation   total 20316K, used 12189K [0x0a950000, 0x0bd27000, 0x15400000)
   the space 20316K,  59% used [0x0a950000, 0x0b5375c8, 0x0b537600, 0x0bd27000)
 Metaspace       used 16002K, committed 16128K, reserved 16384K
}
Event: 2.355 GC heap before
{Heap before GC invocations=8 (full 1):
 def new generation   total 9216K, used 5666K [0x05400000, 0x05df0000, 0x0a950000)
  eden space 8256K,  68% used [0x05400000, 0x05988880, 0x05c10000)
  from space 960K,   0% used [0x05c10000, 0x05c10000, 0x05d00000)
  to   space 960K,   0% used [0x05d00000, 0x05d00000, 0x05df0000)
 tenured generation   total 20316K, used 12189K [0x0a950000, 0x0bd27000, 0x15400000)
   the space 20316K,  59% used [0x0a950000, 0x0b5375c8, 0x0b537600, 0x0bd27000)
 Metaspace       used 18159K, committed 18240K, reserved 24576K
}
Event: 2.359 GC heap after
{Heap after GC invocations=9 (full 1):
 def new generation   total 9216K, used 622K [0x05400000, 0x05df0000, 0x0a950000)
  eden space 8256K,   0% used [0x05400000, 0x05400000, 0x05c10000)
  from space 960K,  64% used [0x05d00000, 0x05d9b930, 0x05df0000)
  to   space 960K,   0% used [0x05c10000, 0x05c10000, 0x05d00000)
 tenured generation   total 20316K, used 14418K [0x0a950000, 0x0bd27000, 0x15400000)
   the space 20316K,  70% used [0x0a950000, 0x0b764900, 0x0b764a00, 0x0bd27000)
 Metaspace       used 18159K, committed 18240K, reserved 24576K
}

Dll operation events (14 events):
Event: 0.004 Loaded shared library C:\jdk-17.0.6+10\bin\java.dll
Event: 0.075 Loaded shared library C:\jdk-17.0.6+10\bin\zip.dll
Event: 0.076 Loaded shared library C:\jdk-17.0.6+10\bin\instrument.dll
Event: 0.083 Loaded shared library C:\jdk-17.0.6+10\bin\net.dll
Event: 0.083 Loaded shared library C:\jdk-17.0.6+10\bin\nio.dll
Event: 0.087 Loaded shared library C:\jdk-17.0.6+10\bin\zip.dll
Event: 0.129 Loaded shared library C:\Program Files\JetBrains\IntelliJ IDEA Community Edition 2021.3.3\bin\breakgen.dll
Event: 0.138 Loaded shared library C:\jdk-17.0.6+10\bin\jimage.dll
Event: 0.146 Loaded shared library C:\jdk-17.0.6+10\bin\awt.dll
Event: 0.233 Loaded shared library C:\jdk-17.0.6+10\bin\freetype.dll
Event: 0.233 Loaded shared library C:\jdk-17.0.6+10\bin\fontmanager.dll
Event: 0.408 Loaded shared library C:\jdk-17.0.6+10\bin\sunmscapi.dll
Event: 0.677 Loaded shared library C:\jdk-17.0.6+10\bin\verify.dll
Event: 2.354 Loaded shared library C:\Users\n.torkina\Downloads\jlibmodbus-master\FSO\src\Project1.dll

Deoptimization events (4 events):
Event: 0.743 Thread 0x16280770 DEOPT PACKING pc=0x0357ef69 sp=0x1687e990
Event: 0.743 Thread 0x16280770 DEOPT UNPACKING pc=0x03385587 sp=0x1687e810 mode 3
Event: 0.782 Thread 0x17ff2f40 DEOPT PACKING pc=0x03573057 sp=0x1728f790
Event: 0.782 Thread 0x17ff2f40 DEOPT UNPACKING pc=0x03385587 sp=0x1728f5f4 mode 3

Classes unloaded (0 events):
No events

Classes redefined (0 events):
No events

Internal exceptions (20 events):
Event: 0.311 Thread 0x03271b78 Exception <a 'java/lang/NoSuchMethodError'{0x057c0b58}: 'void java.lang.invoke.DirectMethodHandle$Holder.invokeStatic(java.lang.Object, java.lang.Object, java.lang.Object)'> (0x057c0b58) 
thrown [s\src\hotspot\share\interpreter\linkResolver.cpp, line 759]
Event: 0.312 Thread 0x03271b78 Exception <a 'java/lang/NoSuchMethodError'{0x057ca128}: 'java.lang.Object java.lang.invoke.DirectMethodHandle$Holder.invokeVirtual(java.lang.Object, java.lang.Object, java.lang.Object)'> (0x057ca128) 
thrown [s\src\hotspot\share\interpreter\linkResolver.cpp, line 759]
Event: 0.398 Thread 0x03271b78 Exception <a 'java/lang/NoSuchMethodError'{0x0548f5c0}: 'void java.lang.invoke.DirectMethodHandle$Holder.invokeStaticInit(java.lang.Object, java.lang.Object)'> (0x0548f5c0) 
thrown [s\src\hotspot\share\interpreter\linkResolver.cpp, line 759]
Event: 0.427 Thread 0x03271b78 Exception <a 'sun/nio/fs/WindowsException'{0x055bcd20}> (0x055bcd20) 
thrown [s\src\hotspot\share\prims\jni.cpp, line 516]
Event: 0.431 Thread 0x03271b78 Exception <a 'java/lang/NoSuchMethodError'{0x055df748}: 'int java.lang.invoke.DirectMethodHandle$Holder.invokeStaticInit(java.lang.Object, java.lang.Object, java.lang.Object, java.lang.Object)'> (0x055df748) 
thrown [s\src\hotspot\share\interpreter\linkResolver.cpp, line 759]
Event: 0.432 Thread 0x03271b78 Exception <a 'java/lang/IncompatibleClassChangeError'{0x055e7fa0}: Found class java.lang.Object, but interface was expected> (0x055e7fa0) 
thrown [s\src\hotspot\share\interpreter\linkResolver.cpp, line 826]
Event: 0.432 Thread 0x03271b78 Exception <a 'java/lang/NoSuchMethodError'{0x055ecfb0}: 'int java.lang.invoke.DirectMethodHandle$Holder.invokeStaticInit(java.lang.Object, java.lang.Object)'> (0x055ecfb0) 
thrown [s\src\hotspot\share\interpreter\linkResolver.cpp, line 759]
Event: 0.450 Thread 0x03271b78 Exception <a 'java/lang/NoSuchMethodError'{0x0569a9d8}: 'java.lang.Object java.lang.invoke.DirectMethodHandle$Holder.invokeStaticInit(java.lang.Object, int, int, int, int)'> (0x0569a9d8) 
thrown [s\src\hotspot\share\interpreter\linkResolver.cpp, line 759]
Event: 0.480 Thread 0x03271b78 Exception <a 'java/lang/NoSuchMethodError'{0x0575c2f0}: 'java.lang.Object java.lang.invoke.DirectMethodHandle$Holder.invokeStaticInit(java.lang.Object, java.lang.Object, int, int, int, int)'> (0x0575c2f0) 
thrown [s\src\hotspot\share\interpreter\linkResolver.cpp, line 759]
Event: 0.582 Thread 0x03271b78 Exception <a 'java/io/IOException'{0x055c78d8}> (0x055c78d8) 
thrown [s\src\hotspot\share\prims\jni.cpp, line 516]
Event: 0.597 Thread 0x03271b78 Exception <a 'java/io/IOException'{0x05628d00}> (0x05628d00) 
thrown [s\src\hotspot\share\prims\jni.cpp, line 516]
Event: 0.610 Thread 0x03271b78 Exception <a 'java/io/IOException'{0x05689ef8}> (0x05689ef8) 
thrown [s\src\hotspot\share\prims\jni.cpp, line 516]
Event: 0.623 Thread 0x03271b78 Exception <a 'java/io/IOException'{0x056e8ff8}> (0x056e8ff8) 
thrown [s\src\hotspot\share\prims\jni.cpp, line 516]
Event: 0.636 Thread 0x03271b78 Exception <a 'java/io/IOException'{0x05748070}> (0x05748070) 
thrown [s\src\hotspot\share\prims\jni.cpp, line 516]
Event: 0.648 Thread 0x03271b78 Exception <a 'java/io/IOException'{0x057a7020}> (0x057a7020) 
thrown [s\src\hotspot\share\prims\jni.cpp, line 516]
Event: 0.660 Thread 0x03271b78 Exception <a 'java/io/IOException'{0x058068b8}> (0x058068b8) 
thrown [s\src\hotspot\share\prims\jni.cpp, line 516]
Event: 0.674 Thread 0x03271b78 Exception <a 'java/io/IOException'{0x0541c830}> (0x0541c830) 
thrown [s\src\hotspot\share\prims\jni.cpp, line 516]
Event: 0.716 Thread 0x180360f8 Exception <a 'java/lang/NoSuchMethodError'{0x0560f288}: 'java.lang.Object java.lang.invoke.DirectMethodHandle$Holder.newInvokeSpecial(java.lang.Object, java.lang.Object, java.lang.Object, int, int, int, int, int)'> (0x0560f288) 
thrown [s\src\hotspot\share\interpreter\linkResolver.cpp, line 759]
Event: 0.752 Thread 0x03271b78 Exception <a 'java/lang/NoSuchMethodError'{0x054f6260}: 'void java.lang.invoke.DirectMethodHandle$Holder.invokeStaticInit(java.lang.Object)'> (0x054f6260) 
thrown [s\src\hotspot\share\interpreter\linkResolver.cpp, line 759]
Event: 0.789 Thread 0x16280770 Exception <a 'java/lang/NoSuchMethodError'{0x054c55b8}: 'void java.lang.invoke.DirectMethodHandle$Holder.invokeVirtual(java.lang.Object, java.lang.Object)'> (0x054c55b8) 
thrown [s\src\hotspot\share\interpreter\linkResolver.cpp, line 759]

VM Operations (20 events):
Event: 0.726 Executing VM operation: GenCollectForAllocation
Event: 0.735 Executing VM operation: GenCollectForAllocation done
Event: 0.758 Executing VM operation: HandshakeAllThreads
Event: 0.758 Executing VM operation: HandshakeAllThreads done
Event: 0.792 Executing VM operation: HandshakeAllThreads
Event: 0.792 Executing VM operation: HandshakeAllThreads done
Event: 1.793 Executing VM operation: Cleanup
Event: 1.793 Executing VM operation: Cleanup done
Event: 2.049 Executing VM operation: HandshakeAllThreads
Event: 2.049 Executing VM operation: HandshakeAllThreads done
Event: 2.080 Executing VM operation: HandshakeAllThreads
Event: 2.080 Executing VM operation: HandshakeAllThreads done
Event: 2.355 Executing VM operation: GenCollectForAllocation
Event: 2.359 Executing VM operation: GenCollectForAllocation done
Event: 3.359 Executing VM operation: Cleanup
Event: 3.359 Executing VM operation: Cleanup done
Event: 6.360 Executing VM operation: Cleanup
Event: 6.360 Executing VM operation: Cleanup done
Event: 7.361 Executing VM operation: Cleanup
Event: 7.361 Executing VM operation: Cleanup done

Events (20 events):
Event: 2.332 loading class javax/swing/JTable$Resizable3 done
Event: 2.332 loading class javax/swing/JTable$2 done
Event: 2.332 loading class javax/swing/JTable$5
Event: 2.332 loading class javax/swing/JTable$5 done
Event: 2.340 loading class javax/swing/JTable$4
Event: 2.340 loading class javax/swing/JTable$4 done
Event: 2.355 loading class javax/swing/RepaintManager$3
Event: 2.355 loading class javax/swing/RepaintManager$3 done
Event: 2.368 Thread 0x17c1e0c0 Thread added: 0x17c1e0c0
Event: 2.369 loading class javax/swing/JTable$PrintMode
Event: 2.369 loading class javax/swing/JTable$PrintMode done
Event: 2.369 loading class javax/swing/table/DefaultTableCellRenderer$UIResource
Event: 2.369 loading class javax/swing/table/DefaultTableCellRenderer$UIResource done
Event: 2.391 loading class java/lang/Throwable$WrappedPrintStream
Event: 2.391 loading class java/lang/Throwable$PrintStreamOrWriter
Event: 2.391 loading class java/lang/Throwable$PrintStreamOrWriter done
Event: 2.391 loading class java/lang/Throwable$WrappedPrintStream done
Event: 2.391 Thread 0x03271b78 Thread exited: 0x03271b78
Event: 2.391 Thread 0x17c1d420 Thread added: 0x17c1d420
Event: 5.739 Thread 0x180360f8 Thread exited: 0x180360f8


Dynamic libraries:
0x00b80000 - 0x00b8c000 	C:\jdk-17.0.6+10\bin\java.exe
0x76ec0000 - 0x7705c000 	C:\Windows\SYSTEM32\ntdll.dll
0x75480000 - 0x75560000 	C:\Windows\System32\KERNEL32.DLL
0x75ff0000 - 0x761f1000 	C:\Windows\System32\KERNELBASE.dll
0x74440000 - 0x744dc000 	C:\Windows\SYSTEM32\apphelp.dll
0x75e40000 - 0x75f63000 	C:\Windows\System32\ucrtbase.dll
0x69f10000 - 0x69f24000 	C:\jdk-17.0.6+10\bin\jli.dll
0x69ef0000 - 0x69f04000 	C:\jdk-17.0.6+10\bin\VCRUNTIME140.dll
0x76c10000 - 0x76daa000 	C:\Windows\System32\USER32.dll
0x757d0000 - 0x757e7000 	C:\Windows\System32\win32u.dll
0x70770000 - 0x7097f000 	C:\Windows\WinSxS\x86_microsoft.windows.common-controls_6595b64144ccf1df_6.0.17763.4131_none_261e08f567c7c3e5\COMCTL32.dll
0x74e60000 - 0x74e84000 	C:\Windows\System32\GDI32.dll
0x74f90000 - 0x75050000 	C:\Windows\System32\msvcrt.dll
0x74c60000 - 0x74dcc000 	C:\Windows\System32\gdi32full.dll
0x74510000 - 0x74783000 	C:\Windows\System32\combase.dll
0x75230000 - 0x752b0000 	C:\Windows\System32\msvcp_win.dll
0x75590000 - 0x7564d000 	C:\Windows\System32\RPCRT4.dll
0x744f0000 - 0x74510000 	C:\Windows\System32\SspiCli.dll
0x744e0000 - 0x744ea000 	C:\Windows\System32\CRYPTBASE.dll
0x76ba0000 - 0x76c05000 	C:\Windows\System32\bcryptPrimitives.dll
0x75150000 - 0x751c9000 	C:\Windows\System32\sechost.dll
0x75560000 - 0x75585000 	C:\Windows\System32\IMM32.DLL
0x69e70000 - 0x69ee1000 	C:\jdk-17.0.6+10\bin\msvcp140.dll
0x69940000 - 0x69e69000 	C:\jdk-17.0.6+10\bin\client\jvm.dll
0x76370000 - 0x763f0000 	C:\Windows\System32\ADVAPI32.dll
0x6fd90000 - 0x6fd98000 	C:\Windows\SYSTEM32\VERSION.dll
0x733c0000 - 0x733c8000 	C:\Windows\SYSTEM32\WSOCK32.dll
0x73930000 - 0x73954000 	C:\Windows\SYSTEM32\WINMM.dll
0x76a00000 - 0x76a5f000 	C:\Windows\System32\WS2_32.dll
0x73390000 - 0x733b3000 	C:\Windows\SYSTEM32\winmmbase.dll
0x74dd0000 - 0x74e0b000 	C:\Windows\System32\cfgmgr32.dll
0x75810000 - 0x7581f000 	C:\Windows\System32\kernel.appcore.dll
0x6eb30000 - 0x6eb39000 	C:\jdk-17.0.6+10\bin\jimage.dll
0x697b0000 - 0x6993f000 	C:\Windows\SYSTEM32\DBGHELP.DLL
0x69780000 - 0x697a4000 	C:\Windows\SYSTEM32\dbgcore.DLL
0x69730000 - 0x6973d000 	C:\jdk-17.0.6+10\bin\instrument.dll
0x69750000 - 0x69771000 	C:\jdk-17.0.6+10\bin\java.dll
0x758d0000 - 0x75e26000 	C:\Windows\System32\SHELL32.dll
0x75740000 - 0x757c9000 	C:\Windows\System32\shcore.dll
0x763f0000 - 0x769ed000 	C:\Windows\System32\windows.storage.dll
0x76e90000 - 0x76eac000 	C:\Windows\System32\profapi.dll
0x75f90000 - 0x75fe4000 	C:\Windows\System32\powrprof.dll
0x76e40000 - 0x76e84000 	C:\Windows\System32\shlwapi.dll
0x74c40000 - 0x74c55000 	C:\Windows\System32\cryptsp.dll
0x696d0000 - 0x696e5000 	C:\jdk-17.0.6+10\bin\zip.dll
0x69710000 - 0x69724000 	C:\jdk-17.0.6+10\bin\net.dll
0x74330000 - 0x743f6000 	C:\Windows\SYSTEM32\WINHTTP.dll
0x73130000 - 0x73182000 	C:\Windows\system32\mswsock.dll
0x696f0000 - 0x69702000 	C:\jdk-17.0.6+10\bin\nio.dll
0x692c0000 - 0x692d6000 	C:\Program Files\JetBrains\IntelliJ IDEA Community Edition 2021.3.3\bin\breakgen.dll
0x5ddb0000 - 0x5df14000 	C:\jdk-17.0.6+10\bin\awt.dll
0x75820000 - 0x758b6000 	C:\Windows\System32\OLEAUT32.dll
0x5db60000 - 0x5ddb0000 	C:\Windows\SYSTEM32\AcGenral.DLL
0x75050000 - 0x7514c000 	C:\Windows\System32\ole32.dll
0x6e9c0000 - 0x6ea3b000 	C:\Windows\SYSTEM32\UxTheme.dll
0x70a50000 - 0x70a65000 	C:\Windows\SYSTEM32\samcli.dll
0x742a0000 - 0x742c5000 	C:\Windows\SYSTEM32\USERENV.dll
0x700b0000 - 0x700c9000 	C:\Windows\SYSTEM32\MSACM32.dll
0x6eaa0000 - 0x6eac6000 	C:\Windows\SYSTEM32\dwmapi.dll
0x72db0000 - 0x72f6d000 	C:\Windows\SYSTEM32\urlmon.dll
0x752b0000 - 0x75461000 	C:\Windows\System32\CRYPT32.dll
0x73490000 - 0x734a8000 	C:\Windows\SYSTEM32\MPR.dll
0x70580000 - 0x705ef000 	C:\Windows\SYSTEM32\WINSPOOL.DRV
0x75f70000 - 0x75f89000 	C:\Windows\System32\bcrypt.dll
0x758c0000 - 0x758ce000 	C:\Windows\System32\MSASN1.dll
0x72b80000 - 0x72db0000 	C:\Windows\SYSTEM32\iertutil.dll
0x72b10000 - 0x72b2c000 	C:\Windows\SYSTEM32\srvcli.dll
0x72b70000 - 0x72b7b000 	C:\Windows\SYSTEM32\netutils.dll
0x72fb0000 - 0x7312f000 	C:\Windows\SYSTEM32\PROPSYS.dll
0x74400000 - 0x74433000 	C:\Windows\SYSTEM32\IPHLPAPI.DLL
0x5da80000 - 0x5db59000 	C:\Windows\system32\opengl32.dll
0x60e40000 - 0x60e7f000 	C:\Windows\SYSTEM32\GLU32.dll
0x76a60000 - 0x76b9b000 	C:\Windows\System32\MSCTF.dll
0x60d40000 - 0x60db0000 	C:\jdk-17.0.6+10\bin\freetype.dll
0x5d9c0000 - 0x5da71000 	C:\jdk-17.0.6+10\bin\fontmanager.dll
0x74200000 - 0x74291000 	C:\Windows\SYSTEM32\DNSAPI.dll
0x75470000 - 0x75477000 	C:\Windows\System32\NSI.dll
0x70290000 - 0x70298000 	C:\Windows\System32\rasadhlp.dll
0x702a0000 - 0x702f1000 	C:\Windows\System32\fwpuclnt.dll
0x68fb0000 - 0x68fbb000 	C:\jdk-17.0.6+10\bin\sunmscapi.dll
0x64bd0000 - 0x64bf4000 	C:\Windows\SYSTEM32\ncrypt.dll
0x64ba0000 - 0x64bcc000 	C:\Windows\SYSTEM32\NTASN1.dll
0x73190000 - 0x731bf000 	C:\Windows\system32\rsaenh.dll
0x72b50000 - 0x72b63000 	C:\Windows\SYSTEM32\dhcpcsvc6.DLL
0x72b30000 - 0x72b44000 	C:\Windows\SYSTEM32\dhcpcsvc.DLL
0x692e0000 - 0x692ed000 	C:\jdk-17.0.6+10\bin\verify.dll
0x6a2f0000 - 0x6a36d000 	C:\Windows\System32\TextInputFramework.dll
0x6a080000 - 0x6a2eb000 	C:\Windows\System32\CoreUIComponents.dll
0x69ff0000 - 0x6a080000 	C:\Windows\System32\CoreMessaging.dll
0x74300000 - 0x74329000 	C:\Windows\SYSTEM32\ntmarta.dll
0x72960000 - 0x72a39000 	C:\Windows\SYSTEM32\wintypes.dll
0x76db0000 - 0x76e34000 	C:\Windows\System32\clbcatq.dll
0x6e4f0000 - 0x6e661000 	C:\Windows\SYSTEM32\WindowsCodecs.dll
0x6e4a0000 - 0x6e4ed000 	C:\Windows\system32\dataexchange.dll
0x6ad30000 - 0x6af58000 	C:\Windows\system32\d3d11.dll
0x6abd0000 - 0x6ad2f000 	C:\Windows\system32\dcomp.dll
0x6ab20000 - 0x6abc4000 	C:\Windows\system32\dxgi.dll
0x6a970000 - 0x6ab12000 	C:\Windows\system32\twinapi.appcore.dll
0x6df30000 - 0x6df4e000 	C:\Windows\system32\RMCLIENT.dll
0x5d990000 - 0x5d9b3000 	C:\Users\n.torkina\Downloads\jlibmodbus-master\FSO\src\Project1.dll
0x60ca0000 - 0x60ca7000 	C:\jdk-17.0.6+10\bin\audio203api.dll
0x5d8b0000 - 0x5d8ce000 	C:\Windows\SYSTEM32\VCRUNTIME140D.dll
0x5d8d0000 - 0x5d984000 	C:\Windows\SYSTEM32\MSVCP140D.dll
0x5d700000 - 0x5d8a4000 	C:\Windows\SYSTEM32\ucrtbased.dll
0x5d630000 - 0x5d64a000 	C:\Users\n.torkina\Downloads\jlibmodbus-master\FSO\SiUSBXp.dll
0x5d650000 - 0x5d6f3000 	C:\Windows\WinSxS\x86_microsoft.vc90.crt_1fc8b3b9a1e18e3b_9.0.30729.9518_none_508db366bcbd18c4\MSVCR90.dll
0x74790000 - 0x74bdb000 	C:\Windows\System32\SETUPAPI.dll
0x73360000 - 0x73383000 	C:\Windows\SYSTEM32\DEVOBJ.dll
0x74e10000 - 0x74e5b000 	C:\Windows\System32\WINTRUST.dll

dbghelp: loaded successfully - version: 4.0.5 - missing functions: none
symbol engine: initialized successfully - sym options: 0x614 - pdb path: .;C:\jdk-17.0.6+10\bin;C:\Windows\SYSTEM32;C:\Windows\WinSxS\x86_microsoft.windows.common-controls_6595b64144ccf1df_6.0.17763.4131_none_261e08f567c7c3e5;C:\jdk-17.0.6+10\bin\client;C:\Program Files\JetBrains\IntelliJ IDEA Community Edition 2021.3.3\bin;C:\Users\n.torkina\Downloads\jlibmodbus-master\FSO\src;C:\Users\n.torkina\Downloads\jlibmodbus-master\FSO;C:\Windows\WinSxS\x86_microsoft.vc90.crt_1fc8b3b9a1e18e3b_9.0.30729.9518_none_508db366bcbd18c4

VM Arguments:
jvm_args: -Djava.library.path=C:\Users\n.torkina\Downloads\jlibmodbus-master\FSO\src -javaagent:C:\Program Files\JetBrains\IntelliJ IDEA Community Edition 2021.3.3\lib\idea_rt.jar=61322:C:\Program Files\JetBrains\IntelliJ IDEA Community Edition 2021.3.3\bin -Dfile.encoding=UTF-8 
java_command: Main
java_class_path (initial): C:\Users\n.torkina\Downloads\jlibmodbus-master\FSO\out\production\FSO;C:\Users\n.torkina\Downloads\EasyModbusJava.jar;C:\Users\n.torkina\Downloads\mysql-connector-java-8.0.20.jar;C:\Users\n.torkina\Downloads\joda-time-2.12.2.jar;C:\Users\n.torkina\Downloads\jlibmodbus-master\jlibmodbus-master\lib\androidthings-1.0.jar;C:\Users\n.torkina\Downloads\jlibmodbus-master\jlibmodbus-master\lib\jSerialComm-2.0.2.jar;C:\Users\n.torkina\Downloads\jlibmodbus-master\jlibmodbus-master\lib\purejavacomm.jar;C:\Users\n.torkina\Downloads\jlibmodbus-master\jlibmodbus-master\lib\RXTXcomm.jar;C:\Users\n.torkina\Downloads\jssc-2.9.4.jar;C:\Users\n.torkina\Downloads\poi-bin-5.2.3\poi-5.2.3.jar;C:\Users\n.torkina\Downloads\poi-bin-5.2.3\poi-ooxml-5.2.3.jar;C:\Users\n.torkina\Downloads\poi-bin-5.2.3\poi-javadoc-5.2.3.jar;C:\Users\n.torkina\Downloads\poi-bin-5.2.3\poi-examples-5.2.3.jar;C:\Users\n.torkina\Downloads\poi-bin-5.2.3\poi-excelant-5.2.3.jar;C:\Users\n.torkina\Downloads\poi-bin-5.2.3\poi-ooxml-full-5.2.3.jar;C:\Users\n.torkina\Downloads\poi-bin-5.2.3\poi-ooxml-lite-5.2.3.jar;C:\Users\n.torkina\Downloads\poi-bin-5.2.3\poi-scratchpad-5.2.3.jar;C:\Users\n.torkina\Downloads\poi-bin-5.2.3\ooxml-lib\curvesapi-1.07.jar;C:\Users\n.torkina\Downloads\poi-bin-5.2.3\ooxml-lib\xmlbeans-5.1.1.jar;C:\Users\n.torkina\Downloads\poi-bin-5.2.3\ooxml-lib\slf4j-api-1.7.36.jar;C:\Users\n.torkina\Downloads\poi-bin-5.2.3\ooxml-lib\commons-logging-1.2.jar;C:\Users\n.torkina\Downloads\poi-bin-5.2.3\ooxml-lib\commons-compress-1.21.jar;C:\Users\n.torkina\Downloads\poi-bin-5.2.3\ooxml-lib\jakarta.activation-2.0.1.jar;C:\Users\n.torkina\Downloads\poi-bin-5.2.3\ooxml-lib\jakarta.xml.bind-api-3.0.1.jar;C:\Users\n.torkina\Downloads\poi-bin-5.2.3\lib\log4j-api-2.18.0.jar;C:\Users\n.torkina\Downloads\poi-bin-5.2.3\lib\SparseBitSet-1.2.jar;C:\Users\n.torkina\Downloads\poi-bin-5.2.3\lib\commons-io-2.11.0.jar;C:\Users\n.torkina\Downloads\poi-bin-5.2.3\lib\commons-codec-1.15.jar;C:\Users\n.t
Launcher Type: SUN_STANDARD

[Global flags]
     intx CICompilerCount                          = 1                                         {product} {ergonomic}
    uintx CodeCacheExpansionSize                   = 32768                                  {pd product} {ergonomic}
    uintx InitialCodeCacheSize                     = 163840                                 {pd product} {ergonomic}
   size_t InitialHeapSize                          = 16777216                                  {product} {ergonomic}
   size_t MaxHeapSize                              = 268435456                                 {product} {ergonomic}
   size_t MaxNewSize                               = 89456640                                  {product} {ergonomic}
   size_t MinHeapDeltaBytes                        = 131072                                    {product} {ergonomic}
   size_t MinHeapSize                              = 6291456                                   {product} {ergonomic}
     bool NeverActAsServerClassMachine             = true                                   {pd product} {ergonomic}
   size_t NewSize                                  = 5570560                                   {product} {ergonomic}
    uintx NonNMethodCodeHeapSize                   = 5242880                                {pd product} {ergonomic}
    uintx NonProfiledCodeHeapSize                  = 0                                      {pd product} {ergonomic}
   size_t OldSize                                  = 11206656                                  {product} {ergonomic}
     bool ProfileInterpreter                       = false                                  {pd product} {ergonomic}
    uintx ProfiledCodeHeapSize                     = 0                                      {pd product} {ergonomic}
    uintx ReservedCodeCacheSize                    = 33554432                               {pd product} {ergonomic}
   size_t SoftMaxHeapSize                          = 268435456                              {manageable} {ergonomic}
     bool UseLargePagesIndividualAllocation        = false                                  {pd product} {ergonomic}
     bool UseSerialGC                              = true                                      {product} {ergonomic}

Logging:
Log output configuration:
 #0: stdout all=warning uptime,level,tags
 #1: stderr all=off uptime,level,tags

Environment Variables:
PATH=C:\Program Files\Microsoft\jdk-11.0.16.101-hotspot\bin;C:\Program Files (x86)\Common Files\Oracle\Java\javapath;C:\Windows\system32;C:\Windows;C:\Windows\System32\Wbem;C:\Windows\System32\WindowsPowerShell\v1.0\;C:\Windows\System32\OpenSSH\;C:\Program Files (x86)\HMITool6.0\Marco\HMI3352\bin;C:\Program Files (x86)\HMITool6.0\Marco\X86\bin;C:\Program Files\Git\cmd;C:\Program Files\PuTTY\;C:\Users\n.torkina\AppData\Local\Programs\Python\Launcher\;C:\Users\n.torkina\AppData\Local\Microsoft\WindowsApps;;C:\Program Files\JetBrains\IntelliJ IDEA Community Edition 2021.3.3\bin;
USERNAME=n.torkina
OS=Windows_NT
PROCESSOR_IDENTIFIER=Intel64 Family 6 Model 140 Stepping 1, GenuineIntel
TMP=C:\Users\N4ED3~1.TOR\AppData\Local\Temp
TEMP=C:\Users\N4ED3~1.TOR\AppData\Local\Temp



---------------  S Y S T E M  ---------------

OS:
 Windows 10 , 64 bit Build 17763 (10.0.17763.4131)
OS uptime: 5 days 3:12 hours

CPU: total 8 (initial active 8) (4 cores per cpu, 2 threads per core) family 6 model 140 stepping 1 microcode 0x6e, cx8, cmov, fxsr, ht, mmx, 3dnowpref, sse, sse2, sse3, ssse3, sse4.1, sse4.2, popcnt, lzcnt, tsc, tscinvbit, avx, avx2, aes, erms, clmul, bmi1, bmi2, adx, avx512f, avx512dq, avx512cd, avx512bw, avx512vl, sha, fma, vzeroupper, avx512_vpopcntdq, avx512_vpclmulqdq, avx512_vaes, avx512_vnni, clflush, clflushopt, clwb, avx512_vbmi2, avx512_vbmi

Memory: 4k page, system-wide physical 16140M (8597M free)
TotalPageFile size 19468M (AvailPageFile size 7442M), user-mode portion of virtual address-space 2047M (1566M free)
current process WorkingSet (physical memory assigned to process): 76M, peak: 77M
current process commit charge ("private bytes"): 71M, peak: 72M

vm_info: OpenJDK Client VM (17.0.6+10) for windows-x86 JRE (17.0.6+10), built on Jan 18 2023 10:15:56 by "temurin" with MS VC++ 16.7 (VS2019)

END.
